6dLZd41F+FFc630UCFOXJlaqxbT+5oRj+Ze6stFbIx+00f6rovxyydR8wawLwEpgtNTZuznl5D1mfN1CZ9qzhaw/zXW4n569ejzrmiMj3i1Fi9GAbQ4fMiVin6nW1L3+D74YrNAhu1QPm14D5ZmLkfbh/QVVGT3yF5/bKm8WlVCIamwIg8OrWnVPZwpbHr1uQf6Bv6f2
rF1zouUIGSyqcAzQZVLVr81T7/sBH7NKCn8zW3ks4YK3FVT1XC6kQPvlVDb6tqFHPRM0atQuk8/Jib8z2Y+YufLvQuIvUHNVgo+tZWUa7YiTwL3c+8NmAkE8R/BMljDHl0Z3hVoJ9a+X897PCd8VX3FAz2F/gB+AKdIA5PhyI2VHiM0RI0CL6GFMKZC1pafw
mKsIr2nO2bMp1YDFUEBeVADMGXeWwH8TBFOMeIzDnxdsI8KUk56zNBLNAwJ4s7RFzIHizMC6NOlIF9Vd/fOJNFPVpZBW3RHhRPLExBMpJAIHDyPj9T8kvgyyMwvhhY/HYfNYXfqDkna3DJNR6sNd0R0m7azbbC2Io99GRumw94R0anCjH6onkULVlSt/P6778WOV+7ls37WnHL9EAd4wEEAO44FP5B2Fuxxr7AkA2STNmafU
MrkCjRYrH8R73ZodUa9ArhElJB5eNMTxqeYDIph6EXyxMSboY53VAP6vmLD3YoH7rpM6c/YnWKiQkJRW7ylPi0SorPEQK10tUWErGWFtTO6D+6+rFZIhYI7VHUOovPbtnp3woton+PWmo4uLPAnvtyGzIYxhRuVTDOUzGdzln7O5Cy81pbuip+k=
xlh6EnG4TpUBSsTZyEryJAUUHjo8Ds1vGtw9SLOjqpBTKXg9VSMrE5xyPVxd+eJYB+xIgGJXfACzKu3bgps+Y9J/JOgsSHDGa6Ej6+hgaAE0E0EtTVkP6aWl4I7vcys78UqdIPKNOVOstNrN8tW0Ej7fZHU62+87+MEDlw27JZxFnhmTsL1XiVhtc1MVQ2tFgYO+p/U=
VcxEOgkCpxcqx9Bh0hiCAwUUHjo8Ds1vGtw9SLOjqpBTOHAzUywqQZxyPVxd+eJYB+1IgGJXfACzKu3bgps+Y9J/JOgsSHDGa6Ej6+hgaAE0E0EtTVkP6aWl4I7vcys78UqdIPKNOVOstNrN8tW0Ej7fZHU62+87+MEDlw27JZxFnhmTsL1XiVhtc1MVQ2tFgYO+p/U=
gSUXaVrAqKyvjOaC9/xDbuW9vhR6xq3kSgYltKBag1+IRJ3M8q26gfQKGz/COGbmZX4Oi67WJExHiUXtTMbkOEtt9G6om6B/TVvU8kRGUzf5gZ/rCScYAQInIvo/uDMtMgcNPTUy7bDjiF1Ea6um+nE0ZyicPrB/Z44XnUrhtdcne36XWfcVZwEIL/nv6N94GdogPCjao923QK0JM6jLkNHEicjljafI
Zp9Yg/sl/NvUA+nhUZY5ltSz4uyYTuufWLTSbjQYApSX6eSw/w31AYSSxCRTSaSiQS8gw7WfpN5MUjNrIWUPZ6HTWH06IxKWd2yTsaqj3XFdBu2Mm8yt6OM/RiYpUHcktEpwg98Kp3GCtZXLP18uW7FDldv5zF/V5/y/JME+sLCALuOhj0SdZXt8awxJYFmEjbmn9A==
BusgQ9wVu3LUI/MASp63YBMJ8tL2klVZkK5+AWU5IFSvR+sFcQ0fQwJInb2Rhi5yvImuFhdMV/2QcOU8AsAog56owa5nSyj/jKsQK07IxlxyzllFCbuipJqpVofLrcfNbUFXYarexZcZM/NedwCY2fubHtBwXXhRxrrcCy41cA8NE4rFCYcn3xdUh8pzM1op1QHqidkDX4eZbeOXtKf/
Qu9gkw1cYsEKUmfk5tFND1BGNH5lEc1vEt4rWuexqcBTbDV0AW1+QZxyPVxd+eJYB+lIgGJXfACzKu3bgps+Y9J/JOgsSHDGa6Ej6+hgaAE0E0EtTVkP6aWl4I7vcys78UqdIPKNOVOstNrN8tW0Ej7fZHU62+87+MEDlw27JZxFnhmTsL1XiVhtc1MVQ2tFgYO+p/U=
+bokpxFQ75dhFViDFM4p4Ba5z67n6YUw4567ssVOKSW0j7HExJIb091r2KQ09mcH/JiI6WCB8SFsFPAEY9n1i7c9zXW4n569ejzrmiMj3i1Fi9GAbQ4fMiVin6nW1L3+D74YrNAhu1QPm14D5ZmLkfbh/QVVGT3yF5/bKm8WlVCIamwIg8OrWnVPZwpbHr1uQf6Bv6f2
Plkna69UOMMJPRTn9d0buSJ6APihBX8KLH8pfQjH9Fk0SgT8YxHEunA2INuFh8SGfIrzs5E9b/8RS9jlirtyzse0U2ma+71pbR7tlKvUzbDT54b+mQgXvATS8BtvkscpMm1VEw8HTkOBW5XDydQ/jdckf/xxZtAoMLZjOT/c/T3LpKvUeTg5nL2hp+w=
8uSz5fj3OI58kBLrTfb2y9Sp7uGaD6LXR6OLY3hHXcaV8KWw/w31AYSSxCRTSaSiRi4gw7WfpN5MUjNrIWUPZ6HTWH06IxKWd2yTsaqj3XFdBu2Mm8yt6OM/RiYpUHcktEpwg98Kp3GCtZXLP18uW7FDldv5zF/V5/y/JME+sLCALuOhj0SdZXt8awxJYFmEjbmn9A==
T5iq/rYhNuB5gApZyscf7bium5uDkYGUxoRuQr+RkLg4k8NtBDar57nKajap7LRf9XyMYGYstm9AbkfFq6pwbyKrfnY+JCb3QfuEeU3EhXFxxG2dcCoJvAlBDgg7Ah0Btj9A0N+SObu2Q1LTDhcQKFjgrLZHeVdLPBhE0Ui7lS2Z8XM5id00LpurB0st4ungxuXl48Bs7q0mbdjCArew9W4z02sUeVd3OePJLBl2LdNEFQt5dDWH80G7RxV9K+qnoQ==
aiWGrCCED2Zc4/HfBCAFX9gtIfvaxIohOxikTx4jNiNDat/q3TkcrmkuJP+phKVxEQTNHZBqKbxpga6I20w9AZb/IFB/0tm7loMyU65X8Ch4IMw25zm3SxzYJFHo+3UtebHTuekdFC5766fLTSLJ4CalRWOgrM6txi14QmJ3kPVOczPrtLk3dxmjKay5tk3TZFXr+dT15/Nh+6eV3euKp8E=
LyyAuqgF37wkJUq2J9FJYdXtlD4c5W3LJvzuAd8AuF8SKzIjR2LT+sEh+I4NFtjP5UxhMVXMAW0sko3czRkyGFfEuYESd6zA40p9WzL7jqPiHzToPGgABpsBU2t4wDhB5PNxLX2536n1BXAOn9Pb+4FqjSDi7QmTHNRqTWK15NLu/xR1yvu/eyghkxe9W5XcdX4Jk6Cdp8kozYPTheO7hdHjjqfF
KIqZGWPfLLPhIY++3ZKOYFI2VOOgj3PgN5F2d4lUvj3bjamzo8TkTnZGm3EWlphtO2re8IEmeuzxu3g0tGaHV7yoZthhsRERLEQQlONJVVv3Te2FuO++TbpsSwqjs779hbuxsG0+fwLlsv85VkQdrs9OONzQ0ZskT0v+k2UJa8G20R01VSndwlfPO7rvhjWAyBpM+IOzi6q1H8ea247dvoHO4Y+nxg==
+GgmU9mTpa4TzbYo7TNlsxMvgsF8EX7Bd6McCPwRzTTCVwgvMCNFZsnyuxXqnh/i4qf/aAMRt+hbhRbmXwyfLchQDQB7wdCz9ogZ/i+L4I80S7i71khezJpuIfXB++p0Qsl+d/Ot/z1FIY+x4p4NJ2GTG87vgABJU3umoLidMAEemrQ71jUIP+Uz0hXBx28vrzQvWuuzwrm9oRI5kcOX18GNy+eMp8c=
XdMqh1jmG7ClbhkQLNhviNSz4uyYTuuXWqLAOjkRHMaX763ksViHAYSSxCRTSaSiSy0hw7WfpN5MUjNrIWUPZ6HTWH06IxKWd2yTsaqj3XFdBu2Mm8yt6OM/RiYpUHcktEpwg98Kp3GCtZXLP18uW7FDldv5zF/V5/y/JME+sLCALuOhj0SdZXt8awxJYFmEjbmn9A==
XmsOmWz1k71ONJsITYVep311ehWZHWHPIWqi16PY8QVHV2IV3f2qHmtsizXUAEGhiE6kGzpYBeY7a9T3iLs004KIiuSWXt3NtVt+7N6Zsp/HrcvViXETKXY+eR+doxfmO0BUId+LGtiMfSQZAkp4k6K1/JepY84N1adb1xNEo7I/85aRsZFuAWVjA09dXYePuKfz
KldxmcZzvTJul/wjULEWPl5oA203DWdpdGm2Jn8M/21o0K1KHM4wc1YIuT7Pi8DPlMtY+7ZIfgw67kG1IfvKNCJJnrfTrd/9paHv8cKe7WcBE7sOz4BgCbP7BuCYndDBvhoU+zY1aH9Fs3JVocdP7w+0T5oLs+L5HSHy+fHDtxchDaunrKfn
D87HVSSVok60Pw/oiYj8e/SWyoeL6vsDHdu41LRGx/c8SK3/bpHR8azkULTjqZU7d+0tZbiP/u06jAtqo5N+XQXb8ZBtHj9iZRI/GVYkXU5P7ni80DFbhM8rPnNlKSthNjHdFVUJHSLXb3ua72b14Ei6jBiD08sKNf+H+tuuHR4BrqGvp+Y=
YH/fpYWHxkPHAh/gdxf7wlxoA3w1G2NpdGm2Jn8M/21o0K1MHM4wc1YIuT7Pi8DPlMtY+7ZIfgw67kG1IfvKNCJJnrfTrd/9paHv8cKe7WcBE7sOz4BgCbP7BuCYndDBvhoU+zY1aH9Fs3JVocdP7w+0T5oLs+L5HSHy+fHDtxchDaunrKfn
CqKSGNbz5RYutbxIDy09hPSWzJGX9/sDHdu41LRGx/c8SKv/bpHR8azkULTjqZU7d+0tZbiP/u06jAtqo5N+XQXb8ZBtHj9iZRI/GVYkXU5P7ni80DFbhM8rPnNlKSthNjHdFVUJHSLXb3ua72b14Ei6jBiD08sKNf+H+tuuHR4BrqGvp+Y=
TI+yTAeZFRlZwwmFgVWuK/SWzYeF8vsDHdu41LRGx/c8SKj/bpHR8azkULTjqZU7d+0tZbiP/u06jAtqo5N+XQXb8ZBtHj9iZRI/GVYkXU5P7ni80DFbhM8rPnNlKSthNjHdFVUJHSLXb3ua72b14Ei6jBiD08sKNf+H+tuuHR4BrqGvp+Y=
ymXFZzvt1qaVbGEk808jMur3UKzBuOXljXOVj66A5lABy5ypyaN2O2jr1V0sdmSIK900XsKor08taxRCJPbTh5kxX9tpFxgxYhfiSl8Is51St80NVQLtgIO4nfQLGyZKEYSnGPwOsE8HvtctKlE1Z0fLvqc5xxVXYTjvSY9YX8h5auACSOqj7ddwbblTGEsgsXRJ+IW9p/g=
u+QHofUDLzql+Q0rHC4gfCddvfHYjR7lAyr3tbw/wZaY1vjQ/11weqjSRc2RbgxRfNuw0l6JxlEkYkRU85lk8iYdL/PVz2QO7CKzm4E1T7dB41hN2vNSxtecE8EKcx0hPTbtvPucbThDT8bWiQA39FR6cLM/2uchIkUVu5+P7gvRc5XrmZyfBUeMP9RhbvBuYB7jkW+U3TXbjOt86bCZ1O2Jp8Q=
VFxCrdhZJKnvhTP/f6vUrhB7zVqrgwS20wMaYed5HlrKQeQd1LOXFnMg/3T0ivzAxKdhABEx4i8Tw7PUalOkuoWA0k8YF98V3Xye3KTW8wxO7JS0s0iX7M8nJJGZr5iZsk/CQm9wc3XCLy3FJTrtqNNgPXy742YiAZzHUAy2MOfX5vclGin1j9dTXm9J/xV/MeBPwT+gH6BpcoBLuFIjRQcoTbFjYIvIIeypMPWFp9A=
VFxCrdhZJKnvhTP/f6vUrhB7zVqrgwS20wMaYed5HlrKQeQd1LOXFnMg/3T0ivzAxKdhABEx4i8Tw7PUalOkuoWA0k8YF98V3Xye3KTW8wxO7JS0s0iX7M8nJJGZr5iZsk/CQm9wc3XCLy3FJTrtqNNgPXy742YiAZzHUAy2MOfX5vclGin1j9dTXm9J/xV/MeBPwT+gH6BpcoBLuFIjRQcoTbFjYIvIIeypMPWFp9A=
isaU4dytx5G9BlIqLLK87Senu0Bop9al6+WNPIx0uNexfv3FzdznQVAXDfZtig1nXVL4mF8OFGHnDWmt3PhoqAN1LWcHcZW5eFPG8UrQM7ZDD8bBdYfJjG0CBz4VjoeFtvhlEj/yQGAQ7eMYv3eGr4U1E31GbWWJ1ZWlfqdzQ4YPuk28OCA3xEMP8xZFo78mOzKlgnHymbOn+g==
uiMUaklndXQ3Pn8dXKhQjj3aZQhjZXMVtzgFLkBZ25+mYSVJHgCqxy0py0ughWeKy4PsKg7HIJOGyOleXwtwL2QLaJvGSE4syi7xFVF7WpTyiU6Xw63P3XVhP1FSHp3HsdNLLv+AEGmDO/YAKB1Aoe7axBsmNXgfFfOitTFH/49/9Hl5+7PS2W1hQlkBQye3cU37h7yn9w==
8DwUwdKf4DNvdO/DjcL2qF9SeMo5/XvJ/fhQFJz1aTc10M4eXaEUGQcsP3ShjnBHI37j8S+0XdUbLOvcqdAZ9C1ppyQ=
p/L9UsbYCzdggf9LJTBnRtApLfPf8Nk7NSXrXwRqVSEQUOPE7CwPvGprYuC/x+9xGRDGPv0zeZpdrLTx3RNnX8r/OUEyz5+/lcU8SKxX8Ch4IMw25zm3SxzYJFHo+3UtebHTuekdFC5766fLTSLJ4CalRWOgrM6txi14QmJ3kPVOczPrtLk3dxmjKay+tU3TZFXr+dT15/Nh+6eV3euKp8E=
zwSYMs9isJjHdAf5Mi7XXvdE6EnXTtczpoJQN9sPkNe7LQHlDVueXajTS1yFWT8WGzMDghUKUvcQtaJz1MesnhrcyOT5sjWSYBH/jBMc6/BU8AOg/dwCpea5zezrmfNTj/pkJz+UETPp+X+jub+Y6VIfAvLP4POFov9t9QUq7dgzMP3MG3Pm0mFMh2AspjCXN7Y3lbq5dX+3gx5fae8VD9Gwj3GfMJ9QCaLAc5tCIzXneI0Bw/ALOEE86QDVlaeg
voqrRFVd0qsg5ZE363TuFEVxiNgxYBbZFUH3u5ySlvhZfV2c46oBNOM0ugl3q6wjPDELV4XrTTz6jeETiK0v6XC9+5Md8wMl2TNmpy0=
/imisuZRPkzXgNCPyPJTQ29b/HqGSQFca0LKLUWqCsecoh3WgZCPvFByFAQG1MbqtIbGBeeIWY8UZ+4/Zdj/wsSdaJ9Vbl27uDjulYHHL69vNOjZK7MCOf2hUrnRw9dXgY0LZ0ynBw==
bz9o3B2Axc666RBmx8O55SLGjyvn/g3BnugFgNq4alyOe2belMDQQGIdDl/ez+yxvGFy9Ve2uKahSQvV1bzwmOQheUv9dE6yhdUkxW+o3ziZmiD7qxqjHTeArUmz6MvQUYSJCGVNpwg=
EQg3KcVonq4DCfb3nk3ai3oznR/LmZb67PzQdAox3puGk0wlNO3CEe/K+FKJJRvRzaCQTCxtCe8FyM4GbXl0gbd0/yyRlhCck+ZjaZ9sPc0rdCuEGUh5LB1xpzw=
jRFTDVNj80RhiCrE3qFjUQJvtvpKVKQi0ZCG9uT40EhyBS637reseWw5El2nDjguMdGrvWVEMNC0+ZljjUxOupXNBC1f0J/wScJAUFuiI5WnGA0hAxALmAFcaSAVdacA
T6u721Uw45FJprWkCJjh8ytcmd97ZoU45pCG9uT40EhyBS637reseWw5El2nDjguMdGrvWVEMNC0+ZljjUxOupXNBC1f0J/wScJAUFuiI5WnGA0hAxALmAFcaSAVdacA
tb28AyM5ta/tJtHB+uqDSCp42NU0jFs4DnBgelD2jr9WARoF3NeAk3r7Q6xY8O2L82uxFmAeeLPRpUkODkSptzzba6KvHmWoaLZ/wAOLuwIVNxcCG5YNVmEmEXenPg==
gY/o/QpTaHwuX+XJEnlAexB7zVqrgwS20wMaYed5HlrKQeQd1LOXFnMg/3T0ivzAxKdhABEx4i8Tw7PUalOkuoWA0k8YF98V3Xye3KTW8wxO7JS0s0iX7M8nJJGZr5iZsk/CQm9wc3XCLy3FJTrtqNNgPXy742YiAZzHUAy2MOfX5vclGin1j9dTXm9J/xV/MeBPwT+gH6BpcoBAu1IjRQcoTbFjYIvIIeypMPWFp9A=
Pd34ee1vdL0obyp76vdCr0EfgI8ITGsqew2UaNfq0ESmN5S1r4O9AMdKqNTWfzBRGcaT+oE9eCb0ef/72DIsZgEYmB+jG6Rl40l2lamoo8cdCK0L5txNw9uxe8J+TW7P7zKDpBFEBJIGUJkoz5cl97XOofcSYDBD6j7p5liBrxdAongup0vIf0yr0KuOyAbcss6Zxcm7YiRaqZYHC60HTa1Bl+Fq3gUX2TMz3rcAWFk7m95QsF240Qa6HIvuNTCPTRPKRUmHZ19XVMNJMzIaqZUBqgmZAx8H2W2jF/Snvw==
t++v4pT1nFp2Io1hzWb24IP9WFGDUuD6DaUSEB9jQwDvcNUjnUBu8a7gVhcjhL5e3wkqHn7XWUKmcHjMVZQ9P9iX9kG78XM5aPv//WmW/qTWHFx/W9M9FrKqJ+adkN7a+Ngfic5xiiquI3jyWlvOnOeM93BX83S9kYvYJQr7cg5HdFMpGru9qe1e7dQrFM3wU6eGPhnIF/yEEvDb79LH6bKtVVOPR06DARuVg0kUP81XZH888abQbLN2Yvm/nP39S2SrlPl4OVw94aes
W5ZYGrmoRoMhZc7Ix1GHsaMBoUHR6JM01HodidRHMl8I3nCmCYv3i/I/3101HXCzqXr2tJ12LHVF8vE9nJKdAE79FWw9KCczpSFAyrKesvW4h17SZn9m3/cS65TpBFxBqjkh2EcXrVvBYkWKXZcaINje7fQemIlMWsJzxdkPM+kqECobBkiOrAouMZURexoUsomOFwOtD121YX/REh7dR3HTi64/gNDpwzu2gGgdgCEu2gSb5jU4n1Xz4jVxRz8Pv/S7+buyklktYQLZwUPnN7FNuwf8p7c=
t++v4pT1nFp2Io1hzWb24IP9WFGDUuD6DaUSEB9jQwDvcNUjnUBu8a7gVhcjhL5e3wkqHn7XWUKmcHjMVZQ9P9iX9kG78XM5aPv//WmW/qTWHFx/W9M9FrKqJ+adkN7a+Ngfic5xiiquI3jyWlvOnOeM93BX83S9kYvYJQr7cg5HdFMpGru9qe1e7dQrFM3wU6eGPhnIF/yEEvDb79LH6bKtVVOPR06DARuVg0kUP81XZH888abQbLN2Yvm/nP39S2SrlPl4OVw94aes
W5ZYGrmoRoMhZc7Ix1GHsaMBoUHR6JM01HodidRHMl8I3nCmCYv3i/I/3101HXCzqXr2tJ12LHVF8vE9nJKdAE79FWw9KCczpSFAyrKesvW4h17SZn9m3/cS65TpBFxBqjkh2EcXrVvBYkWKXZcaINje7fQemIlMWsJzxdkPM+kqECobBkiOrAouMZURexoUsomOFwOtD121YX/REh7dR3HTi64/gNDpwzu2gGgdgCEu2gSb5jU4n1Xz4jVxRz8Pv/S7+buyklktYQLZwUPnN7FNuwf8p7c=
YrIGvpnd6ro30c4cWVp87NOBghsOheplNQnPPVmP/tJc0XvXFUsd/Mmt8RKYzd+poN1rE61Ts+WJ0xanXQ==
M7mvxjuyalbgcl/IQxKAo86bGUTEjew5lD9hhT8zAyYPWo3cuAL3JEJvszbFQ/9GO5JlovGS2ROnWg==
GLJBTMn6IMpG35lBxFqUXk8QLkdnGIK/qEh85YiP0L6m0abvkneIr7wzJoNizKWYupeYWVCHf37u5saDJCXRj/3mW8YPqqfWQu2jAmti4z2daNVdojOsJhaKrW8bogylp7wSn9iGOfvP2yVMZspi7mxpjR1XqFboR+Cx6mZUbIrPv7JbQrQqwbiUVkGWMhM+h6ZL+VxDNQl442bBikAT5sNfJlG19yn8bXLnTtUeZ9U2qEWC/8Lg0BBdQyj/56Z/BeVz7QadBXnVZcWO5+MjVo9qbSx4E5d0Qr9TJoUzn3a7YkUSsYJ5w6eK
MgPTsKTuvZRJPD+IG7lxJz0yKF+CEo71CFcZQd+q8mwyNevWMBJuaTljQq4Pp/u9WneTHuyeowNcgN3dngck1PGzcqgGwnfiDgVnB90JpCUDS/BWpD5Xhhlb2octtiwvB5wCXAG7ek9Yo8nqVehX9OIzkMMfpHn3kyd/mvv242ckXOYm04ggWDcw5DrNuWf/DZUU6BRnuKgw0LTWj+kviyRojHEwa70tsSELmUGtLO7jO88rNdKBYG6V/cOI/FbtPl2QIrrnWPUG42sL3ElPt4FzAQwEhYVSrCUTmTylf7NZSw+1hXvCp4k=
8iNLAuM68hXZf8P2VACtMO70EOfQdPtXu1bJdeGOn6KlhkEOr48o9h+VbnXggupWk2+BvHmekdxe6mHNiQP9u+RQwedkM3bdz/tlrOaqog5sSUa40AiWiEcA8Urm9Cyqz9/yu8LU6uG4tJYhFtJTXoeGC1nc43XpeIOmYQrg08bDv+YxNRdp3G1Sp65Vfqc1NoiFIn9iILAQvQOIf0fmXwWFMw2G/cVZ1UUF7mcDYzaPSi2M+LPXlELfk4YFk19Wu4KFcjFiOeOnqg==
Tsg96dnOVl6D7u5L55gGLYZkHMNMgG59Ilp4dreVI2DrjMT9v8KghVlKQZ2zrqWmISGvVmJESXSUh1X7wCEr8DLFm1d8+eIaHfg+iPQkmA1DFSCrOIGe6DGbR7Lx5r/3LF9r+nof0XAkRHe3fE9er7/zZwufxLR21xvpCN+XNYuJAn16ddeysEB+pcTmmPF8kmLrVXHPG5kS8OJLnsgW/EIOyaV5O/KEKulG5zutN619AedB+l61d4nzw/6nAEi5C9uO8EDdKLG2esyrnjXArx1TeqXZBxf/h5TyKSMyConlQXrpKYOPpymt83fEp48=
i0hiwM2lGA1b8eL4GNnov4ZkHMNMgG59Ilp4dreVI2DrjMT9v8KghVlKQZ2zrqWmISGvVmJESXSThVX7wCEr8DLFmld8+eIaHfg+iPQkmA1DFSCrOIGe6DGbR7Lx5r/3LF9r+nof0XAkRHe3fE9er7/zZwufxLR21xvpCN+XNYuJAn16ddeysEB+pcTmmPF8kmLrVXHPG5kS8OJLnsgW/EIOyaV5O/KEKulG5zutN619AedB+l61d4nzw/6nAEi5C9uO8EDdKLG2esyrnjXArx1TeqXZBxf/h5TyKSMyConlQXrpKYOPpymt83fEp48=
TrnnxSyhbXz7Rf64YZZvM4ZkHMNMgG59Ilp4dreVI2DrjMT9v8KghVlKQZ2zrqWmISGvVmJESXSUh1X7wCEr8DLFlVd8+eIaHfg+iPQkmA1DFSCrOIGe6DGbR7Lx5r/3LF9r+nof0XAkRHe3fE9er7/zZwufxLR21xvpCN+XNYuJAn16ddeysEB+pcTmmPF8kmLrVXHPG5kS8OJLnsgW/EIOyaV5O/KEKulG5zutN619AedB+l61d4nzw/6nAEi5C9uO8EDdKLG2esyrnjXArx1TeqXZBxf/h5TyKSMyConlQXrpKYOPpymt83fEp48=
hYUFf2ZtQ2aKz95z8HaqeIZkHMNMgG59Ilp4dreVI2DrjMT9v8KghVlKQZ2zrqWmISGvVmJESXSThVX7wCEr8DLFlFd8+eIaHfg+iPQkmA1DFSCrOIGe6DGbR7Lx5r/3LF9r+nof0XAkRHe3fE9er7/zZwufxLR21xvpCN+XNYuJAn16ddeysEB+pcTmmPF8kmLrVXHPG5kS8OJLnsgW/EIOyaV5O/KEKulG5zutN619AedB+l61d4nzw/6nAEi5C9uO8EDdKLG2esyrnjXArx1TeqXZBxf/h5TyKSMyConlQXrpKYOPpymt83fEp48=
A/AMmNTbx+4XgJSF9uKjsIZkHMNMgG59Ilp4dreVI2DrjMT9v8KghVlKQZ2zrqWmISGvVmJESXSUh1X7wCEr8DLFl1d8+eIaHfg+iPQkmA1DFSCrOIGe6DGbR7Lx5r/3LF9r+nof0XAkRHe3fE9er7/zZwufxLR21xvpCN+XNYuJAn16ddeysEB+pcTmmPF8kmLrVXHPG5kS8OJLnsgW/EIOyaV5O/KEKulG5zutN619AedB+l61d4nzw/6nAEi5C9uO8EDdKLG2esyrnjXArx1TeqXZBxf/h5TyKSMyConlQXrpKYOPpymt83fEp48=
lquv3eM8BL1ahkkCc3PRzoZkHMNMgG59Ilp4dreVI2DrjMT9v8KghVlKQZ2zrqWmISGvVmJESXSThVX7wCEr8DLFlld8+eIaHfg+iPQkmA1DFSCrOIGe6DGbR7Lx5r/3LF9r+nof0XAkRHe3fE9er7/zZwufxLR21xvpCN+XNYuJAn16ddeysEB+pcTmmPF8kmLrVXHPG5kS8OJLnsgW/EIOyaV5O/KEKulG5zutN619AedB+l61d4nzw/6nAEi5C9uO8EDdKLG2esyrnjXArx1TeqXZBxf/h5TyKSMyConlQXrpKYOPpymt83fEp48=
p9Wzn13PeXXt+0t1fEvxKYZkHMNMgG59Ilp4dreVI2DrjMT9v8KghVlKQZ2zrqWmISGvVmJESXSUh1X7wCEr8DLFkVd8+eIaHfg+iPQkmA1DFSCrOIGe6DGbR7Lx5r/3LF9r+nof0XAkRHe3fE9er7/zZwufxLR21xvpCN+XNYuJAn16ddeysEB+pcTmmPF8kmLrVXHPG5kS8OJLnsgW/EIOyaV5O/KEKulG5zutN619AedB+l61d4nzw/6nAEi5C9uO8EDdKLG2esyrnjXArx1TeqXZBxf/h5TyKSMyConlQXrpKYOPpymt83fEp48=
Mr3ITkZwDb7ZprQvOl3I34ZkHMNMgG59Ilp4dreVI2DrjMT9v8KghVlKQZ2zrqWmISGvVmJESXSThVX7wCEr8DLFkFd8+eIaHfg+iPQkmA1DFSCrOIGe6DGbR7Lx5r/3LF9r+nof0XAkRHe3fE9er7/zZwufxLR21xvpCN+XNYuJAn16ddeysEB+pcTmmPF8kmLrVXHPG5kS8OJLnsgW/EIOyaV5O/KEKulG5zutN619AedB+l61d4nzw/6nAEi5C9uO8EDdKLG2esyrnjXArx1TeqXZBxf/h5TyKSMyConlQXrpKYOPpymt83fEp48=
IsoTNqU5w0MO6OjP3wFzrYZkHMNMgG59Ilp4dreVI2DrjMT9v8KghVlKQZ2zrqWmISGvVmJESXSUh1X7wCEr8DLFk1d8+eIaHfg+iPQkmA1DFSCrOIGe6DGbR7Lx5r/3LF9r+nof0XAkRHe3fE9er7/zZwufxLR21xvpCN+XNYuJAn16ddeysEB+pcTmmPF8kmLrVXHPG5kS8OJLnsgW/EIOyaV5O/KEKulG5zutN619AedB+l61d4nzw/6nAEi5C9uO8EDdKLG2esyrnjXArx1TeqXZBxf/h5TyKSMyConlQXrpKYOPpymt83fEp48=
tzbh/nRDH1zwhxwCfBGeAYZkHMNMgG59Ilp4dreVI2DrjMT9v8KghVlKQZ2zrqWmISGvVmJESXSThVX7wCEr8DLFkld8+eIaHfg+iPQkmA1DFSCrOIGe6DGbR7Lx5r/3LF9r+nof0XAkRHe3fE9er7/zZwufxLR21xvpCN+XNYuJAn16ddeysEB+pcTmmPF8kmLrVXHPG5kS8OJLnsgW/EIOyaV5O/KEKulG5zutN619AedB+l61d4nzw/6nAEi5C9uO8EDdKLG2esyrnjXArx1TeqXZBxf/h5TyKSMyConlQXrpKYOPpymt83fEp48=
yZAACy2DjehXOSgb7JVSP4ZkHMNMgG59Ilp4dreVI2DrjMT9v8KghVlKQZ2zrqWmISGvVmJESXSUh1X7wCEr8DLFm1Z8+eIaHfg+iPQkmA1DFSCrOIGe6DGbR7Lx5r/3LF9r+nof0XAkRHe3fE9er7/zZwufxLR21xvpCN+XNYuJAn16ddeysEB+pcTmmPF8kmLrVXHPG5kS8OJLnsgW/EIOyaV5O/KEKulG5zutN619AedB+l61d4nzw/6nAEi5C9uO8EDdKLG2esyrnjXArx1TeqXZBxf/h5TyKSMyConlQXrpKYOPpymt83fEp48=
eCxdw5yQyGNN7HkjKq9/o4ZkHMNMgG59Ilp4dreVI2DrjMT9v8KghVlKQZ2zrqWmISGvVmJESXSThVX7wCEr8DLFmlZ8+eIaHfg+iPQkmA1DFSCrOIGe6DGbR7Lx5r/3LF9r+nof0XAkRHe3fE9er7/zZwufxLR21xvpCN+XNYuJAn16ddeysEB+pcTmmPF8kmLrVXHPG5kS8OJLnsgW/EIOyaV5O/KEKulG5zutN619AedB+l61d4nzw/6nAEi5C9uO8EDdKLG2esyrnjXArx1TeqXZBxf/h5TyKSMyConlQXrpKYOPpymt83fEp48=
8Zti/vkYobZ8ZS6QGHzDtIZkHMNMgG59Ilp4dreVI2DrjMT9v8KghVlKQZ2zrqWmISGvVmJESXSUh1X7wCEr8DLFlVZ8+eIaHfg+iPQkmA1DFSCrOIGe6DGbR7Lx5r/3LF9r+nof0XAkRHe3fE9er7/zZwufxLR21xvpCN+XNYuJAn16ddeysEB+pcTmmPF8kmLrVXHPG5kS8OJLnsgW/EIOyaV5O/KEKulG5zutN619AedB+l61d4nzw/6nAEi5C9uO8EDdKLG2esyrnjXArx1TeqXZBxf/h5TyKSMyConlQXrpKYOPpymt83fEp48=
gMjdfrhKtV1VCeYhaa9j64ZkHMNMgG59Ilp4dreVI2DrjMT9v8KghVlKQZ2zrqWmISGvVmJESXSThVX7wCEr8DLFlFZ8+eIaHfg+iPQkmA1DFSCrOIGe6DGbR7Lx5r/3LF9r+nof0XAkRHe3fE9er7/zZwufxLR21xvpCN+XNYuJAn16ddeysEB+pcTmmPF8kmLrVXHPG5kS8OJLnsgW/EIOyaV5O/KEKulG5zutN619AedB+l61d4nzw/6nAEi5C9uO8EDdKLG2esyrnjXArx1TeqXZBxf/h5TyKSMyConlQXrpKYOPpymt83fEp48=
4HncZhsnXL1Tp5E2Kxk4HoZkHMNMgG59Ilp4dreVI2DrjMT9v8KghVlKQZ2zrqWmISGvVmJESXSUh1X7wCEr8DLFl1Z8+eIaHfg+iPQkmA1DFSCrOIGe6DGbR7Lx5r/3LF9r+nof0XAkRHe3fE9er7/zZwufxLR21xvpCN+XNYuJAn16ddeysEB+pcTmmPF8kmLrVXHPG5kS8OJLnsgW/EIOyaV5O/KEKulG5zutN619AedB+l61d4nzw/6nAEi5C9uO8EDdKLG2esyrnjXArx1TeqXZBxf/h5TyKSMyConlQXrpKYOPpymt83fEp48=
lfiOOQ2AHdORmD47pLeW/IZkHMNMgG59Ilp4dreVI2DrjMT9v8KghVlKQZ2zrqWmISGvVmJESXSThVX7wCEr8DLFllZ8+eIaHfg+iPQkmA1DFSCrOIGe6DGbR7Lx5r/3LF9r+nof0XAkRHe3fE9er7/zZwufxLR21xvpCN+XNYuJAn16ddeysEB+pcTmmPF8kmLrVXHPG5kS8OJLnsgW/EIOyaV5O/KEKulG5zutN619AedB+l61d4nzw/6nAEi5C9uO8EDdKLG2esyrnjXArx1TeqXZBxf/h5TyKSMyConlQXrpKYOPpymt83fEp48=
TDfML9giIXkLo5eySBrr+3eER1H5HvqjOTDN2cxigS4MLas/HMy6iwn9Ti2T0LNSzdoRROucLm4CYTMYoucc3YPm3fI5w0qaqe6joW2aQMCwORnVqUc3BkCX0zbPMJR2dJpXWFMjC+1m8uFXlQvDSh0mk88oTw+yBn9N+ID0s2+QT7J3e0LXjB2kyDeyC+0w81fZcw2S2bJJ9664JA7hnEoYXaRWkg9dbe8n0bZgZjPyiDrERh4tbYXbbgyOWQK/V61b9TmxQ8lmvkm/bePHxotAJMGPSyq4fP00uVKKCHMytWz3WSMercUnKzcjBHbRz/ImseFRHqFV4xMvjR03ryinYw==
nwApdK+id1sIwU4HhUYFCoZkHMNMgG59Ilp4dreVI2DrjMT9v8KghVlKQZ2zrqWmISGvVmJESXSThVX7wCEr8DLFkVZ8+eIaHfg+iPQkmA1DFSCrOIGe6DGbR7Lx5r/3LF9r+nof0XAkRHe3fE9er7/zZwufxLR21xvpCN+XNYuJAn16ddeysEB+pcTmmPF8kmLrVXHPG5kS8OJLnsgW/EIOyaV5O/KEKulG5zutN619AedB+l61d4nzw/6nAEi5C9uO8EDdKLG2esyrnjXArx1TeqXZBxf/h5TyKSMyConlQXrpKYOPpymt83fEp48=
c0bBk4FbUtetSkPaeY9JnKyZ0/0lcOvSjxi5N1z2oJlRmsczePbMOqKO7ZiwIi3cdnl0q4Vmzl723o/go7BenmMIzIRbCfiN/P02JtZe4B3fyQAmFiZfYOd/6s5hKL9g2Jy2dDHtg9SoD3dy3s2w4A3hz8UZLh6cpiScxyFv3y7CEqde7ag+Yohg37G+SWqS3ht4yirjLqSXtDfIJ0uUheEzWJ16w5K2N8yTEWqDXRGdZu3sW6wtyCOfRoZpcPfE9KpwY5/qJ1HCFZVr/3+uO3Ejlbs5rN/1J1y/hIEeMFXDzuJBz6QdRTvca6yJQNnkTdmnlA==
fKb1XRclgkqCxGoAmU033pIUQepHrc1fW6mqvhHsTW0V10Qz6Me1J5xkA0QQJp5BLPGxDnSIrNO7/tg6INYeBK6IsnmPDcb7p+XsBfE9vcNqTYD2GGKo6y9qjGicOdDXera6vMfuE50aCL0Cl17cjpYifZf7ujyN59RiB3g+6RPPM/X0xlIShixBvQW3UIZAx0jhkgZMXKIPV0LD4gx6qbj8Bvk2quPWR4574Tw7ZaH4S7Y5algjzoM3VskVT/kUbZo39nWGF712gHWaHzoweJD1E1Cf/5ZXxQ2DdaYlVRHVDZU2R3vTvk9CXTQYa8fcwheD3mUrr177CjWKETqpK6di
c0bBk4FbUtetSkPaeY9JnKyZ0/0lcOvSjxi5N1z2oJlRmsczePbMOqKO7ZiwIi3cdnl0q4Vmzl723o/go7BenmMIzIRbCfiN/P02JtZe4B3fyQAmFiZfYOd/6s5hKL9g2Jy2dDHtg9SoD3dy3s2w4A3hz8UZLh6cpiScxyFv3y7CEqde7ag+Yohg37G+SWqS3ht4yirjLqSXtDfIJ0uUheEzWJ16w5K2N8yTEWqDXRGdZu3sW6wtyCOfRoZpcPfE9KpwY5/qJ1HCFZVr/3+uO3Ejlbs5rN/1J1y/hIEeMFXDzuJBz6QdRTvca6yJQNnkTdmnlA==
5myBKXa3KfRLjMc2pdcK6HeER1H5HvqjOTDN2cxigS4MLas/HMy6iwn9Ti2T0LNSzdoRROucLm4CYTMYoucc3YPm3fI5w0qaqe6joW2USM+6ORfTqUw3BkCX0zbPMJR2dJpXWFMjC+1m8uFXlQvDSh0mk88oTw+yBn9N+ID0s2+QT7J3e0LXjB2kyDeyC+0w81fZcw2S2bJJ9664JA7hnEoYXaRWkg9dbe8n0bZgZjPyiDrERh4tbYXbbgyOWQK/V61b9TmxQ8lmvkm/bePHxotAJMGPSyq4fP00uVKKCHMytWz3WSMercUnKzcjBHbRz/ImseFRHqFV4xMvjR03ryinYw==
c0bBk4FbUtetSkPaeY9JnKyZ0/0lcOvSjxi5N1z2oJlRmsczePbMOqKO7ZiwIi3cdnl0q4Vmzl723o/go7BenmMIzIRbCfiN/P02JtZe4B3fyQAmFiZfYOd/6s5hKL9g2Jy2dDHtg9SoD3dy3s2w4A3hz8UZLh6cpiScxyFv3y7CEqde7ag+Yohg37G+SWqS3ht4yirjLqSXtDfIJ0uUheEzWJ16w5K2N8yTEWqDXRGdZu3sW6wtyCOfRoZpcPfE9KpwY5/qJ1HCFZVr/3+uO3Ejlbs5rN/1J1y/hIEeMFXDzuJBz6QdRTvca6yJQNnkTdmnlA==
kCkSAdkrqWAiP/UtMY+/dHeER1H5HvqjOTDN2cxigS4MLas/HMy6iwn9Ti2T0LNSzdoRROucLm4CYTMYoucc3YPm3fI5w0qaqe6joW2VR8q5PBzWrEY3BkCX0zbPMJR2dJpXWFMjC+1m8uFXlQvDSh0mk88oTw+yBn9N+ID0s2+QT7J3e0LXjB2kyDeyC+0w81fZcw2S2bJJ9664JA7hnEoYXaRWkg9dbe8n0bZgZjPyiDrERh4tbYXbbgyOWQK/V61b9TmxQ8lmvkm/bePHxotAJMGPSyq4fP00uVKKCHMytWz3WSMercUnKzcjBHbRz/ImseFRHqFV4xMvjR03ryinYw==
c0bBk4FbUtetSkPaeY9JnKyZ0/0lcOvSjxi5N1z2oJlRmsczePbMOqKO7ZiwIi3cdnl0q4Vmzl723o/go7BenmMIzIRbCfiN/P02JtZe4B3fyQAmFiZfYOd/6s5hKL9g2Jy2dDHtg9SoD3dy3s2w4A3hz8UZLh6cpiScxyFv3y7CEqde7ag+Yohg37G+SWqS3ht4yirjLqSXtDfIJ0uUheEzWJ16w5K2N8yTEWqDXRGdZu3sW6wtyCOfRoZpcPfE9KpwY5/qJ1HCFZVr/3+uO3Ejlbs5rN/1J1y/hIEeMFXDzuJBz6QdRTvca6yJQNnkTdmnlA==
N4kKCBlHZ2OhS3N3Keoo0pIUQepHrc1fW6mqvhHsTW0V10Qz6Me1J5xkA0QQJp5BLPGxDnSIrNO7/tg6INYeBK6IsnmPDcb7p+XsBfE6vc9qR4P3F2eo6y9qjGicOdDXera6vMfuE50aCL0Cl17cjpYifZf7ujyN59RiB3g+6RPPM/X0xlIShixBvQW3UIZAx0jhkgZMXKIPV0LD4gx6qbj8Bvk2quPWR4574Tw7ZaH4S7Y5algjzoM3VskVT/kUbZo39nWGF712gHWaHzoweJD1E1Cf/5ZXxQ2DdaYlVRHVDZU2R3vTvk9CXTQYa8fcwheD3mUrr177CjWKETqpK6di
c0bBk4FbUtetSkPaeY9JnKyZ0/0lcOvSjxi5N1z2oJlRmsczePbMOqKO7ZiwIi3cdnl0q4Vmzl723o/go7BenmMIzIRbCfiN/P02JtZe4B3fyQAmFiZfYOd/6s5hKL9g2Jy2dDHtg9SoD3dy3s2w4A3hz8UZLh6cpiScxyFv3y7CEqde7ag+Yohg37G+SWqS3ht4yirjLqSXtDfIJ0uUheEzWJ16w5K2N8yTEWqDXRGdZu3sW6wtyCOfRoZpcPfE9KpwY5/qJ1HCFZVr/3+uO3Ejlbs5rN/1J1y/hIEeMFXDzuJBz6QdRTvca6yJQNnkTdmnlA==
F67XT+znfW3F5gLNsWcSEHeER1H5HvqjOTDN2cxigS4MLas/HMy6iwn9Ti2T0LNSzdoRROucLm4CYTMYoucc3YPm3fI5w0qaqe6joW2UQ8u7OhvcpkU3BkCX0zbPMJR2dJpXWFMjC+1m8uFXlQvDSh0mk88oTw+yBn9N+ID0s2+QT7J3e0LXjB2kyDeyC+0w81fZcw2S2bJJ9664JA7hnEoYXaRWkg9dbe8n0bZgZjPyiDrERh4tbYXbbgyOWQK/V61b9TmxQ8lmvkm/bePHxotAJMGPSyq4fP00uVKKCHMytWz3WSMercUnKzcjBHbRz/ImseFRHqFV4xMvjR03ryinYw==
c0bBk4FbUtetSkPaeY9JnKyZ0/0lcOvSjxi5N1z2oJlRmsczePbMOqKO7ZiwIi3cdnl0q4Vmzl723o/go7BenmMIzIRbCfiN/P02JtZe4B3fyQAmFiZfYOd/6s5hKL9g2Jy2dDHtg9SoD3dy3s2w4A3hz8UZLh6cpiScxyFv3y7CEqde7ag+Yohg37G+SWqS3ht4yirjLqSXtDfIJ0uUheEzWJ16w5K2N8yTEWqDXRGdZu3sW6wtyCOfRoZpcPfE9KpwY5/qJ1HCFZVr/3+uO3Ejlbs5rN/1J1y/hIEeMFXDzuJBz6QdRTvca6yJQNnkTdmnlA==
Ssj8RqkAXuSMkiVvTqIyuHeER1H5HvqjOTDN2cxigS4MLas/HMy6iwn9Ti2T0LNSzdoRROucLm4CYTMYoucc3YPm3fI5w0qaqe6joW2RRsu9OhfQrUw3BkCX0zbPMJR2dJpXWFMjC+1m8uFXlQvDSh0mk88oTw+yBn9N+ID0s2+QT7J3e0LXjB2kyDeyC+0w81fZcw2S2bJJ9664JA7hnEoYXaRWkg9dbe8n0bZgZjPyiDrERh4tbYXbbgyOWQK/V61b9TmxQ8lmvkm/bePHxotAJMGPSyq4fP00uVKKCHMytWz3WSMercUnKzcjBHbRz/ImseFRHqFV4xMvjR03ryinYw==
c0bBk4FbUtetSkPaeY9JnKyZ0/0lcOvSjxi5N1z2oJlRmsczePbMOqKO7ZiwIi3cdnl0q4Vmzl723o/go7BenmMIzIRbCfiN/P02JtZe4B3fyQAmFiZfYOd/6s5hKL9g2Jy2dDHtg9SoD3dy3s2w4A3hz8UZLh6cpiScxyFv3y7CEqde7ag+Yohg37G+SWqS3ht4yirjLqSXtDfIJ0uUheEzWJ16w5K2N8yTEWqDXRGdZu3sW6wtyCOfRoZpcPfE9KpwY5/qJ1HCFZVr/3+uO3Ejlbs5rN/1J1y/hIEeMFXDzuJBz6QdRTvca6yJQNnkTdmnlA==
SXFm3hGkDGj5vd8CwiC9zZIUQepHrc1fW6mqvhHsTW0V10Qz6Me1J5xkA0QQJp5BLPGxDnSIrNO7/tg6INYeBK6IsnmPDcb7p+XsBfE1v8lpRofyE2ao6y9qjGicOdDXera6vMfuE50aCL0Cl17cjpYifZf7ujyN59RiB3g+6RPPM/X0xlIShixBvQW3UIZAx0jhkgZMXKIPV0LD4gx6qbj8Bvk2quPWR4574Tw7ZaH4S7Y5algjzoM3VskVT/kUbZo39nWGF712gHWaHzoweJD1E1Cf/5ZXxQ2DdaYlVRHVDZU2R3vTvk9CXTQYa8fcwheD3mUrr177CjWKETqpK6di
c0bBk4FbUtetSkPaeY9JnKyZ0/0lcOvSjxi5N1z2oJlRmsczePbMOqKO7ZiwIi3cdnl0q4Vmzl723o/go7BenmMIzIRbCfiN/P02JtZe4B3fyQAmFiZfYOd/6s5hKL9g2Jy2dDHtg9SoD3dy3s2w4A3hz8UZLh6cpiScxyFv3y7CEqde7ag+Yohg37G+SWqS3ht4yirjLqSXtDfIJ0uUheEzWJ16w5K2N8yTEWqDXRGdZu3sW6wtyCOfRoZpcPfE9KpwY5/qJ1HCFZVr/3+uO3Ejlbs5rN/1J1y/hIEeMFXDzuJBz6QdRTvca6yJQNnkTdmnlA==
c0bBk4FbUtetSkPaeY9JnKyZ0/0lcOvSjxi5N1z2oJlRmsczePbMOqKO7ZiwIi3cdnl0q4Vmzl723o/go7BenmMIzIRbCfiN/P02JtZe4B3fyQAmFiZfYOd/6s5hKL9g2Jy2dDHtg9SoD3dy3s2w4A3hz8UZLh6cpiScxyFv3y7CEqde7ag+Yohg37G+SWqS3ht4yirjLqSXtDfIJ0uUheEzWJ16w5K2N8yTEWqDXRGdZu3sW6wtyCOfRoZpcPfE9KpwY5/qJ1HCFZVr/3+uO3Ejlbs5rN/1J1y/hIEeMFXDzuJBz6QdRTvca6yJQNnkTdmnlA==
bN77tECd8yk1vTlraECu6aDHztrQkoRBXJe6wMtf699qTu2nJNbW9aqEYa/nsM8ib+VBP/+++e4KihUh765dcCXh2r9sYmMnOU8GPBouegBa83ynkCMZmMltdSdlL21odS3AVh0CGTveE3ua72b14Ei5jhiK0MsKNf+H+tuuHR4BrqGvp+Y=
JfKeZqdyhSY/GfCBRL/Vb1MpE77IHn2JzJCG9UJIeir/F5fG5leX9SsIQzaPdIGS7fCY6j0NHWi2XRfmoQQGYIm2fKHj1mcp7EI3af4Vhhv4eqbhcUfh2dJxXV/nKcVR+DsWKSrow54D53a51V+ZpG0qV+a19jdt9tCVKl8qkAiQBbNAX0/2h0Vdo4XmNbWh1b11JgeL8+7Pkj2E2H1mLMpkI84lm08Oe9oV+tEqyZun0g==
mQ07UBQ69slezLk0DcWLwtBMKShvm2QX8ZQaI/CPuj2tAvYxElOd8aVz7T8NbW0iccmcq//euLVFTW2oz9l7Nuonl6HutLdlWiJsWCTYh7zaZTb37tp0X1zrIMteyNZ8Ag6JJbk7MgRq6QZn+633LT0Bp8E6XnX3yfODfmcAiDnL285wAN3oMXZ6jCveNQAv3VM6JZkH139HlLeoYzpJCSVBumlpg88n6a0z94Snzw==
8AprIqL6CZ0MzC0mR659E//fxHS+IgUe63kEerLXrqepdHKzSA9CrQWirsFak1WhXRPFDxVtdRJZqWT7Nx7wRR3txTg3WcOmgsfPESb0fzViAgSoPNifzDJFDiemGjzvhIvIW+ZIruyqrlFVcXt61BIJLlfjre8dFeHfEXIevYcRUyvuH4AwqSO7FsBIHaDhTlpkW8Y1GN+1cwJ1UUcfzx903zjburGZjeHimSFDB3cRzRvHnKfX
zDFtxAjgFXN7f1zqW+ctMOMQMGOPs+LYDuLsRfNpdKpm+4dMXG8m7yyxK5qA3bTjW71TK8sTG217DleRauc5bh5ZM9XrJFm5rXqs/+FNyISxaaw6SnRyGNEQfP3Ae2hq0rMqM2aHiKjAcAQW/8mfC/RInLGgy20tYYGbWVGN/G5TG7/rhXJxYF51jQO4nKZtbr2A4iqHiPVWA/tLzCmfN/GTMUzx5LVa34Wj2cyFzzMJax/1FduSp9k=
iJS6kM7Zrce2v6mIIVxUeAjvEi3kGCdnOSsv7MQfrm+kAbN66A0Mo4PNuwvzAxNtcx5vsYKX4S6miVs1c5TROSUKNF9JnbBE6VmEWrJkehjZAAQd6EuwKirjgpP+dwAoSMCcdheZJ8usuPSRmNtlLWmRo3k5faSu60tXix3C+eDWhRWjEMxeLbaNqAJSl4D1XhMDK+QZx/eJQ5nsaZQ92lc1OzmkVXdz0Rv31S3LmqfR
Q+79YjxaA4XwhB71qLAv8RggGbmYCniS1YbVslhTbT//F5fG5leX9SsIQzaPdIGS7fCY6j0NHWi2XRfmoQQGYIm2fKHj1mcp7EI3af4Vhhv4eqbhcUfh2dJxXV/nKcVR+DsWKSrow54D53a51V+ZpG0qV+a19jdt9tCVKl8qkAiQBbNAX0/2h0Vdo4XmNbWh1b11JgeL8+7Pkj2E2H5mLMpkI84lm08Oe9oV+tEqyZun0g==
MROPQOhsSW55nccTAzrZQQjvDyHiCjxuCSsv7MQfrm+kAbN66A0Mo4PNuwvzAxNtcx5vsYKX4S6miVs1c5TROSUKNF9JnbBE6VmEWrJkehjZAAQd6EuwKirjgpP+dwAoSMCcdheZJ8usuPSRmNtlLWmRo3k5faSu60tXix3C+eDWhRWjEMxeLbaNqAJSl4D1XhMDK+QZx/eJQ5nsaZQ92lc1OzmkVXdz0Rv31S3LmqfR
fR3SUgGIbqItUedrbEC3F8aI/K6IN0nxKqHMpD4P7Q46ejAP/aQGSwTPDpUx8nqppvNJiWkj0RcZbXkKTZlQ0yt+DC3JvfEAe5mPXvYXm7maVONdlnKQMLBYE1SmtXrPOrqAR1DbPCMqCGLUnn4FvQ2bZvwmOTpP763jBQHR6zlu/sFvRYMf1tPA/NHX68Jo9L08CTqq8MNKtZRHIQP2Hc3no2dLpKvAl3r9obmxNvHdIxtfJf0P35Cn2w==
7tH2KraAWeGFFNXk8YsKYGkzfnLNedGgWojfAb2TcxyI12ovYEl/SrT1aIOn1Ucb/wsXbXcWY6F+j8UOwnEHBb/cFXnhwnivFSUUJA3BOMo+7P6YXYiIjVTT1MqOW17jMj9E6AwI0EbL4cPriKCIgZTTYS1tma9pRWWAjg8zi7tRCr0gks3Z08x0+s3SFRSS3h8Eddqbj7tYgSOXLfvFHCVc+ZqTffcJ+K0TU/UDC8Uhw56n1Q==
Mnr202pWVZ9CC569wTsP/mg6Y2XLepiyCobDC7jSR1KEzWI6YEl/SrT1aIOn1Ucb/wsXbXcWY6F+j8UOwnEHBb/cFXnhwnivFSUUJA3BOMo+7P6YXYiIjVTT1MqOW17jMj9E6AwI0EbL4cPriKCIgZTTYS1tma9pRWWAjg8zi7tRCr0gks3Z08x0+s3SFRSS3h8Eddqbj7tYgSOXLfvFHCVc+ZqTffcJ+K0TU/UDC8Uhw56n1Q==
YVosJGGE8sXmRHllRaNBYVERc8gl73rb7OgTBIOgaT0OkclOUb8eDAcsP3ShjnBAIn7q8i+0XdUbLOvcqdAZ9C1ppyQ=
8FLVoD7Hw5hVaXuvHsWYSNOBghsOheplNQnPPVmP/tJc0XvXFUsd/M2s8Rqbzd+poN1rE61Ts+WJ0xanXQ==
4E1JhT3jxgQp5g9nnHGTas6bGUTEjew5lD9hhT8zAyYPWo3cuAb2JEpsszbFQ/9GO5JlovGS2ROnWg==
DMmNK911z4SYio+x0UjcytOBghsOheplNQnPPVmP/tJc0XvXFUsd/Miv8R6bzd+poN1rE61Ts+WJ0xanXQ==
A13YeA6B4c35SuOkioE1+M6bGUTEjew5lD9hhT8zAyYPWo3cuAP1JE5sszbFQ/9GO5JlovGS2ROnWg==
JmL7xgJExk65TEz9MRD9Lcrmgzagdknn82RFyFPR0nlDamTtXZXa9vBV52+gnh42HrCi17cgG4PrfBxx42JJqH1T5SeqjiOESaq7UIWWloEpImLAWSLyUPFdsQOQtxOuug7u082RusPoDWaVPHhaf4gEOailVQRlf2W6d0i79FPCiMpk1l4dTXVbPmyemfIfB60LVclxU6k2PrmfXaNXZntAFKEfi9pYzH1kmUJKuBNitbwX6WMOjRWnm1dTROMx//pUEXGRLoElY8PPnV1HD/insw==
JCSt7eIl4TFwfn+J1plT1DK9RxRvrFaG7XR3n9Pu9lu9kKUG6whEXWDSJq2xqUKZ33lNWaL4Njo6D6kMzzvQlzKORz/DC8yWFehfmq1cs46QjS8iZMxfOsRc522nb6avdYKcbsj/q0mMrz49MFkKIJwzzsR/5GMNsqkp1Wwb/mOS/2TobMiwxqsh4+uo4CgBdJOBLY3ZT+nlJaCOL/PrOzHK3SCyDXlTbDQazTJV9BJ+XyR1+lsvOzhBQ5dNO2WchR3ZmnI9F4kY7TNT1cOrRUED/qe1
BNG+S2hXC8XMNvakspXMd2IaPKz68U6+s7uPQiaMhHKxbcWgqfs1rS1JPQjJ7GDzhekFBRC9kMvgRLkp/Uw72hHzz1K5XwKoftAiNNY4EhUDqKLlTty+Sdp45S71HSPgPAv+eW1Y/RFZkaXJ86HcOZ0pZN4GAKlfz5Y9BaElDychE1i9umMS1vcsk3EqY92x3UbtzBsMrShj/0ZmqRB3ZDSKcENfSqcxAvWVC7+fLpsxA5WbeQxfFWc8v2RBfrDwA+7qYw8EnSX7PGvMyaBZRA35p7Q=
PzYBlB2obdgXW9HjMb3TRWIaPKz68U6+s7uPQiaMhHKxbcWgqfs1qy1JPQjP7GDzhekFBRC9kMvgRLkp0Vs70w392FK5XwKoftAiNNY4EhUDqKLlTty+Sdp45S71HSPgPAv+eW1Y/RFZkaXJ86HcOZ0pZN4GAKlfz5Y9BaElDychE1i9umMS1vcsk3EqY92x3UbtzBsMrShj/0ZmqRB3ZDSKcENfSqcxAvWVC7+fLpsxA5WbeQxfFWc8v2RBfrDwA+7qYw8EnSX7PGvMyaBZRA35p7Q=
rKSJoAGHsLvr/RSff+PF3CQc5e7WOA7n1CvdZh96oTD1rV0HTEuyM4DXuP8Dy22p7BbOLNBukuCfW8hKf1a0twOq996tsJ1B6oJiJhImIjYK7w+uoudKIrZDJm713OEz2/oQ7d5biQbV+wWnVZvHb4QDUW8kHEK+YRVzQG23dUu3/U21uN8e/Xp8a1oj417tRctRwG1On3Iloh9p1hQ9vg/+mOzQ4TuUD1veQ+XZC9H2IX3FVdm9MhffW2pvVhWQiKrvyIqBKxp1D+fKW949rkG+Af+ntg==
UOzeCw6aVvF2tZ4n8CadiWIaPKz68U6+s7uPQiaMhHKxbcWgqfs1qy1JPQjP7GDzhekFBRC9kMvgRLkp/Uw7xAzyxVK5XwKoftAiNNY4EhUDqKLlTty+Sdp45S71HSPgPAv+eW1Y/RFZkaXJ86HcOZ0pZN4GAKlfz5Y9BaElDychE1i9umMS1vcsk3EqY92x3UbtzBsMrShj/0ZmqRB3ZDSKcENfSqcxAvWVC7+fLpsxA5WbeQxfFWc8v2RBfrDwA+7qYw8EnSX7PGvMyaBZRA35p7Q=
5IKvQIz6n1VrgiRVjeizRiQc5e7WOA7n1CvdZh96oTD1rV0HTEuyNYDXuP8Fy22p7BbOLNBukuCfW8hKblC2oge+996tsJ1B6oJiJhImIjYK7w+uoudKIrZDJm713OEz2/oQ7d5biQbV+wWnVZvHb4QDUW8kHEK+YRVzQG23dUu3/U21uN8e/Xp8a1oj417tRctRwG1On3Iloh9p1hQ9vg/+mOzQ4TuUD1veQ+XZC9H2IX3FVdm9MhffW2pvVhWQiKrvyIqBKxp1D+fKW949rkG+Af+ntg==
DAYlkFIb11+Tl7FY9LFDfcrmgzagdknn82RFyFPR0nlDamTtXZXa8OENv3+2lUppGbO3/vFDXMH8JAsx51BOvmhO5SeqjiOESaq7UIWWloEpImLAWSLyUPFdsQOQtxOuug7u082RusPoDWaVPHhaf4gEOailVQRlf2W6d0i79FPCiMpk1l4dTXVbPmyemfIfB60LVclxU6k2PrmfXaNXZntAFKEfi9pYzH1kmUJKuBNitbwX6WMOjRWnm1dTROMx//pUEXGRLoElY8PPnV1HD/insw==
haQM4frwJ/pTvVW7Gz8nwMrmgzagdknn82RFyFPR0nlDamTtXZXa8OENv3+2lUppGbO3/vFDXMH8JAsx7kNEo2hM5SeqjiOESaq7UIWWloEpImLAWSLyUPFdsQOQtxOuug7u082RusPoDWaVPHhaf4gEOailVQRlf2W6d0i79FPCiMpk1l4dTXVbPmyemfIfB60LVclxU6k2PrmfXaNXZntAFKEfi9pYzH1kmUJKuBNitbwX6WMOjRWnm1dTROMx//pUEXGRLoElY8PPnV1HD/insw==
wwpccFza53tO2zbPHJ20rdiGT7MnwVFqAcMi4usdWCeVkUtCgC2/GUWwRJ3C8/oHmV7R6n7Ih7ppOpaKrfpesJH8bsviOBX4D3MYRmHAg/qRtKe+ZJUjImjUqwrQtNsNe0fSf6H6UK6ER38ZOEdinczxntAoq0JE83zXfSYBVXWwc0qzxkeoqCAw5JZfCb8LlIg8MQCLjS2BwTvZ8U2cbnPbH2tlMpFgfrUtg9hcxm1O/WBiyseo9XbDm8us6b83EdPRzFGllVq+RcNZbMXvM+krv3W1G/KnuQ==
bnFQFC42wYlwEkoJX5TfFDcFzK8PRjUvgJS/DPpExGG3Y1Xayd5IFEic3wFKmj8hV+R/vPEm0Omz9mp7vxz9fUvkqxT5+DncPWGnLA==
Pkd1GOe1e32IQvoqKw1gW2D+JZ0N5vJU64MzMb+bvRBoAEbxmoOFA1cT4NoxT49MrZhWVX5dMZefvIvCaX+yjMMTJkXJh+df11RGSbM6mKkVASoJGQOfB1ltIxd0pz8=
g/q7GnP0w6w3ZcLBMJS6qPRJ3S56sghNeUJThXQDTzTelyvUoVl3dljbdIjmJ4FpLXzH9ouPmfbEvcislkR6DUJX62zpz3Vj57pvC1wdaScXXDOSAX9JU39prvURR99P33SeuRu68BnN4SIZYUNH99HNW0dcpxc=
OQ0Eyt55Pj/rYnmklT5KnV2Cx+cqSxyxrGz9dUUdOiLtWtV79N1BN0/8uyJ5f7Hj98l25TkHd79nFJZpwzqoycXBWqmJgy/nCS3TN2SnLw==
5M8OSM6URzRbFvSu2Y3OvDYFzK8PRjUvgJS/DPpExGG3Y1Xayd5IFEic3wFKmj8hV+R/vPEm0Ouy9mp7vxz9fUvkqxT5+DncPWGnLA==
YIySpLtysg5v6ZlISiS5512Cx+cqSxyxrGz9dUQdOiLtWtV79N1BN0/8uyJ5f7Hj98l25TkHd79nFJRowzqoycXBWqmJgy/nCS3TN2SnLw==
8D7YtcbDm4iV7MWVnVZW6jUFzK8PRjUvgJS/DPpExGG3Y1Xayd5IFEic3wFKmj8hV+R/vPEm0Oiy9mp7vxz9fUvkqxT5+DncPWGnLA==
i/cTNw8+vVZ6Ywv9DQlxiV2Cx+cqSxyxrGz9dUcdOiLtWtV79N1BN0/8uyJ5f7Hj98l25TkHd79nFJdowzqoycXBWqmJgy/nCS3TN2SnLw==
5TQkVPyPfrIUu1KAbcVayjcfyq8TXjQvgJS/DPpExGG3Y1Xayd5IFEic3wFKmj8hV+R/vPEm0Oq19mp7vxz9fUvkqxT5+DncPWGnLA==
2Z2cxeaYXzGQ1wBpYMYHKMvTjS0ZjampBQ9T76+VaPp/SHfXBNC+i0khlYL5BigMeITfCnWGRflnvL/kQf6wcgVu6uMPhJ2l+7xrTMkgWcQNeac0
KxY/0nQ92BG0Q8j4IFrlL2I2x1tY2P/IsriUtQ/Ptb4hQvig0BBfhcImr7WviN8YWfqgHOs6rj93YC0pc8jL8JHkCeglbaco
xpdzYW2jNPVZQFme4bdhVVMnhJgqCV1jioTwQeAR6lD5eVXayd5IFEic3xJFniUhV+R/vPEm0Oiz9m57vxz9fUvkqxT5+DncPWGnLA==
tUIEJLGkigE4uC2eECe1fmM2x1tY2P/IsriUtQ/Ptb4hQvig0BBfhcImr7WviN8YWfqgEus6rj93YC0pc8jL8JHkCeglbaco
vRFyz2qHBIlS77kq7QQJH1MnhJgqCV1jioTwQeAQ6lD5eVXayd5IFEic3xJFniUhV+R/vPEm0Oaz9m57vxz9fUvkqxT5+DncPWGnLA==
2unnsy/LHyu1/f+HQLCx6WA2x1tY2P/IsriUtQ/Ptb4hQvig0BBfhcImr7WviN8YWfqgGuo6rj93YC0pc8jL8JHkCeglbaco
b5y8tHolrXIkCOyDmk3391MnhJgqCV1jioTwQeAT6lD5eVXayd5IFEic3xJFniUhV+R/vPEm0O6y9m57vxz9fUvkqxT5+DncPWGnLA==
u3wxOoRgSBvnu+VAYy7cQmE2x1tY2P/IsriUtQ/Ptb4hQvig0BBfhcImr7WviN8YWfqgG+o6rj93YC0pc8jL8JHkCeglbaco
HQ0oA2pNUJKngh5w+YB1VFMnhJgqCV1jioTwQeAS6lD5eVXayd5IFEic3xJFniUhV+R/vPEm0O+y9m57vxz9fUvkqxT5+DncPWGnLA==
hSQciXs4g8XTCCBRYV9GWmY2x1tY2P/IsriUtQ/Ptb4hQvig0BBfhcImr7WviN8YWfqgGeo6rj93YC0pc8jL8JHkCeglbaco
bgPtJD6+OEi6MA2TVjb0HFMnhJgqCV1jioTwQeAV6lD5eVXayd5IFEic3xJFniUhV+R/vPEm0O2y9m57vxz9fUvkqxT5+DncPWGnLA==
756fnhcvz3umScMhbOo3qGc2x1tY2P/IsriUtQ/Ptb4hQvig0BBfhcImr7WviN8YWfqgHOo6rj93YC0pc8jL8JHkCeglbaco
eVtcUllhdlVz5zyXUSWXglMnhJgqCV1jioTwQeAU6lD5eVXayd5IFEic3xJFniUhV+R/vPEm0Oiy9m57vxz9fUvkqxT5+DncPWGnLA==
pbUiAx0Fe9B9JsdJHOgjEDYfyq8TXjQvgJS/DPpExGG3Y1Xayd5IFEic3wFKmj8hV+R/vPEm0Om09m57vxz9fUvkqxT5+DncPWGnLA==
VfTw7U4Izny2DkKMG0DAMcvTjS0ZjampBQ9T76+VaPp/SXfXBNC+i0khlYL5BigMeITfCnWGRflnvL/kQf6wcQRu7uMPhJ2l+7xrTMkgWcQNeac0
ThfhQR/9uyVZEEud6uqylOd9eH0/wgbGkoSXmOBrAhDJ4ZDqOddDnl4H08nCczRRGYnXp/PrjY+8nQJOW+oa/N8CbhZFk3J7AE1oT/HnOfCZuPPnBihzrs9SvUTYOuVszaWjDiXbz057GpW60WpJW6cS
+eh1IW9eU1yF0/KFPJr93dR4EyYSiirTPyIjT772UDGoq0f8lU8eUmuBp4vHlhw2Nn1KAuZD7nFfmh6+5Xuiw0A1OGcRDwnomaDDD+YAI9aP6m2seJmR9Eo6U6aFs5/2u+JFkrECeUOnCg==
phHxDIWSZsFIeW5IKUYCied9eH0/wgbGkoSXmOBrAhDJ4ZDqOddDnl4H08nCczRRGYnXp/PrjY+8nQJOW+oa/N8CbhZFk3J7AE1oT/HjMOeeuPPnBihzrs9SvUTYMeBsyqKjDiXbz057GpW60WpJW6cS
3zwsNI0WhrIkYokkQyNTb9R4EyYSiivTPyIjT772UDGoq0b8lU8eUmuBp4vHlxw2Nn1KAuZD7nFfmB6+5Xuiw0A1OGcRDwnomaDDD+YAI9aP6m2seJCU9Ek6U6aFs5/2u+JFkrECeUOnCg==
zfTfjNrFdbZ6HM5ahc7rKNR4EyYSiirTPyIjT772UDGoq0f8lU8eUmuBp4vHlhw2Nn1KAuZD7nFfmh6+5Xuiw0A1OGcRCwD/nqDDD+YAI9aP6m2seJCW9Ek6U6aFs5/2u+JFkrECeUOnCg==
NQSNjxgLu2lSpLbRweEQX9R4EyYSiivTPyIjT772UDGoq0b8lU8eUmuBp4vHlxw2Nn1KAuZD7nFfmB6+5Xuiw0A1OGcRCwD/nqDDD+YAI9aP6m2seJCW9Ek6U6aFs5/2u+JFkrECeUOnCg==
RhsZUVSoAjpg1bPbFeMyLNR4EyYSiirTPyIjT772UDGoq0f8lU8eUmuBp4vHlhw2Nn1KAuZD7nFfmh6+5Xuiw0A1OGcRDwnomaDDD+YAI9aP6m2seJWW9Ek6U6aFs5/2u+JFkrECeUOnCg==
1/SHi6uLfkMHoIYZp8UcDtR4EyYSiivTPyIjT772UDGoq0b8lU8eUmuBp4vHlhw2Nn1KAuZD7nFfmB6+5Xuiw0A1OGcRDwnomaDDD+YAI9aP6m2seJSR9Ek6U6aFs5/2u+JFkrECeUOnCg==
tWEoj1sKXxmfzJHn7FsX0eZ9eH0/wgfGkoSXmOBrAhDJ4ZDqOddChFgHz9HDczRRGYnXp/PrjY+8nQJOW+oa/N8CbhZFk3J7AE1oT/HnOfCZuPPnBihzrs9SvUTYPOBsyaKjDiXbz057GpW60WpJW6cS
4LqaN6gnghjr2ok92tNXdOLzo8be2KqMGzDejtfN4kXFxy09OUco5YDLmRVrNQtNKeXM086Mk9xOhr88aOJdiW5wEGOErdmxTarZZg81vk4XBH/cMcZQSXTWaVx/vH2di4Sr9LmYuXx9QacM
YVuIWXsVMNRhybnHZv25AeLzo8be2KqMGzDejtfN4kXFxy09OEco5YDLmRRrNQtNKeXM086Mk9xOhr88aOJdiW5wEGOErdmxTarZZg81vk4XBH/cMcZQR3TWaVx/vH2di4Sr9LmYuXx9QacM
SGHXRBjmQ8g4RuJQ/7O8WePzo8be2KqMGzDejtfN4kXFxy09O0co5YDLmRdrNQtNKeXM086Mk9xOhr8+cuRdlXZxEGOErdmxTarZZg81vk4XBH/cMcZQTXHWaFx/vH2di4Sr9LmYuXx9QacM
kar3PDPTgvSlbZsSSkiwnOPzo8be2KqMGzDejtfN4kXFxy09Okco5YDLmRZrNQtNKeXM086Mk9xOhr8+cuRdlXZxEGOErdmxTarZZg81vk4XBH/cMcZQS3HWaFx/vH2di4Sr9LmYuXx9QacM
+oj0K0pLN4fyf7UhFOsY+OZ9eH0/wgfGkoSXmOBrAhDJ4ZDqOddDhFgHz9HDczRRGYnXp/PrjY+8nQJOW+oa/N8DbhZFk3J7AE1oT/HnOfCZuPPnBihzrs9SvUTYP+VsyKKjDiXbz057GpW60WpJW6cS
0kSWpblKU7KxuFlLwuw4++Lzo8be2KjXTirJhc3cz0Xz0hh8TCRJrYzL0FAXJRBcZ6fd3tS7gsdbhet/YccJ1VpzEGOErdmxTarZZg81vk4XBH/cMcZQT3DWaFx/vH2di4Sr9LmYuXx9QacM
/AdnC80FeHT4inxh2wvNeuLzo8be2KnXTirJhc3cz0Xz0hh8TCRJrYzL0FAXJRBcZ6fd3tS7gsdbhet/YccJ1FpzEGOErdmxTarZZg81vk4XBH/cMcZQTXDWaFx/vH2di4Sr9LmYuXx9QacM
bjKEbms5Z/pvrawRkYb3+OPzo8be2KqMGzDejtfN4kXFxy09Okco5YDLmRZrNQtNKeXM086Mk9xOhr8+cuRdlXZxEGOErdm1RL3eZg81vk4XBH/cMcZQSHDWaFx/vH2di4Sr9LmYuXx9QacM
qn36fLG/Fa4stZworRZIjuPzo8be2KqMGzDejtfN4kXFxy09O0co5YDLmRdrNQtNKeXM086Mk9xOhr8+cuRdlXZxEGOErdm1RL3eZg81vk4XBH/cMcZQSXDWaFx/vH2di4Sr9LmYuXx9QacM
4RcoHPUyW57ImdVdbaBj7zUfyq8TXjQvgJS/DPpExGG3Y1Xayd5IFEic3wFKmj8hV+R/vPEm0O+z9mh8vxz9fUvkqxT5+DncPWGnLA==
PKBmEAKCK/hcODPKuEQe+svTjS0ZjampBQ9T76+VaPp/SnfXBNC+i0khlYL5BigMeITfCnWGRflnvL/kQf6wdwNu6OQPhJ2l+7xrTMkgWcQNeac0
YR0rwiF1mONdPBsLdke3cuZ9eH0/wgfGkoSXmOBrAhDJ4ZDqOddAhFgHz9HDczRRGYnXp/PrjY+8nQJOW+oa/N8AbhZFk3J7AE1oT/HnOfCZuPPnBihzrs9SvUTYMOdsyKKjDiXbz057GpW60WpJW6cS
FoM+iIcdMnV0uS190gElIuLzo8be2KjXTirJhc3cz0Xz0hh8TCRKrYzL0FAXJRBcZ6fd3tS7gsdbhet/YccJ0FpzEGOErdmxTarZZg81vk4XBH/cMcZQTHLWaFx/vH2di4Sr9LmYuXx9QacM
DuY5cbXmeZHeiHkmahStkuLzo8be2KnXTirJhc3cz0Xz0hh8TCRKrYzL0FAXJRBcZ6fd3tS7gsdbhet/YccJ0VpzEGOErdmxTarZZg81vk4XBH/cMcZQSnLWaFx/vH2di4Sr9LmYuXx9QacM
dG4/nWyasy6xrBj5KR5kmr8sbI5KS53MzXCB1P2Rn+JQ5Bj+w5qbVPRhWbDoGeCXOH4UWU8Zbi9Y3+LEwqTvvxGASW+UEI/JEPCGiMLe3oWMk1U5Xx1OunsB45fte4Uc4N45n9X9Nwk4LVNTNYPLxWFDXqcV
hJVBxjTix1MEMI5IBFZmkb8sbI5KS53MzXCB1P2Rn+JQ5Bj+w5qbVPRhWbDoGeCXOH4UWU8Zbi9Y3+LEwqTvvxGASW+UEI/JEPCGiMLe3oWImkI+Xx1OunsB45fte4Uc5d45n9X9Nwk4LVNTNYPLxWFDXqcV
vUqiC+hTqbAwuqgHKtjg2NxD8Q/SQKNtoP1qY5K7G6Ch6CxugyQjLQUna7djBLVWj/7jMaFR3iEV49OvzR33L2inIw==
+Njt+mQWfIJhNUOCx0vqOwDSkbxnAxWg6GbiIBIGOTj3Vqd4vN1WK1bL/zgtaKD259Rn5TkHd79nFJJuwz6vycXBWqmJgy/nCS3TN2SnLw==
I6oRxnT850x0TgGcIin32dxD8Q/SQKNtoP1qY5K7G6Cj6CxugyQjLQUna7djBLdSj/3jMaFR3iEV49OvzR33L2inIw==
oF1VHsBn/Ua6BSirI98P4ADSkbxnAxWg6GbiIBIGOTj3Vqd4vN1WK1bL/zgvaKD259Rn5TkHd79nFJNqwz2vycXBWqmJgy/nCS3TN2SnLw==
6qE6WrdKuNrvAS0FP2uHfn80mtQ+kUwvSGtGfUr05vtSARoXy9zaiXa1QL9Y9+KR7mntFyUPYann6j4cCFG0sDDaa6KvHmWoaLF8wA2OuwIVNxcCG5YNVmEmEXenPg==
nvaAJyZfZKeKnpom5oWGenMe0b5aCk5phs34RaZPxmPxMVXN1cd/UFLKyANQjjgwV+R/vPEm0Oiw9m18vxz9fUvkqxT5+DncPWGnLA==
baUy1wbbhhcD5IC5nVRn7X40mtQ+kUwvSGtGfUr05vtSARoXy9zaiXa1QL9Y9+KR7mntFyUPYann6j4cCFG0sDDaa6KvHmWoaLJ8wA2OuwIVNxcCG5YNVmEmEXenPg==
sfoYRGnyv5+QkZR51yF8c3Me0b5aCk5phs34RaZPxmPxMVXN1cd/UFLKyANQjjgwV+R/vPEm0Omw9m18vxz9fUvkqxT5+DncPWGnLA==
KrHLV3AWcfUmw7mAhSW8K0s0JXEAZ2pkS/T770IVMvPruPJdJuGIexgzKsW+vUVzhevJPXd+tpiI1TwkoE7DRg96zXw457QETUpzVkXjP2Y7ciVCcTIZc6c6
sfoYRGnyv5+QkZR51yF8c3Me0b5aCk5phs34RaZPxmPxMVXN1cd/UFLKyANQjjgwV+R/vPEm0Omw9m18vxz9fUvkqxT5+DncPWGnLA==
9MyVBdvz4evkfwlIdsbI1Eo0JXEAZ2pkS/T770IVMvPruPJdJuGIexgzKsW+vUVzhevJPXd+tpiI1TwkoE7DRg96zXw457QETUpzVkXjP2Y7ciVCcTIZc6c6
wE5b0sqhIIdCkGHrWMbVx3Me0b5aCk5phs34RaZPxmPxMVXN1cd/UFLKyANQjjgwV+R/vPEm0Ou19mp9vxz9fUvkqxT5+DncPWGnLA==
ltflTZcBMvgD1cfdBZNrVhzajfV4FAShp3GwdlwINjD2WuRzvN1WK1bL/zgvaKD259Rn5TkHd79nFJRvwzquycXBWqmJgy/nCS3TN2SnLw==
YgRGzfo/wkwikzziuQ+bTgjdmvUpWAKxvHb/J1gINjD2WuRzvN1WK1bL/zgvaKD259Rn5TkHd79nFJdvwzquycXBWqmJgy/nCS3TN2SnLw==
EQn2ZGcsJy5Kil4YbqcFsgDSkbxnAxWg6GbiIBIGOTj3Vqd4vN1WK1bL/zgvaKD259Rn5TkHd79nFJdvwzquycXBWqmJgy/nCS3TN2SnLw==
VKUcFQGvluRDBr+aSXDcrxzajfV4FAShp3GwdlwINjD2WuRzvN1WK1bL/zgvaKD259Rn5TkHd79nFJFqwzmuycXBWqmJgy/nCS3TN2SnLw==
64+OSSHuXLyXgrY4JGeihQjdmvUpWAKxvHb/J1gINjD2WuRzvN1WK1bL/zgvaKD259Rn5TkHd79nFJNpwzmuycXBWqmJgy/nCS3TN2SnLw==
HZ+WiMgaselzUWOfLk4rjnweh6Fu5SomXyRNF2eOrsMFG2mNty6WiIjFHHRg/mO2j8otDPgy1xRJW5MGBRNf1rsChfIx4jljpyo=
CSCQ7TDguGpYLNBzvptzCVQKcIDdzP7IYflZI0Sdjht+K4coJ2io5h+0T9Vhxw9vz7QIGku4JnldITJ5McP3l+EN6ydspyc=
XYhkAhABd5DUJRH29g2qGADSkbxnAxWg6GbiIBIGOTj3Vqd4vN1WK1bL/zgvaKD259Rn5TkHd79nFJBqwziuycXBWqmJgy/nCS3TN2SnLw==
ucz5QfU3btsvlNBtUnkfp6EfhXgt2BgROBsW3iZbHXCDy1rG/Qk1KybOe9ajc8A0PmKao9PXzovV88Kxl15qREBKuCaEiG5g/rpcAxQdfjsOa3eIVWhYRm90v/URR99P33Savxu49hnN4SIZYUNH99HNW0dcpxc=
cxSnR+X1aVcQysKA67vhqaEfhXgt2BgSOBsW3iZbHXCDy1rG/Qk1KybOe9ajc8A0PGKao9PXzovV88Kxl15qREBKuCaEiG5g/rpcAxQdfjsOa3eIVWhYRm90v/URR99P33SYuhu+9hnN4SIZYUNH99HNW0dcpxc=
8KUgt42X63ZHPXpbjuNcJUs99s16Vvy+GMhyeDoqOMsYPTKz6ltzsKvoJH5rRNt93WfTBzvk3KYHfmqBCfEGUe2jC//1Pd8/YKcr
UnTg+u7NWG87nD1MwBB1P6EfhXgu2BgSOBsW3iZbHXCDy1rG/Qk1KybOe9ajc8A0PGKao9PXzovV88Kxl15qREBKuCaEiG5g/rpcAxQdfjsOa3eIV2hYRm90v/URR99P33Sfuxu99hnN4SIZYUNH99HNW0dcpxc=
5qhFsuCAJI+DtTYY1imD474pbJZbSZzR0zTVlL/F16Y7pUSujMjHIfplBOG8QLn0KT9QSFAGb3tYxeXO2PDaokLCJijMBITSBremzYzP1KPNzBUoGgJVvGUB45fte4Uc4905ndT9Nwk4LVNTNYPLxWFDXqcV
09q8ocT7UHmU0GLkKQtJW6EfhXgu2BgROBsW3iZbHXCDy1rG/Qk1KybOe9ajc8A0P2Kao9PXzovV88Kxl15qREBKuCaEiG5g/rpcAxQdfjsOa3eIV2hYRm90v/URR99P33SfuBu99hnN4SIZYUNH99HNW0dcpxc=
cQD8l920x2QG66Ra/+8rodxD8Q/SQKNtoP1qY5K7G6Cg6CxugyQjLQUna7djBLBRj/ziMaFR3iEV49OvzR33L2inIw==
i2hKVGLpoChXBF1o+oKOq95G9QDTRqNwoP1qY5K7G6Cg6CxugyQjLQUna7djBL1Rj/ziMaFR3iEV49OvzR33L2inIw==
XsmRys8niYljbISODFfsQwGtLDyvi7kGJDa18KVYXkr/wFjm5IhOoF46PMP0HR57ruvXyDRouIbP9B818Ue/Dz/0Of87vBZZrWGC2UFDZzcxTTsHfKc3
HuMYTZjVLPlGBohAgmK6iwGtLDyvi7kGJDa18KVYXkr/wFjm5IhOoF46PMP0HR57ruvXyDRouIbP9B818Ue/Dz/0Pf87vBZZrWGC2UFDZzcxTTsHfKc3
vanX8HPzpEDEwXMqGXUBLPPm13ZZz/rkF0gA5aSeZLd8UXjdFtemu0FplZXlHx9IYtHIG2CWWOhnvL/kQf6wfwVu7OUPhJ2l+7xrTMkgWcQNeac0
AfDsC38gulHgJF2vbhVrYvPm13ZZz/rkF0gA5aSeZLd8UXjdFtemu0FplZXlHx9IYtHIG2CWWOhnvL/kQf6wcQNu4uUPhJ2l+7xrTMkgWcQNeac0
2BixM4qnHqmZNLWPHXJ220ph34hkLg3IWhL+qJTUnPJOJ06N5P8cA7V87ihisq0cLTELV4XrTTz7jOESjK0v6XC9+5Md8wMl2TNmpy0=
sw62LyI64HRGgnKmYJSSzlJx9r6GWrpo0BzAQuJ/qu1AR7CTyfRqqOY6UYyBia+34TPhjCPEJVJIZXMZHGXfs/mL7zXlO2KnKQ==
JPLt5RAOTQLmEON3tdx8ytxD8Q/SQKNwoP1qY5K7G6Cg6CxugyQjLQUna7djBLJQj/LiMaFR3iEV49OvzR33L2inIw==
MvEeqLqQoQek7dD7RUmZgWsWx7IXWwJ7z4f2Sq5OyiD6MVXN1cd/UFLJyANQjjgwV+R/vPEm0Oay9mJ9vxz9fUvkqxT5+DncPWGnLA==
yafQlltDagmbfa1bt6Eox6EfhXgu2BgROBsW3iZbHXCDy1rG/Qk1KybOe9ajc8A0PmKao9PXzoLV88Kxl15qREBKuCaEiG5g/rpcAxQdfjsOa3eIVGhYRm90v/URR99P33Scvhu68xnM4SIZYUNH99HNW0dcpxc=
3krwbpywbs26+N/6OMi/774pbJZbSZzS0zTVlL/F16Y7pUSujMjHIfplBOG8QLn0Kj9QSFAGb3tYxeXO2PDaokLCJijMBITSBremzYzP1KPNzBYoGgJVvGUB45fte4Uc5945mdH9Ngk4LVNTNYPLxWFDXqcV
JYGUhkLD+oS+lzXU7r88haEfhXgu2BgSOBsW3iZbHXCDy1rG/Qk1KybOe9ajc8A0P2Kao9PXzovV88Kxl15qREBKuCaEiG5g/rpcAxQdfjsOa3eIVGhYRm90v/URR99P33SYuBu58xnM4SIZYUNH99HNW0dcpxc=
55LWr08cPOsks1TtDM4cRykfg6ZfsSQ2X2oWHnzP45EFDHWUgGqM3p/HBmBn72O2j8otDPgw1RRNX5MHBRNf1rsChfIx4jljpyo=
MIwnU4XJpxlGpnNF0GQoupP/v/2sKkt+MPKwt6JvbQNzbfX22Gj/NwtgT0dzgOmdqpCwhNEsfQKDxO9SzvftSleAQKV62eDNtyY3dGLW92gVLz+hjoDuAxoIEjTOPtXdnRvWHFb5Cm//rfMlMRGb2d5+UQ+Vw082o8DM8QerEshkPUypiuoAo1q1hKdRw0a9PWczxxtk9eOnfQ7BaHFmEU2jqz/VvT//gKfL
uRGBNtn6vAsFNg7JkKLZPdxD8Q/SQKNtoP1qY5K7G6Ch6CxugyQjLQUna7djBLxTj/zmMaBR3iEV49OvzR33L2inIw==
AJ9RzlixjiJ/wetWSsgMMwDSkbxnAxWg6GbiIBIGOTj3Vqd4vN1WK1bL/zgtaKD259Rn5TkHd79nFJhrwzyqycTBWqmJgy/nCS3TN2SnLw==
P4wTJC7TeH9Tv+kcRmZqv0s0JXEAZ2pkS/T770IVMvPruPJdJuGIexgzKsW+vUVzhevJPXd+tpqI1TwkoE7DRg96zXw46bUETE9zV0XjP2Y7ciVCcTIZc6c6
hM20f2hT07U39joZ/umqndR4EyYSiirTPyIjT772UDGoq0f8lU8eUmuBp4vHlhw2Nn1KAuZD7nFfmh6+5Xuiw0A1OGcRCwD/nqDDD+YAI9aP6m2seJWX9Ew/U6eFs5/2u+JFkrECeUOnCg==
3ohDGW9VPDXorC47WUBvAtR4EyYSiivTPyIjT772UDGoq0b8lU8eUmuBp4vHlhw2Nn1KAuZD7nFfmB6+5Xuiw0A1OGcRCwD/nqDDD+YAI9aP6m2seJaX9Ew/U6eFs5/2u+JFkrECeUOnCg==
Mi2km+Uk38McLQLqVOMiztR4EyYSiirTPyIjT772UDGoq0f8lU8eUmuBp4vHlhw2Nn1KAuZD7nFfmh6+5Xuiw0A1OGcRDwnomaDDD+YAI9aP6m2seJCW9Ew/U6eFs5/2u+JFkrECeUOnCg==
ifCsJ4N/kfa/D0U/7OT0WtR4EyYSiivTPyIjT772UDGoq0T8lU8eUmuBp4vHlxw2Nn1KAuZD7nFfmh6+5Xuiw0A1OGcRDwnomaDDD+YAI9aP6m2seJaW9Ew/U6eFs5/2u+JFkrECeUOnCg==
GvItl1MnIb5zmPqFE5n0k3Me0b5aCk5phs34RaZPxmPxMVXN1cd/UFLIyANQjjgwV+R/vPEm0Oq09mx5vx39fUvkqxT5+DncPWGnLA==
kNKZIbikqznb3UqPVPmhWhzajfV4FAShp3GwdlwINjD2WuRzvN1WK1bL/zgtaKD259Rn5TkHd79nFJVuwzyqycTBWqmJgy/nCS3TN2SnLw==
03uaO/hEtKTg9S1XfS+RjgjdmvUpWAKxvHb/J1gINjD2WuRzvN1WK1bL/zgtaKD259Rn5TkHd79nFJhuwzyqycTBWqmJgy/nCS3TN2SnLw==
OeWsL2s8q1Gn03gGkv1CZQDSkbxnAxWg6GbiIBIGOTj3Vqd4vN1WK1bL/zgtaKD259Rn5TkHd79nFJhuwzyqycTBWqmJgy/nCS3TN2SnLw==
2jMBCqNUT/S8wgWdoFBWHH80mtQ+kUwvSGtGfUr05vtSARoXy9zaiXa1QL9Y9+KR7mntFyUPYann6j4eCFG0sDDaa6KvHmWoaLd9wAOLuwMVNxcCG5YNVmEmEXenPg==
onTBous/sS8/m57G0eL8knMe0b5aCk5phs34RaZPxmPxMVXN1cd/UFLIyANQjjgwV+R/vPEm0Oqx9mN5vx39fUvkqxT5+DncPWGnLA==
O3YFd6F7HOp65rww9sqF3Us0JXEAZ2pkS/T770IVMvPruPJdJuGIexgzKsW+vUVzhevJPXd+tpqI1TwkoE7DRg96zXw45LUEQ09zV0XjP2Y7ciVCcTIZc6c6
Ll+6qt/uMv+AV7+JkT3OT3Me0b5aCk5phs34RaZPxmPxMVXN1cd/UFLIyANQjjgwV+R/vPEm0Oux9mN5vx39fUvkqxT5+DncPWGnLA==
hKhKSVZ1/WdYCtzxg521Wko0JXEAZ2pkS/T770IVMvPruPJdJuGIexgzKsW+vUVzhevJPXd+tpqI1TwkoE7DRg96zXw45bUEQ09zV0XjP2Y7ciVCcTIZc6c6
NEuMjpU3nsxnsU2bRaoQ73Me0b5aCk5phs34RaZPxmPxMVXN1cd/UFLIyANQjjgwV+R/vPEm0Oix9mN5vx39fUvkqxT5+DncPWGnLA==
bcYPrdQfaXgJ/CyYpfuucks0JXEAZ2pkS/T770IVMvPruPJdJuGIexgzKsW+vUVzhevJPXd+tpqI1TwkoE7DRg96zXw45rUEQ09zV0XjP2Y7ciVCcTIZc6c6
YRL5QJ/E9idEjk+owj5my8uiJQs6kp/7LRhQzqSwKWKkyAIoLETkUuZ3hs2sD3QjrQz3KHpCtTzFQcOXzTvlnAMeWZLwPZaJmO2zU1XDK0XBA36nNQ==
td1NXAaQYh0xIQYLyGQRGS0QrzrTEkUMChuPagPyUJTsokKE0oqf90Z3EwRSwcHk48rOTPCIXoAOeuxjZJ3u296rJ+hFaEimvzTvlYHHL69vNO7aK7ICOfyhUrnRw9dXgY0LZ0ynBw==
I+IxCJTEe010Y0YGF1EEdC0QrzrTEkUMChuPagPyUJTsokKE0oqf90Z3EwRSwcHk48rOTPCIXoAOeuxjZJ3u296rJ+hFaEimvzTvlYHHL69vNOHaK7ICOfyhUrnRw9dXgY0LZ0ynBw==
CvV23YCsl7cP2YI4VUexwHMe0b5aCk5phs34RaZPxmPxMVXN1cd/UFLIyANQjjgwV+R/vPEm0Omz9mJ5vx39fUvkqxT5+DncPWGnLA==
nSJxd7WPkY1C/e38UayKH0s0JXEAZ2pkS/T770IVMvPruPJdJuGIexgzKsW+vUVzhevJPXd+tpqI1TwkoE7DRg96zXw457cEQk9zV0XjP2Y7ciVCcTIZc6c6
CvV23YCsl7cP2YI4VUexwHMe0b5aCk5phs34RaZPxmPxMVXN1cd/UFLIyANQjjgwV+R/vPEm0Omz9mJ5vx39fUvkqxT5+DncPWGnLA==
X44bsA/t9/MeAG5fpF17WUo0JXEAZ2pkS/T770IVMvPruPJdJuGIexgzKsW+vUVzhevJPXd+tpqI1TwkoE7DRg96zXw457cEQk9zV0XjP2Y7ciVCcTIZc6c6
Y0EuMgCiDR61D3CHM1Km7MuiJQs6kp/7LRhQzqSwKWKkyAIoLETkUuZ3hs2sD3QjrQz3KHpCtTzFQcOXzTvlnAocWZLwPZaJmO2zU1XDK0XBA36nNQ==
8fGcSBOSMgVh78MGNkPwUMuiJQs6kp/7LRhQzqSwKWKkyAIoLETkUuZ3hs2sD3QjrQz3KHpCtTzFQcOXzTvlnAAbWZLwPZaJmO2zU1XDK0XBA36nNQ==
PBgKyaY2eiX1S29NW6m50XMe0b5aCk5phs34RaZPxmPxMVXN1cd/UFLIyANQjjgwV+R/vPEm0Oi19mJ5vx39fUvkqxT5+DncPWGnLA==
Eiihvu0ZKduB0fxYIevkR0s0JXEAZ2pkS/T770IVMvPruPJdJuGIexgzKsW+vUVzhevJPXd+tpqI1TwkoE7DRg96zXw45rEEQk9zV0XjP2Y7ciVCcTIZc6c6
qE9i9w2zhoo6rXhh/7z9fUpkJH2bwH6ZnVKJ9N5L+0LfEmz8+JK2nN6Kk++yRwdsbiEdzJeaGrQ8yBI42qpYCzg9EnNK25NwyejEPgvEez39Z/NH22S+ZudyTkGocaaRjaPrv5W9f39Apws=
GsZVHcVH1fhodQW1Ahtec3Me0b5aCk5phs34RaZPxmPxMVXN1cd/UFLIyANQjjgwV+R/vPEm0O209mJ5vx39fUvkqxT5+DncPWGnLA==
K6bcAh2m6wXWm1WMaM/+xUo0JXEAZ2pkS/T770IVMvPruPJdJuGIexgzKsW+vUVzhevJPXd+tpqI1TwkoE7DRg96zXw447AEQk9zV0XjP2Y7ciVCcTIZc6c6
/z0vTx0KbJOrJh6A0mPF3EpkJH2bwH6ZnVKJ9N5L+0LfEWz8+JK2nN6Kk++yRwdsbiEdzJeaGrQ8yBI42qpYCzg9EnNK25NwyejEPgvEez39Z/NH22S0ZudyTkGocaaRjaPrv5W9f39Apws=
OeNa1x60GZ5CN/+FGZzLP0pkJH2bwH6ZnVKJ9N5L+0LfEWz8+JK2nN6Kk++yRwdsbiEdzJeaGrQ8yBI42qpYCzg9EnNK25NwyejEPgvEez39Z/NH22S9Y+d7TUGocaaRjaPrv5W9f39Apws=
OeNa1x60GZ5CN/+FGZzLP0pkJH2bwH6ZnVKJ9N5L+0LfEWz8+JK2nN6Kk++yRwdsbiEdzJeaGrQ8yBI42qpYCzg9EnNK25NwyejEPgvEez39Z/NH22S9Y+d7TUGocaaRjaPrv5W9f39Apws=
dJU6msZJkfWbgswVQdMs0XMe0b5aCk5phs34RaZPxmPxMVXN1cd/UFLIyANQjjgwV+R/vPEm0O2x9mt6vx39fUvkqxT5+DncPWGnLA==
2qcU4KzOgV+a4ZyTXpOvSUo0JXEAZ2pkS/T770IVMvPruPJdJuGIexgzKsW+vUVzhevJPXd+tpqI1TwkoE7DRg96zXw447UES0xzV0XjP2Y7ciVCcTIZc6c6
msXlLCZEdZCBNT0bbct6O6iOtx4MNoOOxn4y3J/6wmSkSIrogopQG1B9+sPCe2tAseg8DnNk842VpxtX00RjM3/71RHwka6BpWNDzx1dxw94pzM=
PgMf69izqhhG7AswSHTFQXMe0b5aCk5phs34RaZPxmPxMVXN1cd/UFLIyANQjjgwV+R/vPEm0Oax9mt6vx39fUvkqxT5+DncPWGnLA==
Z01Fpv1Rx7aEJXB0OoWnL0s0JXEAZ2pkS/T770IVMvPruPJdJuGIexgzKsW+vUVzhevJPXd+tpqI1TwkoE7DRg96zXw46LUES0xzV0XjP2Y7ciVCcTIZc6c6
VziiiwCYtGkK/bRwMLAohaiOtx4MNoOOxn4y3J/6wmSkSIrogopQG1B9+sPCe2tAseg8DnNk842VpxtX00RsM3/71RHwka6BpWNDzx1dxw94pzM=
TeB3GOEDjBy3O+GD6eJBndOBghsOheplNQnPPVmP/tJc0XvXFUsd/Miq8Rqbzd6poN1rE61Ts+WJ0xanXQ==
7vcrUlOgt3GRNxw6khRYMc6bGUTEjew5lD9hhT8zAyYPWo3cuAPwJEpsszfFQ/9GO5JlovGS2ROnWg==
DqI89/CAvIhfVWnjVp/zFNR4EyYSiirTPyIjT772UDGoq0f8lU8eUmuBp4vHlhw2Nn1KAuZD7nFfmh6+5Xuiw0A1OGcRCwD/nqDDD+YAI9aP6m2seJKQ9E48U6eFs5/2u+JFkrECeUOnCg==
57LUJkVLmW3WB6xvgVqPHdR4EyYSiivTPyIjT772UDGoq0T8lU8eUmuBp4vHlxw2Nn1KAuZD7nFfmh6+5Xuiw0A1OGcRCwD/nqDDD+YAI9aP6m2seJOQ9E48U6eFs5/2u+JFkrECeUOnCg==
AP9u460tLikIMrmNAeEGJ9R4EyYSiirTPyIjT772UDGoq0f8lU8eUmuBp4vHlhw2Nn1KAuZD7nFfmh6+5Xuiw0A1OGcRDwnomaDDD+YAI9aP6m2seJiQ9E48U6eFs5/2u+JFkrECeUOnCg==
Jvd1HmVswMZ6NXIN0NsIEdR4EyYSiirTPyIjT772UDGoq0f8lU8eUmuBp4vHlhw2Nn1KAuZD7nFfmh6+5Xuiw0A1OGcRCwD/nqDDD+YAI9aP6m2seJKV9E08U6eFs5/2u+JFkrECeUOnCg==
QKF6SF3KYv4Z0/ZaHwrDiNR4EyYSiirTPyIjT772UDGoq0f8lU8eUmuBp4vHlhw2Nn1KAuZD7nFfmh6+5Xuiw0A1OGcRDwnomaDDD+YAI9aP6m2seJKR9E08U6eFs5/2u+JFkrECeUOnCg==
7qpdMxUbcn7HlutEGn2CFNR4EyYSiivTPyIjT772UDGoq0T8lU8eUmuBp4vHlxw2Nn1KAuZD7nFfmh6+5Xuiw0A1OGcRDwnomaDDD+YAI9aP6m2seJOV9Ew8U6eFs5/2u+JFkrECeUOnCg==
1Rcvq+fW3jv2I7EuGRF4t9xD8Q/SQKNtoP1qY5K7G6Cj6CxugyQjLQUna7djBLRRj/zlMaBR3iEV49OvzR33L2inIw==
oF3YPHhvJ7Wxl+3fcJNQVwDSkbxnAxWg6GbiIBIGOTj3Vqd4vN1WK1bL/zgvaKD259Rn5TkHd79nFJBpwzypycTBWqmJgy/nCS3TN2SnLw==
ecNXkvSiAMCHgFPpPt7TC0s0JXEAZ2pkS/T770IVMvPruPJdJuGIexgzKsW+vUVzhevJPXd+tpiI1TwkoE7DRg96zXw44bcETExzV0XjP2Y7ciVCcTIZc6c6
z7KMGE76NoJfk9ASYi5R8HMe0b5aCk5phs34RaZPxmPxMVXN1cd/UFLKyANQjjgwV+R/vPEm0Oyz9mx6vx39fUvkqxT5+DncPWGnLA==
0yH43VoNuqYxe/EeVIIwPEo0JXEAZ2pkS/T770IVMvPruPJdJuGIexgzKsW+vUVzhevJPXd+tpiI1TwkoE7DRg96zXw44rcETExzV0XjP2Y7ciVCcTIZc6c6
1EZbfZpO9r7L+QJaIXTUTqiOtx4MNoOOxn4y3J/6wmSkSIrogopQG1B9+sPCe2tAs+g8DnNk842VpxtX00RhMX/81RHwka6BpWNDzx1dxw94pzM=
GQWAwBSiif8V3QlH9bWPgUs0JXEAZ2pkS/T770IVMvPruPJdJuGIexgzKsW+vUVzhevJPXd+tpuI1TwkoE7DRg96zXw46bcETExzV0XjP2Y7ciVCcTIZc6c6
c7+pL3+bwJOtoQhEwincUHMe0b5aCk5phs34RaZPxmPxMVXN1cd/UFLJyANQjjgwV+R/vPEm0O+y9mx6vx39fUvkqxT5+DncPWGnLA==
odlpQwH2bmedn01B8bHZt0o0JXEAZ2pkS/T770IVMvPruPJdJuGIexgzKsW+vUVzhevJPXd+tpuI1TwkoE7DRg96zXw44bYETExzV0XjP2Y7ciVCcTIZc6c6
c7+pL3+bwJOtoQhEwincUHMe0b5aCk5phs34RaZPxmPxMVXN1cd/UFLJyANQjjgwV+R/vPEm0O+y9mx6vx39fUvkqxT5+DncPWGnLA==
ncIc/t91m02wzrte/7t9mn40mtQ+kUwvSGtGfUr05vtSARoXy9zaiXa1QL9Y9+KR7mntFyUPYann6j4fCFG0sDDaa6KvHmWoaLV+wAyIuwMVNxcCG5YNVmEmEXenPg==
mV9FqqfCUCrPBNQK9ZRaW3Me0b5aCk5phs34RaZPxmPxMVXN1cd/UFLJyANQjjgwV+R/vPEm0Oyy9mx6vx39fUvkqxT5+DncPWGnLA==
4ukRlfurv2HqohwXtA5JeEs0JXEAZ2pkS/T770IVMvPruPJdJuGIexgzKsW+vUVzhevJPXd+tpuI1TwkoE7DRg96zXw44rYETExzV0XjP2Y7ciVCcTIZc6c6
mV9FqqfCUCrPBNQK9ZRaW3Me0b5aCk5phs34RaZPxmPxMVXN1cd/UFLJyANQjjgwV+R/vPEm0Oyy9mx6vx39fUvkqxT5+DncPWGnLA==
V4eIhb7WU9yBxPWKAIvXv0o0JXEAZ2pkS/T770IVMvPruPJdJuGIexgzKsW+vUVzhevJPXd+tpuI1TwkoE7DRg96zXw44rYETExzV0XjP2Y7ciVCcTIZc6c6
qYu74AVuCSVIY63swXJ8anMe0b5aCk5phs34RaZPxmPxMVXN1cd/UFLJyANQjjgwV+R/vPEm0O2y9mx6vx39fUvkqxT5+DncPWGnLA==
694IwgUd9sSMv1reGp7+pUs0JXEAZ2pkS/T770IVMvPruPJdJuGIexgzKsW+vUVzhevJPXd+tpuI1TwkoE7DRg96zXw447YETExzV0XjP2Y7ciVCcTIZc6c6
wOn4lgZSjUcZpgpNwNOefnMe0b5aCk5phs34RaZPxmPxMVXN1cd/UFLJyANQjjgwV+R/vPEm0Oqy9mx6vx39fUvkqxT5+DncPWGnLA==
9g1Wzrqf56OHrWQMhpDLc0o0JXEAZ2pkS/T770IVMvPruPJdJuGIexgzKsW+vUVzhevJPXd+tpuI1TwkoE7DRg96zXw45LYETExzV0XjP2Y7ciVCcTIZc6c6
XFGM2VsJUcs8bdCf57fUWXMe0b5aCk5phs34RaZPxmPxMVXN1cd/UFLJyANQjjgwV+R/vPEm0Omy9mx6vx39fUvkqxT5+DncPWGnLA==
DOkIIYRDS3HRpmJM9e0ZDks0JXEAZ2pkS/T770IVMvPruPJdJuGIexgzKsW+vUVzhevJPXd+tpuI1TwkoE7DRg96zXw457YETExzV0XjP2Y7ciVCcTIZc6c6
XFGM2VsJUcs8bdCf57fUWXMe0b5aCk5phs34RaZPxmPxMVXN1cd/UFLJyANQjjgwV+R/vPEm0Omy9mx6vx39fUvkqxT5+DncPWGnLA==
+D4IFFV+q2GCrhMEKzbtT340mtQ+kUwvSGtGfUr05vtSARoXy9zaiXa1QL9Y9+KR7mntFyUPYann6j4fCFG0sDDaa6KvHmWoaLN+wAyIuwMVNxcCG5YNVmEmEXenPg==
w4mykEO1IQiYPMJPAyHmcHMe0b5aCk5phs34RaZPxmPxMVXN1cd/UFLJyANQjjgwV+R/vPEm0Oay9mx6vx39fUvkqxT5+DncPWGnLA==
5WUN23ykU2jnrEZQc3R8Y380mtQ+kUwvSGtGfUr05vtSARoXy9zaiXa1QL9Y9+KR7mntFyUPYann6j4fCFG0sDDaa6KvHmWoaLx+wAyIuwMVNxcCG5YNVmEmEXenPg==
NimMUQH0FrdIXhpMgdKOpXMe0b5aCk5phs34RaZPxmPxMVXN1cd/UFLJyANQjjgwV+R/vPEm0Oey9mx6vx39fUvkqxT5+DncPWGnLA==
xrtGk4959twcq3EqJfYByUs0JXEAZ2pkS/T770IVMvPruPJdJuGIexgzKsW+vUVzhevJPXd+tpuI1TwkoE7DRg96zXw46bYETExzV0XjP2Y7ciVCcTIZc6c6
RjeW5I6ytdkrPvscbJtSDy0QrzrTEkUMChuPagPyUJTsokKE0oqf90Z3EwRSwcHk48rOTPCIXoAOeuxjZJ3u296rJ+hEaEimvzTvlYHHL69vNO7fK7wBOfyhUrnRw9dXgY0LZ0ynBw==
NSHw8QGZ0vrwmV0ug77l1EpkJH2bwH6ZnVKJ9N5L+0LfEmz8+JK2nN6Kk++yRwdsbiEdzJeaGrQ8yBI42qpYCzg9EnNK25NwyOjEPgvEez39Z/NH22S8Zud8TUGocaaRjaPrv5W9f39Apws=
NSHw8QGZ0vrwmV0ug77l1EpkJH2bwH6ZnVKJ9N5L+0LfEmz8+JK2nN6Kk++yRwdsbiEdzJeaGrQ8yBI42qpYCzg9EnNK25NwyOjEPgvEez39Z/NH22S8Zud8TUGocaaRjaPrv5W9f39Apws=
wA45ETLlgMSZ+YbluMFt+HMe0b5aCk5phs34RaZPxmPxMVXN1cd/UFLJyANQjjgwV+R/vPEm0Oq09mx6vx39fUvkqxT5+DncPWGnLA==
HwojVc0CmXe+GOHXHfSXQks0JXEAZ2pkS/T770IVMvPruPJdJuGIexgzKsW+vUVzhevJPXd+tpuI1TwkoE7DRg96zXw45LAETExzV0XjP2Y7ciVCcTIZc6c6
8ms4+2iuQSa3wgjvAO39c3Me0b5aCk5phs34RaZPxmPxMVXN1cd/UFLJyANQjjgwV+R/vPEm0Ou09mx6vx39fUvkqxT5+DncPWGnLA==
FKEfCrJblmnvzI47OOXg7ko0JXEAZ2pkS/T770IVMvPruPJdJuGIexgzKsW+vUVzhevJPXd+tpuI1TwkoE7DRg96zXw45bAETExzV0XjP2Y7ciVCcTIZc6c6
vE2TFAXw5dxqUXNFof5e20pkJH2bwH6ZnVKJ9N5L+0LfEWz8+JK2nN6Kk++yRwdsbiEdzJeaGrQ8yBI42qpYCzg9EnNK25NwyOjEPgvEez39Z/NH22S0Zud8TUGocaaRjaPrv5W9f39Apws=
/OW2iLtKnyMJKylSzww8QEpkJH2bwH6ZnVKJ9N5L+0LfEWz8+JK2nN6Kk++yRwdsbiEdzJeaGrQ8yBI42qpYCzg9EnNK25NwyOjEPgvEez39Z/NH22S8Y+dzTUGocaaRjaPrv5W9f39Apws=
bl5QXyBEHTZKUmuWAhTnpHMe0b5aCk5phs34RaZPxmPxMVXN1cd/UFLKyANQjjgwV+R/vPEm0O6w9mN6vx39fUvkqxT5+DncPWGnLA==
PYXNVt59hEfndPe1JNs7kEs0JXEAZ2pkS/T770IVMvPruPJdJuGIexgzKsW+vUVzhevJPXd+tpiI1TwkoE7DRg96zXw44LQEQ0xzV0XjP2Y7ciVCcTIZc6c6
0eu0zePsjIw+f8tNjpAu53Me0b5aCk5phs34RaZPxmPxMVXN1cd/UFLKyANQjjgwV+R/vPEm0O+w9mN6vx39fUvkqxT5+DncPWGnLA==
tBadhZCmzA1K3ydCxA5i4ko0JXEAZ2pkS/T770IVMvPruPJdJuGIexgzKsW+vUVzhevJPXd+tpiI1TwkoE7DRg96zXw44bQEQ0xzV0XjP2Y7ciVCcTIZc6c6
AisLj3Y7Jb+QGT8SIuDZRC0QrzrTEkUMChuMagPxUJTsokKE0oqf90Z3EwRSwcHk48rOTPCIXoAOeuxjZJ3u296rJ+hHaEimvzTvlYHHL69vNOjYK7MBOfyhUrnRw9dXgY0LZ0ynBw==
uie1oqjd6MtLJBl1hWcPEC0QrzrTEkUMChuMagPxUJTsokKE0oqf90Z3EwRSwcHk48rOTPCIXoAOeuxjZJ3u296rJ+hHaEimvzTvlYHHL69vNODbK7sAOfyhUrnRw9dXgY0LZ0ynBw==
Uq+9l6ZBju//Fbegjddxyks0JXEAZ2pkS/T770IVMvPruPJdJuGIexgzKsW+vUVzhevJPXd+tpuI1TwkoE7DRg96zXw45rQES01zV0XjP2Y7ciVCcTIZc6c6
Ap8tb+mXADm5vBy1d6u0GXMe0b5aCk5phs34RaZPxmPxMVXN1cd/UFLJyANQjjgwV+R/vPEm0Omw9mt7vx39fUvkqxT5+DncPWGnLA==
ooavR3wj12dmWNhhFEgGQEo0JXEAZ2pkS/T770IVMvPruPJdJuGIexgzKsW+vUVzhevJPXd+tpuI1TwkoE7DRg96zXw457QES01zV0XjP2Y7ciVCcTIZc6c6
Ap8tb+mXADm5vBy1d6u0GXMe0b5aCk5phs34RaZPxmPxMVXN1cd/UFLJyANQjjgwV+R/vPEm0Omw9mt7vx39fUvkqxT5+DncPWGnLA==
faZRQUzrHSvmcf1QrHIe50s0JXEAZ2pkS/T770IVMvPruPJdJuGIexgzKsW+vUVzhevJPXd+tpuI1TwkoE7DRg96zXw457QES01zV0XjP2Y7ciVCcTIZc6c6
l3AmU0zv/i4di7E0D3vrCUpkJH2bwH6ZnVKJ9N5L+ELfEmz8+JK2nN6Kk++yRwdsbiEdzJeaGrQ8yBI42qpYCzg9EnNK25NwyOjEPgvEez39Z/NH22S5Yed7TEGocaaRjaPrv5W9f39Apws=
8LmRs3za3ItsSfdmxtoHJnMe0b5aCk5phs34RaZPxmPxMVXN1cd/UFLJyANQjjgwV+R/vPEm0Oqz9mt7vx39fUvkqxT5+DncPWGnLA==
1mQBcgG29SY0ModlcCimpEo0JXEAZ2pkS/T770IVMvPruPJdJuGIexgzKsW+vUVzhevJPXd+tpuI1TwkoE7DRg96zXw45LcES01zV0XjP2Y7ciVCcTIZc6c6
fULnIS4lE9+AXEsBnIeBN7+nymxRz/v0Vg8Z6urSLvE2VXjdFtemu0FplZXlHx9IYtHIG2CWWOhnvL/kQf6wfgNu6+MPhZ2l+7xrTMkgWcQNeac0
35p9YZ5kpWmm6HbjnreMsb+nymxRz/v0Vg8Z6urSLvE2VXjdFtemu0FplZXlHx9IYtHIG2CWWOhnvL/kQf6wfwNu6+MPhZ2l+7xrTMkgWcQNeac0
30U/oevYPEIyfOdUz7kbxHMe0b5aCk5phs34RaZPxmPxMVXN1cd/UFLJyANQjjgwV+R/vPEm0Oyy9mt7vx39fUvkqxT5+DncPWGnLA==
crMHo8As/pgkVFa/alDfwEs0JXEAZ2pkS/T770IVMvPruPJdJuGIexgzKsW+vUVzhevJPXd+tpuI1TwkoE7DRg96zXw44rYES01zV0XjP2Y7ciVCcTIZc6c6
xOGHSBrsws+kXHN+gBsszHMe0b5aCk5phs34RaZPxmPxMVXN1cd/UFLJyANQjjgwV+R/vPEm0O2y9mt7vx39fUvkqxT5+DncPWGnLA==
bnPQTd1Llt70TZ3KJU2RkUo0JXEAZ2pkS/T770IVMvPruPJdJuGIexgzKsW+vUVzhevJPXd+tpuI1TwkoE7DRg96zXw447YES01zV0XjP2Y7ciVCcTIZc6c6
3u+q75AmEKbjk5bJBHnbV3Me0b5aCk5phs34RaZPxmPxMVXN1cd/UFLJyANQjjgwV+R/vPEm0Oqy9mt7vx39fUvkqxT5+DncPWGnLA==
LebHjyp+sAH/zQGbR7Cw7ks0JXEAZ2pkS/T770IVMvPruPJdJuGIexgzKsW+vUVzhevJPXd+tpuI1TwkoE7DRg96zXw45LYES01zV0XjP2Y7ciVCcTIZc6c6
qFui8451oGGHM83OBpvQONxD8Q/SQKNtoP1qY5K7G6Ch6CxugyQjLQUna7djBL1Qj/vkMaBR3iEV49OvzR33L2inIw==
72rV7f5bBWQ1SN9nP5s2SQDSkbxnAxWg6GbiIBIGOTj3Vqd4vN1WK1bL/zgtaKD259Rn5TkHd79nFJlowzuoycTBWqmJgy/nCS3TN2SnLw==
bnUkSkLe7BvGYaakLSNDQEs0JXEAZ2pkS/T770IVMvPruPJdJuGIexgzKsW+vUVzhevJPXd+tpqI1TwkoE7DRg96zXw46LYES01zV0XjP2Y7ciVCcTIZc6c6
zo8SUC8/MyfpN/AiLj1gPXMe0b5aCk5phs34RaZPxmPxMVXN1cd/UFLIyANQjjgwV+R/vPEm0Oey9mt7vx39fUvkqxT5+DncPWGnLA==
CYRqF8DFVorQavu50Sz7jko0JXEAZ2pkS/T770IVMvPruPJdJuGIexgzKsW+vUVzhevJPXd+tpqI1TwkoE7DRg96zXw46bYES01zV0XjP2Y7ciVCcTIZc6c6
ROQTsFHV3woZE2x765pX7nMe0b5aCk5phs34RaZPxmPxMVXN1cd/UFLKyANQjjgwV+R/vPEm0O219mt7vx39fUvkqxT5+DncPWGnLA==
P3mH1qIT5+q9BDl6UajD4ks0JXEAZ2pkS/T770IVMvPruPJdJuGIexgzKsW+vUVzhevJPXd+tpiI1TwkoE7DRg96zXw447EES01zV0XjP2Y7ciVCcTIZc6c6
tzhwF3nubeRH7e1zHxGrAnMe0b5aCk5phs34RaZPxmPxMVXN1cd/UFLKyANQjjgwV+R/vPEm0Oq19mt7vx39fUvkqxT5+DncPWGnLA==
0VipD5KhM5st9iSDZKw1ZUo0JXEAZ2pkS/T770IVMvPruPJdJuGIexgzKsW+vUVzhevJPXd+tpiI1TwkoE7DRg96zXw45LEES01zV0XjP2Y7ciVCcTIZc6c6
2z1cxzLoIFaREX1ECVMGknMe0b5aCk5phs34RaZPxmPxMVXN1cd/UFLKyANQjjgwV+R/vPEm0O+x9mp7vx39fUvkqxT5+DncPWGnLA==
dQ9ifQllCTgryaWAZxYnN380mtQ+kUwvSGtGfUr05vtSARoXy9zaiXa1QL9Y9+KR7mntFyUPYann6j4cCFG0sDDaa6KvHmWoaLV9wAqJuwMVNxcCG5YNVmEmEXenPg==
BFVaQaO3ePBzH0BuUS+pAnMe0b5aCk5phs34RaZPxmPxMVXN1cd/UFLKyANQjjgwV+R/vPEm0Oa19mp7vx39fUvkqxT5+DncPWGnLA==
9PHFAnEtBW1MW7qSjtWyeX80mtQ+kUwvSGtGfUr05vtSARoXy9zaiXa1QL9Y9+KR7mntFyUPYann6j4cCFG0sDDaa6KvHmWoaLx5wAqJuwMVNxcCG5YNVmEmEXenPg==
X5rAf1HBp4UizPC7ESchduVamc91CioDny48KShNO91MM1er4nFRFjkQWAoVYzTfseD4kYugIQL8GJqotJQ8cu5nbo3Ev/yD1TwNKAJyTZxN8StXpSvtvF1KwRpqbU5pkP2bk/2zo6V5c0anDQ==
/Xp5X0EE0YLcqChq8KGQ2uVamc91CioDny48KShNO91MM1er4nFRFjkQWAoVYzTfseD4kYugIQL8GJqotJQ8cu5nbo3Ev/yD1TwNKAJyTZxN8StXpSvtvFJKwRpqbU5pkP2bk/2zo6V5c0anDQ==
Q/XhCcIqObs3Lm4SeNfeP3Me0b5aCk5phs34RaZPxmPxMVXN1cd/UFLKyANQjjgwV+R/vPEm0Oix9ml7vx39fUvkqxT5+DncPWGnLA==
cemuxwg4R7yzpoJ/pYe4RH80mtQ+kUwvSGtGfUr05vtSARoXy9zaiXa1QL9Y9+KR7mntFyUPYann6j4cCFG0sDDaa6KvHmWoaLJ9wAmJuwMVNxcCG5YNVmEmEXenPg==
yxDK5am7ETo3FVuz/KdmmXMe0b5aCk5phs34RaZPxmPxMVXN1cd/UFLKyANQjjgwV+R/vPEm0O+w9ml7vx39fUvkqxT5+DncPWGnLA==
YdzmjHH/gapLZiXZs6BUlUs0JXEAZ2pkS/T770IVMvPruPJdJuGIexgzKsW+vUVzhevJPXd+tpiI1TwkoE7DRg96zXw44bQESU1zV0XjP2Y7ciVCcTIZc6c6
0TZ9W90+5aOJFnBPCl9LxKiOtx4MNoOOxn4y3J/6wmSkSIrogopQG1B9+sPCe2tAs+g8DnNk842VpxtX00RnMn/51BHwka6BpWNDzx1dxw94pzM=
g6uSPSMob/CJiAVUN6ABWVLG4MBbJiHUgj4epc4JOBleG3bPmdX1cU2z79zaTkif6BrIXP9AH0CpkgCneLIpp8fJzVGjgIso4Qwp0DVlpzA=
fyaOq3DGth2ClHgzrNF/eHMe0b5aCk5phs34RaZPxmPxMVXN1cd/UFLKyANQjjgwV+R/vPEm0Omw9ml7vx39fUvkqxT5+DncPWGnLA==
BXC0/csM+Qo47R99vkCX8Uo0JXEAZ2pkS/T770IVMvPruPJdJuGIexgzKsW+vUVzhevJPXd+tpiI1TwkoE7DRg96zXw457QESU1zV0XjP2Y7ciVCcTIZc6c6
fyaOq3DGth2ClHgzrNF/eHMe0b5aCk5phs34RaZPxmPxMVXN1cd/UFLKyANQjjgwV+R/vPEm0Omw9ml7vx39fUvkqxT5+DncPWGnLA==
TU+c534emyqgFOmk9DKeKH40mtQ+kUwvSGtGfUr05vtSARoXy9zaiXa1QL9Y9+KR7mntFyUPYann6j4cCFG0sDDaa6KvHmWoaLN8wAmJuwMVNxcCG5YNVmEmEXenPg==
yWVU6M8SWvwUz2114e/7PnMe0b5aCk5phs34RaZPxmPxMVXN1cd/UFLKyANQjjgwV+R/vPEm0Oew9ml7vx39fUvkqxT5+DncPWGnLA==
AX0FfjZSEN3Ar56YrNm3n380mtQ+kUwvSGtGfUr05vtSARoXy9zaiXa1QL9Y9+KR7mntFyUPYann6j4cCFG0sDDaa6KvHmWoaL18wAmJuwMVNxcCG5YNVmEmEXenPg==
PJcMVed/sBclktS/vKlE+aiOtx4MNoOOxn4y3J/6wmSkSIrogopQG1B9+sPCe2tAs+g8DnNk842VpxtX00RlMX/51BHwka6BpWNDzx1dxw94pzM=
NQrhGn8ThuinOiYwYKVqHn80mtQ+kUwvSGtGfUr05vtSARoXy9zaiXa1QL9Y9+KR7mntFyUPYann6j4fCFG0sDDaa6KvHmWoaLF/wAmJuwMVNxcCG5YNVmEmEXenPg==
Z11dNix+8Ig01ddFQiMBjqiOtx4MNoOOxn4y3J/6wmSkSIrogopQG1B9+sPCe2tAsOg8DnNk842VpxtX00RjMX/51BHwka6BpWNDzx1dxw94pzM=
YS3AfMWtUwYnQRLfXBUPj+Vamc91CioDny48KShNO91MMVer4nFRFjkQWAoVYzTfseD4kYugIQL8GJqotJQ8cu5nbo3Ev/yD1TwOKAJyTZxN8StXpSvtvFpMwRlqbU5pkP2bk/2zo6V5c0anDQ==
hrEjmoIC21OpL6ZqPtrSGuVamc91CioDny48KShNO91MMVer4nFRFjkQWAoVYzTfseD4kYugIQL8GJqotJQ8cu5nbo3Ev/yD1TwOKAJyTZxN8StXpSvtvFhMwRlqbU5pkP2bk/2zo6V5c0anDQ==
KI+omm+uF1fnvp+nAuyR23Me0b5aCk5phs34RaZPxmPxMVXN1cd/UFLJyANQjjgwV+R/vPEm0Oqy9ml7vx39fUvkqxT5+DncPWGnLA==
Ute8w3JQ4ReLqn1BOqrcNEs0JXEAZ2pkS/T770IVMvPruPJdJuGIexgzKsW+vUVzhevJPXd+tpuI1TwkoE7DRg96zXw45LYESU1zV0XjP2Y7ciVCcTIZc6c6
M/bOJZ88VxZSmQG5DFnoXKiOtx4MNoOOxn4y3J/6wmSkSIrogopQG1B9+sPCe2tAsOg8DnNk842VpxtX00RgMH/51BHwka6BpWNDzx1dxw94pzM=
4UNiNGjELWQ7Hw0m+KYIC3Me0b5aCk5phs34RaZPxmPxMVXN1cd/UFLJyANQjjgwV+R/vPEm0Oiy9ml7vx39fUvkqxT5+DncPWGnLA==
2UwkPkWupW+3hO01CffOxko0JXEAZ2pkS/T770IVMvPruPJdJuGIexgzKsW+vUVzhevJPXd+tpuI1TwkoE7DRg96zXw45rYESU1zV0XjP2Y7ciVCcTIZc6c6
gRxBosZK8yx91DUujR3dTHMe0b5aCk5phs34RaZPxmPxMVXN1cd/UFLIyANQjjgwV+R/vPEm0O619ml7vx39fUvkqxT5+DncPWGnLA==
tNdfNQKwkfUnTmk0nKgrqX80mtQ+kUwvSGtGfUr05vtSARoXy9zaiXa1QL9Y9+KR7mntFyUPYann6j4eCFG0sDDaa6KvHmWoaLR5wAmJuwMVNxcCG5YNVmEmEXenPg==
J1kzvAGkV2w9ZmcCjAb69aiOtx4MNoOOxn4y3J/6wmSkSIrogopQG1B9+sPCe2tAseg8DnNk842VpxtX00RmN3/51BHwka6BpWNDzx1dxw94pzM=
GpMbyAIHgXIn0HEwtX1hyuVamc91CioDny48KShNO91MMler4nFRFjkQWAoVYzTfseD4kYugIQL8GJqotJQ8cu5nbo3Ev/yD1TwPKAJyTZxN8StXpSvtvFpKwRlqbU5pkP2bk/2zo6V5c0anDQ==
r39XM/DPQCAXqJfshKvoUOVamc91CioDny48KShNO91MMler4nFRFjkQWAoVYzTfseD4kYugIQL8GJqotJQ8cu5nbo3Ev/yD1TwPKAJyTZxN8StXpSvtvF9KwRlqbU5pkP2bk/2zo6V5c0anDQ==
iFYU+QZS/cz4/vhBoVNeiXMe0b5aCk5phs34RaZPxmPxMVXN1cd/UFLIyANQjjgwV+R/vPEm0Ou09ml7vx39fUvkqxT5+DncPWGnLA==
3aVIkRKzEDBoW3xRSpWCBUs0JXEAZ2pkS/T770IVMvPruPJdJuGIexgzKsW+vUVzhevJPXd+tpqI1TwkoE7DRg96zXw45bAESU1zV0XjP2Y7ciVCcTIZc6c6
R7uBUyx7VzQOHRonf6dHh3Me0b5aCk5phs34RaZPxmPxMVXN1cd/UFLIyANQjjgwV+R/vPEm0Oi09ml7vx39fUvkqxT5+DncPWGnLA==
ihX8F/rU7QL+XM5M2Tvy3ko0JXEAZ2pkS/T770IVMvPruPJdJuGIexgzKsW+vUVzhevJPXd+tpqI1TwkoE7DRg96zXw45rAESU1zV0XjP2Y7ciVCcTIZc6c6
IiW6JxTJO/sipnzPHEG0y3Me0b5aCk5phs34RaZPxmPxMVXN1cd/UFLIyANQjjgwV+R/vPEm0Oa09ml7vx39fUvkqxT5+DncPWGnLA==
xss6U9k9G8L7ub8NdHtG0Es0JXEAZ2pkS/T770IVMvPruPJdJuGIexgzKsW+vUVzhevJPXd+tpqI1TwkoE7DRg96zXw46LAESU1zV0XjP2Y7ciVCcTIZc6c6
xOd5pGwjZu8AJv2zJ2oS0HMe0b5aCk5phs34RaZPxmPxMVXN1cd/UFLIyANQjjgwV+R/vPEm0Oe09ml7vx39fUvkqxT5+DncPWGnLA==
0SJW5VhVgc0C78Ufx4JJbko0JXEAZ2pkS/T770IVMvPruPJdJuGIexgzKsW+vUVzhevJPXd+tpqI1TwkoE7DRg96zXw46bAESU1zV0XjP2Y7ciVCcTIZc6c6
29VypYnUT8ZQmny+1JfYzqDHztrQkoRBXJe6wMtf699qTu2nJNbW9aqEYa/nsM8ib+VBP/+++e4KihUh765dcCXh2r9sYmMnOU8GPBouegBa83ynkCMZmMltdSdlL21odS3AVh0CGTveE3ua72b14Ei0jxiP0csLNf+H+tuuHR4BrqGvp+Y=
lFlry1rLbXn8C5zgvtUSQFMpE77IHn2JzJCG9UJIeir/F5fG5leX9SsIQzaPdIGS7fCY6j0NHWi2XRfmoQQGYIm2fKHj1mcp7EI3af4Vhhv4eqbhcUfh2dJxXV/nKcVR+DsWKSrow54D53a51V+ZpG0qV+a19jdt9tCVKl8qkAiQBbNAX0/2h0Vdo4XmNbWh1b11JgeL8+7Pkj2E2HBnLM9lI88lm08Oe9oV+tEqyZun0g==
C/ztCUKezSljvb/U0evrgdBMKShvm2QX8ZQaI/CPuj2tAvYxElOd8aVz7T8NbW0iccmcq//euLVFTW2oz9l7Nuonl6HutLdlWiJsWCTYh7zaZTb37tp0X1zrIMteyNZ8Ag6JJbk7MgRq6QZn+633LT0Bp8E6XnX3yfODfmcAiDnL285wAN3oMXZ6jCveNQAv3VM6JZkH139HlLmpYz9ICSRBumlpg88n6a0z94Snzw==
/jcVU2XGm84QGDFdXFu8J//fxHS+IgUe63kEerLXrqepdHKzSA9CrQWirsFak1WhXRPFDxVtdRJZqWT7Nx7wRR3txTg3WcOmgsfPESb0fzViAgSoPNifzDJFDiemGjzvhIvIW+ZIruyqrlFVcXt61BIJLlfjre8dFeHfEXIevYcRUyvuH4AwqSO7FsBIHaDhTlpkW8Y1GN+1cwJ1UUcfzx900Tnbv7CZjOHimSFDB3cRzRvHnKfX
h+sVxUNI5tQYpM3CoJErF+MQMGOPs+LYDuLsRfNpdKpm+4dMXG8m7yyxK5qA3bTjW71TK8sTG217DleRauc5bh5ZM9XrJFm5rXqs/+FNyISxaaw6SnRyGNEQfP3Ae2hq0rMqM2aHiKjAcAQW/8mfC/RInLGgy20tYYGbWVGN/G5TG7/rhXJxYF51jQO4nKZtbr2A4iqHiPVWA/tLzCmfN/GTMUz/5bVf3oWi2cyFzzMJax/1FduSp9k=
ZHnpXIbvCqMg78K0eNxxYwjvEi3kGCdnOSsv7MQfrm+kAbN66A0Mo4PNuwvzAxNtcx5vsYKX4S6miVs1c5TROSUKNF9JnbBE6VmEWrJkehjZAAQd6EuwKirjgpP+dwAoSMCcdheZJ8usuPSRmNtlLWmRo3k5faSu60tXix3C+eDWhRWjEMxeLbaNqAJSl4D1XhMDK+QZx/eJQ5nsZ5U931Y1OjmkVXdz0Rv31S3LmqfR
Mo3iAa763VuDvoU3NdkKSxggGbmYCniS1YbVslhTbT//F5fG5leX9SsIQzaPdIGS7fCY6j0NHWi2XRfmoQQGYIm2fKHj1mcp7EI3af4Vhhv4eqbhcUfh2dJxXV/nKcVR+DsWKSrow54D53a51V+ZpG0qV+a19jdt9tCVKl8qkAiQBbNAX0/2h0Vdo4XmNbWh1b11JgeL8+7Pkj2E2HBnLM9lI88lm08Oe9oV+tEqyZun0g==
3uCuQYqsEwKJ4YFzoAOgvAjvDyHiCjxuCSsv7MQfrm+kAbN66A0Mo4PNuwvzAxNtcx5vsYKX4S6miVs1c5TROSUKNF9JnbBE6VmEWrJkehjZAAQd6EuwKirjgpP+dwAoSMCcdheZJ8usuPSRmNtlLWmRo3k5faSu60tXix3C+eDWhRWjEMxeLbaNqAJSl4D1XhMDK+QZx/eJQ5nsZ5U931Y1OjmkVXdz0Rv31S3LmqfR
rHD0YiKYAeDB77+O034AfcaI/K6IN0nxKqHMpD4P7Q46ejAP/aQGSwTPDpUx8nqppvNJiWkj0RcZbXkKTZlQ0yt+DC3JvfEAe5mPXvYXm7maVONdlnKQMLBYE1SmtXrPOrqAR1DbPCMqCGLUnn4FvQ2bZvwmOTpP763jBQHR6zlu/sFvRYMf1tPA/NHX68Jo9L08CTqq8MNKtZRHIQP2Hc3no2dLpKXBl3/8obixNvHdIxtfJf0P35Cn2w==
llp6S0n63vYT1uLo/2LJrWkzfnLNedGgWojfAb2TcxyI12ovYEl/SrT1aIOn1Ucb/wsXbXcWY6F+j8UOwnEHBb/cFXnhwnivFSUUJA3BOMo+7P6YXYiIjVTT1MqOW17jMj9E6AwI0EbL4cPriKCIgZTTYS1tma9pRWWAjg8zi7tRCr0gks3Z08x0+s3SFRSS3h8Eddqbj7tYgSOXLfvFHCtd+Z+SffYJ+K0TU/UDC8Uhw56n1Q==
gFEeu1Xbu2ZSrNozSWcuR2g6Y2XLepiyCobDC7jSR1KEzWI6YEl/SrT1aIOn1Ucb/wsXbXcWY6F+j8UOwnEHBb/cFXnhwnivFSUUJA3BOMo+7P6YXYiIjVTT1MqOW17jMj9E6AwI0EbL4cPriKCIgZTTYS1tma9pRWWAjg8zi7tRCr0gks3Z08x0+s3SFRSS3h8Eddqbj7tYgSOXLfvFHCtd+Z+SffYJ+K0TU/UDC8Uhw56n1Q==
9H+J/5qdaSu+lN31XhI3e9OBghsOheplNQnPPVmP/tJc0XvXFUsd/MOt8R+azd6poN1rE61Ts+WJ0xanXQ==
k/HLmEnTTMT5jRSJNRBbSc6bGUTEjew5lD9hhT8zAyYPWo3cuAj3JE9tszfFQ/9GO5JlovGS2ROnWg==
AUJ+7vplmVM+F0/NXSWO3lERc8gl73rb7OgTBIOgaT0OkclOUb8eDAcsP3ShjnBOI37v8y+1XdUbLOvcqdAZ9C1ppyQ=
JsTg7AWTkOENoDZEBMnNMqDHztrQkoRBXJe6wMtf699qTu2nJNbW9aqEYa/nsM8ib+VBP/+++e4KihUh765dcCXh2r9sYmMnOU8GPBouegBa83ynkCMZmMltdSdlL21odS3AVh0CGTveE3ua72b14Ei/jhiP0csLNf+H+tuuHR4BrqGvp+Y=
CgX8HqrGJgFgzmb2BH6qDlMpE77IHn2JzJCG9UJIeir/F5fG5leX9SsIQzaPdIGS7fCY6j0NHWi2XRfmoQQGYIm2fKHj1mcp7EI3af4Vhhv4eqbhcUfh2dJxXV/nKcVR+DsWKSrow54D53a51V+ZpG0qV+a19jdt9tCVKl8qkAiQBbNAX0/2h0Vdo4XmNbWh1b11JgeL8+7Pkj2E2HtmLM9lI88lm08Oe9oV+tEqyZun0g==
ozO9hQvfmleEP+LbQ4fPSNBMKShvm2QX8ZQaI/CPuj2tAvYxElOd8aVz7T8NbW0iccmcq//euLVFTW2oz9l7Nuonl6HutLdlWiJsWCTYh7zaZTb37tp0X1zrIMteyNZ8Ag6JJbk7MgRq6QZn+633LT0Bp8E6XnX3yfODfmcAiDnL285wAN3oMXZ6jCveNQAv3VM6JZkH139HlLKoYz9ICSRBumlpg88n6a0z94Snzw==
/Hv4S8WM+eEfVih1Q3zJMv/fxHS+IgUe63kEerLXrqepdHKzSA9CrQWirsFak1WhXRPFDxVtdRJZqWT7Nx7wRR3txTg3WcOmgsfPESb0fzViAgSoPNifzDJFDiemGjzvhIvIW+ZIruyqrlFVcXt61BIJLlfjre8dFeHfEXIevYcRUyvuH4AwqSO7FsBIHaDhTlpkW8Y1GN+1cwJ1UUcfzx902jjbv7CZjOHimSFDB3cRzRvHnKfX
sYV2fg9Gol4KfdXRcHgAmuMQMGOPs+LYDuLsRfNpdKpm+4dMXG8m7yyxK5qA3bTjW71TK8sTG217DleRauc5bh5ZM9XrJFm5rXqs/+FNyISxaaw6SnRyGNEQfP3Ae2hq0rMqM2aHiKjAcAQW/8mfC/RInLGgy20tYYGbWVGN/G5TG7/rhXJxYF51jQO4nKZtbr2A4iqHiPVWA/tLzCmfN/GTMUz05LVf3oWi2cyFzzMJax/1FduSp9k=
09i6ZyWalKPfMh85M7Z/lgjvEi3kGCdnOSsv7MQfrm+kAbN66A0Mo4PNuwvzAxNtcx5vsYKX4S6miVs1c5TROSUKNF9JnbBE6VmEWrJkehjZAAQd6EuwKirjgpP+dwAoSMCcdheZJ8usuPSRmNtlLWmRo3k5faSu60tXix3C+eDWhRWjEMxeLbaNqAJSl4D1XhMDK+QZx/eJQ5nsbJQ931Y1OjmkVXdz0Rv31S3LmqfR
aoxRWA+PWhreat5YSauikBggGbmYCniS1YbVslhTbT//F5fG5leX9SsIQzaPdIGS7fCY6j0NHWi2XRfmoQQGYIm2fKHj1mcp7EI3af4Vhhv4eqbhcUfh2dJxXV/nKcVR+DsWKSrow54D53a51V+ZpG0qV+a19jdt9tCVKl8qkAiQBbNAX0/2h0Vdo4XmNbWh1b11JgeL8+7Pkj2E2HtmLM9lI88lm08Oe9oV+tEqyZun0g==
wgNcwogecTIrbQ5PvpFS7QjvDyHiCjxuCSsv7MQfrm+kAbN66A0Mo4PNuwvzAxNtcx5vsYKX4S6miVs1c5TROSUKNF9JnbBE6VmEWrJkehjZAAQd6EuwKirjgpP+dwAoSMCcdheZJ8usuPSRmNtlLWmRo3k5faSu60tXix3C+eDWhRWjEMxeLbaNqAJSl4D1XhMDK+QZx/eJQ5nsbJQ931Y1OjmkVXdz0Rv31S3LmqfR
nB6LcowqODmFpSNQL2LxQ8aI/K6IN0nxKqHMpD4P7Q46ejAP/aQGSwTPDpUx8nqppvNJiWkj0RcZbXkKTZlQ0yt+DC3JvfEAe5mPXvYXm7maVONdlnKQMLBYE1SmtXrPOrqAR1DbPCMqCGLUnn4FvQ2bZvwmOTpP763jBQHR6zlu/sFvRYMf1tPA/NHX68Jo9L08CTqq8MNKtZRHIQP2Hc3no2dLpK7Al3/8obixNvHdIxtfJf0P35Cn2w==
5YY2W4ZCWLb9Kifr1COnm2kzfnLNedGgWojfAb2TcxyI12ovYEl/SrT1aIOn1Ucb/wsXbXcWY6F+j8UOwnEHBb/cFXnhwnivFSUUJA3BOMo+7P6YXYiIjVTT1MqOW17jMj9E6AwI0EbL4cPriKCIgZTTYS1tma9pRWWAjg8zi7tRCr0gks3Z08x0+s3SFRSS3h8Eddqbj7tYgSOXLfvFHCBc+Z+SffYJ+K0TU/UDC8Uhw56n1Q==
/TENxCYG+04xWi+fhdr8iWg6Y2XLepiyCobDC7jSR1KEzWI6YEl/SrT1aIOn1Ucb/wsXbXcWY6F+j8UOwnEHBb/cFXnhwnivFSUUJA3BOMo+7P6YXYiIjVTT1MqOW17jMj9E6AwI0EbL4cPriKCIgZTTYS1tma9pRWWAjg8zi7tRCr0gks3Z08x0+s3SFRSS3h8Eddqbj7tYgSOXLfvFHCdc+Z+SffYJ+K0TU/UDC8Uhw56n1Q==
jE2zt7ARQesaA14stIXDw9OBghsOheplNQnPPVmP/tJc0XvXFUsd/M+s8R+azd6poN1rE61Ts+WJ0xanXQ==
hE5u/0ODbJ3MB+Jvmkt+u86bGUTEjew5lD9hhT8zAyYPWo3cuAT2JE9tszfFQ/9GO5JlovGS2ROnWg==
j3iDfD+W5+Je0t8FhsWeDVERc8gl73rb7OgTBIOgaT0OkclOUb8eDAcsP3ShjnBCIn7v8y+1XdUbLOvcqdAZ9C1ppyQ=
Nt9ywvoXoHn1kTEcsnEBHBHzvX3RaZ1D0W31OHbi9yEh91UWHUKZ+95T+1rvJnWgSHgOWI8RS0s1Pwc62+6d3gHuIW+nJg==
gg3XLa5VEqvkybYFqlEuR5dL9hjdVqMgvPd3Yo2GG//n+zp1gj4wLQUna7djBLFQj//kMaBR3iEV49OvzR33L2inIw==
jE2zt7ARQesaA14stIXDw9OBghsOheplNQnPPVmP/tJc0XvXFUsd/M+s8R+azd6poN1rE61Ts+WJ0xanXQ==
hE5u/0ODbJ3MB+Jvmkt+u86bGUTEjew5lD9hhT8zAyYPWo3cuAT2JE9tszfFQ/9GO5JlovGS2ROnWg==
l94vPuMZZ45pc7MdrQAm4TcZ/j0XlriG4a2JuxWc8LgkQfmrvVROksU1pKWviN8YWfqgG+06rz93YS0pc8jL8JHkCeglbaco
+bWI0a9SDImB4ob1VlAcd0RCDCB4FcuBQd/C1SVeIYvuCF2EcjcMQAOKHVsSO24jgl8U6NyooIY7wbNrWICYwQQzUS1deT8pVUVQDn8Te3shqm0gwq1pE/wUSk0CdQRSTr90dSo7H/tIYXMXnRv1XJK7KZ/C3QZJiI3j06UjGwWxo66n5Q==
amIGbOSyDK2BnDTgWmvrMip42NU0jFs4DnBgelD2jr9WARoF3NeAk3r7Q6xY8O2P8WWxFmAeeLPRpUkODkSptzzba6KvHmWoaLV5wA+JuwMVNxcCG5YNVmEmEXenPg==
B7o73UCqSw1VxUQoy9/Irytcmd97ZoU45pCG9uT40EhyBS637reseWw5El2nDjguMdWps2VEMNC0+ZljjUxOupXNBC1f0J/wScJAU12iL5enGQ0hAxALmAFcaSAVdacA
2YDmAVkf6pdAc/2auYtSAgJvtvpKVKQi0ZCG9uT40EhyBS637reseWw5El2nDjguMdWps2VEMNC0+ZljjUxOupXNBC1f0J/wScJAU12iL5enGQ0hAxALmAFcaSAVdacA
5Z93jtFBgHYcH6gsO5EclnoznR/LmZb67PzQdAox3puGk0wlNO3CEe/K+FKJIRnfzaCQTCxtCe8FyM4GbXl0gbd0/yyRlhCfleZva59tPc0rdCuEGUh5LB1xpzw=
o1wTjXvh6a6RWJfagD6dVCLGjyvn/g3BnugFgNq4alyOe2belMDQQGIdDl/ez+yxvGFy9Ve2uKahTQnb1bzwmOQheUv9dE6yhdUkxW+o3ziZmiD7rRqvHzeBrUmz6MvQUYSJCGVNpwg=
dFqf4Xr/aeDYgN3ueHYAhG9b/HqGSQFca0LKLUWqCsecoh3WgZCPvFByFAQG1MbqtIbGBeeIWY8QZeA/Zdj/wsSdaJ9Vbl27uDjulYHHL69vNOjfK78AOfyhUrnRw9dXgY0LZ0ynBw==
hIoJCeFqLP/dXpDum+hsI9g7T3IHg9ITLLfToeD/kGnZbYzn1pPSgoAFIAUJSM4/Pd6lg/02UAzPmZjkZInhOUxswMyjkYUzV6Vd/TgXDiUahBtSY2vu1WWTwYhtBg8qBZqv4ZYcTUZvJogkUKkrzO8jLkslUbvp1vntDVURLeo35+vir17l6Gj1+YAPSTvDFfeXwhtWjZZh5pG3p/4=
okJ1V/U73QioPEvsqxgCit4FkHJIkGoXpLFmFjWV/5iLRUkCE5S3hYRlwqHt6EUzNJvvDW5ETPLWT6t6Z1apS+qRm9c1i718qmvRH3qNfinAHQsTjRNTZSkTdqc9
c0zmwi0M+xahgtoNki0RbjYhPAyhOGTmuB4Y2nJpaZrRK7edn7Cf0AkiwPOdwi+35/mNgcNwC7hBvOmA1RWnIA==
/3+XHCdiXl81XRHnYybueepLIDvQTl3rgCwy2AsQI2xJ9BFaeALhv0fJzSkCPSrQItKsdCPP44FcaC46WUMYEmIPLU4nVBweqATY/h8q1o1iaiAqYT4QPjTUFw4nSS3QLgHyjxWUGPNIceJABxLFty8KalogiPXnBhUL5ko=
