RC0Lw6Qj9urImN4ML8Yk+VaqxbT+5oRj+Ze6stFbIx+00f6rovxyydR8wawLwEpgtNTZuznl5D1mfN1CZ9qzhaw/zXW4n569ejzrmiMj3i1Fi9GAbQ4fMiVin6nW1L3+D74YrNAhu1QPm14D5ZmLkfbh/QVVGT3yF5/bKm8WlVCIZGwIg8OrWnVPZwpbHr1uQf6Bv6f2
UctbN1heWcWo7745OahlKs1T7/sBH7NKCn8zW3ks4YK3FVT1XC6kQPvlVDb6tqFHPRM0atQuk8/Jib8z2Y+YufLvQuIvUHNVgo+tZWUa7YiTwL3c+8NmAkE8R/BMljDHl0Z3hVoJ9a+X897PCd8VX3FAz2F/gB+AKdIA6vhyI2VHiM0RI0CL6GFMKZC1pafw
h/57f/ywv6QdUWVgmduy7gDMGXeWwH8TBFOMeIzDnxdsI8KUk56zNBLNAwJ4s7RFzIHizMC6NOlIF9Vd/fOJNFPVpZBW3RHhRPLExBMpJAIHDyPj9T8kvgyyMwvhhY/HYfNYXfqDkna3DJNR6sNd0R0m7azbbC2Io99GRumw94R0anCjH6onkULVlSt/P6778WOV+7ls37WnHL9EAd4wHkAO44FP5B2Fuxxr7AkA2STNmafU
VvXjiMjOL9lY0CAq32qg9RElJB5eNMTxqeYDIph6EXyxMSboY53VAP6vmLD3YoH7rpM6c/YnWKiQkJRW7ylPi0SorPEQK10tUWErGWFtTO6D+6+rFZIhYI7VHUOovPbtnp3woton+PWmo4uLPAnvtyGzIYxvRuVTDOUzGdzln7O5Cy81pbuip+k=
44VVUVY4HTXFdc46qu6ctgUUHjo8Ds1vGtw9SLOjqpBTKXg9VSMrE5xyPVxd+eJYB+xIgGJXfACzKu3bgps+Y9J/JOgsSHDGa6Ej6+hgaAE0E0EtTVkP6aWl4I7vcys78UqdIPKNOVOstNrN8tW0Ej7fZHU62+87+MEDlw27JZxLnhmTsL1XiVhtc1MVQ2tFgYO+p/U=
iaXpb+IevmWgQ5kqf7v5UwUUHjo8Ds1vGtw9SLOjqpBTOHAzUywqQZxyPVxd+eJYB+1IgGJXfACzKu3bgps+Y9J/JOgsSHDGa6Ej6+hgaAE0E0EtTVkP6aWl4I7vcys78UqdIPKNOVOstNrN8tW0Ej7fZHU62+87+MEDlw27JZxLnhmTsL1XiVhtc1MVQ2tFgYO+p/U=
7DE41TfmUGAof/n/0cNGTuW9vhR6xq3kSgYltKBag1+IRJ3M8q26gfQKGz/COGbmZX4Oi67WJExHiUXtTMbkOEtt9G6om6B/TVvU8kRGUzf5gZ/rCScYAQInIvo/uDMtMgcNPTUy7bDjiF1Ea6um+nE0ZyicPrB/Z44XnUrhtdcne36XWfcVZwEIL/nv6N94GdogMijao923QK0JM6jLkNHEicjljafI
klsJbxk5IU/pgN/TtY5Kb9Sz4uyYTuufWLTSbjQYApSX6eSw/w31AYSSxCRTSaSiQS8gw7WfpN5MUjNrIWUPZ6HTWH06IxKWd2yTsaqj3XFdBu2Mm8yt6OM/RiYpUHcktEpwg98Kp3GCtZXLP18uW7FDldv5zF/V5/y/JME+sL6ALuOhj0SdZXt8awxJYFmEjbmn9A==
1X9mGfrCwo1npgzCV8HrvxMJ8tL2klVZkK5+AWU5IFSvR+sFcQ0fQwJInb2Rhi5yvImuFhdMV/2QcOU8AsAog56owa5nSyj/jKsQK07IxlxyzllFCbuipJqpVofLrcfNbUFXYarexZcZM/NedwCY2fubHtBwXXhRxrrcCy41cA8NE4rFCYcn3xdUicpzM1op1QHqidkDX4eZbeOXtKf/
w6yB68MW+fjzbyRXnjJmalBGNH5lEc1vEt4rWuexqcBTbDV0AW1+QZxyPVxd+eJYB+lIgGJXfACzKu3bgps+Y9J/JOgsSHDGa6Ej6+hgaAE0E0EtTVkP6aWl4I7vcys78UqdIPKNOVOstNrN8tW0Ej7fZHU62+87+MEDlw27JZxLnhmTsL1XiVhtc1MVQ2tFgYO+p/U=
haNtmjIJuM6IHOnxvBA/7ha5z67n6YUw4567ssVOKSW0j7HExJIb091r2KQ09mcH/JiI6WCB8SFsFPAEY9n1i7c9zXW4n569ejzrmiMj3i1Fi9GAbQ4fMiVin6nW1L3+D74YrNAhu1QPm14D5ZmLkfbh/QVVGT3yF5/bKm8WlVCIZGwIg8OrWnVPZwpbHr1uQf6Bv6f2
LbrCecd8qAzbXrjsvsv2ziJ6APihBX8KLH8pfQjH9Fk0SgT8YxHEunA2INuFh8SGfIrzs5E9b/8RS9jlirtyzse0U2ma+71pbR7tlKvUzbDT54b+mQgXvATS8BtvkscpMm1VEw8HTkOBW5XDydQ/jdckf/xxZtAmMLZjOT/c/T3LpKvUeTg5nL2hp+w=
J6XyjN+8C7VtCcSD2BS3mZCOo90TUNKuOFBkf38D9xLgDHpDUhIkcTub77WJHdahRMJFHIUp2jgv+EGAakdU4It6tRt6K2YDeo+saKT4mGYz0ZsrMDAQIdwDSS1FSefJ3fU4TlcDc5sZ+hWgen2RM/QEIg2qhYzyFs9sdTLLx1vAEdvXdQv9fOPukRM4DT8pgJ3LE02Tk2Xpk7an/Q==
zClu97uPfg8R98j5GMtDhtSp7uGaD6LXR6OLY3hHXsaV8KWw/w31AYSSxCRTSaSiRi4gw7WfpN5MUjNrIWUPZ6HTWH06IxKWd2yTsaqj3XFdBu2Mm8yt6OM/RiYpUHcktEpwg98Kp3GCtZXLP18uW7FDldv5zF/V5/y/JME+sL6ALuOhj0SdZXt8awxJYFmEjbmn9A==
yeiAQxQuAobsDAGZmxpVKrium5uDkYGUxoRuQr+RkLg4k8NtBDar57nKajap7LRf9XyMYGYstm9AbkfFq6pwbyKrfnY+JCb3QfuEeU3EhXFxxG2dcCoJvAlBDgg7Ah0Btj9A0N+SObu2Q1LTDhcQKFjgrLZHeVdLPBhE0Ui7lS2Z8XM5id00LpurB0st4ungxuXl48Bs7q0mbdjCArew9W4z02sUeVd3OePJLBd2LdNEFQt5dDWH80G7RxV9K+qnoQ==
2BV/QRnMGYSy25e1UW8fCdgtIfvaxIohOxikTx4jNiNDat/q3TkcrmkuJP+phKVxEQTNHZBqKbxpga6I20w9AZb/IFB/0tm7loMyU65X8Ch4IMw25zm3SxzYJFHo+3UtebHTuekdFC5766fLTSLJ4CalRWOgrM6txi14QmJ3kPVOczPrtLk3dxmjKay3tk3TZFXr+dT15/Nh+6eV3euKp8E=
94Dk2SaB0/o5TFIIEIq//9Sz4uyYTuuXWqLAOjkRHMaX763ksViHAYSSxCRTSaSiSy0hw7WfpN5MUjNrIWUPZ6HTWH06IxKWd2yTsaqj3XFdBu2Mm8yt6OM/RiYpUHcktEpwg98Kp3GCtZXLP18uW7FDldv5zF/V5/y/JME+sL6ALuOhj0SdZXt8awxJYFmEjbmn9A==
vxpyPmYsVTkbVuotam06p311ehWZHWHPIWqi16PY8QVHV2IV3f2qHmtsizXUAEGhiE6kGzpYBeY7a9T3iLs004KIiuSWXt3NtVt+7N6Zsp/HrcvViXETKXY+eR+doxfmO0BUId+LGtiMfSQZAkp4k6K1/JepY84N1adb1xNErbI/85aRsZFuAWVjA09dXYePuKfz
gL4BERCO7qD+wuWqI4ABnV5oA203DWdpdGm2Jn8M/21o0K1KHM4wc1YIuT7Pi8DPlMtY+7ZIfgw67kG1IfvKNCJJnrfTrd/9paHv8cKe7WcBE7sOz4BgCbP7BuCYndDBvhoU+zY1aH9Fs3JVocdP7w+0QZoLs+L5HSHy+fHDtxchDaunrKfn
LrtTkvRY79PVDGJRI0FzP/SWyoeL6vsDHdu41LRGx/c8SK3/bpHR8azkULTjqZU7d+0tZbiP/u06jAtqo5N+XQXb8ZBtHj9iZRI/GVYkXU5P7ni80DFbhM8rPnNlKSthNjHdFVUJHSLXb3ua72b14Ei0jBiD08sKNf+H+tuuHR4BrqGvp+Y=
fWOvuNtru3InXKU2FVXdulxoA3w1G2NpdGm2Jn8M/21o0K1MHM4wc1YIuT7Pi8DPlMtY+7ZIfgw67kG1IfvKNCJJnrfTrd/9paHv8cKe7WcBE7sOz4BgCbP7BuCYndDBvhoU+zY1aH9Fs3JVocdP7w+0QZoLs+L5HSHy+fHDtxchDaunrKfn
pFJZSLtBHlmYPZbpNjXegfSWzJGX9/sDHdu41LRGx/c8SKv/bpHR8azkULTjqZU7d+0tZbiP/u06jAtqo5N+XQXb8ZBtHj9iZRI/GVYkXU5P7ni80DFbhM8rPnNlKSthNjHdFVUJHSLXb3ua72b14Ei0jBiD08sKNf+H+tuuHR4BrqGvp+Y=
vNnKwlQundEgVq+HmmqVM/SWzYeF8vsDHdu41LRGx/c8SKj/bpHR8azkULTjqZU7d+0tZbiP/u06jAtqo5N+XQXb8ZBtHj9iZRI/GVYkXU5P7ni80DFbhM8rPnNlKSthNjHdFVUJHSLXb3ua72b14Ei0jBiD08sKNf+H+tuuHR4BrqGvp+Y=
KVyqHdXWWEMr1jRioZidNhYDqJuixQ1blL0nXyVlLhDqC/cPa14fRxZIgquahix27tmuFhdMV/2QcOU7A88og56owa5nSyj/jKsQK07IxlxyzllFCbuipJqpVofLrcfNbUFXYarexZcZM/NedwCY2fubHtBwXXhRxrrcCy41cA8NE4rFCYcn3xdUicpzM1op1QHqidkDX4eZbeOXtKf/
l0aemJZ9XXxnlYIB6TnS9SnEcpbFB2Cr2aCs6YFilXPYqMZJztuFtEszcSBnNQWqV4iqaL6b25EFfWSzlqiJd58efQ3xja8PMVvY9apLsn6nJNP5ekv9GU0O7YSLpI0AM3cGbvm410wkwvALT2IHmVL91YPvtw4zoUuV0+mkfz03tP9sEdYQ1hCmYykfLD2NqzQrRJmIeeydsaf8
fOAE7UjjvuB5AA50hSbHSSnEcpbFB2Cr2aCs6YFilXPYqMZJztuFtEszcSBnNQWqV4iqaL6b25EFfWSzlqiJd58efQ3xja8PMVvY9apLsn6nJNP5ekv9GU0O7YSLpI0AM3cGbvm410wkwvALT2IHmVL91YPvtw4zoUuV0+mkfz03tP9sEdYQ3hCmaSofLD2NqzQrRJmIeeydsaf8
la0rENyUOA6LWErhkRUfaSnEcpbFB2Cr2aCs6YFilXPYqMZJztuFtEszcSBnNQWqV4iqaL6b25EFfWSzlqiJd58efQ3xja8PMVvY9apLsn6nJNP5ekv9GU0O7YSLpI0AM3cGbvm410wkwvALT2IHmVL91YPvtw4zoUuV0+mkfz03tP9sEdYQ2xKmbysfLT2NqzQrRJmIeeydsaf8
/3+XHCdiXl81XRHnYybueepLIDvQTl3rgCwy2AsQI2xJ9BFaeALhv0fJzSkCPSrQItKsdCPP44FcaC46WUMYEmIPLU4nVBweqATY/h8q1o1iaiAqYT4QPjTUFw4nSS3QLgHyjxWUGPNIceJABxLFty8KalogiPXnBhUL5ko=
