5VKjPL3Yv3YfTw3etOtttlaqxbT+5oRj+Ze6stFbIx+00f6rovxyydR8wawLwEpgtNTZuznl5D1mfN1CZ9qzhaw/zXW4n569ejzrmiMj3i1Fi9GAbQ4fMiVin6nW1L3+D74YrNAhu1QPm14D5ZmLkfbh/QVVGT3yF5/bKm8WlVCIbW0Ii8GrWnVPYgtbHr1uQf6Bv6f2
ySBdir++7nDDcZ9QASOq081T7/sBH7NKCn8zW3ks4YK3FVT1XC6kQPvlVDb6tqFHPRM0atQuk8/Jib8z2Y+YufLvQuIvUHNVgo+tZWUa7YiTwL3c+8NmAkE8R/BMljDHl0Z3hVoJ9a+X897PCd8VX3FAz2F/gB+AKdIA4/lyK2dHiM0RJkGL6GFMKZC1pafw
QUYewuU6avtmDXYuxDm6/ADMGXeWwH8TBFOMeIzDnxdsI8KUk56zNBLNAwJ4s7RFzIHizMC6NOlIF9Vd/fOJNFPVpZBW3RHhRPLExBMpJAIHDyPj9T8kvgyyMwvhhY/HYfNYXfqDkna3DJNR6sNd0R0m7azbbC2Io99GRumw94R0anCjH6onkULVlSt/P6778WOV+7ls37WnHL9EAd4wF0EO64NP5B2Fvh1r7AkA2STNmafU
0kbth/lsu7pACRhjLvIe2xElJB5eNMTxqeYDIph6EXyxMSboY53VAP6vmLD3YoH7rpM6c/YnWKiQkJRW7ylPi0SorPEQK10tUWErGWFtTO6D+6+rFZIhYI7VHUOovPbtnp3woton+PWmo4uLPAnvtyGzIYxmR+VbDuUzGdzgnrO5Cy81pbuip+k=
DxZfPWvNsikIqebrG2VvmwUUHjo8Ds1vGtw9SLOjqpBTKXg9VSMrE5xyPVxd+eJYB+xIgGJXfACzKu3bgps+Y9J/JOgsSHDGa6Ej6+hgaAE0E0EtTVkP6aWl4I7vcys78UqdIPKNOVOstNrN8tW0Ej7fZHU62+87+MEDlw27JZxCnxmbsr1XiVhoclMVQ2tFgYO+p/U=
frRIdRH3BqWeaWETJ69dVwUUHjo8Ds1vGtw9SLOjqpBTOHAzUywqQZxyPVxd+eJYB+1IgGJXfACzKu3bgps+Y9J/JOgsSHDGa6Ej6+hgaAE0E0EtTVkP6aWl4I7vcys78UqdIPKNOVOstNrN8tW0Ej7fZHU62+87+MEDlw27JZxCnxmbsr1XiVhoclMVQ2tFgYO+p/U=
nH9N5CP4FUGds7ZWCyKQzuW9vhR6xq3kSgYltKBag1+IRJ3M8q26gfQKGz/COGbmZX4Oi67WJExHiUXtTMbkOEtt9G6om6B/TVvU8kRGUzf5gZ/rCScYAQInIvo/uDMtMgcNPTUy7bDjiF1Ea6um+nE0ZyicPrB/Z44XnUrhtdcne36XWfcVZwEIL/nv6N94GdogOynaq9+3QK0JNqnLkNHEicjljafI
qvt4962X8eob5YTzn8TTatSz4uyYTuufWLTSbjQYApSX6eSw/w31AYSSxCRTSaSiQS8gw7WfpN5MUjNrIWUPZ6HTWH06IxKWd2yTsaqj3XFdBu2Mm8yt6OM/RiYpUHcktEpwg98Kp3GCtZXLP18uW7FDldv5zF/V5/y/JME+sLeBLuujj0SdZX59awxJYFmEjbmn9A==
XLVET5VCyT1arpY6krIjKBMJ8tL2klVZkK5+AWU5IFSvR+sFcQ0fQwJInb2Rhi5yvImuFhdMV/2QcOU8AsAog56owa5nSyj/jKsQK07IxlxyzllFCbuipJqpVofLrcfNbUFXYarexZcZM/NedwCY2fubHtBwXXhRxrrcCy41cA8NE4rFCYcn3xdUgMtzO1gp1QHqjNgDX4eZbeOXtKf/
epJeX6Cts6pV2l5SKc/ixFBGNH5lEc1vEt4rWuexqcBTbDV0AW1+QZxyPVxd+eJYB+lIgGJXfACzKu3bgps+Y9J/JOgsSHDGa6Ej6+hgaAE0E0EtTVkP6aWl4I7vcys78UqdIPKNOVOstNrN8tW0Ej7fZHU62+87+MEDlw27JZxCnxmbsr1XiVhoclMVQ2tFgYO+p/U=
pjxBzq9RCmPJ4kidQV6ixha5z67n6YUw4567ssVOKSW0j7HExJIb091r2KQ09mcH/JiI6WCB8SFsFPAEY9n1i7c9zXW4n569ejzrmiMj3i1Fi9GAbQ4fMiVin6nW1L3+D74YrNAhu1QPm14D5ZmLkfbh/QVVGT3yF5/bKm8WlVCIbW0Ii8GrWnVPYgtbHr1uQf6Bv6f2
jfTDg1/gIQmmPPeE/zS+syJ6APihBX8KLH8pfQjH9Fk0SgT8YxHEunA2INuFh8SGfIrzs5E9b/8RS9jlirtyzse0U2ma+71pbR7tlKvUzbDT54b+mQgXvATS8BtvkscpMm1VEw8HTkOBW5XDydQ/jdckf/xxZtAvMbZrOz/c/T3OpavUeTg5nL2hp+w=
kSlGgcMw31noW0ilihE4cNSp7uGaD6LXR6OLY3hHXcaV8KWw/w31AYSSxCRTSaSiRi4gw7WfpN5MUjNrIWUPZ6HTWH06IxKWd2yTsaqj3XFdBu2Mm8yt6OM/RiYpUHcktEpwg98Kp3GCtZXLP18uW7FDldv5zF/V5/y/JME+sLeBLuujj0SdZX59awxJYFmEjbmn9A==
MStn2ZPsMzmE0HIUOJ8TqLium5uDkYGUxoRuQr+RkLg4k8NtBDar57nKajap7LRf9XyMYGYstm9AbkfFq6pwbyKrfnY+JCb3QfuEeU3EhXFxxG2dcCoJvAlBDgg7Ah0Btj9A0N+SObu2Q1LTDhcQKFjgrLZHeVdLPBhE0Ui7lS2Z8XM5id00LpurB0st4ungxuXl48Bs7q0mbdjCArew9W4z02sUeVd3OePJLB53LdtGFQt5dDCG80G7RxV9K+qnoQ==
Jv2TFX7eBNOz+N4DuLoY29gtIfvaxIohOxikTx4jNiNDat/q3TkcrmkuJP+phKVxEQTNHZBqKbxpga6I20w9AZb/IFB/0tm7loMyU65X8Ch4IMw25zm3SxzYJFHo+3UtebHTuekdFC5766fLTSLJ4CalRWOgrM6txi14QmJ3kPVOczPrtLk3dxmjKay+t03bZlXr+dTw5vNh+6eV3euKp8E=
x22/DGDjf8eXrAVzke00HNXtlD4c5W3LJvzuAd8AuF8SKzIjR2LT+sEh+I4NFtjP5UxhMVXMAW0sko3czRkyGFfEuYESd6zA40p9WzL7jqPiHzToPGgABpsBU2t4wDhB5PNxLX2536n1BXAOn9Pb+4FqjSDi7QmTHNRqTWK15NLu/xR1yvu/eyghkxe9W5Xccn8Jm6Kdp8koyILTheO7hdHjjqfF
bTQ/w6g0YJx2BceoUPM2PlI2VOOgj3PgN5F2d4lUvj3bjamzo8TkTnZGm3EWlphtO2re8IEmeuzxu3g0tGaHV7yoZthhsRERLEQQlONJVVv3Te2FuO++TbpsSwqjs779hbuxsG0+fwLlsv85VkQdrs9OONzQ0ZskT0v+k2UJa8G20R01VSndwlfPO7rvhjWAyB1N+Iuxi6q1H8Kb247dvoHO4Y+nxg==
SF0PxzvmcSffrnQ8hgIVGhMvgsF8EX7Bd6McCPwRzTTCVwgvMCNFZsnyuxXqnh/i4qf/aAMRt+hbhRbmXwyfLchQDQB7wdCz9ogZ/i+L4I80S7i71khezJpuIfXB++p0Qsl+d/Ot/z1FIY+x4p4NJ2GTG87vgABJU3umoLidMAEemrQ71jUIP+Uz0hXBx28vrzQoW+u7wLm9oRI8kMOX18GNy+eMp8c=
t+OjKpeNwRvrL/s+ZRmh5tSz4uyYTuuXWqLAOjkRHMaX763ksViHAYSSxCRTSaSiSy0hw7WfpN5MUjNrIWUPZ6HTWH06IxKWd2yTsaqj3XFdBu2Mm8yt6OM/RiYpUHcktEpwg98Kp3GCtZXLP18uW7FDldv5zF/V5/y/JME+sLeBLuujj0SdZX59awxJYFmEjbmn9A==
p3FbQFyT6niKs8NfQ86SnH11ehWZHWHPIWqi16PY8QVHV2IV3f2qHmtsizXUAEGhiE6kGzpYBeY7a9T3iLs004KIiuSWXt3NtVt+7N6Zsp/HrcvViXETKXY+eR+doxfmO0BUId+LGtiMfSQZAkp4k6K1/JepY84N1adb1xNEpLM/+5SRsZFuBGRjA09dXYePuKfz
xK/QTmybgJ0DqaPvFXQXpF5oA203DWdpdGm2Jn8M/21o0K1KHM4wc1YIuT7Pi8DPlMtY+7ZIfgw67kG1IfvKNCJJnrfTrd/9paHv8cKe7WcBE7sOz4BgCbP7BuCYndDBvhoU+zY1aH9Fs3JVocdP7w+0SJsLu+D5HSHy/PDDtxchDaunrKfn
3gmgk0R5NwbCbi6r+VoSzfSWyoeL6vsDHdu41LRGx/c8SK3/bpHR8azkULTjqZU7d+0tZbiP/u06jAtqo5N+XQXb8ZBtHj9iZRI/GVYkXU5P7ni80DFbhM8rPnNlKSthNjHdFVUJHSLXb3ua72b14Ei9jRiL0csKNf+C+9uuHR4BrqGvp+Y=
yPttWVIXpFTb3egdmedbB1xoA3w1G2NpdGm2Jn8M/21o0K1MHM4wc1YIuT7Pi8DPlMtY+7ZIfgw67kG1IfvKNCJJnrfTrd/9paHv8cKe7WcBE7sOz4BgCbP7BuCYndDBvhoU+zY1aH9Fs3JVocdP7w+0SJsLu+D5HSHy/PDDtxchDaunrKfn
uup/pghDVGM5I4ZLUvstsvSWzJGX9/sDHdu41LRGx/c8SKv/bpHR8azkULTjqZU7d+0tZbiP/u06jAtqo5N+XQXb8ZBtHj9iZRI/GVYkXU5P7ni80DFbhM8rPnNlKSthNjHdFVUJHSLXb3ua72b14Ei9jRiL0csKNf+C+9uuHR4BrqGvp+Y=
6E8CSkEJg7EGpUMmyILjpvSWzYeF8vsDHdu41LRGx/c8SKj/bpHR8azkULTjqZU7d+0tZbiP/u06jAtqo5N+XQXb8ZBtHj9iZRI/GVYkXU5P7ni80DFbhM8rPnNlKSthNjHdFVUJHSLXb3ua72b14Ei9jRiL0csKNf+C+9uuHR4BrqGvp+Y=
ScOlbtLaWkfKHezzdXBqrer3UKzBuOXljXOVj66A5lABy5ypyaN2O2jr1V0sdmSIK900XsKor08taxRCJPbTh5kxX9tpFxgxYhfiSl8Is51St80NVQLtgIO4nfQLGyZKEYSnGPwOsE8HvtctKlE1Z0fLvqc5xxVXYTjvSY9YX8h5auAOSeqr79dwbblWGUsgsXRJ+IW9p/g=
UOBOato24FxchU6on8bJsiddvfHYjR7lAyr3tbw/wZaY1vjQ/11weqjSRc2RbgxRfNuw0l6JxlEkYkRU85lk8iYdL/PVz2QO7CKzm4E1T7dB41hN2vNSxtecE8EKcx0hPTbtvPucbThDT8bWiQA39FR6cLM/2uchIkUVu5+P7gvRc5XrmZyfBUeMP9RhbvBiYR7rk2+U3TXejet86bCZ1O2Jp8Q=
VUWflKEPYGcKr2/OfJhIiBB7zVqrgwS20wMaYed5HlrKQeQd1LOXFnMg/3T0ivzAxKdhABEx4i8Tw7PUalOkuoWA0k8YF98V3Xye3KTW8wxO7JS0s0iX7M8nJJGZr5iZsk/CQm9wc3XCLy3FJTrtqNNgPXy742YiAZzHUAy2MOfX5vclGin1j9dTXm9J/xV/MeBPwT+gH6BpcoBGuVIrRwcoTbFmYYvIIeypMPWFp9A=
VUWflKEPYGcKr2/OfJhIiBB7zVqrgwS20wMaYed5HlrKQeQd1LOXFnMg/3T0ivzAxKdhABEx4i8Tw7PUalOkuoWA0k8YF98V3Xye3KTW8wxO7JS0s0iX7M8nJJGZr5iZsk/CQm9wc3XCLy3FJTrtqNNgPXy742YiAZzHUAy2MOfX5vclGin1j9dTXm9J/xV/MeBPwT+gH6BpcoBGuVIrRwcoTbFmYYvIIeypMPWFp9A=
PU0O8+PBwWUUne4dpJW6hIP9WFGDUuD6DaUSEB9jQwDvcNUjnUBu8a7gVhcjhL5e3wkqHn7XWUKmcHjMVZQ9P9iX9kG78XM5aPv//WmW/qTWHFx/W9M9FrKqJ+adkN7a+Ngfic5xiiquI3jyWlvOnOeM93BX83S9kYvYJQr7cg5HdFMpGru9qe1e7dQrFM3wU6eGPhnIF/yEEvDb79LH6bKtVVOPR06DARuVg0kUP81XZH888abQaLF2a/u/nP39TmWrlPl4OVw94aes
bBIsw/Qvz6+In83GI8SbHKMBoUHR6JM01HodidRHMl8I3nCmCYv3i/I/3101HXCzqXr2tJ12LHVF8vE9nJKdAE79FWw9KCczpSFAyrKesvW4h17SZn9m3/cS65TpBFxBqjkh2EcXrVvBYkWKXZcaINje7fQemIlMWsJzxdkPM+kqECobBkiOrAouMZURexoUsomOFwOtD121YX/REh7dR3HTi64/gNDpwzu2gGgdgCEu2gSb5jU4n1Xz4jVxRz8Pv/S/+7u7kFktYQLcwEPnN7FNuwf8p7c=
Ju9LDmI/AINXqgzZ/Qo9Zyenu0Bop9al6+WNPIx0uNexfv3FzdznQVAXDfZtig1nXVL4mF8OFGHnDWmt3PhoqAN1LWcHcZW5eFPG8UrQM7ZDD8bBdYfJjG0CBz4VjoeFtvhlEj/yQGAQ7eMYv3eGr4U1E31GbWWJ1ZWlfqdzQ4YPuk28OCY1xEsN8xZFo7onOzKlgnHymbOn+g==
2KxC58WxrssKTXHplwmqSD3aZQhjZXMVtzgFLkBZ25+mYSVJHgCqxy0py0ughWeKy4PsKg7HIJOGyOleXwtwL2QLaJvGSE4syi7xFVF7WpTyiU6Xw63P3XVhP1FSHp3HsdNLLv+AEGmDO/YAKB1Aoe7axBsmNXgfFfOitTFH/49/9H97+7vQ2W1hQlwAQye3cU37h7yn9w==
grqosj4ZiJdCTf75feOCR19SeMo5/XvJ/fhQFJz1aTc10M4eXaEUGQcsP3ShjnBBIX7r8y+0XdUeLevcqdAZ9C1ppyQ=
hH4Pax05ZQzr6qqE+nZHSNApLfPf8Nk7NSXrXwRqVSEQUOPE7CwPvGprYuC/x+9xGRDGPv0zeZpdrLTx3RNnX8r/OUEyz5+/lcU8SKxX8Ch4IMw25zm3SxzYJFHo+3UtebHTuekdFC5766fLTSLJ4CalRWOgrM6txi14QmJ3kPVOczPrtLk3dxmjKay4t03bZlXr+dTw5vNh+6eV3euKp8E=
6VYOSjxx2SDzbC/SvmSwZ/dE6EnXTtczpoJQN9sPkNe7LQHlDVueXajTS1yFWT8WGzMDghUKUvcQtaJz1MesnhrcyOT5sjWSYBH/jBMc6/BU8AOg/dwCpea5zezrmfNTj/pkJz+UETPp+X+jub+Y6VIfAvLP4POFov9t9QUq7dgzMP3MG3Pm0mFMh2AspjCXN7Y3lbq5dX+3gx5fae8VD9Gwj3GfMJ9QCaLAeplCKzfneI0BxvELOEE86QDVlaeg
bSseFZfu09FJ4zNgEb4OIEVxiNgxYBbZFUH3u5ySlvhZfV2c46oBNOM0ugl3q6wjPDELV4XrTTzzj+Ebiq0v6XC4+pMd8wMl2TNmpy0=
vSBm2jDN6N6cdsYRwYaBMG9b/HqGSQFca0LKLUWqCsecoh3WgZCPvFByFAQG1MbqtIbGBeeIWY8UZ+4/Zdj/wsSdaJ9Vbl27uDjulYHHL69vNOHbK7sAOf2hUrzQw9dXgY0LZ0ynBw==
k6LNI7RiUD4TMToxt9tzTCLGjyvn/g3BnugFgNq4alyOe2belMDQQGIdDl/ez+yxvGFy9Ve2uKahSQvV1bzwmOQheUv9dE6yhdUkxW+o3ziZmiDyqRqrHzeArUm26cvQUYSJCGVNpwg=
7LDm5CdDCzNzSf8isPpYQHoznR/LmZb67PzQdAox3puGk0wlNO3CEe/K+FKJJRvRzaCQTCxtCe8FyM4GbXl0gbd0/yyRlhCWkeZra59sPc0udSuEGUh5LB1xpzw=
aJ0wEoBdzLEegn90Jw6YPwJvtvpKVKQi0ZCG9uT40EhyBS637reseWw5El2nDjguMdGrvWVEMNC0+ZljjUxOupXNBC1f0J/wScJAWlmiK5enGA0hBhELmAFcaSAVdacA
+3NXK8/NNDRsnZKfGFscyytcmd97ZoU45pCG9uT40EhyBS637reseWw5El2nDjguMdGrvWVEMNC0+ZljjUxOupXNBC1f0J/wScJAWlmiK5enGA0hBhELmAFcaSAVdacA
azzlBfPruf6ZIZoODCIeAip42NU0jFs4DnBgelD2jr9WARoF3NeAk3r7Q6xY8O2L82uxFmAeeLPRpUkODkSptzzba6KvHmWoaLx9wAuJuwIVNxIDG5YNVmEmEXenPg==
DcktSWIxuQLv+dWGwDKQGhB7zVqrgwS20wMaYed5HlrKQeQd1LOXFnMg/3T0ivzAxKdhABEx4i8Tw7PUalOkuoWA0k8YF98V3Xye3KTW8wxO7JS0s0iX7M8nJJGZr5iZsk/CQm9wc3XCLy3FJTrtqNNgPXy742YiAZzHUAy2MOfX5vclGin1j9dTXm9J/xV/MeBPwT+gH6BpcoBKuVIrRwcoTbFmYYvIIeypMPWFp9A=
+D/Vh+YHNuRwK+SP+d8Kc08QLkdnGIK/qEh85YiP0L6m0abvkneIr7wzJoNizKWYupeYWVCHf37u5saDJCXRj/3mW8YPqqfWQu2jAmti4z2daNVdojOsJhaKrW8bogylp7wSn9iGOfvP2yVMZspi7mxpjR1XqFboR+Cx6mZUbIrPv7JbQrQqwbiUVkGWMhM+h6ZL+VxDNQl442bBikAT5sNfJlG19yn8bXLnTtUeZ9U2qEWC/8Lg0BBdQyj/56Z/BeVz7QadBXnVZcWO5+MjVo9qbSx4GJV0S71TJoUzmne7YkUSsYJ5w6eK
NOuVtVpYJoWDKZUCx7wWRD0yKF+CEo71CFcZQd+q8mwyNevWMBJuaTljQq4Pp/u9WneTHuyeowNcgN3dngck1PGzcqgGwnfiDgVnB90JpCUDS/BWpD5Xhhlb2octtiwvB5wCXAG7ek9Yo8nqVehX9OIzkMMfpHn3kyd/mvv242ckXOYm04ggWDcw5DrNuWf/DZUU6BRnuKgw0LTWj+kviyRojHEwa70tsSELmUGtLO7jO88rNdKBYG6V/cOI/FbtPl2QIrrnWPUG42sL3ElPt4FzAQwPh4VbriUTmTygfrNZSw+1hXvCp4k=
ufgSQ+kolCOIFkakHnjS/O70EOfQdPtXu1bJdeGOn6KlhkEOr48o9h+VbnXggupWk2+BvHmekdxe6mHNiQP9u+RQwedkM3bdz/tlrOaqog5sSUa40AiWiEcA8Urm9Cyqz9/yu8LU6uG4tJYhFtJTXoeGC1nc43XpeIOmYQrg08bDv+YxNRdp3G1Sp65Vfqc1NoiFIn9iILAQvQOIf0fmXwWFMw2G/cVZ1UUF7mcDYzaPSi2M+LnVlEvdk4YFk1pXu4KFcjFiOeOnqg==
Z+niKZthkNP96Do3sxHuvIZkHMNMgG59Ilp4dreVI2DrjMT9v8KghVlKQZ2zrqWmISGvVmJESXSUh1X7wCEr8DLFm1d8+eIaHfg+iPQkmA1DFSCrOIGe6DGbR7Lx5r/3LF9r+nof0XAkRHe3fE9er7/zZwufxLR21xvpCN+XNYuJAn16ddeysEB+pcTmmPF8kmLrVXHPG5kS8OJLnsgW/EIOyaV5O/KEKulG5zutN619AedB+l61d4nzw/6nAEi5C9uO8EDdKLG2esyrnjXArx1TeqXZBxf/h5T4KyM7CInlQXrsKIOPpymt83fEp48=
pqhgoO00KwcXpQb2lBjGbIZkHMNMgG59Ilp4dreVI2DrjMT9v8KghVlKQZ2zrqWmISGvVmJESXSThVX7wCEr8DLFmld8+eIaHfg+iPQkmA1DFSCrOIGe6DGbR7Lx5r/3LF9r+nof0XAkRHe3fE9er7/zZwufxLR21xvpCN+XNYuJAn16ddeysEB+pcTmmPF8kmLrVXHPG5kS8OJLnsgW/EIOyaV5O/KEKulG5zutN619AedB+l61d4nzw/6nAEi5C9uO8EDdKLG2esyrnjXArx1TeqXZBxf/h5T4KyM7CInlQXrsKIOPpymt83fEp48=
IMBfET9L75SgtISer6vj1YZkHMNMgG59Ilp4dreVI2DrjMT9v8KghVlKQZ2zrqWmISGvVmJESXSUh1X7wCEr8DLFlVd8+eIaHfg+iPQkmA1DFSCrOIGe6DGbR7Lx5r/3LF9r+nof0XAkRHe3fE9er7/zZwufxLR21xvpCN+XNYuJAn16ddeysEB+pcTmmPF8kmLrVXHPG5kS8OJLnsgW/EIOyaV5O/KEKulG5zutN619AedB+l61d4nzw/6nAEi5C9uO8EDdKLG2esyrnjXArx1TeqXZBxf/h5T4KyM7CInlQXrsKIOPpymt83fEp48=
EckPF4s/zrMwGN6UKn0ct4ZkHMNMgG59Ilp4dreVI2DrjMT9v8KghVlKQZ2zrqWmISGvVmJESXSThVX7wCEr8DLFlFd8+eIaHfg+iPQkmA1DFSCrOIGe6DGbR7Lx5r/3LF9r+nof0XAkRHe3fE9er7/zZwufxLR21xvpCN+XNYuJAn16ddeysEB+pcTmmPF8kmLrVXHPG5kS8OJLnsgW/EIOyaV5O/KEKulG5zutN619AedB+l61d4nzw/6nAEi5C9uO8EDdKLG2esyrnjXArx1TeqXZBxf/h5T4KyM7CInlQXrsKIOPpymt83fEp48=
Xs47P8CQd066T7tK31X78oZkHMNMgG59Ilp4dreVI2DrjMT9v8KghVlKQZ2zrqWmISGvVmJESXSUh1X7wCEr8DLFl1d8+eIaHfg+iPQkmA1DFSCrOIGe6DGbR7Lx5r/3LF9r+nof0XAkRHe3fE9er7/zZwufxLR21xvpCN+XNYuJAn16ddeysEB+pcTmmPF8kmLrVXHPG5kS8OJLnsgW/EIOyaV5O/KEKulG5zutN619AedB+l61d4nzw/6nAEi5C9uO8EDdKLG2esyrnjXArx1TeqXZBxf/h5T4KyM7CInlQXrsKIOPpymt83fEp48=
7oYV1ume8urAG4AHMJHA1oZkHMNMgG59Ilp4dreVI2DrjMT9v8KghVlKQZ2zrqWmISGvVmJESXSThVX7wCEr8DLFlld8+eIaHfg+iPQkmA1DFSCrOIGe6DGbR7Lx5r/3LF9r+nof0XAkRHe3fE9er7/zZwufxLR21xvpCN+XNYuJAn16ddeysEB+pcTmmPF8kmLrVXHPG5kS8OJLnsgW/EIOyaV5O/KEKulG5zutN619AedB+l61d4nzw/6nAEi5C9uO8EDdKLG2esyrnjXArx1TeqXZBxf/h5T4KyM7CInlQXrsKIOPpymt83fEp48=
hWOtDeDeIKM/8KT9bh6yYoZkHMNMgG59Ilp4dreVI2DrjMT9v8KghVlKQZ2zrqWmISGvVmJESXSUh1X7wCEr8DLFkVd8+eIaHfg+iPQkmA1DFSCrOIGe6DGbR7Lx5r/3LF9r+nof0XAkRHe3fE9er7/zZwufxLR21xvpCN+XNYuJAn16ddeysEB+pcTmmPF8kmLrVXHPG5kS8OJLnsgW/EIOyaV5O/KEKulG5zutN619AedB+l61d4nzw/6nAEi5C9uO8EDdKLG2esyrnjXArx1TeqXZBxf/h5T4KyM7CInlQXrsKIOPpymt83fEp48=
VNIqv9yoOOD+Sc1gp74KA4ZkHMNMgG59Ilp4dreVI2DrjMT9v8KghVlKQZ2zrqWmISGvVmJESXSThVX7wCEr8DLFkFd8+eIaHfg+iPQkmA1DFSCrOIGe6DGbR7Lx5r/3LF9r+nof0XAkRHe3fE9er7/zZwufxLR21xvpCN+XNYuJAn16ddeysEB+pcTmmPF8kmLrVXHPG5kS8OJLnsgW/EIOyaV5O/KEKulG5zutN619AedB+l61d4nzw/6nAEi5C9uO8EDdKLG2esyrnjXArx1TeqXZBxf/h5T4KyM7CInlQXrsKIOPpymt83fEp48=
UWkyLUiNjTaqxuLk8coDL4ZkHMNMgG59Ilp4dreVI2DrjMT9v8KghVlKQZ2zrqWmISGvVmJESXSUh1X7wCEr8DLFk1d8+eIaHfg+iPQkmA1DFSCrOIGe6DGbR7Lx5r/3LF9r+nof0XAkRHe3fE9er7/zZwufxLR21xvpCN+XNYuJAn16ddeysEB+pcTmmPF8kmLrVXHPG5kS8OJLnsgW/EIOyaV5O/KEKulG5zutN619AedB+l61d4nzw/6nAEi5C9uO8EDdKLG2esyrnjXArx1TeqXZBxf/h5T4KyM7CInlQXrsKIOPpymt83fEp48=
EwsrkfOe5JZ/ujTlIT/I74ZkHMNMgG59Ilp4dreVI2DrjMT9v8KghVlKQZ2zrqWmISGvVmJESXSThVX7wCEr8DLFkld8+eIaHfg+iPQkmA1DFSCrOIGe6DGbR7Lx5r/3LF9r+nof0XAkRHe3fE9er7/zZwufxLR21xvpCN+XNYuJAn16ddeysEB+pcTmmPF8kmLrVXHPG5kS8OJLnsgW/EIOyaV5O/KEKulG5zutN619AedB+l61d4nzw/6nAEi5C9uO8EDdKLG2esyrnjXArx1TeqXZBxf/h5T4KyM7CInlQXrsKIOPpymt83fEp48=
opCk9vfoLxpopr5kB1MfaoZkHMNMgG59Ilp4dreVI2DrjMT9v8KghVlKQZ2zrqWmISGvVmJESXSUh1X7wCEr8DLFm1Z8+eIaHfg+iPQkmA1DFSCrOIGe6DGbR7Lx5r/3LF9r+nof0XAkRHe3fE9er7/zZwufxLR21xvpCN+XNYuJAn16ddeysEB+pcTmmPF8kmLrVXHPG5kS8OJLnsgW/EIOyaV5O/KEKulG5zutN619AedB+l61d4nzw/6nAEi5C9uO8EDdKLG2esyrnjXArx1TeqXZBxf/h5T4KyM7CInlQXrsKIOPpymt83fEp48=
83GQWAHhkIiDEhK2vEEdbYZkHMNMgG59Ilp4dreVI2DrjMT9v8KghVlKQZ2zrqWmISGvVmJESXSThVX7wCEr8DLFmlZ8+eIaHfg+iPQkmA1DFSCrOIGe6DGbR7Lx5r/3LF9r+nof0XAkRHe3fE9er7/zZwufxLR21xvpCN+XNYuJAn16ddeysEB+pcTmmPF8kmLrVXHPG5kS8OJLnsgW/EIOyaV5O/KEKulG5zutN619AedB+l61d4nzw/6nAEi5C9uO8EDdKLG2esyrnjXArx1TeqXZBxf/h5T4KyM7CInlQXrsKIOPpymt83fEp48=
ulvFD7p6aN7dXdfxJ/4+UIZkHMNMgG59Ilp4dreVI2DrjMT9v8KghVlKQZ2zrqWmISGvVmJESXSUh1X7wCEr8DLFlVZ8+eIaHfg+iPQkmA1DFSCrOIGe6DGbR7Lx5r/3LF9r+nof0XAkRHe3fE9er7/zZwufxLR21xvpCN+XNYuJAn16ddeysEB+pcTmmPF8kmLrVXHPG5kS8OJLnsgW/EIOyaV5O/KEKulG5zutN619AedB+l61d4nzw/6nAEi5C9uO8EDdKLG2esyrnjXArx1TeqXZBxf/h5T4KyM7CInlQXrsKIOPpymt83fEp48=
LZGMGnOyqYDs+sFgG71FAYZkHMNMgG59Ilp4dreVI2DrjMT9v8KghVlKQZ2zrqWmISGvVmJESXSThVX7wCEr8DLFlFZ8+eIaHfg+iPQkmA1DFSCrOIGe6DGbR7Lx5r/3LF9r+nof0XAkRHe3fE9er7/zZwufxLR21xvpCN+XNYuJAn16ddeysEB+pcTmmPF8kmLrVXHPG5kS8OJLnsgW/EIOyaV5O/KEKulG5zutN619AedB+l61d4nzw/6nAEi5C9uO8EDdKLG2esyrnjXArx1TeqXZBxf/h5T4KyM7CInlQXrsKIOPpymt83fEp48=
+TrXsCbf+/v5ne5xyhDq43eER1H5HvqjOTDN2cxigS4MLas/HMy6iwn9Ti2T0LNSzdoRROucLm4CYTMYoucc3YPm3fI5w0qaqe6joW2aScq9NhvXqUM3BkCX0zbPMJR2dJpXWFMjC+1m8uFXlQvDSh0mk88oTw+yBn9N+ID0s2+QT7J3e0LXjB2kyDeyC+0w81fZcw2S2bJJ9664JA7hnEoYXaRWkg9dbe8n0bZgZjPyiDrERh4tbYXbbgyOWQK/V61b9TmxQ8lmvkm/bePHxotAJMGPSyq4fP00uVKKCHMytWz3WSMercUnKzcjBHzTz/skseFRHqRU4xMvjR03ryinYw==
yel3A8XAK4mpY9FOXe25sYZkHMNMgG59Ilp4dreVI2DrjMT9v8KghVlKQZ2zrqWmISGvVmJESXSThVX7wCEr8DLFl1Z8+eIaHfg+iPQkmA1DFSCrOIGe6DGbR7Lx5r/3LF9r+nof0XAkRHe3fE9er7/zZwufxLR21xvpCN+XNYuJAn16ddeysEB+pcTmmPF8kmLrVXHPG5kS8OJLnsgW/EIOyaV5O/KEKulG5zutN619AedB+l61d4nzw/6nAEi5C9uO8EDdKLG2esyrnjXArx1TeqXZBxf/h5T4KyM7CInlQXrsKIOPpymt83fEp48=
nk5rdGJoKpto1TxK6cOjZ6yZ0/0lcOvSjxi5N1z2oJlRmsczePbMOqKO7ZiwIi3cdnl0q4Vmzl723o/go7BenmMIzIRbCfiN/P02JtZe4B3fyQAmFiZfYOd/6s5hKL9g2Jy2dDHtg9SoD3dy3s2w4A3hz8UZLh6cpiScxyFv3y7CEqde7ag+Yohg37G+SWqS3ht4yirjLqSXtDfIJ0uUheEzWJ16w5K2N8yTEWqDXRGdZu3sW6wtyCOfRoZpcPfE9KpwY5/qJ1HCFZVr/3+uO3Ejlbs5rN/1J1y/hIEeMF/BzutDz6QdRT7da6yJQNnkTdmnlA==
+TrXsCbf+/v5ne5xyhDq43eER1H5HvqjOTDN2cxigS4MLas/HMy6iwn9Ti2T0LNSzdoRROucLm4CYTMYoucc3YPm3fI5w0qaqe6joW2aScq9NhvXqUM3BkCX0zbPMJR2dJpXWFMjC+1m8uFXlQvDSh0mk88oTw+yBn9N+ID0s2+QT7J3e0LXjB2kyDeyC+0w81fZcw2S2bJJ9664JA7hnEoYXaRWkg9dbe8n0bZgZjPyiDrERh4tbYXbbgyOWQK/V61b9TmxQ8lmvkm/bePHxotAJMGPSyq4fP00uVKKCHMytWz3WSMercUnKzcjBHzTz/skseFRHqRU4xMvjR03ryinYw==
nk5rdGJoKpto1TxK6cOjZ6yZ0/0lcOvSjxi5N1z2oJlRmsczePbMOqKO7ZiwIi3cdnl0q4Vmzl723o/go7BenmMIzIRbCfiN/P02JtZe4B3fyQAmFiZfYOd/6s5hKL9g2Jy2dDHtg9SoD3dy3s2w4A3hz8UZLh6cpiScxyFv3y7CEqde7ag+Yohg37G+SWqS3ht4yirjLqSXtDfIJ0uUheEzWJ16w5K2N8yTEWqDXRGdZu3sW6wtyCOfRoZpcPfE9KpwY5/qJ1HCFZVr/3+uO3Ejlbs5rN/1J1y/hIEeMF/BzutDz6QdRT7da6yJQNnkTdmnlA==
+TrXsCbf+/v5ne5xyhDq43eER1H5HvqjOTDN2cxigS4MLas/HMy6iwn9Ti2T0LNSzdoRROucLm4CYTMYoucc3YPm3fI5w0qaqe6joW2aScq9NhvXqUM3BkCX0zbPMJR2dJpXWFMjC+1m8uFXlQvDSh0mk88oTw+yBn9N+ID0s2+QT7J3e0LXjB2kyDeyC+0w81fZcw2S2bJJ9664JA7hnEoYXaRWkg9dbe8n0bZgZjPyiDrERh4tbYXbbgyOWQK/V61b9TmxQ8lmvkm/bePHxotAJMGPSyq4fP00uVKKCHMytWz3WSMercUnKzcjBHzTz/skseFRHqRU4xMvjR03ryinYw==
nk5rdGJoKpto1TxK6cOjZ6yZ0/0lcOvSjxi5N1z2oJlRmsczePbMOqKO7ZiwIi3cdnl0q4Vmzl723o/go7BenmMIzIRbCfiN/P02JtZe4B3fyQAmFiZfYOd/6s5hKL9g2Jy2dDHtg9SoD3dy3s2w4A3hz8UZLh6cpiScxyFv3y7CEqde7ag+Yohg37G+SWqS3ht4yirjLqSXtDfIJ0uUheEzWJ16w5K2N8yTEWqDXRGdZu3sW6wtyCOfRoZpcPfE9KpwY5/qJ1HCFZVr/3+uO3Ejlbs5rN/1J1y/hIEeMF/BzutDz6QdRT7da6yJQNnkTdmnlA==
+TrXsCbf+/v5ne5xyhDq43eER1H5HvqjOTDN2cxigS4MLas/HMy6iwn9Ti2T0LNSzdoRROucLm4CYTMYoucc3YPm3fI5w0qaqe6joW2aScq9NhvXqUM3BkCX0zbPMJR2dJpXWFMjC+1m8uFXlQvDSh0mk88oTw+yBn9N+ID0s2+QT7J3e0LXjB2kyDeyC+0w81fZcw2S2bJJ9664JA7hnEoYXaRWkg9dbe8n0bZgZjPyiDrERh4tbYXbbgyOWQK/V61b9TmxQ8lmvkm/bePHxotAJMGPSyq4fP00uVKKCHMytWz3WSMercUnKzcjBHzTz/skseFRHqRU4xMvjR03ryinYw==
nk5rdGJoKpto1TxK6cOjZ6yZ0/0lcOvSjxi5N1z2oJlRmsczePbMOqKO7ZiwIi3cdnl0q4Vmzl723o/go7BenmMIzIRbCfiN/P02JtZe4B3fyQAmFiZfYOd/6s5hKL9g2Jy2dDHtg9SoD3dy3s2w4A3hz8UZLh6cpiScxyFv3y7CEqde7ag+Yohg37G+SWqS3ht4yirjLqSXtDfIJ0uUheEzWJ16w5K2N8yTEWqDXRGdZu3sW6wtyCOfRoZpcPfE9KpwY5/qJ1HCFZVr/3+uO3Ejlbs5rN/1J1y/hIEeMF/BzutDz6QdRT7da6yJQNnkTdmnlA==
+TrXsCbf+/v5ne5xyhDq43eER1H5HvqjOTDN2cxigS4MLas/HMy6iwn9Ti2T0LNSzdoRROucLm4CYTMYoucc3YPm3fI5w0qaqe6joW2aScq9NhvXqUM3BkCX0zbPMJR2dJpXWFMjC+1m8uFXlQvDSh0mk88oTw+yBn9N+ID0s2+QT7J3e0LXjB2kyDeyC+0w81fZcw2S2bJJ9664JA7hnEoYXaRWkg9dbe8n0bZgZjPyiDrERh4tbYXbbgyOWQK/V61b9TmxQ8lmvkm/bePHxotAJMGPSyq4fP00uVKKCHMytWz3WSMercUnKzcjBHzTz/skseFRHqRU4xMvjR03ryinYw==
nk5rdGJoKpto1TxK6cOjZ6yZ0/0lcOvSjxi5N1z2oJlRmsczePbMOqKO7ZiwIi3cdnl0q4Vmzl723o/go7BenmMIzIRbCfiN/P02JtZe4B3fyQAmFiZfYOd/6s5hKL9g2Jy2dDHtg9SoD3dy3s2w4A3hz8UZLh6cpiScxyFv3y7CEqde7ag+Yohg37G+SWqS3ht4yirjLqSXtDfIJ0uUheEzWJ16w5K2N8yTEWqDXRGdZu3sW6wtyCOfRoZpcPfE9KpwY5/qJ1HCFZVr/3+uO3Ejlbs5rN/1J1y/hIEeMF/BzutDz6QdRT7da6yJQNnkTdmnlA==
+TrXsCbf+/v5ne5xyhDq43eER1H5HvqjOTDN2cxigS4MLas/HMy6iwn9Ti2T0LNSzdoRROucLm4CYTMYoucc3YPm3fI5w0qaqe6joW2aScq9NhvXqUM3BkCX0zbPMJR2dJpXWFMjC+1m8uFXlQvDSh0mk88oTw+yBn9N+ID0s2+QT7J3e0LXjB2kyDeyC+0w81fZcw2S2bJJ9664JA7hnEoYXaRWkg9dbe8n0bZgZjPyiDrERh4tbYXbbgyOWQK/V61b9TmxQ8lmvkm/bePHxotAJMGPSyq4fP00uVKKCHMytWz3WSMercUnKzcjBHzTz/skseFRHqRU4xMvjR03ryinYw==
nk5rdGJoKpto1TxK6cOjZ6yZ0/0lcOvSjxi5N1z2oJlRmsczePbMOqKO7ZiwIi3cdnl0q4Vmzl723o/go7BenmMIzIRbCfiN/P02JtZe4B3fyQAmFiZfYOd/6s5hKL9g2Jy2dDHtg9SoD3dy3s2w4A3hz8UZLh6cpiScxyFv3y7CEqde7ag+Yohg37G+SWqS3ht4yirjLqSXtDfIJ0uUheEzWJ16w5K2N8yTEWqDXRGdZu3sW6wtyCOfRoZpcPfE9KpwY5/qJ1HCFZVr/3+uO3Ejlbs5rN/1J1y/hIEeMF/BzutDz6QdRT7da6yJQNnkTdmnlA==
+TrXsCbf+/v5ne5xyhDq43eER1H5HvqjOTDN2cxigS4MLas/HMy6iwn9Ti2T0LNSzdoRROucLm4CYTMYoucc3YPm3fI5w0qaqe6joW2aScq9NhvXqUM3BkCX0zbPMJR2dJpXWFMjC+1m8uFXlQvDSh0mk88oTw+yBn9N+ID0s2+QT7J3e0LXjB2kyDeyC+0w81fZcw2S2bJJ9664JA7hnEoYXaRWkg9dbe8n0bZgZjPyiDrERh4tbYXbbgyOWQK/V61b9TmxQ8lmvkm/bePHxotAJMGPSyq4fP00uVKKCHMytWz3WSMercUnKzcjBHzTz/skseFRHqRU4xMvjR03ryinYw==
nk5rdGJoKpto1TxK6cOjZ6yZ0/0lcOvSjxi5N1z2oJlRmsczePbMOqKO7ZiwIi3cdnl0q4Vmzl723o/go7BenmMIzIRbCfiN/P02JtZe4B3fyQAmFiZfYOd/6s5hKL9g2Jy2dDHtg9SoD3dy3s2w4A3hz8UZLh6cpiScxyFv3y7CEqde7ag+Yohg37G+SWqS3ht4yirjLqSXtDfIJ0uUheEzWJ16w5K2N8yTEWqDXRGdZu3sW6wtyCOfRoZpcPfE9KpwY5/qJ1HCFZVr/3+uO3Ejlbs5rN/1J1y/hIEeMF/BzutDz6QdRT7da6yJQNnkTdmnlA==
nk5rdGJoKpto1TxK6cOjZ6yZ0/0lcOvSjxi5N1z2oJlRmsczePbMOqKO7ZiwIi3cdnl0q4Vmzl723o/go7BenmMIzIRbCfiN/P02JtZe4B3fyQAmFiZfYOd/6s5hKL9g2Jy2dDHtg9SoD3dy3s2w4A3hz8UZLh6cpiScxyFv3y7CEqde7ag+Yohg37G+SWqS3ht4yirjLqSXtDfIJ0uUheEzWJ16w5K2N8yTEWqDXRGdZu3sW6wtyCOfRoZpcPfE9KpwY5/qJ1HCFZVr/3+uO3Ejlbs5rN/1J1y/hIEeMF/BzutDz6QdRT7da6yJQNnkTdmnlA==
1Awmefuw29Lvw9fsTtZvqaDHztrRkoRBXJe6wctf699qTu2nJNbW9aqEYa/nsM8ib+VBP/+++e4KihUh765dcCXh2r9sYmMnOU8GPBouegBa83ynkCMZmMltdSdlL21odS3AVh0CGTveE3ua72b14Ei1jxiP0csKNf+C+9uuHR4BrqGvp+Y=
VmaNnD2d1ZipeeZJwhEs8lMpE77IHn2JzJCG9UJIeir/F5fG5leX9SsIQzaPdIGS7fCY6j0NHWi2XRfmoQQGYIm2fKHj1mcp7EI3af4Vhhv4eqbhcUfh2dJxXV/nKcVR+DsWKSrow54D53a51V+ZpG0qV+a19jdt9tCVKl8qkAiQBbNAX0/2h0Vdo4XmNbWh1b11JgeL8+7Pkj2E2HFnLM9lI84lm0oPe9oV+tEqyZun0g==
h02DTXFWG/iIiCbl0Cb0vNBMKShvm2QX8ZQaI/CPuj2tAvYxElOd8aVz7T8NbW0iccmcq//euLVFTW2oz9l7Nuonl6HutLdlWiJsWCTYh7zaZTb37tp0X1zrIMteyNZ8Ag6JJbk7MgRq6QZn+633LT0Bp8E6XnX3yfODfmcAiDnL285wAN3oMXZ6jCveNQAv3VM6JZkH139HlLipYz9ICSVBumxog88n6a0z94Snzw==
FrLQHLFq0HCUISjpj4SsDv/fxHS+IgUe63kEerLXrqepdHKzSA9CrQWirsFak1WhXRPFDxVtdRJZqWT7Nx7wRR3txTg3WcOmgsfPESb0fzViAgSoPNifzDJFDiemGjzvhIvIW+ZIruyqrlFVcXt61BIJLlfjre8dFeHfEXIevYcRUyvuH4AwqSO7FsBIHaDhTlpkW8Y1GN+1cwJ1UUcfzx900Dnbv7CZjeHinCBDB3cRzRvHnKfX
7MN/gfp5J4S7HzbSZGU+dOMQMGOPs+LYDuLsRfNpdKpm+4dMXG8m7yyxK5qA3bTjW71TK8sTG217DleRauc5bh5ZM9XrJFm5rXqs/+FNyISxaaw6SnRyGNEQfP3Ae2hq0rMqM2aHiKjAcAQW/8mfC/RInLGgy20tYYGbWVGN/G5TG7/rhXJxYF51jQO4nKZtbr2A4iqHiPVWA/tLzCmfN/GTMUz+5bVf3oWj2cyAzjMJax/1FduSp9k=
ff0ThWuSAMAXBfjgmvDhVAjvEi3kGCdnOSsv7MQfrm+kAbN66A0Mo4PNuwvzAxNtcx5vsYKX4S6miVs1c5TROSUKNF9JnbBE6VmEWrJkehjZAAQd6EuwKirjgpP+dwAoSMCcdheZJ8usuPSRmNtlLWmRo3k5faSu60tXix3C+eDWhRWjEMxeLbaNqAJSl4D1XhMDK+QZx/eJQ5nsZpU931Y1OzmkUHZz0Rv31S3LmqfR
w+/P6pPMQ4anUTL/qmhM8BggGbmYCniS1YbVslhTbT//F5fG5leX9SsIQzaPdIGS7fCY6j0NHWi2XRfmoQQGYIm2fKHj1mcp7EI3af4Vhhv4eqbhcUfh2dJxXV/nKcVR+DsWKSrow54D53a51V+ZpG0qV+a19jdt9tCVKl8qkAiQBbNAX0/2h0Vdo4XmNbWh1b11JgeL8+7Pkj2E2HFnLM9lI84lm0oPe9oV+tEqyZun0g==
n6UMjsqugmUjx3N5MduqFAjvDyHiCjxuCSsv7MQfrm+kAbN66A0Mo4PNuwvzAxNtcx5vsYKX4S6miVs1c5TROSUKNF9JnbBE6VmEWrJkehjZAAQd6EuwKirjgpP+dwAoSMCcdheZJ8usuPSRmNtlLWmRo3k5faSu60tXix3C+eDWhRWjEMxeLbaNqAJSl4D1XhMDK+QZx/eJQ5nsZpU931Y1OzmkUHZz0Rv31S3LmqfR
B2+GrROrbR+kbTf4GZun5caI/K6IN0nxKqHMpD4P7Q46ejAP/aQGSwTPDpUx8nqppvNJiWkj0RcZbXkKTZlQ0yt+DC3JvfEAe5mPXvYXm7maVONdlnKQMLBYE1SmtXrPOrqAR1DbPCMqCGLUnn4FvQ2bZvwmOTpP763jBQHR6zlu/sFvRYMf1tPA/NHX68Jo9L08CTqq8MNKtZRHIQP2Hc3no2dLpKTBl3/8obmxNvTcIxtfJf0P35Cn2w==
lIkmo2KRnCHL7ydkTHi/zGkzfnLNedGgWojfAb2TcxyI12ovYEl/SrT1aIOn1Ucb/wsXbXcWY6F+j8UOwnEHBb/cFXnhwnivFSUUJA3BOMo+7P6YXYiIjVTT1MqOW17jMj9E6AwI0EbL4cPriKCIgZTTYS1tma9pRWWAjg8zi7tRCr0gks3Z08x0+s3SFRSS3h8Eddqbj7tYgSOXLfvFHCpd+Z+SffcJ+KgSU/UDC8Uhw56n1Q==
HBXIM9N5xcIvPK065KRSLGg6Y2XLepiyCobDC7jSR1KEzWI6YEl/SrT1aIOn1Ucb/wsXbXcWY6F+j8UOwnEHBb/cFXnhwnivFSUUJA3BOMo+7P6YXYiIjVTT1MqOW17jMj9E6AwI0EbL4cPriKCIgZTTYS1tma9pRWWAjg8zi7tRCr0gks3Z08x0+s3SFRSS3h8Eddqbj7tYgSOXLfvFHCpd+Z+SffcJ+KgSU/UDC8Uhw56n1Q==
uloY0h9uA7xXHl/lRttwdlERc8gl73rb7OgTBIOgaT0OkclOUb8eDAcsP3ShjnBPI37v8y+0XdUeLevcqdAZ9C1ppyQ=
zYOJza0elQod7xhLPfYDMtOBghsOheplNQnPPVmP/tJc0XvXFUsd/MKt8R+azd+poNhqE61Ts+WJ0xanXQ==
wRrxmPpgIUX6a1mPUWQxRc6bGUTEjew5lD9hhT8zAyYPWo3cuAn3JE9tszbFQ/pHO5JlovGS2ROnWg==
