sNOg8kc/OjamNqtt6/2nolaqxbT+5oRj+Ze6stFbIx+00f6rovxyydR8wawLwEpgtNTZuznl5D1mfN1CZ9qzhaw/zXW4n569ejzrmiMj3i1Fi9GAbQ4fMiVin6nW1L3+D74YrNAhu1QPm14D5ZmLkfbh/QVVGT3yF5/bKm8WlVCIamkIj8CrWHVPawlbHr1uQf6BqK/2
C8BVGNnmb8v6yPzXRrHkt81T7/sBH7NKCn8zW3ks4YK3FVT1XC6kQPvlVDb6tqFHPRM0atQuk8/Jib8z2Y+YufLvQuIvUHNVgo+tZWUa7YiTwL3c+8NmAkE8R/BMljDHl0Z3hVoJ9a+X897PCd8VX3FAz2F/gB+AKdIA5P1yL2ZHis0RL0OL6GFMKZC1sq/w
oaUxdlRCQyvpzHwFbpa4EwDMGXeWwH8TBFOMeIzDnxdsI8KUk56zNBLNAwJ4s7RFzIHizMC6NOlIF9Vd/fOJNFPVpZBW3RHhRPLExBMpJAIHDyPj9T8kvgyyMwvhhY/HYfNYXfqDkna3DJNR6sNd0R0m7azbbC2Io99GRumw94R0anCjH6onkULVlSt/P6778WOV+7ls37WnHL9EAd4wEEUO74JP5h2Ftx9r7AkA2STNjq/U
Ff4uZWpl9X31GCgtvyaH4hElJB5eNMTxqeYDIph6EXyxMSboY53VAP6vmLD3YoH7rpM6c/YnWKiQkJRW7ylPi0SorPEQK10tUWErGWFtTO6D+6+rFZIhYI7VHUOovPbtnp3woton+PWmo4uLPAnvtyGzIYxhQ+VfD+UxGdzpnLO5Cy81pbu1r+k=
8oGsjGYCE+L8JIQLbDNqqQUUHjo8Ds1vGtw9SLOjqpBTKXg9VSMrE5xyPVxd+eJYB+xIgGJXfACzKu3bgps+Y9J/JOgsSHDGa6Ej6+hgaAE0E0EtTVkP6aWl4I7vcys78UqdIPKNOVOstNrN8tW0Ej7fZHU62+87+MEDlw27JZxFmxmfs71ViVhhcFMVQ2tFgYOpr/U=
vS/oNxOCFOMHhPh3WfikFgUUHjo8Ds1vGtw9SLOjqpBTOHAzUywqQZxyPVxd+eJYB+1IgGJXfACzKu3bgps+Y9J/JOgsSHDGa6Ej6+hgaAE0E0EtTVkP6aWl4I7vcys78UqdIPKNOVOstNrN8tW0Ej7fZHU62+87+MEDlw27JZxFmxmfs71ViVhhcFMVQ2tFgYOpr/U=
baYVMy+7VU6b2UikjIpu5OW9vhR6xq3kSgYltKBag1+IRJ3M8q26gfQKGz/COGbmZX4Oi67WJExHiUXtTMbkOEtt9G6om6B/TVvU8kRGUzf5gZ/rCScYAQInIvo/uDMtMgcNPTUy7bDjiF1Ea6um+nE0ZyicPrB/Z44XnUrhtdcne36XWfcVZwEIL/nv6N94GdogPC3ar963Qq0JP6vLkNHEicjlmq/I
Z8ScpnuYDaToOyLmlvAsnNSz4uyYTuufWLTSbjQYApSX6eSw/w31AYSSxCRTSaSiQS8gw7WfpN5MUjNrIWUPZ6HTWH06IxKWd2yTsaqj3XFdBu2Mm8yt6OM/RiYpUHcktEpwg98Kp3GCtZXLP18uW7FDldv5zF/V5/y/JME+sLCFLu+ij0adZXd/awxJYFmEja6v9A==
9/VH33HfxzBHairCxsLRURMJ8tL2klVZkK5+AWU5IFSvR+sFcQ0fQwJInb2Rhi5yvImuFhdMV/2QcOU8AsAog56owa5nSyj/jKsQK07IxlxyzllFCbuipJqpVofLrcfNbUFXYarexZcZM/NedwCY2fubHtBwXXhRxrrcCy41cA8NE4rFCYcn3xdUh89zP1kp1wHqhdoDX4eZbeOXo6//
QMa6OFjr67LuUGc+Oq58B1BGNH5lEc1vEt4rWuexqcBTbDV0AW1+QZxyPVxd+eJYB+lIgGJXfACzKu3bgps+Y9J/JOgsSHDGa6Ej6+hgaAE0E0EtTVkP6aWl4I7vcys78UqdIPKNOVOstNrN8tW0Ej7fZHU62+87+MEDlw27JZxFmxmfs71ViVhhcFMVQ2tFgYOpr/U=
D+mxEpfpecnF1LZyCHUpOBa5z67n6YUw4567ssVOKSW0j7HExJIb091r2KQ09mcH/JiI6WCB8SFsFPAEY9n1i7c9zXW4n569ejzrmiMj3i1Fi9GAbQ4fMiVin6nW1L3+D74YrNAhu1QPm14D5ZmLkfbh/QVVGT3yF5/bKm8WlVCIamkIj8CrWHVPawlbHr1uQf6BqK/2
IhoWQNlL4vxJHhgOI8EVBiJ6APihBX8KLH8pfQjH9Fk0SgT8YxHEunA2INuFh8SGfIrzs5E9b/8RS9jlirtyzse0U2ma+71pbR7tlKvUzbDT54b+mQgXvATS8BtvkscpMm1VEw8HTkOBW5XDydQ/jdckf/xxZtAoNbZvOj/e/T3Hp6vUeTg5nL22r+w=
jyY5H74RJoEkj7ULW9rAGdSp7uGaD6LXR6OLY3hHXcaV8KWw/w31AYSSxCRTSaSiRi4gw7WfpN5MUjNrIWUPZ6HTWH06IxKWd2yTsaqj3XFdBu2Mm8yt6OM/RiYpUHcktEpwg98Kp3GCtZXLP18uW7FDldv5zF/V5/y/JME+sLCFLu+ij0adZXd/awxJYFmEja6v9A==
ScPL1PDMcMu73JaltM9Ilbium5uDkYGUxoRuQr+RkLg4k8NtBDar57nKajap7LRf9XyMYGYstm9AbkfFq6pwbyKrfnY+JCb3QfuEeU3EhXFxxG2dcCoJvAlBDgg7Ah0Btj9A0N+SObu2Q1LTDhcQKFjgrLZHeVdLPBhE0Ui7lS2Z8XM5id00LpurB0st4ungxuXl48Bs7q0mbdjCArew9W4z02sUeVd3OePJLBlzLd9HFQl5dDmE80G7RxV9K/2voQ==
MTmhxKfonB/zU9whImh86NgtIfvaxIohOxikTx4jNiNDat/q3TkcrmkuJP+phKVxEQTNHZBqKbxpga6I20w9AZb/IFB/0tm7loMyU65X8Ch4IMw25zm3SxzYJFHo+3UtebHTuekdFC5766fLTSLJ4CalRWOgrM6txi14QmJ3kPVOczPrtLk3dxmjKay5s03fZ1Xp+dT55PNh+6eV3eudr8E=
n4f0F4m5ueDkI25eX4V0ztXtlD4c5W3LJvzuAd8AuF8SKzIjR2LT+sEh+I4NFtjP5UxhMVXMAW0sko3czRkyGFfEuYESd6zA40p9WzL7jqPiHzToPGgABpsBU2t4wDhB5PNxLX2536n1BXAOn9Pb+4FqjSDi7QmTHNRqTWK15NLu/xR1yvu/eyghkxe9W5XcdXsJn6OdpckowYDTheO7hdHjma/F
jeSJ/gZb5mHLtOhqNTX6WVI2VOOgj3PgN5F2d4lUvj3bjamzo8TkTnZGm3EWlphtO2re8IEmeuzxu3g0tGaHV7yoZthhsRERLEQQlONJVVv3Te2FuO++TbpsSwqjs779hbuxsG0+fwLlsv85VkQdrs9OONzQ0ZskT0v+k2UJa8G20R01VSndwlfPO7rvhjWAyBpJ+I+wi6i1H8uZ247dvoHO4Zivxg==
B8rtDe3aSDAVDmoPxDnT1BMvgsF8EX7Bd6McCPwRzTTCVwgvMCNFZsnyuxXqnh/i4qf/aAMRt+hbhRbmXwyfLchQDQB7wdCz9ogZ/i+L4I80S7i71khezJpuIfXB++p0Qsl+d/Ot/z1FIY+x4p4NJ2GTG87vgABJU3umoLidMAEemrQ71jUIP+Uz0hXBx28vrzQvX+u/wbm/oRI1ksOX18GNy+ebr8c=
siJf1SM44UwkfAORNxfgmtSz4uyYTuuXWqLAOjkRHMaX763ksViHAYSSxCRTSaSiSy0hw7WfpN5MUjNrIWUPZ6HTWH06IxKWd2yTsaqj3XFdBu2Mm8yt6OM/RiYpUHcktEpwg98Kp3GCtZXLP18uW7FDldv5zF/V5/y/JME+sLCFLu+ij0adZXd/awxJYFmEja6v9A==
+S12fvG16jzlARwgMekueH11ehWZHWHPIWqi16PY8QVHV2IV3f2qHmtsizXUAEGhiE6kGzpYBeY7a9T3iLs004KIiuSWXt3NtVt+7N6Zsp/HrcvViXETKXY+eR+doxfmO0BUId+LGtiMfSQZAkp4k6K1/JepY84N1adb1xNEo7c//5WRs5FuDWZjA09dXYePr6/z
1mLIjIQpAsk4UIpWResRhF5oA203DWdpdGm2Jn8M/21o0K1KHM4wc1YIuT7Pi8DPlMtY+7ZIfgw67kG1IfvKNCJJnrfTrd/9paHv8cKe7WcBE7sOz4BgCbP7BuCYndDBvhoU+zY1aH9Fs3JVocdP7w+0T58Lv+H5HyHy9fLDtxchDaunu6/n
a2/0on1I3PatG/oFsyfFj/SWyoeL6vsDHdu41LRGx/c8SK3/bpHR8azkULTjqZU7d+0tZbiP/u06jAtqo5N+XQXb8ZBtHj9iZRI/GVYkXU5P7ni80DFbhM8rPnNlKSthNjHdFVUJHSLXb3ua72b14Ei6iRiP0MsINf+L+duuHR4BrqG4r+Y=
uiPoazh5JfU6e4V7sXeId1xoA3w1G2NpdGm2Jn8M/21o0K1MHM4wc1YIuT7Pi8DPlMtY+7ZIfgw67kG1IfvKNCJJnrfTrd/9paHv8cKe7WcBE7sOz4BgCbP7BuCYndDBvhoU+zY1aH9Fs3JVocdP7w+0T58Lv+H5HyHy9fLDtxchDaunu6/n
SiXPIww2tcIQRAvT4A0djfSWzJGX9/sDHdu41LRGx/c8SKv/bpHR8azkULTjqZU7d+0tZbiP/u06jAtqo5N+XQXb8ZBtHj9iZRI/GVYkXU5P7ni80DFbhM8rPnNlKSthNjHdFVUJHSLXb3ua72b14Ei6iRiP0MsINf+L+duuHR4BrqG4r+Y=
9zRBP9rd+uJjvy4xerMyS/SWzYeF8vsDHdu41LRGx/c8SKj/bpHR8azkULTjqZU7d+0tZbiP/u06jAtqo5N+XQXb8ZBtHj9iZRI/GVYkXU5P7ni80DFbhM8rPnNlKSthNjHdFVUJHSLXb3ua72b14Ei6iRiP0MsINf+L+duuHR4BrqG4r+Y=
3oT4K+g0ZaXSLnW4MLOdMOr3UKzBuOXljXOVj66A5lABy5ypyaN2O2jr1V0sdmSIK900XsKor08taxRCJPbTh5kxX9tpFxgxYhfiSl8Is51St80NVQLtgIO4nfQLGyZKEYSnGPwOsE8HvtctKlE1Z0fLvqc5xxVXYTjvSY9YX8h5auAKTOqv7tdybblfG0sgsXRJ+IWqr/g=
B7L/IZIifbz9syO1pvfXsiddvfHYjR7lAyr3tbw/wZaY1vjQ/11weqjSRc2RbgxRfNuw0l6JxlEkYkRU85lk8iYdL/PVz2QO7CKzm4E1T7dB41hN2vNSxtecE8EKcx0hPTbtvPucbThDT8bWiQA39FR6cLM/2uchIkUVu5+P7gvRc5XrmZyfBUeMP9RhbvBmZB7vkm+W3TXXj+t86bCZ1O2er8Q=
GiaoY9P7Av9ATza77m3y7BB7zVqrgwS20wMaYed5HlrKQeQd1LOXFnMg/3T0ivzAxKdhABEx4i8Tw7PUalOkuoWA0k8YF98V3Xye3KTW8wxO7JS0s0iX7M8nJJGZr5iZsk/CQm9wc3XCLy3FJTrtqNNgPXy742YiAZzHUAy2MOfX5vclGin1j9dTXm9J/xV/MeBPwT+gH6BpcoBCvFIvRgcqTbFvY4vIIeypMPWSr9A=
Hpfa3eX7sLSwGiljlZlnKienu0Bop9al6+WNPIx0uNexfv3FzdznQVAXDfZtig1nXVL4mF8OFGHnDWmt3PhoqAN1LWcHcZW5eFPG8UrQM7ZDD8bBdYfJjG0CBz4VjoeFtvhlEj/yQGAQ7eMYv3eGr4U1E31GbWWJ1ZWlfqdzQ4YPuk28OCAwxE8M8xRFo7MlOzKlgnHymaSv+g==
RHMc8UVPmNccXme2tUS4kj3aZQhjZXMVtzgFLkBZ25+mYSVJHgCqxy0py0ughWeKy4PsKg7HIJOGyOleXwtwL2QLaJvGSE4syi7xFVF7WpTyiU6Xw63P3XVhP1FSHp3HsdNLLv+AEGmDO/YAKB1Aoe7axBsmNXgfFfOitTFH/49/9Hl++7/R2W9hQlUCQye3cU37h6uv9w==
07KOvNJSR1V0uH8yiyvi5V9SeMo5/XvJ/fhQFJz1aTc10M4eXaEUGQcsP3ShjnBEJH7v8i+2XdUXL+vcqdAZ9C1+ryQ=
9Rl1FgKhfiqXQQl1rK+y79ApLfPf8Nk7NSXrXwRqVSEQUOPE7CwPvGprYuC/x+9xGRDGPv0zeZpdrLTx3RNnX8r/OUEyz5+/lcU8SKxX8Ch4IMw25zm3SxzYJFHo+3UtebHTuekdFC5766fLTSLJ4CalRWOgrM6txi14QmJ3kPVOczPrtLk3dxmjKay9sk3fZ1Xp+dT55PNh+6eV3eudr8E=
QLTFrGLXZh0e+01MjHeJnvdE6EnXTtczpoJQN9sPkNe7LQHlDVueXajTS1yFWT8WGzMDghUKUvcQtaJz1MesnhrcyOT5sjWSYBH/jBMc6/BU8AOg/dwCpea5zezrmfNTj/pkJz+UETPp+X+jub+Y6VIfAvLP4POFov9t9QUq7dgzMP3MG3Pm0mFMh2AspjCXN7Y3lbq5dX+3gx5fae8VD9Gwj3GfMJ9QCaLAcZxCLzbneo0Bz/MLOEE86QDVgq+g
q6U9A7GDKu48WBO8h1nrl0VxiNgxYBbZFUH3u5ySlvhZfV2c46oBNOM0ugl3q6wjPDELV4XrTTz4iuEfi60t6XCx+JMd8wMl2TNxry0=
Nwc+F/mUMhqcE049PS6rg9OBghsOheplNQnPPVmP/tJc0XvXFUsd/Miq8R+bzd2poNFoE61Ts+WJ0wGvXQ==
MPFTdNRO4lpkwfcHc/CVtc6bGUTEjew5lD9hhT8zAyYPWo3cuAPwJE9sszTFQ/NFO5JlovGS2QSvWg==
zAMYz74O2bPBNCxwoPmdJ9OBghsOheplNQnPPVmP/tJc0XvXFUsd/M2q8R+bzd2poNFoE61Ts+WJ0wGvXQ==
CCZzRz7iFfbs8u9cGPk9gc6bGUTEjew5lD9hhT8zAyYPWo3cuAbwJE9sszTFQ/NFO5JlovGS2QSvWg==
opHezHCA1piijb+4T+rnam9b/HqGSQFca0LKLUWqCsecoh3WgZCPvFByFAQG1MbqtIbGBeeIWY8UZ+4/Zdj/wsSdaJ9Vbl27uDjulYHHL69vNO/eK78BOf+hUrXSw9dXgY0LZ1uvBw==
eTBGt+gww6Y7y8gFQuxfvCLGjyvn/g3BnugFgNq4alyOe2belMDQQGIdDl/ez+yxvGFy9Ve2uKahSQvV1bzwmOQheUv9dE6yhdUkxW+o3ziZmiD8rBqvHjeCrUm/68vQUYSJCGVarwg=
6NSd6rUMxQAa3sbTFRxdAXoznR/LmZb67PzQdAox3puGk0wlNO3CEe/K+FKJJRvRzaCQTCxtCe8FyM4GbXl0gbd0/yyRlhCYlOZvap9uPc0ndyuEGUh5LB1mrzw=
6gTJKfO3Qh9L+yfiCZquAgJvtvpKVKQi0ZCG9uT40EhyBS637reseWw5El2nDjguMdGrvWVEMNC0+ZljjUxOupXNBC1f0J/wScJAVFyiL5anGg0hDxMLmAFcaSAVYq8A
2fYIV/uY3AXX1K3ax3/CdCtcmd97ZoU45pCG9uT40EhyBS637reseWw5El2nDjguMdGrvWVEMNC0+ZljjUxOupXNBC1f0J/wScJAVFyiL5anGg0hDxMLmAFcaSAVYq8A
YQfqS2b7DR7FdKZqVQdLhip42NU0jFs4DnBgelD2jr9WARoF3NeAk3r7Q6xY8O2L82uxFmAeeLPRpUkODkSptzzba6KvHmWoaLJ4wA+IuwAVNxsBG5YNVmEmEWCvPg==
3BeGosEzvzv3yQZeHwSLtxB7zVqrgwS20wMaYed5HlrKQeQd1LOXFnMg/3T0ivzAxKdhABEx4i8Tw7PUalOkuoWA0k8YF98V3Xye3KTW8wxO7JS0s0iX7M8nJJGZr5iZsk/CQm9wc3XCLy3FJTrtqNNgPXy742YiAZzHUAy2MOfX5vclGin1j9dTXm9J/xV/MeBPwT+gH6BpcoBEvFIvRgcqTbFvY4vIIeypMPWSr9A=
uCD6guTcl9fV2avBWjCGNBHzvX3RaZ1D0W31OHbi9yEh91UWHUKZ+95T+1rvJnWgSHwNWI4QS0g1Pws52+6d3gHuIXivJg==
2KnZ7+dBgYrAljQWMuTPPJdL9hjdVqMgvPd3Yo2GG//n+zp1gj4wLQUna7djBLVTj/7lMaNR3i0W49OvzR33L3+vIw==
MlLFbzgJHZZA+7V/cJ93+tOBghsOheplNQnPPVmP/tJc0XvXFUsd/Muv8R6bzd2poNFoE61Ts+WJ0wGvXQ==
2M5oIXgU1weSHuiUYadgBc6bGUTEjew5lD9hhT8zAyYPWo3cuAD1JE5sszTFQ/NFO5JlovGS2QSvWg==
TRf1HeyExkGkxpZf43pF8DcZ/j0XlriG4a2JuxWc8LgkQfmrvVROksU1pKWviN8YWfqgH+k6rj53Yi0pf8vL8JHkCegleq8o
x82HWf0T1GHzqD77tvynq94FkHJIkGoXpLFmFjWV/5iLRUkCE5S3hYRlwqHt6EUzNJvvDW5ETPLWT6t6Z1apS+qRm9c1i718rm/RHnuNfSnAEQgTjRNTZSkTYa89
n7MT7jp5dfcUlfYiV9eMLzYhPAyhOGTmuB4Y2nJpaZrRK7edn7Cf0AkiwPeZwi625/qNgc9zC7hBvOmA1QKvIA==
/3+XHCdiXl81XRHnYybueepLIDvQTl3rgCwy2AsQI2xJ9BFaeALhv0fJzSkCPSrQItKsdCPP44FcaC46WUMYEmIPLU4nVBweqATY/h8q1o1iaiAqYT4QPjTUFw4nSS3QLgHyjxWUGPNIceJABxLFty8KalogiPXnBhUL5ko=
