sTETMmLDrv4eu0AKumgNLh9GJHh2F5kmV8k8R6ClqaxTYTUbZwMXW5VoKTtrx8hMXLka0SVraQ/0AseVito+cds1fuk2U2fxYc8g4YRkZxs9HUI4SiUR6q/J5PGldSkq8lKEPerVZU6rtt/G/ZD0Hi7Fbjlw0+08v84Zngy5J45TnhaRuLddj0l5eVMVVG1OgYOir+4=
MH6gfmHldT7A1dy40bXiks4Me7+Z0MimvsbO0byG3m/snW/7iqMuVUfDxkEXxic7rvvcTpDDtN16d9JDZMnsp7W5I4uaMX7AxXOvqdi40JGDgg1tHiEfMWtiIKZeHfChd0apsuXWh7TW9vzxNHkqZz/UHWpjDrY9pQbB6owxYkOPxws9Q4PvcE8mk7e4r/Q=
9Liwtz2SPYep6AvdMM2ki3z2i6wX3pP5OBPeACfmhs6+Q+gNPC6vZESQjOrQO8M/R2tMUz+5hJGEJMKddRaQ0rJDRoFRaW7TRgOi/bPzsnnuQ1kDWsuo5hxj+PVuJ4bb+Inwv2Hpt2NWUXIocQMbUeS47Gk38rmFEkHT2f8y9L5CXWw5Ixa9mql2CxyixgjJSPnWX0vk6cLvrnoVsdYVchDxflvbF59VD2PjGPvWJ8+Er8g=
08tdghmeBoZO6q/hFmjNOfqWmuTT9mkpU7qcfoHrixGDigcd87eiQVU7R1/EYVsbeycDmQFdGTtZUJUQkZs5Yfbol1R7EfiX3/berseP2ZC31vZLxAetR3+yinqIxL74otvy5wPdWQ1JaqheINLWWds4skpo9aH1/Sor+OeCy7AGIgKopbGv8w==
u5vfB2C5IJNswGCjvNclLJjw07PMFvHARb/JKCwcAJbS56n5q0OgU4mfqy1bTtexWyoj3e2ft5MMVTtnYyMTdemJWWchNCWcGW+Z3a6sx3hTBfiL59Ku4o87OWwvUmYnrFNtm4dWunaAsJ7Eeh8iS6tJ2ZHxzliS6Oa2JcM8oqaAIeGphU6bdG92awxeZlKEjaWv7w==
SJZZ8ywJBIA7pBbnAUX0C5jw07PMFvHARb/JKCwcAJbS9qH3rUyhAYmfqy1bTtexWysj3e2ft5MMVTtnYyMTdemJWWchNCWcGW+Z3a6sx3hTBfiL59Ku4o87OWwvUmYnrFNtm4dWunaAsJ7Eeh8iS6tJ2ZHxzliS6Oa2JcM8oqaAIeGphU6bdG92awxeZlKEjaWv7w==
IEZKLe6+tku5jVtFvNKCNEpsm8k0MnPJcaIVEOoT2BPEWFZyRVMAKt+951Oy3wXi6a/rKRNU86kU6RbrUmOWJc8jHhF9w87r9ptUviiD7M1yV6rzjElE141ZK5vC8YZwTdN3efC4+EFbIoXd5uFHIWOCGNb2nRgRD2ahor2WP0RelqQh3HlCN+c0lRrbzm4trSY5WuSxyrO3pwMtm8OXwMeGy+eQr9w=
NPee8ep7/hYTX8WLOIlo5D95bBOHbXvHNGeljpyd+xJWXydBmJmqE2YDgj3Tc1K5iEO6QzpLSKY8Y9i1zqcmm9iJkP+BadejtlES6NGDu5HEuMypl3IZRXJBMxmfshT+Il1MeYOWHdqJditcQkZoiaj5tp+rZIkCz65a1RFWtbIw8Z6bu5d/FW9jA1hbVoePpK/o
yaq2/BPhJGo3+hfzNZF+WJZwG3EWwIwUPayd/KK5zj7ZMor8n4fOjoJEIgkKSM4APdOl4Zs3X3ivk4fgY5e5OV8hgMurncd1S7cVpzkNFTItjnVRaQfq2n+az4t4AXM0BpDD5elWS0R+JZA9TbFzkPIkLE4uXv6p2un3BxlbJegwoOT4pl/n6nrk/I8BQzHIE+aDyBtWmpBq5pGrr+U=
RQlBRQ8ksVobZ6cp2+KHMM2i+feVCfHATb3fOngOA8bSouSw/w31AYmfqy1bTtexWy8j3e2ft5MMVTtnYyMTdemJWWchNCWcGW+Z3a6sx3hTBfiL59Ku4o87OWwvUmYnrFNtm4dWunaAsJ7Eeh8iS6tJ2ZHxzliS6Oa2JcM8oqaAIeGphU6bdG92awxeZlKEjaWv7w==
OXtR7jttLwOQ1OBo5cZAaF9VLmJvGJh1TcA9R7Swo5ZTP3p0AW1+QZx/MDNU8eUrFPVLg3wPfBP+aurTjtl4f8A3fuk2U2fxYc8g4YRkZxs9HUI4SiUR6q/J5PGldSkq8lKEPerVZU6rtt/G/ZD0Hi7Fbjlw0+08v84Zngy5J45TnhaRuLddj0l5eVMVVG1OgYOir+4=
Ch+tYkOYEvzxSkrcQipB6baxfxARuJ6E5dGShGdro0Muw0rN+1NKyZFCorMia2DWdCMQZSYHngugCShveYl/8/4RWtg5Y6Oh3LjUmY+S8XU6AXtJN1LsbprdNOk7NvUKQTZjLGpmcHmw+a7vs0Sh8gduEoV59g0iyHEmC8P318Wno8toMzafv7yv8A==
Z+52/qyC0GHVdxpK/hmdWy/PYY3MF22u3ayh/pdjg3WX95YrpbX2v0JtNnlvZVXpWdfrZYum99lLJiLV/feXe9wdey+zy7MdeQHZ77FchXTJJ9mVfkTnEEMN+IP3uo4KX3N5JP+6xk882+0TFz4anlD43oyq9wIju0HZmeGmeHo4rvZtE9QCzhCpYSEVJjucvz4rRI6Ocuydra/n
biC3rCZx1UBe7d4Oxl7AVj9jYB6FLDKPK3D8g9DCp0BURmZBmJmqE2YDgj3Tc1K5j0K6QzpLSKY8Y9i1zqcmm9iJkP+BadejtlES6NGDu5HEuMypl3IZRXJBMxmfshT+Il1MeYOWHdqJditcQkZoiaj5tp+rZIkCz65a1RFWtbIw8Z6bu5d/FW9jA1hbVoePpK/o
zhnOsZO0siRbyFcuYqSAcOZJ5n/LRtY1su4EY8YG2dnwYQ7qHRGYVqKSXESTVScGHyBPl0UBGKNLtbxZksrpsi7n7q218ybDYgDyywhO4OFT8CqJsZNLmdOS57WDgKIIxeNnN3SZGxOrv2Ox8eWZ80kINfih4/nppvB3/Asp+N9PLv7Gd3eZmGdOlmM0vy2Pb+oqkri8fnDywxJPc+VZRdmyiDaQKpZRC6DSYphNIT3tcosQ1/oLOFY64gDVia+7
/OXVg41JQdVJasl9dpk/I9KRgmwZCUSN0CM/s8ejz57vRm9R9o48+uq1ci1MbuCBk1CqafGzS/kTMmdVw66iaAVD59c0uRtzax/jUbHFmZOJqLUY4cP5iWZQ9xxLCfi/j45+JjdXmfin7haDdJ8t769KqnL4nH4QMmOSrzPFWSUZEgjW0AqWMcsAUoLYbSFdLdIL8JfaC1iWmmLglamv2w==
ib5+iEA865zGru4tkqrPzD95bBOHbXvPNnG32pGU5UBWWW4V1szYE2YDgj3Tc1K5gkG7QzpLSKY8Y9i1zqcmm9iJkP+BadejtlES6NGDu5HEuMypl3IZRXJBMxmfshT+Il1MeYOWHdqJditcQkZoiaj5tp+rZIkCz65a1RFWtbIw8Z6bu5d/FW9jA1hbVoePpK/o
8GSgKhgZqhEBJsQGlht+b7b6gAu7lBxS8yxXHhcocsXQlZZzSLu9zfsbh7Qf/x9p5RUhVe/tWOfLsd95e9tNa/nBTV6dAu39CasyFk/214d4DWtYNlwbSYn608jOScjxjX0r/MIoNGJOciZlaoVvi5nXvYSAbDzUxnP/5kqIpEPBj2mko2obZHv6Qlxaiomnr+k=
w2uE5nK4umX5MJvj/jWPROaMhJGU248DHdu12dtPz/BPW7f+ZYGJ8b+pELPrpdd9a/9lP7mV5foNhmVpqf96Uh/S/5N4GUN8ZhhTHSluW0xe7WClzSkD2NIsPHZuJm4hOiHHHxlDFSDQKHSA5mf34lqsjBeB28EAM+6T8NuuChgKrqGzr/0=
QBX7h2tjoyn/c0kQkXJnXgMWESd+Ja6BTN+gsyRRVevkFV6FYm8MU07KGlMeeSg/kBdO6cazt7Exr7BhNISX2w09UjhaBSEqXylUcTUVeWoisnQ92vU1DvsWT0YNMEReXqV+OWAzHfwPbmkenBn3ToO+JpHI1w1PmZnp06U0HQ6xo7Kv/g==
OBUCmwlm5CJ7BcqLNHKXaOSMhICWzYsDHdu12dtPz/BPW7f4ZYGJ8b+pELPrpdd9a/9lP7mV5foNhmVpqf96Uh/S/5N4GUN8ZhhTHSluW0xe7WClzSkD2NIsPHZuJm4hOiHHHxlDFSDQKHSA5mf34lqsjBeB28EAM+6T8NuuChgKrqGzr/0=
lm4w4+yxASDVV1s9HAHe7wMWFzFiOK6BTN+gsyRRVevkFViFYm8MU07KGlMeeSg/kBdO6cazt7Exr7BhNISX2w09UjhaBSEqXylUcTUVeWoisnQ92vU1DvsWT0YNMEReXqV+OWAzHfwPbmkenBn3ToO+JpHI1w1PmZnp06U0HQ6xo7Kv/g==
1M3OW6STXqSwRms9SfiXNAMWFidwPa6BTN+gsyRRVevkFVuFYm8MU07KGlMeeSg/kBdO6cazt7Exr7BhNISX2w09UjhaBSEqXylUcTUVeWoisnQ92vU1DvsWT0YNMEReXqV+OWAzHfwPbmkenBn3ToO+JpHI1w1PmZnp06U0HQ6xo7Kv/g==
FCyMbKy9i32MVUp/TO4pfZN6QThCl9QWOb/EoeLmwHqcfpb2hdTOipZEPR8BSMwEb4Ol4Zs3X3ivk4fnYpi5OV8hgMurncd1S7cVpzkNFTItjnVRaQfq2n+az4t4AXM0BpDD5elWS0R+JZA9TbFzkPIkLE4uXv6p2un3BxlbJegwoOT4pl/n6nrk/I8BQzHIE+aDyBtWmpBq5pGrr+U=
V7Z2DUgKASNw6ahDRPeblVfxZUaFp39JKmIqDuYJ/RNcc6lRThZ0KpKNuun4qUKgvRHUaTapJfLUGfYrIXQdN8enjut2R84rUAkYDynJrxNukSq4iaNTgcy4xLl/UkEVSoHrqecSvA6q3cTJa3alqtG204waJkCZoPm+j4OEUVK37oIlqTbdAbhxFusTN4elNyM7iIN275+sr+A=
3+RCNfdUItp6x8pxgR+EhlfxZUaFp39JKmIqDuYJ/RNcc6lRThZ0KpKNuun4qUKgvRHUaTapJfLUGfYrIXQdN8enjut2R84rUAkYDynJrxNukSq4iaNTgcy4xLl/UkEVSoHrqecSvA6q3cTJa3alqtG204waJkCZoPm+j4OEUVK37oIlqTbdB7lxHekTN4elNyM7iIN275+sr+A=
v7QmsgO3o8aieSTpg0zC1VfxZUaFp39JKmIqDuYJ/RNcc6lRThZ0KpKNuun4qUKgvRHUaTapJfLUGfYrIXQdN8enjut2R84rUAkYDynJrxNukSq4iaNTgcy4xLl/UkEVSoHrqecSvA6q3cTJa3alqtG204waJkCZoPm+j4OEUVK37oIlqTbdB7xxHOkTN4elNyM7iIN275+sr+A=
oR/DAH2x8NkBm5kzGXCxLFfxZUaFp39JKmIqDuYJ/RNcc6lRThZ0KpKNuun4qUKgvRHUaTapJfLUGfYrIXQdN8enjut2R84rUAkYDynJrxNukSq4iaNTgcy4xLl/UkEVSoHrqecSvA6q3cTJa3alqtG204waJkCZoPm+j4OEUVK37oIlqTbdA71xGu4TN4elNyM7iIN275+sr+A=
VhbU3z4rRxXuLFfW45YCjFfxZUaFp39JKmIqDuYJ/RNcc6lRThZ0KpKNuun4qUKgvRHUaTapJfLUGfYrIXQdN8enjut2R84rUAkYDynJrxNukSq4iaNTgcy4xLl/UkEVSoHrqecSvA6q3cTJa3alqtG204waJkCZoPm+j4OEUVK37oIlqTbdALxxGu4TN4elNyM7iIN275+sr+A=
