5eIZ4zqoYEIhk48eFLhd01aqxbT+5oRj+Ze6stFbIx+00f6rovxyydR8wawLwEpgtNTZuznl5D1mfN1CZ9qzhaw/zXW4n569ejzrmiMj3i1Fi9GAbQ4fMiVin6nW1L3+D74YrNAhu1QPm14D5ZmLkfbh/QVVGT3yF5/bKm8WlVCIb2gIjcCrUnVPYwlbHr9iQP6Bo6/t
VuBZvb8T+k9323noJ1wnWc1T7/sBH7NKCn8zW3ks4YK3FVT1XC6kQPvlVDb6tqFHPRM0atQuk8/Jib8z2Y+YufLvQuIvUHNVgo+tZWUa7YiTwL3c+8NmAkE8R/BMljDHl0Z3hVoJ9a+X897PCd8VX3FAz2F/gB+AKdIA4fxyLWZHgM0RJ0OL6GNAKJC1ua/r
//DkAalIwEKvPetW6IkirADMGXeWwH8TBFOMeIzDnxdsI8KUk56zNBLNAwJ4s7RFzIHizMC6NOlIF9Vd/fOJNFPVpZBW3RHhRPLExBMpJAIHDyPj9T8kvgyyMwvhhY/HYfNYXfqDkna3DJNR6sNd0R0m7azbbC2Io99GRumw94R0anCjH6onkULVlSt/P6778WOV+7ls37WnHL9EAd4wFUQO7YJP7B2Fvx9r7AsM2CTNha/P
+/R6TX/vtld0RcPe08Vc/BElJB5eNMTxqeYDIph6EXyxMSboY53VAP6vmLD3YoH7rpM6c/YnWKiQkJRW7ylPi0SorPEQK10tUWErGWFtTO6D+6+rFZIhYI7VHUOovPbtnp3woton+PWmo4uLPAnvtyGzIYxkQuVdD+U7GdzhnLO5CSM0pbu+r/I=
5rINzl9JXLcp62qhNpCX6wUUHjo8Ds1vGtw9SLOjqpBTKXg9VSMrE5xyPVxd+eJYB+xIgGJXfACzKu3bgps+Y9J/JOgsSHDGa6Ej6+hgaAE0E0EtTVkP6aWl4I7vcys78UqdIPKNOVOstNrN8tW0Ej7fZHU62+87+MEDlw27JZxAmhmds71fiVhpcFMVQWdEgYOir+4=
tCn6kOkAwVojhTZjsFmEMAUUHjo8Ds1vGtw9SLOjqpBTOHAzUywqQZxyPVxd+eJYB+1IgGJXfACzKu3bgps+Y9J/JOgsSHDGa6Ej6+hgaAE0E0EtTVkP6aWl4I7vcys78UqdIPKNOVOstNrN8tW0Ej7fZHU62+87+MEDlw27JZxAmhmds71fiVhpcFMVQWdEgYOir+4=
vo7dyg4/bLqGRM+u1JysD+W9vhR6xq3kSgYltKBag1+IRJ3M8q26gfQKGz/COGbmZX4Oi67WJExHiUXtTMbkOEtt9G6om6B/TVvU8kRGUzf5gZ/rCScYAQInIvo/uDMtMgcNPTUy7bDjiF1Ea6um+nE0ZyicPrB/Z44XnUrhtdcne36XWfcVZwEIL/nv6N94GdogOSzard63SK0JN6vLkNPIiMjlka/T
eYC67e9vqWw1OmLqb554HNSz4uyYTuufWLTSbjQYApSX6eSw/w31AYSSxCRTSaSiQS8gw7WfpN5MUjNrIWUPZ6HTWH06IxKWd2yTsaqj3XFdBu2Mm8yt6OM/RiYpUHcktEpwg98Kp3GCtZXLP18uW7FDldv5zF/V5/y/JME+sLWELu2ij0ydZX9/awxLbFiEjaWv7w==
4Xt4EXI5iFAMFYuUidmJBRMJ8tL2klZZkK5+D2U5IFSvR+sFcQ0fQwJInb2Rhi5yvImuFhdMV/2QcOU8AsAog56owa5nSyj/jKsQK07IxlxyzllFCbuipJqpVofLrcfNbUFXYarexZcZM/NedwCY2fubHtBwXXhRxrrcCy41cA8NE4rFCYcn3xdUgs5zPVkp3QHqjdoDX4WVbOOXqK/k
+bBx7N2U1zWNj4iBQQRTYVBGNH5lEc1vEt4rWuexqcBTbDV0AW1+QZxyPVxd+eJYB+lIgGJXfACzKu3bgps+Y9J/JOgsSHDGa6Ej6+hgaAE0E0EtTVkP6aWl4I7vcys78UqdIPKNOVOstNrN8tW0Ej7fZHU62+87+MEDlw27JZxAmhmds71fiVhpcFMVQWdEgYOir+4=
3SWIjjo8p41uy99yQEIQxRa5z67n6YUw4567ssVOKSW0j7HExJIb091r2KQ09mcH/JiI6WCB8SFsFPAEY9n1i7c9zXW4n569ejzrmiMj3i1Fi9GAbQ4fMiVin6nW1L3+D74YrNAhu1QPm14D5ZmLkfbh/QVVGT3yF5/bKm8WlVCIb2gIjcCrUnVPYwlbHr9iQP6Bo6/t
p3tFCSVRm1Id//apchKHVyJ6APihBX8KLH8pfQjH9Fk0SgT8YxHEunA2INuFh8SGfIrzs5E9b/8RS9jlirtyzse0U2ma+71pbR7tlKvUzbDT54b+mQgXvATS8BtvkscpMm1VEw8HTkOBW5XDydQ/jdckf/xxZtAtNLZtOj/U/T3Pp6vUezQ4nL29r/c=
HwGfEQnkmmJtkvXwD5q2tEwxLnNMcc/oER0uZMVweMa90xRuWXAu88V+saOJmrSHbdiBwXOOKj/WNkZpQkkM2krTBQZwUoTxW1vPtWlddiEkgqUcpem6uI+4oYAKh/RgazqVGxrrhoPaT8xohLh45pMRuyvQcLChvMNpLWWJh0l9tdhOd8PTG/m6NaAavTGzFMRCDYrFbHK2Dwx10otn26DR+9eVS538SKpxHRvNV6kg2egTLVE/5AnTiq/G
qMoen+GmWBFHjfnJIvkLh9Sp7uGaD6LXR6OLY3hHXsaV8KWw/w31AYSSxCRTSaSiRi4gw7WfpN5MUjNrIWUPZ6HTWH06IxKWd2yTsaqj3XFdBu2Mm8yt6OM/RiYpUHcktEpwg98Kp3GCtZXLP18uW7FDldv5zF/V5/y/JME+sLWELu2ij0ydZX9/awxLbFiEjaWv7w==
36EBJEmBRX+LevKz8Bgzsrium5uDkYGUxoRuQr+RkLg4k8NtBDar57nKajap7LRf9XyMYGYstm9AbkfFq6pwbyKrfnY+JCb3QfuEeU3EhXFxxG2dcCoJvAlBDgg7Ah0Btj9A0N+SObu2Q1LTDhcQKFjgrLZHeVdLPBhE0Ui7lS2Z8XM5id00LpurB0st4ungxuXl48Bs7q0mbdjCArew9W4z02sUeVd3OePJLBxyLd1HFQN5dDGE80G5SxR9K/avug==
0sKnGiQGXCgwYPu2Zbc7R9gtIfvaxIohOxikTx4jNiNDat/q3TkcrmkuJP+phKVxEQTNHZBqKbxpga6I20w9AZb/IFB/0tm7loMyU65X8Ch4IMw25zm3SxzYJFHo+3UtebHTuekdFC5766fLTSLJ4CalRWOgrM6txi14QmJ3kPVOczPrtLk3dxmjKay8sk3dZ1Xj+dTx5PNh+auU3euWr9o=
/kzLbHRkny+X//oNg1cPnNXtlD4c5W3LJvzuAd8AuF8SKzIjR2LT+sEh+I4NFtjP5UxhMVXMAW0sko3czRkyGFfEuYESd6zA40p9WzL7jqPiHzToPGgABpsBU2t4wDhB5PNxLX2536n1BXAOn9Pb+4FqjSDi7QmTHNRqTWK15NLu/xR1yvu/eyghkxe9W5XccHoJnaOdr8koyYDTheG3hNHjkq/e
wEtVnoUCmXt8zyp2OPacgFI2VOOgj3PgN5F2d4lUvj3bjamzo8TkTnZGm3EWlphtO2re8IEmeuzxu3g0tGaHV7yoZthhsRERLEQQlONJVVv3Te2FuO++TbpsSwqjs779hbuxsG0+fwLlsv85VkQdrs9OONzQ0ZskT0v+k2UJa8G20R01VSndwlfPO7rvhjWAyB9I+I2wi6K1H8OZ247fsoDO4ZOv3Q==
1lb+h5tjqdYmGZAXYAaeERMvgsF8EX7Bd6McCPwRzTTCVwgvMCNFZsnyuxXqnh/i4qf/aAMRt+hbhRbmXwyfLchQDQB7wdCz9ogZ/i+L4I80S7i71khezJpuIfXB++p0Qsl+d/Ot/z1FIY+x4p4NJ2GTG87vgABJU3umoLidMAEemrQ71jUIP+Uz0hXBx28vrzQqXuu9wbm1oRI9ksOX1c2My+eQr9w=
jivSphs3AbF0/Tw3wyuo6NSz4uyYTuuXWqLAOjkRHMaX763ksViHAYSSxCRTSaSiSy0hw7WfpN5MUjNrIWUPZ6HTWH06IxKWd2yTsaqj3XFdBu2Mm8yt6OM/RiYpUHcktEpwg98Kp3GCtZXLP18uW7FDldv5zF/V5/y/JME+sLWELu2ij0ydZX9/awxLbFiEjaWv7w==
4jXOKFNkCdj0f04uPrsTyH11ehWZHWHPIWqi16PY8QVHV2IV3f2qHmtsizXUAEGhiE6kGzpYBeY7a9T3iLs004KIiuSWXt3NtVt+7N6Zsp/HrcvViXETKXY+eR+doxfmO0BUId+LGtiMfSQZAkp4k6K1/JepY84N1adb1xNEprY//ZWRuZFuBWZjA01RXIePpK/o
J7ZuSiafd/Ub+DYWEgFN5l5oA203DWdpdGm2Jn8M/21o0K1KHM4wc1YIuT7Pi8DPlMtY+7ZIfgw67kG1IfvKNCJJnrfTrd/9paHv8cKe7WcBE7sOz4BgCbP7BuCYndDBvhoU+zY1aH9Fs3JVocdP7w+0Sp4LveH5FSHy/fLDtxUtDKunsK/8
BLFD0ryDrAX8IHZX4dzSf/SWyoeL6vsDHdu41LRGx/c8SK3/bpHR8azkULTjqZU7d+0tZbiP/u06jAtqo5N+XQXb8ZBtHj9iZRI/GVYkXU5P7ni80DFbhM8rPnNlKSthNjHdFVUJHSLXb3ua72b14Ei/iBiN0MsCNf+D+duuHxIArqGzr/0=
luvvIkM5GZH28FyPqUL+01xoA3w1G2NpdGm2Jn8M/21o0K1MHM4wc1YIuT7Pi8DPlMtY+7ZIfgw67kG1IfvKNCJJnrfTrd/9paHv8cKe7WcBE7sOz4BgCbP7BuCYndDBvhoU+zY1aH9Fs3JVocdP7w+0Sp4LveH5FSHy/fLDtxUtDKunsK/8
NfC6oyDGjzmd4pIf9GUQT/SWzJGX9/sDHdu41LRGx/c8SKv/bpHR8azkULTjqZU7d+0tZbiP/u06jAtqo5N+XQXb8ZBtHj9iZRI/GVYkXU5P7ni80DFbhM8rPnNlKSthNjHdFVUJHSLXb3ua72b14Ei/iBiN0MsCNf+D+duuHxIArqGzr/0=
Hb9v6TrgASAEyK9sZff3L/SWzYeF8vsDHdu41LRGx/c8SKj/bpHR8azkULTjqZU7d+0tZbiP/u06jAtqo5N+XQXb8ZBtHj9iZRI/GVYkXU5P7ni80DFbhM8rPnNlKSthNjHdFVUJHSLXb3ua72b14Ei/iBiN0MsCNf+D+duuHxIArqGzr/0=
gt3IA8bjMl2rSwSskq5leer3UKzBuOXljXOVj66A5lABy5ypyaN2O2jr1V0sdmSIK900XsKor08taxRCJPbTh5kxX9tpFxgxYhfiSl8Is51St80NVQLtgIO4nfQLGyZKEYSnGPwOsE8HvtctKlE1Z0fLvqc5xxVXYTjvSY9YX8h5auAOTOqt7td4bblXG0sgs3hI+IWhr+M=
YgPkbkTifNzO9c9sMs6BQSddvfHYjR7lAyr3tbw/wZaY1vjQ/11weqjSRc2RbgxRfNuw0l6JxlEkYkRU85lk8iYdL/PVz2QO7CKzm4E1T7dB41hN2vNSxtecE8EKcx0hPTbtvPucbThDT8bWiQA39FR6cLM/2uchIkUVu5+P7gvRc5XrmZyfBUeMP9RhbvBiZB7tkm+c3TXfj+t867yY1O2Vr98=
CwthYif8bd15Fh7WPFddmhB7zVqrgwS20wMaYed5HlrKQeQd1LOXFnMg/3T0ivzAxKdhABEx4i8Tw7PUalOkuoWA0k8YF98V3Xye3KTW8wxO7JS0s0iX7M8nJJGZr5iZsk/CQm9wc3XCLy3FJTrtqNNgPXy742YiAZzHUAy2MOfX5vclGin1j9dTXm9J/xV/MeBPwT+gH6BpcoBGvFItRgcgTbFnY4vII+CoMPWZr8s=
CwthYif8bd15Fh7WPFddmhB7zVqrgwS20wMaYed5HlrKQeQd1LOXFnMg/3T0ivzAxKdhABEx4i8Tw7PUalOkuoWA0k8YF98V3Xye3KTW8wxO7JS0s0iX7M8nJJGZr5iZsk/CQm9wc3XCLy3FJTrtqNNgPXy742YiAZzHUAy2MOfX5vclGin1j9dTXm9J/xV/MeBPwT+gH6BpcoBGvFItRgcgTbFnY4vII+CoMPWZr8s=
4ZcMtG5pTepBBJ0MvgdjQYP9WFGDUuD6DaUSEB9jQwDvcNUjnUBu8a7gVhcjhL5e3wkqHn7XWUKmcHjMVZQ9P9iX9kG78XM5aPv//WmW/qTWHFx/W9M9FrKqJ+adkN7a+Ngfic5xiiquI3jyWlvOnOeM93BX83S9kYvYJQr7cg5HdFMpGru9qe1e7dQrFM3wU6eGPhnIF/yEEvDb79LH6bKtVVOPR06DARuVg0kUP81XZH888abQaLR2bfq/lP39T2erlPt0OFw9/a+3
0J9XkFfa4CDuOfvk3zYI9KMBoUHR6JM01HodidRHMl8I3nCmCYv3i/I/3101HXCzqXr2tJ12LHVF8vE9nJKdAE79FWw9KCczpSFAyrKesvW4h17SZn9m3/cS65TpBFxBqjkh2EcXrVvBYkWKXZcaINje7fQemIlMWsJzxdkPM+kqECobBkiOrAouMZURexoUsomOFwOtD121YX/REh7dR3HTi64/gNDpwzu2gGgdgCEu2gSb5jU4n1Xz4jVxRz8Pv/S//ru9kVklYQLdwkPnNb1Muwfgr6w=
BLMt+5/JnP3fwSVw/7s8hSenu0Bop9al6+WNPIx0uNexfv3FzdznQVAXDfZtig1nXVL4mF8OFGHnDWmt3PhoqAN1LWcHcZW5eFPG8UrQM7ZDD8bBdYfJjG0CBz4VjoeFtvhlEj/yQGAQ7eMYv3eGr4U1E31GbWWJ1ZWlfqdzQ4YPuk28OCYwxE0M8x5Fo7slOzKnjnDyma+v4Q==
pMLwkOrvIjrVcjug9Hg18T3aZQhjZXMVtzgFLkBZ25+mYSVJHgCqxy0py0ughWeKy4PsKg7HIJOGyOleXwtwL2QLaJvGSE4syi7xFVF7WpTyiU6Xw63P3XVhP1FSHp3HsdNLLv+AEGmDO/YAKB1Aoe7axBsmNXgfFfOitTFH/49/9H9++73R2WVhQl0CQye1fUz7h6Cv7A==
FDq3Ul2LrJ+IuHmNDNbuXV9SeMo5/XvJ/fhQFJz1aTc10M4eXaEUGQcsP3ShjnBBJH7t8i+8XdUfL+vcq9wY9C11rz8=
TJZYaTI3dg4Uvm25WRs8atApLfPf8Nk7NSXrXwRqVSEQUOPE7CwPvGprYuC/x+9xGRDGPv0zeZpdrLTx3RNnX8r/OUEyz5+/lcU8SKxX8Ch4IMw25zm3SxzYJFHo+3UtebHTuekdFC5766fLTSLJ4CalRWOgrM6txi14QmJ3kPVOczPrtLk3dxmjKay4sk3dZ1Xj+dTx5PNh+auU3euWr9o=
aznO91kZzl5aw1wEOwnyA/dE6EnXTtczpoJQN9sPkNe7LQHlDVueXajTS1yFWT8WGzMDghUKUvcQtaJz1MesnhrcyOT5sjWSYBH/jBMc6/BU8AOg/dwCpea5zezrmfNTj/pkJz+UETPp+X+jub+Y6VIfAvLP4POFov9t9QUq7dgzMP3MG3Pm0mFMh2AspjCXN7Y3lbq5dX+3gx5fae8VD9Gwj3GfMJ9QCaLAdZxCLTbncI0Bx/MLOEMw6ADVia+7
IWcKAaDK+ZD+x4wCPq5CDJ3NBc8S9xAyRqIv6KRbCnXAllBn/H7xTji/DuK1jJl+wkjW4n3q0vVhCMrBsOZY7Zf2b8q6eV3UGD0bFCOTosCr2b2pdfVoYCGI41/UqcogMj2CQKb3ObmNOgx/AQ0ogpWmzboqtFIY8VCcfSA7SGqyc0qzxkeoqCAw5JZfCb8LlIg8MQCLjS2BwTvZ8U2cbnPbH2tlMpFgfrUtg9hcxm1O/WBiyseo9XbDm8us6b83EdPRzFCilV2/RctZbMHsM+kps3S1G+6vog==
zB6f2kwbBJGXGt9JUAwRXApgbw672JSEgMwqFgTImfvPOXfY5HBEtbmDuPq7t6fB40Are08cJXcHxx/wOwDWuZ3YCPOBmPj7NXBZ4hp0TKyXS5qlWQeX/weUdi6jPYmJbUH67aqDD6WlrHN3WK8U
oA/Pl4N5T7nWaUOjmLTle+nvkQLpo1JW+D1UKGQlNoCJ1rxBY7anyexi98l+tUY7+FpmQfHnIfnSkZ0/Z8kFMfjbVkmqCIP+A8c2GVX/2YRtChdGNVZ3Tfaw1crfStDokGVzoN8vNmdFfWMlZpV1gdWdtYaHKzPOz3L95FifoEzNhGOmpXsLbXv6V1ZQiomnr+k=
XrbJsYym/n1mB5qVGSIVKlal0q/785Ve+Ze6stJdIx+00f7EyZJ0tbMCz61Mhh997sHOv3je7jVhU8kdcvX1i7c9zXW4n569ejzrmiMj3i1Fi9GAbQ4fMiVin6nW1L3+D74YrNAhu1QPm14D5ZmLkfbh/QVVGT3yF5/bKm8WlVCIa2gIjcCrUnVPYwlbHr9iQP6Bo6/t
aznO91kZzl5aw1wEOwnyA/dE6EnXTtczpoJQN9sPkNe7LQHlDVueXajTS1yFWT8WGzMDghUKUvcQtaJz1MesnhrcyOT5sjWSYBH/jBMc6/BU8AOg/dwCpea5zezrmfNTj/pkJz+UETPp+X+jub+Y6VIfAvLP4POFov9t9QUq7dgzMP3MG3Pm0mFMh2AspjCXN7Y3lbq5dX+3gx5fae8VD9Gwj3GfMJ9QCaLAdZxCLTbncI0Bx/MLOEMw6ADVia+7
RndBLhaGZBlSKG1lf92A1h9RJGtlG4R1EMA7SqatisBebDV5AQIYL/VlNCQtgZhKXqwemD1IaA30E/TKrps+Y9J/JOgsSHDGa6Ej6+hgaAE0E0EtTVkP6aWl4I7vcys78UqdIPKNOVOstNrN8tW0Ej7fZHU62+87+MEDlw27JZxEmhmds71fiVhpcFMVQWdEgYOir+4=
eqfc2hS+x4R/hxrAe6AAgxB7w1Kv3QGxzlRObqgAP3Lwadcy55qXF39hsHOxmeXX2aZhCR544isf/fy/al6p1JiHyzwLB9wQwz/Gz/rFuDhip7mNrReCw4kpP5OZr5iZsk/CQm9wc3XCLy3FJTrtqNNgPXy742YiAZzHUAy2MOfX5vclGin1j9dTXm9J/xV/MeBPwT+gH6BpcoBFvFItRgcgTbFnY4vII+CoMPWZr8s=
z45EJfrxB21G/XgHt8I1ONuTgXMGJUWMxlA8sdej/8j0QiFZ/shiu7+NPG8KbqnEuHeLbOu3XIBjTwYfmvW4KEJX+d1NpwJTKVn/Q/mfmImSv4ISj8Dz5WJf7RVFCu2485B9LFtT5rKh7AeAbIYw9/cWt3X6mXUfdyOevynPFW8REA+R3xCfMMkCQJXcYi1WJ9AN4YfTC1iDkGjglamv2w==
r2R0kVbyQxtP4DBYy9qGB9ZmBD9Om9geeL3Cp/v7hWbZb4r6kpXTp9RJbkxJGuQtU7q/5YxOLwXO2d63eNb+LUEr+dWyvYUzV6Vd/TgXDiUahBtSY2vu1WWTwYhtBg8qBZqv4ZYcTUZvJogkUKkrzO8jLkslUbvp1vntDVURLeo35+vir17l6Gj8+IANSDvKFfeTwRtWj5pg5pGrr+U=
8ckhqgFxN+YXFg0up+mBq2D+JZ0N5vJU64MzMb+bvRBoAEbxmoOFA1cT4NoxT49MrZhWVX5dMZefvIvCaX+yjMMTJkXJh+df11RJTrM9makdASoNGgOfBVVsIxdoryQ=
LAJiWRs+Z6XGX3pRjlNmth0DufxHevzyRY87JDEoOo1KPSWv82w3qv3/JmR/Q8p93WfTBzvk1aYHfW2BAfEGVe6jC/35PN8/fK8w
IbfvbYmlBIANTHE9dd+60l2D0qJZXASyrU+wOgFPf2z9WOY17t1BN0/8uyJ5f6Ls89N25TkHd79nFJluwz2pyc3BWq2Kgy/lBSzTN3ivNA==
FRMx5rE/N8jVMY+2yBmK5w2BotN8fj3PxXRl48hQf1ACEHTN34f1ZlGq2JjAGF+d8g7PTf9AH0CpkgCqfLItpsfAzVGng4so4wAo0DV5rys=
H9N3/mwlFMo/DE/oe9xzZA7y34l9G2TTxHh748hQf1ACEHTN34f1ZlGq2JjAGF+d8g7PTf9AH0CpkgCqfLItpsfAzVGng4so4wAo0DV5rys=
wdVRiNVtR7DsTziTTi+uiPe6iFcLJoectTwomtmfhGL9D8O0iYhSXQJ97d/bTC9a5f8+FGdj4o2VpxtX00RtNn/91RH5ka6FpmNDzRFcxw9kryg=
JY04YJJAczOIadaZnJCHj67E6TJH2PPxZAId662YVbcwDD+UStykuQc7lYL5BigMeITfGXqCX/lnvL/kQf6wfgRu7eIPjJ2l/79rTMssWMQNZa8v
jBwJfNbMqDKKqLXdQFHUZbDr2Kzw7dBnSSLd7ZImfQeVzIWLeMj/2JJo1GWvXzUugZK4cPAAX5Xi9u9lDxhfiPkq4MLMKq0uV7ht+ddbS2AzOEg4BWGvIw==
U6hJWtoQpmLfh0tr2v5GsB8DufxHevzyRY87JDEoOo1KPSWv82w3qv3/JmR/Q8p93WfTBzvk1aYHfW2BAfEGVe6jC/35PN8/fK8w
VoQWVH6xl9X6E7xrNhHpbhoDufxHevzyRY87JDEoOo1KPSWv82w3qv3/JmR/Q8p93WfTBzvk1aYHfW2BAfEGVe6jC/35PN8/fK8w
w/RlUG6IzAREYJem2fIaTF+D0qJZXASyrU+wOgFPf2z9WOY17t1BN0/8uyJ5f6Ls89N25TkHd79nFJluwz2pyc3BWq2Kgy/lBSzTN3ivNA==
GzsWF+JQcYZq1jnhXAEwzl6D0qJZXASyrU+wOgFPf2z9WOY17t1BN0/8uyJ5f6Ls89N25TkHd79nFJluwz2pyc3BWq2Kgy/lBSzTN3ivNA==
l/L7w6+14rF0k+YGbjduV1yPEnill7UGYTi15I8cTEL171iquc8H/FU4PoWmHQlnt9yT0mF/upzb8w418Ue/Dz/0Mf47vRFZpWGC3UJDZzU9TDsHYK8s
DINvnZFKKmTr/DHI5D3qfQ3y34l9G2TTxHh748hQf1ACEHTN34f1ZlGq2JjAGF+d8g7PTf9AH0CpkgCqfLItpsfAzVGng4so4wAo0DV5rys=
8+0CM8TiNl0/rxS4a4nXSg7y34l7GmTTxHh748hQf1ACEHTN34f1ZlGq2JjAGF+d8g7PTf9AH0CpkgCqfLItpsfAzVGng4so4wAo0DV5rys=
rBejSkXZOwS1Qb3En9tU4w3y34l7GmTTxHh748hQf1ACEHTN34f1ZlGq2JjAGF+d8g7PTf9AH0CpkgCqfLItpsfAzVGng4so4wAo0DV5rys=
54z32vofne6We0vFiwR/lBwDufxHevzyRY87JDEoOo1KPSWv82w3qv3/JmR/Q8p93WfTBzvk1aYHfW2BAfEGVe6jC/35PN8/fK8w
ZX3HJnK6kNgolySjp8fTKgTQi7x9Il2Em0qwOgFPf2z9WOY17t1BN0/8uyJ5f6Ls89N25TkHd79nFJluwz2pyc3BWq2Kgy/lBSzTN3ivNA==
P7/ZxrZbyMweETIwA/jNvQ+BotN8fj3PxXRl48hQf1ACEHTN34f1ZlGq2JjAGF+d8g7PTf9AH0CpkgCqfLItpsfAzVGng4so4wAo0DV5rys=
SQS2hDBqVGmmCJRzfSHyJA6BotN8fj3PxXRl48hQf1ACEHTN34f1ZlGq2JjAGF+d8g7PTf9AH0CpkgCqfLItpsfAzVGng4so4wAo0DV5rys=
MvkY2xd1DA9z/RrUerK60QiBotN8fj3PxXRl48hQf1ACEHTN34f1ZlGq2JjAGF+d8g7PTf9AH0CpkgCqfLItpsfAzVGng4so4wAo0DV5rys=
NZaNdoL+hXkQg4aSnZz3xK3E6TJH2PPxZAId662YVbcwDD+UStykuQc7lYL5BigMeITfGXqCX/lnvL/kQf6wfgRu7eIPjJ2l/79rTMssWMQNZa8v
5A8tK+hlZp5Unj8acP3klWu9ouYzIbn1hg8/KS6Gn68h0CMgOImwLR+LkYRlnie//NAtq6jZZ/cpg7lsR1Kd3bf107lEkZRzMdkbVM0LZq8q
WwANe5qvsPlNQDb0KgO1byibhqUIG8Ssmg4zNy6Gn68h0CMgOImwLR+LkYRlnie//NAtq6jZZ/cpg7lsR1Kd3bf107lEkZRzMdkbVM0LZq8q
Uo0MTVhv4w+8l06FPDRYKUv8zFluXPPwrX1RAv1ZVK7f8uZ23GezaUU0pfxgQrzGn982SIeHs47PMn2kWFAgjM3E4+alu4utezrXFlDKCWevKQ==
ec7EMPuZZVRfLpy93nk0cPS6iFcLJoectTwomtmfhGL9D8O0iYhSXQJ97d/bTC9a5f8+FGdj4o2VpxtX00RtNn/91RH5ka6FpmNDzRFcxw9kryg=
T2PiCvX4PmqcyJk7mpcpWhJA+qlqLGLemYVs8h+uXqqsuws1pagdYBDeBFofQ47U9xsLEi9uxXgojJjQDZjbOtVns/GbJu8KINYxe681
ZvBQSguogSigf9PBp649jGi9ouYzIbn1hg8/KS6Gn68h0CMgOImwLR+LkYRlnie//NAtq6jZZ/cpg7lsR1Kd3bf107lEkZRzMdkbVM0LZq8q
zESXiQ8kOmiLnFbFuPU/m2u9ouY1ILn1hg8/KS6Gn68h0CMgOImwLR+LkYRlnie//NAtq6jZZ/cpg7lsR1Kd3bf107lEkZRzMdkbVM0LZq8q
3QGReXHr1hmYExVOw4IOHa/rH6HWo+Lsj2nBga6AokMP5Zz3muYpfEjf6zQ7fxz4U6cmB4r9uBAyfxkFHe/Cq5kxX9tpFxgxYhfiSl8Is51St80NVQLtgIO4nfQLGyZKEYSnGPwOsE8HvtctKlE1Z0fLvqc5xxVXYTjvSY9YX8h5auACTOqt7td4bblXG0sgs3hI+IWhr+M=
W2JkjXNyePVrvMbcjjsYQSnn+gc8stG+7/iNeMl7op6ycfvzhJ2mCAleLPkD7hcBLCqHkV5NVjP4Una50b9RsRJZLWcHcZW5eFPG8UrQM7ZDD8bBdYfJjG0CBz4VjoeFtvhlEj/yQGAQ7eMYv3eGr4U1E31GbWWJ1ZWlfqdzQ4YPuk28OCgwxE0M8x5Fo7slOzKnjnDyma+v4Q==
IG7DhJgerRPSod35LokNN8yYsMMDR5CReUY5ZX4F1lXoEGMKHl1SYDbcvfmJcrDPLdVMZPVRoCp2vBaYNVhA7cxDrApWK2YDeo+saKT4mGYz0ZsrMDAQIdwDSS1FSefJ3fU4TlcDc5sZ+hWgen2RM/QEIg2qhYzyFs9sdTLLx1vAEdvXdQv9fOPqkR07DTcpgJnIE02Rn2Tpk6qv5g==
xC5GmLC8GWjrWWxRqKKn/g34bkadtzpqb2luBcBN/hwVOuhxRHgQMJuZr56Wl3v5ulSDHXbyMPDQWPMUBjUaD9q6oIcwW9xjCggCFD7+pX1tm0a8hrlaj8+tw8VhUUt5Tv6hr+UDvxazwNyRN2uiqNS93MlaKlCDqrX0h4GDFl2t54MnqyTFBrd9HeERMZa1PiM7nYl875+sr+A=
E3AQeJ/tot4aomduBAT+Q46aXAzXm7g/lQIoy30uAyYPWo3cuAjwJE1ssz7FQ/tFO5JnrvCS2Q+vQQ==
2uLoJfwPRASBOfrc/zn5OnWK4+svOPSFRw8wuxWGoF/tuquCr/4lCOjcuOANqPvqlZfTYRu2T7rghtELr0U=
wHJa1z6kSAiwMwJ/q+t88TdYmfRKTg5oz5TxReACgGewJV7Ww4BfFRyN1TQEwWUwV+R/vPEm0Oa09m16vxT9fU/nqxT79DjcPX2vNw==
ru0/eYzsms1/TCR+shNGPi0QqiHREkUMChWLcQHjT4rtokqDw9feqwUzBBYXw8ygocPYTP3MHoAJOOgicJb1zZmLYqYAdX/y8GnvlYHHL69vNOHeK70BOfWhUr3Sw9dVjYwLZ1CvHA==
yT2Xwk5Sqydj2F8dDCxJmphSxjMVzj9K6Pd5V2Tfp9vWUk0TFoSzy9p4h+zktEtwOobqBm9JC+PAUro1RQbSAf2Rm9c1i718o2rRHXuNdynAGQgTjRFfZCkTaq8m
9KVkjY7WQvyxVdFxvPSHin/40k72+HxJYM75mCxrKCX3mMht5jBDLKD8t8BWXk5my7Gnc1zaPrXBjk6RUek/N5HTUczfohVdP0VLWezBbDNpKTN0NRturyI=
9KVkjY7WQvyxVdFxvPSHin/40k72+HxJYM75mCxrKCX3mMht5jBDLKD8t8BWXk5my7Gnc1zaPrXBjk6RUek/N5HTUczfohVdP0VLWezBbDNpKTN0NRturyI=
RTKJ/Xaz6BmJXBPw03vD3auV/Uyoxmx8/sniSmMQVt+6tWVscgV8lCGMQljtKOwqnLaZBV07Bh789QNKFNmr3W3nQ6drJIWG931dYVEx1jV+I3sdSXwvH2yvIA==
9KVkjY7WQvyxVdFxvPSHin/40k72+HxJYM75mCxrKCX3mMht5jBDLKD8t8BWXk5my7Gnc1zaPrXBjk6RUek/N5HTUczfohVdP0VLWezBbDNpKTN0NRturyI=
EeixUuMr5pypn1IDAhLBg6KZsrums4khDDrc6a1vbQ7Sk6Hbfpz80c5klGOoGT4ii8yvcaQRVaCsrbV0DxhfiPkq4MLMKq0uV7ht+ddbS2AzOEg4BWGvIw==
9KVkjY7WQvyxVdFxvPSHin/40k72+HxJYM75mCxrKCX3mMht5jBDLKD8t8BWXk5my7Gnc1zaPrXBjk6RUek/N5HTUczfohVdP0VLWezBbDNpKTN0NRturyI=
901G3FhZXQjs9mXdXXCo5HIB/gNSjPzB7rTUswiJvrIrHO+hhAFVsIx99aSviN8YWfqgEuw6rT53aC0pd8vL8JPoCOglca8z
xKM4NYkMc7haEOXilR4Qf5i2LhAqg5GpcAUDwKn5ZD7il1k/LAKpFOI2ksa3GTMD6EKyNU0W+mHFQcOXzTvlnAsaWZ3zPZ+JmOmwU1XBJ0TBA2KvLg==
wHJa1z6kSAiwMwJ/q+t88TdYmfRKTg5oz5TxReACgGewJV7Ww4BfFRyN1TQEwWUwV+R/vPEm0Oa09m16vxT9fU/nqxT79DjcPX2vNw==
RTKJ/Xaz6BmJXBPw03vD3auV/Uyoxmx8/sniSmMQVt+6tWVscgV8lCGMQljtKOwqnLaZBV07Bh789QNKFNmr3W3nQ6drJIWG931dYVEx1jV+I3sdSXwvH2yvIA==
9KVkjY7WQvyxVdFxvPSHin/40k72+HxJYM75mCxrKCX3mMht5jBDLKD8t8BWXk5my7Gnc1zaPrXBjk6RUek/N5HTUczfohVdP0VLWezBbDNpKTN0NRturyI=
9KVkjY7WQvyxVdFxvPSHin/40k72+HxJYM75mCxrKCX3mMht5jBDLKD8t8BWXk5my7Gnc1zaPrXBjk6RUek/N5HTUczfohVdP0VLWezBbDNpKTN0NRturyI=
9KVkjY7WQvyxVdFxvPSHin/40k72+HxJYM75mCxrKCX3mMht5jBDLKD8t8BWXk5my7Gnc1zaPrXBjk6RUek/N5HTUczfohVdP0VLWezBbDNpKTN0NRturyI=
9KVkjY7WQvyxVdFxvPSHin/40k72+HxJYM75mCxrKCX3mMht5jBDLKD8t8BWXk5my7Gnc1zaPrXBjk6RUek/N5HTUczfohVdP0VLWezBbDNpKTN0NRturyI=
C+aDY8oiOWAoX6NvQRQBNdH2QAJMvmv0DYBCOfrdYpfOh4kddB4speW7jZJKFzG31mg8rfaApG+gDR5+Uwj/3Uyl1RxUCcW4x0w/lOEu8C7kXu3S79zddV/P67xrfJgUbVWvHw==
lFrMFDA+V8Gu1ajHXjsJIUBIPI024CTP4O0eHpOofz0MhdU8FOlFGAcsP3ShjnBOJH7t8i+8XdUfL+vcq9wY9C11rz8=
RQH+IL75b4yMyKiLmWxJdnIC+BNEjPzB7rTUswiJvrIrHO+hhAFVsIx99aSviN8YWfqgEuw6rT53aC0pd8vL8JPoCOglca8z
901G3FhZXQjs9mXdXXCo5HIB/gNSjPzB7rTUswiJvrIrHO+hhAFVsIx99aSviN8YWfqgEuw6rT53aC0pd8vL8JPoCOglca8z
sPTX0LDrc6EuMjFh18UzYwsBZ8FwqiDP4O0eHpOofz0MhdU8FOlFGAcsP3ShjnBOJH7t8i+8XdUfL+vcq9wY9C11rz8=
0uQ3l1NSpQdJ9YMqd29ZsbuyTPO8mh614U4uETEpHzdxk7FMf+I1XV+FK9lMgUwziWmT9JXbDq9C
0sO3kUmhHooxVChpJh/Sr1dVIJQWS5KeaivqVlh1p4J4yZeFqYfHHzfU6Y7TPbnp/YGKzXoDv0W17IPXCK9E
4ykJQ7SP9mKgVtQ2hFLFXk2/s3rRb9RHyCKiMmjwpG0n50BDFX7Qt41S+1rvJnWgSHQIWI0QS0I1PwM52+6f0gDuIXOvPQ==
2uLoJfwPRASBOfrc/zn5OnWK4+svOPSFRw8wuxWGoF/tuquCr/4lCOjcuOANqPvqlZfTYRu2T7rghtELr0U=
wHJa1z6kSAiwMwJ/q+t88TdYmfRKTg5oz5TxReACgGewJV7Ww4BfFRyN1TQEwWUwV+R/vPEm0Oa09m16vxT9fU/nqxT79DjcPX2vNw==
A2nd/kHS1X2QEuYuq90CBUv7mENpR4OtsDVeGI8WX/rc+7p6nGG0L044r6J3Q+jXlep4E92Ws47PMn2kWFAgjM3E4+alu4utezrXFlDKCWevKQ==
d+de35uZOu4Ew+bUpY+bpgZw/fvJF7MskBzHAOY+vuZbUfezjLoutdFuHtGBia+34TPhjC/CJV1PZXsZHGHcs/mJ4zTlO36vMg==
bjXf22ZeEl9PzQQFD19eg0cdqu4JLH2Xq8tqphynAqbsvQxzrqQXPgffUEsVdsCPrQoLEi9uxXgojJjQDZjbOtVns/GbJu8KINYxe681
RNk6Kc/jAxqveJ4VFS1iSXDrzFT9531Xati7xXsgfWHy3J875jBDLKD8t8BWXk5my7Gnc1zaPrXBjk6RUek/N5HTUczfohVdP0VLWezBbDNpKTN0NRturyI=
d+de35uZOu4Ew+bUpY+bpgZw/fvJF7MskBzHAOY+vuZbUfezjLoutdFuHtGBia+34TPhjC/CJV1PZXsZHGHcs/mJ4zTlO36vMg==
1JE2TZcf+xvvlABTaBHRWF2czvo6URWn6Hf+PFVMdjDxGOAyqNZNPRHrunZodZeiqIln5TkHd79nFJluwz2pyc3BWq2Kgy/lBSzTN3ivNA==
VEov0516sQz5BTcT/pFE7rKbp7S5spcrGniBvuY6KQuWxPfbfpz80c5klGOoGT4ii8yvcaQRVaCsrbV0DxhfiPkq4MLMKq0uV7ht+ddbS2AzOEg4BWGvIw==
Nlbx5Ib1BK/ZZmqjFgYYcvbW6VVIJpjdkn81lM/zy2OpDMrohchUWkR24dWFWy4O9PULWjw5842VpxtX00RtNn/91RH5ka6FpmNDzRFcxw9kryg=
IGlEzC9rv5RZOJWijn9Dm3eFs7KnqJB9MYWTfdklFSTZH0FXViCftb/o0QFeVBurQugfbHwk09BSViJGJ3njw7hiQjU9NiohlaFTF33bVdw7+kmd4x3vyWhJwNPFYXeEEWNSrx4=
d+de35uZOu4Ew+bUpY+bpgZw/fvJF7MskBzHAOY+vuZbUfezjLoutdFuHtGBia+34TPhjC/CJV1PZXsZHGHcs/mJ4zTlO36vMg==
1JE2TZcf+xvvlABTaBHRWF2czvo6URWn6Hf+PFVMdjDxGOAyqNZNPRHrunZodZeiqIln5TkHd79nFJluwz2pyc3BWq2Kgy/lBSzTN3ivNA==
SolQpmxIvZKoZB4QLCn3hHeFs7KnqJB9MYWTfdklFSTdH0FXViCftb/o0QFeVBurQugfbHwk09BSViJGJ3njw7hiQjU9NiohlaFTF33bVdw7+kmd4x3vyWhJwNPFYXeEEWNSrx4=
/EWTy5yhLHdokzK3b1WtDzoGtxRZjPzB7rTUswiJvrIrHO+hhAFVsIx99aSviN8YWfqgEuw6rT53aC0pd8vL8JPoCOglca8z
uXHP/zVQUEiMfSJW7W6ec3m2swbru2be3PUjCvRaCx1N5yNny6Qlxhd9faExsbb1XiObXan8j98Mr0A=
wq+gl+gm3qBVvPKDxorrn46aXAzXm7g/lQIoy34uAyYPWo3cuAjwJE1ssz7FQ/tFO5JnrvCS2Q+vQQ==
U90I6O9c3VO1PJkuFmqDUXWK4+svOPSFRw8wuxWGoF/uuquCr/4lCOjcuOANqPvqlZfTYRu2T7rghtELr0U=
rTG7y1P1pnPr5JRtCsRhKh5+pYMkVq+9RcFyPndsPIoMNimlrXs2/uz1EyokGtt93WfTBzvk1aYHfW2BAfEGVe6jC/35PN8/fK8w
oZux9/2gszA7wpMLd4z6dXeFs7KnqJB9MYWTfdklFSTaH0FXViCftb/o0QFeVBurQugfbHwk09BSViJGJ3njw7hiQjU9NioilaFTF33bVdw7+kmd4x3vyWhJwNPFYXeEEWNSrx4=
LDMrDjn4KENwl9pRI8tfZwZw/fvJF7MskBzHAOY+vuZbUfezjLoutdFuHtKBia+34TPhjC/CJV1PZXsZHGHcs/mJ4zTlO36vMg==
1sMJ731FRpfL6cXnuVLvm12czvo6URWn6Hf+PFVMdjDxGOAyqNZNPRHrunZodZeiqIpn5TkHd79nFJluwz2pyc3BWq2Kgy/lBSzTN3ivNA==
X6d4NCLgg9AJtt1NBj//x3eFs7KnqJB9MYWTfdklFSTdH0JXViCftb/o0QFeVBurQugfbHwk09BSViJGJ3njw7hiQjU9NioilaFTF33bVdw7+kmd4x3vyWhJwNPFYXeEEWNSrx4=
T5eqQQxD7IIoUOvJWxY15zoGtxRZjPzB7rTUswiJvrIrHO+hhAFVsIx99qSviN8YWfqgEuw6rT53aC0pd8vL8JPoCOglca8z
ssOoTtxZvoGGebdbqPIjb46aXAzXm7g/lQIoy3wuAyYPWo3cuAjwJE1ssz7FQ/tFO5JnrvCS2Q+vQQ==
P9hh33xIKwzgRIEiWKpGvHWK4+svOPSFRw8wuxWGoF/suquCr/4lCOjcuOANqPvqlZfTYRu2T7rghtELr0U=
5okGU7P8KcCmDbdvGO6vdh5+pYMkVq+9RcFyPndsPIoMNimlrXs2/uz1EyokGNt93WfTBzvk1aYHfW2BAfEGVe6jC/35PN8/fK8w
kenPVpZxKT1b2AoxmVMppHeFs7KnqJB9MYWTfdklFSTeH0FXViCftb/o0QFeVBurQugfbHwk09BSViJGJ3njw7hiQjU9NioglaFTF33bVdw7+kmd4x3vyWhJwNPFYXeEEWNSrx4=
qfTr6ZT1RIMg5nHhhV4VXAZw/fvJF7MskBzHAOY+vuZbUfezjLoutdFuHtCBia+34TPhjC/CJV1PZXsZHGHcs/mJ4zTlO36vMg==
hluf/vASC9Nz3Z0qwXD9/l2czvo6URWn6Hf+PFVMdjDxGOAyqNZNPRHrunZodZeiqIhn5TkHd79nFJluwz2pyc3BWq2Kgy/lBSzTN3ivNA==
pcpvlqP+ZJAqkKlTGdqXsHeFs7KnqJB9MYWTfdklFSTdH0NXViCftb/o0QFeVBurQugfbHwk09BSViJGJ3njw7hiQjU9NioglaFTF33bVdw7+kmd4x3vyWhJwNPFYXeEEWNSrx4=
11gaK6OjFQIT+NiTCmvhsjoGtxRZjPzB7rTUswiJvrIrHO+hhAFVsIx99KSviN8YWfqgEuw6rT53aC0pd8vL8JPoCOglca8z
zUQoFxT5Fxi/kbGAZyrOEo6aXAzXm7g/lQIoy3suAyYPWo3cuAjwJE1ssz7FQ/tFO5JnrvCS2Q+vQQ==
EHlCmFAb0mcmqa/PLYSfPnWK4+svOPSFRw8wuxWGoF/ruquCr/4lCOjcuOANqPvqlZfTYRu2T7rghtELr0U=
PapFaJWIZCw6XYUk9pTe5h5+pYMkVq+9RcFyPndsPIoMNimlrXs2/uz1EyokH9t93WfTBzvk1aYHfW2BAfEGVe6jC/35PN8/fK8w
nZIEynkbq6uwI32ITPyV/XeFs7KnqJB9MYWTfdklFSTeH0NXViCftb/o0QFeVBurQugfbHwk09BSViJGJ3njw7hiQjU9NionlaFTF33bVdw7+kmd4x3vyWhJwNPFYXeEEWNSrx4=
VKAdUoC82U0HFMyGDe0tAAZw/fvJF7MskBzHAOY+vuZbUfezjLoutdFuHteBia+34TPhjC/CJV1PZXsZHGHcs/mJ4zTlO36vMg==
LN8UZLtyjjy1I6MfM326NV2czvo6URWn6Hf+PFVMdjDxGOAyqNZNPRHrunZodZeiqI9n5TkHd79nFJluwz2pyc3BWq2Kgy/lBSzTN3ivNA==
8OwSO5cGJN1+Leuh1lojIneFs7KnqJB9MYWTfdklFSTeH0JXViCftb/o0QFeVBurQugfbHwk09BSViJGJ3njw7hiQjU9NionlaFTF33bVdw7+kmd4x3vyWhJwNPFYXeEEWNSrx4=
lh6YsbdOUOSy1l3/OAeszToGtxRZjPzB7rTUswiJvrIrHO+hhAFVsIx986SviN8YWfqgEuw6rT53aC0pd8vL8JPoCOglca8z
fPOZbcCETSK7DsCI433R4lycz/o6Fhmz6Hf+PFVMdjDxGOAyqNZNPRHrunZodZeiqI9n5TkHd79nFJluwz2pyc3BWq2Kgy/lBSzTN3ivNA==
Ml6WoN6+dpruui2XYoOe92aG33mUvFmaxatC0LzqOhfSKWaJwYKXEXVIT0/M3vu79nQ36x6s/OGuVFTTyKm+kut8b0HEIVWQzJ1zxG+o3ziZmiDyrBqtHjeIrUm368vQU4iICGVRrxM=
lh6YsbdOUOSy1l3/OAeszToGtxRZjPzB7rTUswiJvrIrHO+hhAFVsIx986SviN8YWfqgEuw6rT53aC0pd8vL8JPoCOglca8z
JCSyVBmmRG7+aAQ8kON3OOaLuloMLYLdlnh8lM/zy2mpDMrohchUWkR24dWFWy4O9PULWjw5842VpxtX00RtNn/91RH5ka6FpmNDzRFcxw9kryg=
bjXf22ZeEl9PzQQFD19eg0cdqu4JLH2Xq8tqphynAqbsvQxzrqQXPgffUEsVdsCPrQoLEi9uxXgojJjQDZjbOtVns/GbJu8KINYxe681
J04vsVocF6oSLWPSQmm4tXH20lr0/31XYNe7yzpqKTPy3J875jBDLKD8t8BWXk5my7Gnc1zaPrXBjk6RUek/N5HTUczfohVdP0VLWezBbDNpKTN0NRturyI=
ibRG/jeh6cJFNPNOJo1Jb9HJwajEfX/y65BkrWXtr5PBFmIaxB9NV1A3i4uKipmzYjxPe7bQUyyw3GeABv7e5rsRVzMs+s61sa6+USFJz7cBc4EMj4IFXS8lm5m8ofyz2UmDtAV7Xq8S
/EWTy5yhLHdokzK3b1WtDzoGtxRZjPzB7rTUswiJvrIrHO+hhAFVsIx99aSviN8YWfqgEuw6rT53aC0pd8vL8JPoCOglca8z
UmsGRj+iVL//bq4CgtJJIVQKcIDdzP7AabhIYlCWlQ05C8JmYHWfslDpT9Vhxw9vz7QBHku9IXlVITJ9MsP3le0M6ydwrzw=
sPTX0LDrc6EuMjFh18UzYwsBZ8FwqiDP4O0eHpOofz0MhdU8FOlFGAcsP3ShjnBOJH7t8i+8XdUfL+vcq9wY9C11rz8=
WA+VaOzu7v1MZPpqK8z6hB+453vQdNRHyCKiMmjwpG0n50BDFX7Qt41S+1rvJnWgSHQIWI0QS0I1PwM52+6f0gDuIXOvPQ==
Aa5++pScRZkcQM7Q4zYdBhn8zEJoXIOtsDVeGI8WX/rc+7p6nGG0L044r6J3Q+jXlep4E96Ws47PMn2kWFAgjM3E4+alu4utezrXFlDKCWevKQ==
2uLoJfwPRASBOfrc/zn5OnWK4+svOPSFRw8wuxWGoF/tuquCr/4lCOjcuOANqPvqlZfTYRu2T7rghtELr0U=
NCbyiBrUlDqTNcaxoXJryUBIb81wqiDP4O0eHpOofz0MhdU8FOlFGAcsP3ShjnBOJH7t8i+8XdUfL+vcq9wY9C11rz8=
ApFJG4y2foL2XIQXGaEdqyZNg7d6/jliDyMMWDjJ5NcOAH/Kl2vYz5XySDs9/mO2j8otDPg40BRNXJMOBRNb1bsCh/4w4jl/rzE=
N6D6NUNUqNPGpS8CuivG31LscnvyyPJKMmLpt/sAGEHk1he37Z9O5hN8OILgFgVt6cuShnB1j9KAqR818Ue/Dz/0Mf47vRFZpWGC3UJDZzU9TDsHYK8s
QopA1DdvtWrDpNiOjcCDfXqQsbKnqJB9MYWTfdklFSTYH0BIQC6YqqPj2RAaVQ7+XfMfPzximdRSViJGJ3njw7hiQjU9NiohlaFTF33bVdw7+kmd4x3vyWhJwNPFYXeEEWNSrx4=
F8l0DdMjbUpETMxHrFD2f0wlLg7mnMTex6c2RFuSzbySdSOh+S0T4ceMuovKyMq6+gJxJxNAcHEc9l/ndR/WttucAPLI1q39cWtatgh1d+LICYelWQeX/weUeS6jPYmJbUH67aqDD6WlrHN3WK8U
zUQoFxT5Fxi/kbGAZyrOEo6aXAzXm7g/lQIoy3suAyYPWo3cuAjwJE1ssz7FQ/tFO5JnrvCS2Q+vQQ==
EHlCmFAb0mcmqa/PLYSfPnWK4+svOPSFRw8wuxWGoF/ruquCr/4lCOjcuOANqPvqlZfTYRu2T7rghtELr0U=
CVZokBEA9K3BYFIYnKrl+iZNg7d6/jliDyMMWDjJ5NcOAH/Kl2vYz5XySDs7/mO2j8otDPg40BRNXJMOBRNb1bsCh/4w4jl/rzE=
jfgzy7MZnRcIrTutGomQd9H2HE0a5DX3U9sZe+/Zao3PmYkBbFtu7qXm2NMPVTKozWhv7bDKoG+gDR5+Uwj/3Uyl1RxUCcO4x0w/lOEu8C7kXu3S79zddV/P67xrfJgUbVWvHw==
R6ck1cFOfX7WGbTqq61ya1pcvFt6GnuE0GvjmHxn7uI9hX8F6UGrj9JvUxcJi/i9xrzp2AgJKyMqqjFGT4eEDGjdzJOuhNeeh3+QaxVWAC8rqssyL44FGKhsWLANeJtaVYfzkZsGr6qgdnFbrxU=
Ac66JSlS/BUqYWqqKAU9qBJG7q5LaX7e/81wplDqROzovQxzrqQXPgffUEsVdsCPqwoLEi9uxXgojJjQDZjbOtVns/GbJu8KINYxe681
wq+gl+gm3qBVvPKDxorrn46aXAzXm7g/lQIoy34uAyYPWo3cuAjwJE1ssz7FQ/tFO5JnrvCS2Q+vQQ==
U90I6O9c3VO1PJkuFmqDUXWK4+svOPSFRw8wuxWGoF/uuquCr/4lCOjcuOANqPvqlZfTYRu2T7rghtELr0U=
g+BWTIGOX7ucHhBnpCdLbV5cv1t6GnuE0GvjmHxn7uI9hX8F6UGrj9JvUxcJi/i9xrzp2AgJKyMqqjFGT4eEDGjdzJOuhNeeh3+QaxVWAC8uqssyL44FGKhsWLANeJtaVYfzkZsGr6qgdnFbrxU=
67xIQCqsTMjOT6VTwBs8gEglLQ7mnMTex6c2RFuSzbySdSOh+S0T4ceMuovKyMq6+gJxJxNAcHEc9l/ndR/WttucAPLI1q39cWtatgh1d+LICoelWQeX/weUeS6jPYmJbUH67aqDD6WlrHN3WK8U
sutdXBVB9DA6rqR70AgfAUzWi6BlA1CkoSP4JlUAO3a7HOAyqNZNPRHrunZodZeiqIpn5TkHd79nFJluwz2pyc3BWq2Kgy/lBSzTN3ivNA==
XqABbVK331DD+N4T14/xyHWK4+svOPSYRw8wuxWGoF/tuquCr/4lCOjcuOANqPvqlZfTYRu2T7rghtELr0U=
E3AQeJ/tot4aomduBAT+Q46aXAzXm7g/lQIoy30uAyYPWo3cuAjwJE1ssz7FQ/tFO5JnrvCS2Q+vQQ==
2uLoJfwPRASBOfrc/zn5OnWK4+svOPSFRw8wuxWGoF/tuquCr/4lCOjcuOANqPvqlZfTYRu2T7rghtELr0U=
EK88sm+kb1hnu0d3ef7HUEzWi6BlA1CkoSP4JlUAO3a7HOAyqNZNPRHrunZodZeiqIln5TkHd79nFJluwz2pyc3BWq2Kgy/lBSzTN3ivNA==
P34GPIvOEkB3qahdH+nqb9HPFl1wsjhsGmKZ32j4hXJTAAwNvR1n3Y1dWfQkN1RIVAZkeu+bjbDuzYKOwVvr/wgKheReThYmc0EvEwQK1rWp3pZx2ZmH90nDWewnEn3dl7VzOeTRtHMRmbvUbUtGrwo=
9bfz7Y1D3vb9GVwu4zfasOZ8aXMx3xjRlMHcxKs/SlSioNa5UcJH3hVGk5SwY3UVCJfAobag0cTo1RN/WvYJmo9bPFAYgXRPThhvAvfjKPeVyrizXTZzrs9SvUTYMOBszaSjBiXby017Gpe20GpJR68J
EK88sm+kb1hnu0d3ef7HUEzWi6BlA1CkoSP4JlUAO3a7HOAyqNZNPRHrunZodZeiqIln5TkHd79nFJluwz2pyc3BWq2Kgy/lBSzTN3ivNA==
S70/6QOkKQRM8WpgMWn1x0ht/PvOCrNg3VqNBOY+vuZbUfezjLoutdFuHtGBia+34TPhjC/CJV1PZXsZHGHcs/mJ4zTlO36vMg==
EK88sm+kb1hnu0d3ef7HUEzWi6BlA1CkoSP4JlUAO3a7HOAyqNZNPRHrunZodZeiqIln5TkHd79nFJluwz2pyc3BWq2Kgy/lBSzTN3ivNA==
S70/6QOkKQRM8WpgMWn1x0ht/PvOCrNg3VqNBOY+vuZbUfezjLoutdFuHtGBia+34TPhjC/CJV1PZXsZHGHcs/mJ4zTlO36vMg==
EK88sm+kb1hnu0d3ef7HUEzWi6BlA1CkoSP4JlUAO3a7HOAyqNZNPRHrunZodZeiqIln5TkHd79nFJluwz2pyc3BWq2Kgy/lBSzTN3ivNA==
BrK/onoL/6s1nyAw8rZPftz4HU0X5zb3VNcaderCaIPPmYkPZENv7qfx2dMPVTKozWhv7bDKoG+gDR5+Uwj/3Uyl1RxUCcW4x0w/lOEu8C7kXu3S79zddV/P67xrfJgUbVWvHw==
EK88sm+kb1hnu0d3ef7HUEzWi6BlA1CkoSP4JlUAO3a7HOAyqNZNPRHrunZodZeiqIln5TkHd79nFJluwz2pyc3BWq2Kgy/lBSzTN3ivNA==
4ZslK5C4VEYM1HLGYxV3gWSG22KepF2BxbxGxb7kOxfSNniRx52JDXVPXhKNgrj/92Fi9AWsr6HoHlDTyKm+kut8b0HEIVWQzJ11xG+o3ziZmiDyrBqtHjeIrUm368vQU4iICGVRrxM=
74y3V4KGH8pzyXi1S2SMbb4tfYBEVoLbyzXKiLbF16Y7pUSujMjHIfplBOG8QLn0KT9YT08YbGIMkfXV37/Y6xKILyDLQsmUAvayxpfZk4OIglI1LVYa4WUB45fte4Uc69o5ndP9Pwk4KVBTNYHHxGFDQq8O
87gYxd7XwZXID8LJP4b4+621+ZVUn8RzCDJzhRYqwgJyX7lo67Bl1CcCSPnJi4gVRCc+Kl1KeKeHycIMlSQvOVj2sGuY4f5KG1RPOdQpVYj89RX8v2AfYOkygAo8ki2Gh2BN8eejiwijoKhwdVmvCw==
EK88sm+kb1hnu0d3ef7HUEzWi6BlA1CkoSP4JlUAO3a7HOAyqNZNPRHrunZodZeiqIln5TkHd79nFJluwz2pyc3BWq2Kgy/lBSzTN3ivNA==
Cy97Nz/9kG+mGYaG0t+owUtlIGeZiziMn1KJ9N5F/1ndDXf5+5y2g87IzrL2Ek0/d2BUicDGE68x3xJ+l+xcSiw2CWUN+9Y+jPXzakSZez39Z/NH22S1Zud9TUGhcaaVjqPrvZm8f39crxA=
EK88sm+kb1hnu0d3ef7HUEzWi6BlA1CkoSP4JlUAO3a7HOAyqNZNPRHrunZodZeiqIln5TkHd79nFJluwz2pyc3BWq2Kgy/lBSzTN3ivNA==
E3AQeJ/tot4aomduBAT+Q46aXAzXm7g/lQIoy30uAyYPWo3cuAjwJE1ssz7FQ/tFO5JnrvCS2Q+vQQ==
2uLoJfwPRASBOfrc/zn5OnWK4+svOPSFRw8wuxWGoF/tuquCr/4lCOjcuOANqPvqlZfTYRu2T7rghtELr0U=
CkIXOdjriPTKOxg3sbsxRxJG7q5LaX7e/81wplDqROzovQxzrqQXPgffUEsVdsCPrQoLEi9uxXgojJjQDZjbOtVns/GbJu8KINYxe681
MdD8/GPrE1+Tkx9vct73sC8QrjrbCkEXCgKPZAPtTortokKVwtfcvAQ9R0UXxd2rssPYTP2AWcZDPOgicJb1zZmLYqYAdX/y8GnvlYHHL69vNOHeK70BOfWhUr3Sw9dVjYwLZ1CvHA==
bwjVWKvwNkagIyX80QnlnuRjeGsn2AfHkMnD1qIgX1G+u9a+TdlH2QlTloigYnUdD4jWpb6/w5itgBl5D+kSmpBcPFAYgXRPThhvAvfjKPeVyrizXTZzrs9SvUTYMOBszaSjBiXby017Gpe20GpJR68J
dos58pCScEPFufTBBmT/LOBjeGsn2AfHkMnD1qIgX1G+u9a+TdlH2QlTloigYnUdD4jWpb6/w5itgBl5D+kSmpBcPFAYgXRPThhvAvfjKPeVyrizXTZzrs9SvUTYMOBszaSjBiXby017Gpe20GpJR68J
FzV1GM3j4kVEtFhzPGtiDRA1zY5wYBKLEkL3oJmS0bRKZlqG/+lbI/AyqjVV5uJBLTELV4XrTTzziuEdi60n6XC5+JMd8Q8k2TN6rzY=
CkIXOdjriPTKOxg3sbsxRxJG7q5LaX7e/81wplDqROzovQxzrqQXPgffUEsVdsCPrQoLEi9uxXgojJjQDZjbOtVns/GbJu8KINYxe681
EnZoYeCfXkRCWQiFAXUy1F5dv1pySTmK0nznjX5n7uI9hX8F6U+ulNB+TQEPlO65zqP7hE1cISV/tSpGUICEDGjdzJOuhNeeh3+QaxVWAC8tqssyL44FGKhsWLANeJtaVYfzkZsGr6qgdnFbrxU=
CkIXOdjriPTKOxg3sbsxRxJG7q5LaX7e/81wplDqROzovQxzrqQXPgffUEsVdsCPrQoLEi9uxXgojJjQDZjbOtVns/GbJu8KINYxe681
d6JdPkFQJk1S0zX1R6Llyzq2swbru2be3PUjCvRaCx1N5yNny6Qlxhd9faExsbb1XiObXan8j98Mr0A=
U90I6O9c3VO1PJkuFmqDUXWK4+svOPSFRw8wuxWGoF/uuquCr/4lCOjcuOANqPvqlZfTYRu2T7rghtELr0U=
ENV7hb1U/jFmqjlOlc+j9jkDk7Ev+ThiEC4MWDjJ5NcOAH/Kl2vYz5XySDs+/mO2j8otDPg40BRNXJMOBRNb1bsCh/4w4jl/rzE=
sutdXBVB9DA6rqR70AgfAUzWi6BlA1CkoSP4JlUAO3a7HOAyqNZNPRHrunZodZeiqIpn5TkHd79nFJluwz2pyc3BWq2Kgy/lBSzTN3ivNA==
Pd6/P80IhVmKdEGNoIzd4t/BEV15qjF0GXWaxmn2gGlUGwsWugZgxopIW/okN1xPSxBgcvCJ0fW7x4Tb3kDr4A8KheReThYmc0EvEwQK1rWp3pZy2ZmH90nDWewnEn3dl7VzOeTRtHMRmbvUbUtGrwo=
YaMdONxkXD6flkxc3Whb7eBje2sn2AfHkMnD1qIgX1G+u9a+TdlH2QlTloigYnUdD4jWpb6/w5itgBl5D+kSmpBcPFAYgXRPThhvAvfjKPeVyrizXjZzrs9SvUTYMOBszaSjBiXby017Gpe20GpJR68J
/UpzH+qs5JppfVrmXOggWBJG7q5LaX7e/81wplDqROzovQxzrqQXPgffUEsVdsCPrgoLEi9uxXgojJjQDZjbOtVns/GbJu8KINYxe681
zUQoFxT5Fxi/kbGAZyrOEo6aXAzXm7g/lQIoy3suAyYPWo3cuAjwJE1ssz7FQ/tFO5JnrvCS2Q+vQQ==
EHlCmFAb0mcmqa/PLYSfPnWK4+svOPSFRw8wuxWGoF/ruquCr/4lCOjcuOANqPvqlZfTYRu2T7rghtELr0U=
Ac66JSlS/BUqYWqqKAU9qBJG7q5LaX7e/81wplDqROzovQxzrqQXPgffUEsVdsCPqwoLEi9uxXgojJjQDZjbOtVns/GbJu8KINYxe681
Ay8yTdCD77iBCsyanhQAmNvBEl15qjF0GXWaxmn2gGlUGwsWugZgxopIW/okN1xPSxBgcvCJ0fW7x4Tb3kDr4A8KheReThYmc0EvEwQK1rWp3pZ32ZmH90nDWewnEn3dl7VzOeTRtHMRmbvUbUtGrwo=
3878WwYQ98c7icAo8+ZiCEzWi6BlA1CkoSP4JlUAO3a7HOAyqNZNPRHrunZodZeiqI9n5TkHd79nFJluwz2pyc3BWq2Kgy/lBSzTN3ivNA==
q177524ip8K7VBotQEZv+7I1NjcQInlUMpYCRse5g0MYIqI1XfaKoXXhMxddm7VcWzppnQNdT0nICSDT5aHXBPEjcq8+
P5dGJu5xM/21SxaBj/H5GQ7qZuQJcG+gv2IU05SqJrXZfgYx6XnXd7njSSyXcq3dxxWDefQxBPPBucsU/St2rzo=
WA+VaOzu7v1MZPpqK8z6hB+453vQdNRHyCKiMmjwpG0n50BDFX7Qt41S+1rvJnWgSHQIWI0QS0I1PwM52+6f0gDuIXOvPQ==
E3AQeJ/tot4aomduBAT+Q46aXAzXm7g/lQIoy30uAyYPWo3cuAjwJE1ssz7FQ/tFO5JnrvCS2Q+vQQ==
KJXajGYPLQPxD6qpUJsUykgBd50QV9GeaivqVlh1p4J4yZeFqYfHHzfU6Y7TPbnp/YGKzXoDv0W17IPXCK9E
r6/2OWUVW2w+NLHSFa+V+CcS3a4VW0d/hsDwSOACgGewJV7Ww4BfFRyN1TQEwWUwV+R/vPEm0Oa09m16vxT9fU/nqxT79DjcPX2vNw==
EK88sm+kb1hnu0d3ef7HUEzWi6BlA1CkoSP4JlUAO3a7HOAyqNZNPRHrunZodZeiqIln5TkHd79nFJluwz2pyc3BWq2Kgy/lBSzTN3ivNA==
NCbyiBrUlDqTNcaxoXJryUBIb81wqiDP4O0eHpOofz0MhdU8FOlFGAcsP3ShjnBOJH7t8i+8XdUfL+vcq9wY9C11rz8=
ApFJG4y2foL2XIQXGaEdqyZNg7d6/jliDyMMWDjJ5NcOAH/Kl2vYz5XySDs9/mO2j8otDPg40BRNXJMOBRNb1bsCh/4w4jl/rzE=
N6D6NUNUqNPGpS8CuivG31LscnvyyPJKMmLpt/sAGEHk1he37Z9O5hN8OILgFgVt6cuShnB1j9KAqR818Ue/Dz/0Mf47vRFZpWGC3UJDZzU9TDsHYK8s
QopA1DdvtWrDpNiOjcCDfXqQsbKnqJB9MYWTfdklFSTYH0BIQC6YqqPj2RAaVQ7+XfMfPzximdRSViJGJ3njw7hiQjU9NiohlaFTF33bVdw7+kmd4x3vyWhJwNPFYXeEEWNSrx4=
F8l0DdMjbUpETMxHrFD2f0wlLg7mnMTex6c2RFuSzbySdSOh+S0T4ceMuovKyMq6+gJxJxNAcHEc9l/ndR/WttucAPLI1q39cWtatgh1d+LICYelWQeX/weUeS6jPYmJbUH67aqDD6WlrHN3WK8U
SN0TJeVsnZqS7AN1XN7wnFdX77RWOy7H/81wplDqROzovQxzrqQXPgffUEsVdsCPrQoLEi9uxXgojJjQDZjbOtVns/GbJu8KINYxe681
EK88sm+kb1hnu0d3ef7HUEzWi6BlA1CkoSP4JlUAO3a7HOAyqNZNPRHrunZodZeiqIln5TkHd79nFJluwz2pyc3BWq2Kgy/lBSzTN3ivNA==
bwjVWKvwNkagIyX80QnlnuRjeGsn2AfHkMnD1qIgX1G+u9a+TdlH2QlTloigYnUdD4jWpb6/w5itgBl5D+kSmpBcPFAYgXRPThhvAvfjKPeVyrizXTZzrs9SvUTYMOBszaSjBiXby017Gpe20GpJR68J
EK88sm+kb1hnu0d3ef7HUEzWi6BlA1CkoSP4JlUAO3a7HOAyqNZNPRHrunZodZeiqIln5TkHd79nFJluwz2pyc3BWq2Kgy/lBSzTN3ivNA==
F8l0DdMjbUpETMxHrFD2f0wlLg7mnMTex6c2RFuSzbySdSOh+S0T4ceMuovKyMq6+gJxJxNAcHEc9l/ndR/WttucAPLI1q39cWtatgh1d+LICYelWQeX/weUeS6jPYmJbUH67aqDD6WlrHN3WK8U
Neq5ZMBSEOJHG5gbQ6yYErI2MCcGInlUMpYCRse5g0MYIqI1XfaKoXXhMxddm7VcWzppnQNdT0nICSDT5aHXBPEjcq8+
bLu4yv+jh0zV1TaFt6B9RrImMSYFInlUMpYCRse5g0MYIqI1XfaKoXXhMxddm7VcWzppnQNdT0nICSDT5aHXBPEjcq8+
sPTX0LDrc6EuMjFh18UzYwsBZ8FwqiDP4O0eHpOofz0MhdU8FOlFGAcsP3ShjnBOJH7t8i+8XdUfL+vcq9wY9C11rz8=
FmEIsOmuyLyNe9CCetJSQj6K8uooKPSFRw8wuxWGoF/tuquCr/4lCOjcuOANqPvqlZfTYRu2T7rghtELr0U=
2uLoJfwPRASBOfrc/zn5OnWK4+svOPSFRw8wuxWGoF/tuquCr/4lCOjcuOANqPvqlZfTYRu2T7rghtELr0U=
EK88sm+kb1hnu0d3ef7HUEzWi6BlA1CkoSP4JlUAO3a7HOAyqNZNPRHrunZodZeiqIln5TkHd79nFJluwz2pyc3BWq2Kgy/lBSzTN3ivNA==
QopA1DdvtWrDpNiOjcCDfXqQsbKnqJB9MYWTfdklFSTYH0BIQC6YqqPj2RAaVQ7+XfMfPzximdRSViJGJ3njw7hiQjU9NiohlaFTF33bVdw7+kmd4x3vyWhJwNPFYXeEEWNSrx4=
I8RKfqypJGjvy4hqNlJWjEplIGeZiziMn1KJ9N5F/1ndDXf5+5y2g87IzrL2Ek0/d2BUicDGE68x3xJ+l+xcSiw2CWUN+9Y+jPXzakSZez39Z/NH22S1Zud9TUGhcaaVjqPrvZm8f39crxA=
EK88sm+kb1hnu0d3ef7HUEzWi6BlA1CkoSP4JlUAO3a7HOAyqNZNPRHrunZodZeiqIln5TkHd79nFJluwz2pyc3BWq2Kgy/lBSzTN3ivNA==
iaRFHiJlyj63OwjOwBI85l9dv1pySTmK0nznjX5n7uI9hX8F6U+ulNB+TQEPlO65zqP7hE1cISV/tSpGUICEDGjdzJOuhNeeh3+QaxVWAC8tqssyL44FGKhsWLANeJtaVYfzkZsGr6qgdnFbrxU=
EK88sm+kb1hnu0d3ef7HUEzWi6BlA1CkoSP4JlUAO3a7HOAyqNZNPRHrunZodZeiqIln5TkHd79nFJluwz2pyc3BWq2Kgy/lBSzTN3ivNA==
wq+gl+gm3qBVvPKDxorrn46aXAzXm7g/lQIoy34uAyYPWo3cuAjwJE1ssz7FQ/tFO5JnrvCS2Q+vQQ==
U90I6O9c3VO1PJkuFmqDUXWK4+svOPSFRw8wuxWGoF/uuquCr/4lCOjcuOANqPvqlZfTYRu2T7rghtELr0U=
ZrR5KEVPjWmLz8MYPfRubCZNg7d6/jliDyMMWDjJ5NcOAH/Kl2vYz5XySDs+/mO2j8otDPg40BRNXJMOBRNb1bsCh/4w4jl/rzE=
FbmQJlBwDzKlyx25ghPwlj8nIy8Js4j1JjR5gMjROysKYoE+z380REjV3MvuXEcW57dgUxVu8OdOIlvqb9YVEIgk6EiNACuSdY/jSVtePyJAPgFjry0=
4Lc/bd6Xs1kW1TUyYBjpTtH2HE0a5DX3U9sZe+/Zao3PmYkBbFtu7qXm2NMPVTKozWhv7bDKoG+gDR5+Uwj/3Uyl1RxUCca4x0w/lOEu8C7kXu3S79zddV/P67xrfJgUbVWvHw==
g+BWTIGOX7ucHhBnpCdLbV5cv1t6GnuE0GvjmHxn7uI9hX8F6UGrj9JvUxcJi/i9xrzp2AgJKyMqqjFGT4eEDGjdzJOuhNeeh3+QaxVWAC8uqssyL44FGKhsWLANeJtaVYfzkZsGr6qgdnFbrxU=
67xIQCqsTMjOT6VTwBs8gEglLQ7mnMTex6c2RFuSzbySdSOh+S0T4ceMuovKyMq6+gJxJxNAcHEc9l/ndR/WttucAPLI1q39cWtatgh1d+LICoelWQeX/weUeS6jPYmJbUH67aqDD6WlrHN3WK8U
sutdXBVB9DA6rqR70AgfAUzWi6BlA1CkoSP4JlUAO3a7HOAyqNZNPRHrunZodZeiqIpn5TkHd79nFJluwz2pyc3BWq2Kgy/lBSzTN3ivNA==
zUQoFxT5Fxi/kbGAZyrOEo6aXAzXm7g/lQIoy3suAyYPWo3cuAjwJE1ssz7FQ/tFO5JnrvCS2Q+vQQ==
EHlCmFAb0mcmqa/PLYSfPnWK4+svOPSFRw8wuxWGoF/ruquCr/4lCOjcuOANqPvqlZfTYRu2T7rghtELr0U=
R6ck1cFOfX7WGbTqq61ya1pcvFt6GnuE0GvjmHxn7uI9hX8F6UGrj9JvUxcJi/i9xrzp2AgJKyMqqjFGT4eEDGjdzJOuhNeeh3+QaxVWAC8rqssyL44FGKhsWLANeJtaVYfzkZsGr6qgdnFbrxU=
3878WwYQ98c7icAo8+ZiCEzWi6BlA1CkoSP4JlUAO3a7HOAyqNZNPRHrunZodZeiqI9n5TkHd79nFJluwz2pyc3BWq2Kgy/lBSzTN3ivNA==
E3AQeJ/tot4aomduBAT+Q46aXAzXm7g/lQIoy30uAyYPWo3cuAjwJE1ssz7FQ/tFO5JnrvCS2Q+vQQ==
2uLoJfwPRASBOfrc/zn5OnWK4+svOPSFRw8wuxWGoF/tuquCr/4lCOjcuOANqPvqlZfTYRu2T7rghtELr0U=
EK88sm+kb1hnu0d3ef7HUEzWi6BlA1CkoSP4JlUAO3a7HOAyqNZNPRHrunZodZeiqIln5TkHd79nFJluwz2pyc3BWq2Kgy/lBSzTN3ivNA==
7w1yjfOBA6PqOj3B4tS6f0glLg7mnMTex6c2RFuSzbySdSOh+S0T4ceMuovKyMq6+gJxJxNAcHEc9l/ndR/WttucAPLI1q39cWtatgh1d+LICYelWQeX/weUeS6jPYmJbUH67aqDD6WlrHN3WK8U
dos58pCScEPFufTBBmT/LOBjeGsn2AfHkMnD1qIgX1G+u9a+TdlH2QlTloigYnUdD4jWpb6/w5itgBl5D+kSmpBcPFAYgXRPThhvAvfjKPeVyrizXTZzrs9SvUTYMOBszaSjBiXby017Gpe20GpJR68J
P34GPIvOEkB3qahdH+nqb9HPFl1wsjhsGmKZ32j4hXJTAAwNvR1n3Y1dWfQkN1RIVAZkeu+bjbDuzYKOwVvr/wgKheReThYmc0EvEwQK1rWp3pZx2ZmH90nDWewnEn3dl7VzOeTRtHMRmbvUbUtGrwo=
9bfz7Y1D3vb9GVwu4zfasOZ8aXMx3xjRlMHcxKs/SlSioNa5UcJH3hVGk5SwY3UVCJfAobag0cTo1RN/WvYJmo9bPFAYgXRPThhvAvfjKPeVyrizXTZzrs9SvUTYMOBszaSjBiXby017Gpe20GpJR68J
EK88sm+kb1hnu0d3ef7HUEzWi6BlA1CkoSP4JlUAO3a7HOAyqNZNPRHrunZodZeiqIln5TkHd79nFJluwz2pyc3BWq2Kgy/lBSzTN3ivNA==
v1ATWG8UovF+8RlwuxJZZzkDk7Ev+ThiEC4MWDjJ5NcOAH/Kl2vYz5XySDs9/mO2j8otDPg40BRNXJMOBRNb1bsCh/4w4jl/rzE=
EK88sm+kb1hnu0d3ef7HUEzWi6BlA1CkoSP4JlUAO3a7HOAyqNZNPRHrunZodZeiqIln5TkHd79nFJluwz2pyc3BWq2Kgy/lBSzTN3ivNA==
EK88sm+kb1hnu0d3ef7HUEzWi6BlA1CkoSP4JlUAO3a7HOAyqNZNPRHrunZodZeiqIln5TkHd79nFJluwz2pyc3BWq2Kgy/lBSzTN3ivNA==
74y3V4KGH8pzyXi1S2SMbb4tfYBEVoLbyzXKiLbF16Y7pUSujMjHIfplBOG8QLn0KT9YT08YbGIMkfXV37/Y6xKILyDLQsmUAvayxpfZk4OIglI1LVYa4WUB45fte4Uc69o5ndP9Pwk4KVBTNYHHxGFDQq8O
7w1yjfOBA6PqOj3B4tS6f0glLg7mnMTex6c2RFuSzbySdSOh+S0T4ceMuovKyMq6+gJxJxNAcHEc9l/ndR/WttucAPLI1q39cWtatgh1d+LICYelWQeX/weUeS6jPYmJbUH67aqDD6WlrHN3WK8U
EK88sm+kb1hnu0d3ef7HUEzWi6BlA1CkoSP4JlUAO3a7HOAyqNZNPRHrunZodZeiqIln5TkHd79nFJluwz2pyc3BWq2Kgy/lBSzTN3ivNA==
fKXXY1i3cwRpYLF8FLoiSG/PpbsyPqDTWjhk9EuGrTWMoauCr/4lCOjcuOANqPvqlZfTYRu2T7rghtELr0U=
jVKh+BJk1xNRIPn2LqOnwovi2o2etV3a0kJYr6pEnIjL+lVJfN1T/k+C3XQYoECczdQDlmXrKx37yrfGEPopd685
CXn7gzrl0fVMsGfWbNcq07Sb+A4WKsuNjzE0j5y8wC2qBoTniotcUApq68LYRhlau6sLV1ZY6I2VpxtX00RtNn/91RH5ka6FpmNDzRFcxw9kryg=
ioAzokmF2TPg7J5ln9y+nGvRwuRRSfPoiUgiFWfJyKZmgyAjNoS4OhmWko5TnnnryZMckKLZZ/cpg7lsR1Kd3bf107lEkZRzMdkbVM0LZq8q
PrVR+DlvsJBoY+MKGW2t21dGvFt3GXiE12fglnl86fc4mmQB9Veoi859WggZ1rPuhfa/gBlZJ3d87CUPEonNSS/Vxt2yjsDDmkjEJEtWDUVMscsyL44FGKhsWLANeJtaVYfzkZsGr6qgdnFbrxU=
2uOhayRp1XJ95gOnGYdjhHQfibQUCUQmiYmyS6lHx2+6a0Lc1N1CIkjCizQJqwQrV+R/vPEm0Oa09m16vxT9fU/nqxT79DjcPX2vNw==
SI3Oij9yXPsfwZxk2CJlBG8EibQUCUQmiYmyS6lHx2+6a0Lc1N1CIkjCizQJqwQrV+R/vPEm0Oa09m16vxT9fU/nqxT79DjcPX2vNw==
bIKA2IR3vmV5GVL+22HYe1o47Mk0EPX7WIJ8dzIrNIBCKiOy8GYBqqOrEydOeMB93WfTBzvk1aYHfW2BAfEGVe6jC/35PN8/fK8w
vEVizTDrFGk0p1LBRIHbVldc7rMZIX2XsMEjpRbpDamvtQY9sq4AYxroBARLds3lzBELEi9uxXgojJjQDZjbOtVns/GbJu8KINYxe681
wdhcqZ4w6Xjo5FiEtbpEGxs0ysFqM0LEHhH05prblPNCbBSa9f4GPsdm5WtV64ggNjELV4XrTTzziuEdi60n6XC5+JMd8Q8k2TN6rzY=
KXNKldMUPWHwJdowRd21PnQ/z5Ju//DfvaNvbTJ6LzdwlBcV/v+eip0jquYrZuDqtlZ9EwCM0Mbjj+Sr2aH335DDE92WET2hj32WpfK2ECt6YPQ8S049baxZGwpv9lWwCISoKI3g6zL1LyNpWz7/wsBeQUOvDQ==
TIYkz6d8ga106IKluHKdXLEcmmkxzh4SOBkewTZaE3WYzEHB5g4uLD3JbtStc98qNXqTu9DAzZKBp9KqkBFoDRBM9iWOxmBv9rtQSE4KbzoUVgWSXytvH0pIpPURR99P33SRvhu98RnF4SIdYkNH9d3MW0dArww=
/SAo6UdmHlZyWWI6R84fDuacrA8XMcuNjzE0j5y8wC2qBoTniotcUApq68LYRhlau6sLV1ZY6I2VpxtX00RtNn/91RH5ka6FpmNDzRFcxw9kryg=
ZuA80jjYSoKVU5KWbGklO2/PpbsyPqDTWjhk9EiGrTWMoauCr/4lCOjcuOANqPvqlZfTYRu2T7rghtELr0U=
PXG/MbiYcMQ8txpPwj8Go4vi2o2etV3a0kJYr6pEnIjI+lVJfN1T/k+C3XQYoECczdQDlmXrKx37yrfGEPopd685
jTowdT1sgQq26fDtpxzUswyev4sfNCDAgmlZqocHdhdRE3fD0o/iYEyp0q7ARgiosT/0R/9AH0CpkgCqfLItpsfAzVGng4so4wAo0DV5rys=
DVkz6T3hLxifNH2ww8V85l4zKxLwn8DC26syVkWJzbuAYye6+i0e4sSCuJzL2ZfxqUE7cUtRIH1IoBnzPELY/57bCPiGyqfqLHZt4kcod++iaJylWQeX/weUeS6jPYmJbUH67aqDD6WlrHN3WK8U
t0VRisjU1rwWJ+saK5M47W8EibQUCUQmiYmyS6lHx2+6a0Lc1N1CIkjCiDQJqwQrV+R/vPEm0Oa09m16vxT9fU/nqxT79DjcPX2vNw==
fTLcmT9lJJnLUozUDoo3nlo47Mk0EPX7WIJ8dzIrNIBCKiOy8GYBqqOoEydOeMB93WfTBzvk1aYHfW2BAfEGVe6jC/35PN8/fK8w
tF5qSN5K2oIEOj8R/ep7iEgS/rVMJnyXr8wjpRbpDamvtQY9sq4AYxroBARIds3lzBELEi9uxXgojJjQDZjbOtVns/GbJu8KINYxe681
l5lTeytTR58It5uEBbgsMXA7mo5r0Q5kED8zJwm7kPUHQh4FzNbcx2/8Q7UW+e2Z72WmTTIeYLPamCQUSGbtlQzBa6KvHmWoaLx4wA2IuwoVNxMBG5YPWmAmEWuvJQ==
X5e+VyAcShu3+OBBwbXNUalYnYXSjbpmgDNoODFghgkl0vFkZqUXiZVDOtLRbbCl0MjWiOHya1hyZFNOfCOtbUoGpKcqC/wQKmrLgrjG+Rrbq+uXNtgITbWnO5dzxM32X/210RkRzsVGYyONsdxnT0SvCA==
z5RiiAzuRdzYeCIxcVXtZ1ztzVh1DtO0+X1FS8AdG/nWtbV132m+YVIyuP9qdLyYy+p1ebyNs47PMn2kWFAgjM3E4+alu4utezrXFlDKCWevKQ==
KXNKldMUPWHwJdowRd21PnQ/z5Ju//DfvaNvbTJ6LzdwlBcV/v+eip0jquYrZuDqtlZ9EwCM0Mbjj+Sr2aH335DDE92WET2hj32WpfK2ECt6YPQ8S049baxZGwpv9lWwCISoKI3g6zL1LyNpWz7/wsBeQUOvDQ==
cwua5vPBQ+96wSKFz5Mtjm/PpbsyPqDTWjhk9E6GrTWMoauCr/4lCOjcuOANqPvqlZfTYRu2T7rghtELr0U=
8gaCKZfu3m480DjXJW6jtYvi2o2etV3a0kJYr6pEnIjO+lVJfN1T/k+C3XQYoECczdQDlmXrKx37yrfGEPopd685
vzODe0ueLBGW+VIKduJeqA2ev4sfNCDAgmlZqocHdhdRE3fD0o/iYEyp0q7ARg6osT/0R/9AH0CpkgCqfLItpsfAzVGng4so4wAo0DV5rys=
rXcb1K9674gwDdgn2ctD+1dGvFt3GXiE12fglnl86fc2mmQB9Veoi859WggZ1rPuhfa/gBlZJ3d87CUPEonNSS/Vxt2yjsDDmkjEJE5WDUVMscsyL44FGKhsWLANeJtaVYfzkZsGr6qgdnFbrxU=
vl93SIsrZ/k0LAKNQhflEW8EibQUCUQmiYmyS6lHx2+6a0Lc1N1CIkjCjjQJqwQrV+R/vPEm0Oa09m16vxT9fU/nqxT79DjcPX2vNw==
MkOD3cEsR+SUo7Dp8JLmLQnHlqd9UR+w6CC5MxxCOD/+W+g45spHKkz2jSInLpevwuh85TkHd79nFJluwz2pyc3BWq2Kgy/lBSzTN3ivNA==
m/hkBVyhnbQBEgrGIwpGKnAVg+MsuC0rUi1FHX/B7pkSCmiXilyMgM7yRVFc5WO2j8otDPg40BRNXJMOBRNb1bsCh/4w4jl/rzE=
YxtLAA1YluNxD8GYhbc4TiYc7x4Xj/aP4buXuwLHorg8QfKW0E4OsIEXlL+viN8YWfqgEuw6rT53aC0pd8vL8JPoCOglca8z
VS+3h83LajQiEA3HRK0i3GwsIRnxdGLw7BkS/iA2DriRD7SXn7Cf0AkiwPqcwi225/CNgcdzC7hDsOiA1QmvOw==
Uxl5HTBVnvSR205uak3ifyYc7x4Xj/aP4buXuwLHorg8QfKW0E4IsIEXlL+viN8YWfqgEuw6rT53aC0pd8vL8JPoCOglca8z
zk5c1lsjHmNhPnh/hBrtXWwsIRnxdGLw7BkS/iA2CLiRD7SXn7Cf0AkiwPqcwi225/CNgcdzC7hDsOiA1QmvOw==
ZuA80jjYSoKVU5KWbGklO2/PpbsyPqDTWjhk9EiGrTWMoauCr/4lCOjcuOANqPvqlZfTYRu2T7rghtELr0U=
PXG/MbiYcMQ8txpPwj8Go4vi2o2etV3a0kJYr6pEnIjI+lVJfN1T/k+C3XQYoECczdQDlmXrKx37yrfGEPopd685
puf+QWCDPS7D2g4eiblDxGIDwKkNCQhrz8O2S6lHx2+6a0Lc1N1CIkjCiDQJqwQrV+R/vPEm0Oa09m16vxT9fU/nqxT79DjcPX2vNw==
Uxl5HTBVnvSR205uak3ifyYc7x4Xj/aP4buXuwLHorg8QfKW0E4IsIEXlL+viN8YWfqgEuw6rT53aC0pd8vL8JPoCOglca8z
YAPIkLO8HL8QtbxlUqs5gGIDwKkNCQhrz8O2S6lHx2+6a0Lc1N1CIkjCizQJqwQrV+R/vPEm0Oa09m16vxT9fU/nqxT79DjcPX2vNw==
AbFDo+0IhGaIk8FTKYtBFSYc7x4Xj/aP4buXuwLHorg8QfKW0E4LsIEXlL+viN8YWfqgEuw6rT53aC0pd8vL8JPoCOglca8z
wpV9SDaGt0k1jd67ec4CCmwsIRnxdGLw7BkS/iA2C7iRD7SXn7Cf0AkiwPqcwi225/CNgcdzC7hDsOiA1QmvOw==
cwua5vPBQ+96wSKFz5Mtjm/PpbsyPqDTWjhk9E6GrTWMoauCr/4lCOjcuOANqPvqlZfTYRu2T7rghtELr0U=
8gaCKZfu3m480DjXJW6jtYvi2o2etV3a0kJYr6pEnIjO+lVJfN1T/k+C3XQYoECczdQDlmXrKx37yrfGEPopd685
e88lNQpQG2JzvNL6DCmYcmIDwKkNCQhrz8O2S6lHx2+6a0Lc1N1CIkjCjjQJqwQrV+R/vPEm0Oa09m16vxT9fU/nqxT79DjcPX2vNw==
YxtLAA1YluNxD8GYhbc4TiYc7x4Xj/aP4buXuwLHorg8QfKW0E4OsIEXlL+viN8YWfqgEuw6rT53aC0pd8vL8JPoCOglca8z
VS+3h83LajQiEA3HRK0i3GwsIRnxdGLw7BkS/iA2DriRD7SXn7Cf0AkiwPqcwi225/CNgcdzC7hDsOiA1QmvOw==
cwua5vPBQ+96wSKFz5Mtjm/PpbsyPqDTWjhk9E6GrTWMoauCr/4lCOjcuOANqPvqlZfTYRu2T7rghtELr0U=
8gaCKZfu3m480DjXJW6jtYvi2o2etV3a0kJYr6pEnIjO+lVJfN1T/k+C3XQYoECczdQDlmXrKx37yrfGEPopd685
VtviARgKbij3xIjjurbuKVyczvo6FAP0vG35dVZGOD/+W+g45spHKkz2jSInLpevwuh85TkHd79nFJluwz2pyc3BWq2Kgy/lBSzTN3ivNA==
dvujtuhN+FnPffgU8GKm52YzmQqKqJjw+/rWZQQl1tiPlAkkfrmEVqmZsluJNwff2vvCTDRtAtJo0o4kKVtEm7d0/yyRlhCWlOZtap9kPc0vdyuEG0R4LB1tryc=
53/FfIPjeST0D69dDE+pbJxP2DwUwHNEtbU9FiTG5pKFSVtBHYTyyIN3zuKqu0QzMoykGmVeVv73BvVuRQu4YOaRm9c1i718o2rRHXuNdynAGQgTjRFfZCkTaq8m
RoMka5BqV1rryHX+M5kqSn/4n1SpvTkWIM76gmlxP2H53N44vz8KIu7zuINeVAB6wab6bmuOce7BgyTwSuk/N5HTUczfohVdP0VLWezBbDNpKTN0NRturyI=
r0Fu7vDrMvBXzonDbtni7VLsJyG3lq5SdDrn7bERV0CwgFGjpMJAr1Y7MIiuCg96tNal0j8uj9/qyAQ18Ue/Dz/0Mf47vRFZpWGC3UJDZzU9TDsHYK8s
z9VdlWXGQTp4cdcuKZqszSBiZ3RW75CzfjojytmeOn9cJJV3knF9AQ/d1oXyVlBL+oA0HE5u/Y0sOVvqb9YVEIgk6EiNACuSdY/jSVtePyJAPgFjry0=
lO/vQeBMYg+dQVVWzqA7tHJlM3VX9JCzfjojytmeOn9cJJV3knF9AQ/d1oXyVlBL+oA0HE5u/Y0sOVvqb9YVEIgk6EiNACuSdY/jSVtePyJAPgFjry0=
jBxmpU4/FxLHvjX2Ukd7GW/PpaYyPqDTWjhk9EiGrTWMoauCr/4lCOjcuOANqPvqlZfTYRu2T7rghtELr0U=
PXG/MbiYcMQ8txpPwj8Go4vi2o2etV3a0kJYr6pEnIjI+lVJfN1T/k+C3XQYoECczdQDlmXrKx37yrfGEPopd685
RFCbIPIDhKqY5Iffuw5yc12czvo6FAP0vG35dVZGOD/+W+g45spHKkz2jSInKJevwuh85TkHd79nFJluwz2pyc3BWq2Kgy/lBSzTN3ivNA==
fUtIL17dbvoZE0Qrb+2caudBntRyES0YmDU7Mi9YONNKLkq97HZOCjIYSVkVdSPJseW5wZLpIgizF97iups0c+IsNJrVvua+pyYFaDUraKBW8StXpSvtvFNKwR1rbUdpkPmYk/2xr6R5c1qvFg==
t0VRisjU1rwWJ+saK5M47W8EibQUCUQmiYmyS6lHx2+6a0Lc1N1CIkjCiDQJqwQrV+R/vPEm0Oa09m16vxT9fU/nqxT79DjcPX2vNw==
9d9CxJpctLfWDmGKxvjEowm2iRg3S9D9rXtfS4xQXbPStbV132m+YVIyuP9qdLyYyOp1ebyNs47PMn2kWFAgjM3E4+alu4utezrXFlDKCWevKQ==
Kvmet0G5SDzQIGTCzz4FeedBntRyES0YmDU7Mi9YONNKLki97HZOCjIYSVkVdSPJseW5wZLpIgizF97iups0c+IsNJrVvua+pyYFaDUraKBW8StXpSvtvFNKwR1rbUdpkPmYk/2xr6R5c1qvFg==
t0VRisjU1rwWJ+saK5M47W8EibQUCUQmiYmyS6lHx2+6a0Lc1N1CIkjCiDQJqwQrV+R/vPEm0Oa09m16vxT9fU/nqxT79DjcPX2vNw==
u/g5O4q319D3C7tnDeb77edBntRyES0YmDU7Mi9YONNJLki97HZOCjIYSVkVdSPJseW5wZLpIgizF97iups0c+IsNJrVvua+pyYFaDUraKBW8StXpSvtvFNKwR1rbUdpkPmYk/2xr6R5c1qvFg==
Wt+MLI/DcWKdUpyKxfggDwi2iRg3S9D9rXtfS4xQXbPStbV132m+YVIyuP9qdLyYyOp1ebyNs47PMn2kWFAgjM3E4+alu4utezrXFlDKCWevKQ==
fg6QzoHdLY68VNEaYe35+udBntRyES0YmDU7Mi9YONNJLkq97HZOCjIYSVkVdSPJseW5wZLpIgizF97iups0c+IsNJrVvua+pyYFaDUraKBW8StXpSvtvFNKwR1rbUdpkPmYk/2xr6R5c1qvFg==
uVsYN2KelJMNgoJdrs35PXJlM3VX9JCzfjojytmeOn9cJJV3knF9AQ/d1oXyVlBL+oA0HEhu/Y0sOVvqb9YVEIgk6EiNACuSdY/jSVtePyJAPgFjry0=
fTLcmT9lJJnLUozUDoo3nlo47Mk0EPX7WIJ8dzIrNIBCKiOy8GYBqqOoEydOeMB93WfTBzvk1aYHfW2BAfEGVe6jC/35PN8/fK8w
Uxl5HTBVnvSR205uak3ifyYc7x4Xj/aP4buXuwLHorg8QfKW0E4IsIEXlL+viN8YWfqgEuw6rT53aC0pd8vL8JPoCOglca8z
XO3JTle8CEn+CDcu9Ci0h0ph3YJjJhDODl++743b0vVeLx+a9f4GPsdm5WhV64ggNjELV4XrTTzziuEdi60n6XC5+JMd8Q8k2TN6rzY=
0GLwJOr77ja00PGsbXOl16+oiTAE2vb3F0oK4qyDYuMxET/EGZmhq0k4goTkBSI6eNqILDmzZPNnvL/kQf6wfgRu7eIPjJ2l/79rTMssWMQNZa8v
fKXXY1i3cwRpYLF8FLoiSG/PpbsyPqDTWjhk9EuGrTWMoauCr/4lCOjcuOANqPvqlZfTYRu2T7rghtELr0U=
jVKh+BJk1xNRIPn2LqOnwovi2o2etV3a0kJYr6pEnIjL+lVJfN1T/k+C3XQYoECczdQDlmXrKx37yrfGEPopd685
D3CMte7Sgdm1Ys/JMiBhP0gS/qxYJ3rEsM0jpRbpDamvtQY9sq4AYxroBARLds3lzBELEi9uxXgojJjQDZjbOtVns/GbJu8KINYxe681
32UQF5XCR/Qgo6WzbB/J5ver9SorCsuYi3AyiM+8zC2qBoTniotcUApq68LYRhlau6sLV1ZY6I2VpxtX00RtNn/91RH5ka6FpmNDzRFcxw9kryg=
dH0Nec7o8ewQP532S0VRnWIDwKkNCQhrz8O2S6lHx2+6awHrjfh+OUjCizQJqwQrV+R/vPEm0Oa09m16vxT9fU/nqxT79DjcPX2vNw==
6p96sAZjvdAovHY/oCV16yOMnb8SAPyhhht2FGrJyKZmgyAjNoS4eS7Pt7JInnnryZMckKLZZ/cpg7lsR1Kd3bf107lEkZRzMdkbVM0LZq8q
jBxmpU4/FxLHvjX2Ukd7GW/PpaYyPqDTWjhk9EiGrTWMoauCr/4lCOjcuOANqPvqlZfTYRu2T7rghtELr0U=
PXG/MbiYcMQ8txpPwj8Go4vi2o2etV3a0kJYr6pEnIjI+lVJfN1T/k+C3XQYoECczdQDlmXrKx37yrfGEPopd685
Oqp0za0lbfSt253nLQ6YdvSr9SorCsuYi3AyiM+8zC2qBoTniotcUApq68LYRhlau6gLV1ZY6I2VpxtX00RtNn/91RH5ka6FpmNDzRFcxw9kryg=
Bn8hJPsgNS7BBnKbq16zC2IDwKkNCQhrz8O2S6lHx2+6awLrjfh+OUjCiDQJqwQrV+R/vPEm0Oa09m16vxT9fU/nqxT79DjcPX2vNw==
a99QEhERJlXF/D3ARRbxbiYc7x4Xj/aP4buXuwLH4o9lZM6N0E4IsIEXlL+viN8YWfqgEuw6rT53aC0pd8vL8JPoCOglca8z
HAkqhdfSba28/L3P8rKx8WwsIRnxdCLHtTwu5SA2CLiRD7SXn7Cf0AkiwPqcwi225/CNgcdzC7hDsOiA1QmvOw==
aYTx4FigpkyzQ/6ajw/2j2/PpbsyPqDTWjhk9EmGrTWMoauCr/4lCOjcuOANqPvqlZfTYRu2T7rghtELr0U=
WlAXYh0dPSApTEgMnUXoRovi2o2etV3a0kJYr6pEnIjJ+lVJfN1T/k+C3XQYoECczdQDlmXrKx37yrfGEPopd685
gDDNXQuDVfJ7/Jv+CPoHyPWr9SorCsuYi3AyiM+8zC2qBoTniotcUApq68LYRhlau6kLV1ZY6I2VpxtX00RtNn/91RH5ka6FpmNDzRFcxw9kryg=
gQxWrFKcgHtQiQok6lSTlGIDwKkNCQhrz8O2S6lHx2+6awPrjfh+OUjCiTQJqwQrV+R/vPEm0Oa09m16vxT9fU/nqxT79DjcPX2vNw==
46vXVjoMe6DEvIIKgTMQsiYc7x4Xj/aP4buXuwLH449lZM6N0E4JsIEXlL+viN8YWfqgEuw6rT53aC0pd8vL8JPoCOglca8z
n1awZDYaAFTKNGTd0AtpHGwsIRnxdCPHtTwu5SA2CbiRD7SXn7Cf0AkiwPqcwi225/CNgcdzC7hDsOiA1QmvOw==
cwua5vPBQ+96wSKFz5Mtjm/PpbsyPqDTWjhk9E6GrTWMoauCr/4lCOjcuOANqPvqlZfTYRu2T7rghtELr0U=
8gaCKZfu3m480DjXJW6jtYvi2o2etV3a0kJYr6pEnIjO+lVJfN1T/k+C3XQYoECczdQDlmXrKx37yrfGEPopd685
WiI0NpjyqwVJj3/FqnLNz/Kr9SorCsuYi3AyiM+8zC2qBoTniotcUApq68LYRhlau64LV1ZY6I2VpxtX00RtNn/91RH5ka6FpmNDzRFcxw9kryg=
uklqzPam7Rk5gpcCI2Z81GIDwKkNCQhrz8O2S6lHx2+6awTrjfh+OUjCjjQJqwQrV+R/vPEm0Oa09m16vxT9fU/nqxT79DjcPX2vNw==
Fuoe1LV2V5z6ntSOtebGEyYc7x4Xj/aP4buXuwLH5I9lZM6N0E4OsIEXlL+viN8YWfqgEuw6rT53aC0pd8vL8JPoCOglca8z
xWCxlxTpM4QzKeNDPi8aMWwsIRnxdCTHtTwu5SA2DriRD7SXn7Cf0AkiwPqcwi225/CNgcdzC7hDsOiA1QmvOw==
RhbyvOBLOk+8GAEN/EIAbG/PpbtzCfn2ZiNk9EmGrTWMoauCr/4lCOjcuOANqPvqlZfTYRu2T7rghtELr0U=
MkO7kRmnY7VrBDSW+tPkrovi2o2etV3ak3UBipZfnIjJ+lVJfN1T/k+C3XQYoECczdQDlmXrKx37yrfGEPopd685
GdVI3bZkDUHQk99JGzlVqhs0ysFqM0LEHhH05prblPNCbBTbwqcjAtxm5WlV64ggNjELV4XrTTzziuEdi60n6XC5+JMd8Q8k2TN6rzY=
Y73VUSMxulTD2NDd0MdFnGYg0I148ffAoahnfCJkNDd3iAwV+eOFipoxuvg1Z+DqtlZ9EwCM0Mbjj+Sr2aH335DDE92WET2hj32WpbOBSQ5Ge/Q8SU49baxZGwpv9lWwCISoKI3g6zL1LyNpWz7/wsBeQUOvDQ==
MkO7kRmnY7VrBDSW+tPkrovi2o2etV3ak3UBipZfnIjJ+lVJfN1T/k+C3XQYoECczdQDlmXrKx37yrfGEPopd685
XYO8n0MQSndBAO+BvzbmHbEcmmoxzh4SOBkewTZaE3WYzEHB5g4uLD3JbtStc98qNXqTu9DAzZKBp9KqkBFoDRBM9iWOxmBv9rtQSE5LWGMxah6SXylvH0pIpPURR99P33SRvhu98RnF4SIdYkNH9d3MW0dArww=
WPAd2OCaWTuDZRvAIdkc3eacrA8XMcuNjzE0j5y8wC2qBoTniotcUAor3Jv9egJau6kLV1ZY6I2VpxtX00RtNn/91RH5ka6FpmNDzRFcxw9kryg=
gQxWrFKcgHtQiQok6lSTlGIDwKkNCQhrz8O2S6lHx2+6awPrjfh+OUjCiTQJqwQrV+R/vPEm0Oa09m16vxT9fU/nqxT79DjcPX2vNw==
dMIW++h6KtKS3BXueMeHF0gbMttACuCTGQrGAhcop48SqIyFqYfHHzfU6Y7TPbnp/YGKzXoDv0W17IPXCK9E
4IAM3kgr6J2fEzhZrBW63nIQ4w5Y3v+Y4f2Rp0HM4o9lZM6N0E4IsIEXlL+viN8YWfqgEuw6rT53aC0pd8vL8JPoCOglca8z
vadx3N7MBNAoIY324KzQgPw0LW8dcXoSMd9HGvr3+2I0du1oXfvgwG7hMxddm7VcWzppnQNdT0nICSDT5aHXBPEjcq8+
Ei9in3Fjzj6EZXADWMeeRZG3zsOZpV3aknUBipZfnIjI+lVJfN1T/k+C3XQYoECczdQDlmXrKx37yrfGEPopd685
LEQycG1EiXoAxb7RnOD9gRocdtYnqWbMqahCI93QXhFYyog8GYMkAwcsP3ShjnBOJH7t8i+8XdUfL+vcq9wY9C11rz8=
h5t9+t3Y2sG5XfvQL9fRA2/Ppbt0Cfn2ZiNk9E6GrTWMoauCr/4lCOjcuOANqPvqlZfTYRu2T7rghtELr0U=
82Jc9ocIJ/x3m51Ry+SkVIvi2o2etV3alHUBipZfnIjO+lVJfN1T/k+C3XQYoECczdQDlmXrKx37yrfGEPopd685
Ol2b8AKkCkT09xPJBIAwKhs0ysFqM0LEHhH05prblPNCbBTcwqcjAtxm5W5V64ggNjELV4XrTTzziuEdi60n6XC5+JMd8Q8k2TN6rzY=
yWH2gMJOvjTefRM6RERF+2Yk0I548ffAoahnfCJkNDd3iAwV+eOFipoxuvg1Z+DqtlZ9EwCM0Mbjj+Sr2aH335DDE92WET2hj32WpbSBSQ5Ge/Q8Tk49baxZGwpv9lWwCISoKI3g6zL1LyNpWz7/wsBeQUOvDQ==
Ol2b8AKkCkT09xPJBIAwKhs0ysFqM0LEHhH05prblPNCbBTcwqcjAtxm5W5V64ggNjELV4XrTTzziuEdi60n6XC5+JMd8Q8k2TN6rzY=
uklqzPam7Rk5gpcCI2Z81GIDwKkNCQhrz8O2S6lHx2+6awTrjfh+OUjCjjQJqwQrV+R/vPEm0Oa09m16vxT9fU/nqxT79DjcPX2vNw==
Ei9in3Fjzj6EZXADWMeeRZG3zsOZpV3aknUBipZfnIjI+lVJfN1T/k+C3XQYoECczdQDlmXrKx37yrfGEPopd685
V42P/V825dUWzEu/MQFou1S+f/9eJyP6nm9n8rj+aejZc2xQ8nnXd7njSSyXcq3dxxWDefQxBPPBucsU/St2rzo=
46vXVjoMe6DEvIIKgTMQsiYc7x4Xj/aP4buXuwLH449lZM6N0E4JsIEXlL+viN8YWfqgEuw6rT53aC0pd8vL8JPoCOglca8z
n1awZDYaAFTKNGTd0AtpHGwsIRnxdCPHtTwu5SA2CbiRD7SXn7Cf0AkiwPqcwi225/CNgcdzC7hDsOiA1QmvOw==
AZ7pmOwG4rZwvAq5W4J2aG/PpbtxCfn2ZiNk9EuGrTWMoauCr/4lCOjcuOANqPvqlZfTYRu2T7rghtELr0U=
CqOY3Xya8xhx/eTIbeaCy5G3zsOZpV3akXUBipZfnIjL+lVJfN1T/k+C3XQYoECczdQDlmXrKx37yrfGEPopd685
flsEqs3nyWWmPcIYuP2QMVS+f/9eJyP5nm9n8rj+aevZc2xQ8nnXd7njSSyXcq3dxxWDefQxBPPBucsU/St2rzo=
a4uxdO7GD3DalzW/KVLnWWwsIRnxdCHHtTwu5SA2C7iRD7SXn7Cf0AkiwPqcwi225/CNgcdzC7hDsOiA1QmvOw==
gWoF/fMiWaZw3zoj5YSj9TcZ/j0XlriG4a2JuxWc8LgkQfmrvVROksU1pKWviN8YWfqgEuw6rT53aC0pd8vL8JPoCOglca8z
wSUY1vZzuO4fyog0C9kC3TcZ/j0XlriG4amLtRWc8LgkQfmrvVROksU1pKWviN8YWfqgEuw6rT53aC0pd8vL8JPoCOglca8z
8oSDGWERgRFHSRxMPbBNJNApLfPf8Nk7NSXrXwRqVSEQUOPE7CwPvGprYuC/x+9xGRDGPv0zeZpdrLTx3RNnX8r/OUEyz5+/lcU8SKxX8Ch4IMw25zm3SxzYJFHo+3UtebHTuekdFC5766fLTSLJ4CalRWOgrM6txi14QmJ3kPVOczPrtLk3dxmjKay3sk3dZ1Xj+dTx5PNh+auU3euWr9o=
chljGecMowybQanHWtKlarw4MyMAZCkOMJwHXdv6z1QTM6c1L7Pc+mHhMxddm7VcWzppnQNdT0nICSDT5aHXBPEjcq8+
oC4IkqF1zVhFMC0cP0qbQ+X9GLvNrOXvzHSElo/Jo04J75z3muYpfEjf6zQ7fxz4U6cmB4r9uBAyfxkFHe/Cq5kxX9tpFxgxYhfiSl8Is51St80NVQLtgIO4nfQLGyZKEYSnGPwOsE8HvtctKlE1Z0fLvqc5xxVXYTjvSY9YX8h5auACTOqt7td4bblXG0sgs3hI+IWhr+M=
BnEjn/tk7bJzQl/UBTTRgURxiNgxYBbZFUH3u5ySlvhZfV2c46oBNOM0ugl3q6wjPDELV4XrTTzziuEdi60n6XC5+JMd8Q8k2TN6rzY=
OD/xZKMyl5gK/OqbxDve+29b/HqGSQFca0LKLUWqCsecoh3WgZCPvFByFAQG1MbqtIbGBeeIWY8UZ+4/Zdj/wsSdaJ9Vbl27uDjulYHHL69vNOHeK70BOfWhUr3Sw9dVjYwLZ1CvHA==
noUU4GokOkisrMpZo+p0JyLGjyvn/g3BnugFgNq4alyOe2belMDQQGIdDl/ez+yxvGFy9Ve2uKahSQvV1bzwmOQheUv9dE6yhdUkxW+o3ziZmiDzrBqtHjeIrUm368vQU4iICGVRrxM=
T0focmvn6LWwE9Pum3Dk6XoznR/LmZb67PzQdAox3puGk0wlNO3CEe/K+FKJJRvRzaCQTCxtCe8FyM4GbXl0gbd0/yyRlhCXlOZtap9kPc0vdyuEG0R4LB1tryc=
/QrECEyFhll5FS85Yt3kmAJvtvpKVKQi0ZCG9uT40EhyBS637reseWw5El2nDjguMdGrvWVEMNC0+ZljjUxOupXNBC1f0J/wScJAW1yiLZanEA0hBxMLmANQaCAVaa8b
qiXlygWwbaf6R5VgK2d9sStcmd97ZoU45pCG9uT40EhyBS637reseWw5El2nDjguMdGrvWVEMNC0+ZljjUxOupXNBC1f0J/wScJAW1yiLZanEA0hBxMLmANQaCAVaa8b
c3nMrL4qfR5EKbMYA8m9PSp42NU0jFs4DnBgelD2jr9WARoF3NeAk3r7Q6xY8O2L82uxFmAeeLPRpUkODkSptzzba6KvHmWoaL14wA2IuwoVNxMBG5YPWmAmEWuvJQ==
92NrrzJrQhqPPZlMOFb32BB7zVqrgwS20wMaYed5HlrKQeQd1LOXFnMg/3T0ivzAxKdhABEx4i8Tw7PUalOkuoWA0k8YF98V3Xye3KTW8wxO7JS0s0iX7M8nJJGZr5iZsk/CQm9wc3XCLy3FJTrtqNNgPXy742YiAZzHUAy2MOfX5vclGin1j9dTXm9J/xV/MeBPwT+gH6BpcoBLvFItRgcgTbFnY4vII+CoMPWZr8s=
0YzsYL2zsus8cTKkLKjwVk8QLkdnGIK/qEh85YiP0L6m0abvkneIr7wzJoNizKWYupeYWVCHf37u5saDJCXRj/3mW8YPqqfWQu2jAmti4z2daNVdojOsJhaKrW8bogylp7wSn9iGOfvP2yVMZspi7mxpjR1XqFboR+Cx6mZUbIrPv7JbQrQqwbiUVkGWMhM+h6ZL+VxDNQl442bBikAT5sNfJlG19yn8bXLnTtUeZ9U2qEWC/8Lg0BBdQyj/56Z/BeVz7QadBXnVZcWO5+MjVo9qbSx4GZB0TbxTLoUzm3W7YkcesIJ536+R
s51nNNH0skkUb220uX2UMj0yKF+CEo71CFcZQd+q8mwyNevWMBJuaTljQq4Pp/u9WneTHuyeowNcgN3dngck1PGzcqgGwnfiDgVnB90JpCUDS/BWpD5Xhhlb2octtiwvB5wCXAG7ek9Yo8nqVehX9OIzkMMfpHn3kyd/mvv242ckXOYm04ggWDcw5DrNuWf/DZUU6BRnuKgw0LTWj+kviyRojHEwa70tsSELmUGtLO7jO88rNdKBYG6V/cOI/FbtPl2QIrrnWPUG42sL3ElPt4FzAQwOgoVdryUbmTyhfLNZSQO0hXver5I=
zbprcfFkf2UQbmwKHsNE+e70EOfQdPtXu1bJdeGOn6KlhkEOr48o9h+VbnXggupWk2+BvHmekdxe6mHNiQP9u+RQwedkM3bdz/tlrOaqog5sSUa40AiWiEcA8Urm9Cyqz9/yu8LU6uG4tJYhFtJTXoeGC1nc43XpeIOmYQrg08bDv+YxNRdp3G1Sp65Vfqc1NoiFIn9iILAQvQOIf0fmXwWFMw2G/cVZ1UUF7mcDYzaPSi2M+LnQlE3ck44Fk1tVu4KHfjBiOf+vsQ==
L0BRL90UUKu6zRzGG+E+ioZkHMNMgG59Ilp4dreVI2DrjMT9v8KghVlKQZ2zrqWmISGvVmJESXSUh1X7wCEr8DLFm1d8+eIaHfg+iPQkmA1DFSCrOIGe6DGbR7Lx5r/3LF9r+nof0XAkRHe3fE9er7/zZwufxLR21xvpCN+XNYuJAn16ddeysEB+pcTmmPF8kmLrVXHPG5kS8OJLnsgW/EIOyaV5O/KEKulG5zutN619AedB+l61d4nzw/6nAEi5C9uO8EDdKLG2esyrnjXArx1TeqXZBxf/h5T4LiM9CYntQXrtKoOPpSWs83fYr5Q=
1jb1gVxUab91paXbGF6BEYZkHMNMgG59Ilp4dreVI2DrjMT9v8KghVlKQZ2zrqWmISGvVmJESXSThVX7wCEr8DLFmld8+eIaHfg+iPQkmA1DFSCrOIGe6DGbR7Lx5r/3LF9r+nof0XAkRHe3fE9er7/zZwufxLR21xvpCN+XNYuJAn16ddeysEB+pcTmmPF8kmLrVXHPG5kS8OJLnsgW/EIOyaV5O/KEKulG5zutN619AedB+l61d4nzw/6nAEi5C9uO8EDdKLG2esyrnjXArx1TeqXZBxf/h5T4LiM9CYntQXrtKoOPpSWs83fYr5Q=
6r++aIlgkxQuLDoJMh0Kb4ZkHMNMgG59Ilp4dreVI2DrjMT9v8KghVlKQZ2zrqWmISGvVmJESXSUh1X7wCEr8DLFlVd8+eIaHfg+iPQkmA1DFSCrOIGe6DGbR7Lx5r/3LF9r+nof0XAkRHe3fE9er7/zZwufxLR21xvpCN+XNYuJAn16ddeysEB+pcTmmPF8kmLrVXHPG5kS8OJLnsgW/EIOyaV5O/KEKulG5zutN619AedB+l61d4nzw/6nAEi5C9uO8EDdKLG2esyrnjXArx1TeqXZBxf/h5T4LiM9CYntQXrtKoOPpSWs83fYr5Q=
ogJWavs8dEu5J7wbUHGMgYZkHMNMgG59Ilp4dreVI2DrjMT9v8KghVlKQZ2zrqWmISGvVmJESXSThVX7wCEr8DLFlFd8+eIaHfg+iPQkmA1DFSCrOIGe6DGbR7Lx5r/3LF9r+nof0XAkRHe3fE9er7/zZwufxLR21xvpCN+XNYuJAn16ddeysEB+pcTmmPF8kmLrVXHPG5kS8OJLnsgW/EIOyaV5O/KEKulG5zutN619AedB+l61d4nzw/6nAEi5C9uO8EDdKLG2esyrnjXArx1TeqXZBxf/h5T4LiM9CYntQXrtKoOPpSWs83fYr5Q=
nAve8gfS5oWW+9X3lVlRXIZkHMNMgG59Ilp4dreVI2DrjMT9v8KghVlKQZ2zrqWmISGvVmJESXSUh1X7wCEr8DLFl1d8+eIaHfg+iPQkmA1DFSCrOIGe6DGbR7Lx5r/3LF9r+nof0XAkRHe3fE9er7/zZwufxLR21xvpCN+XNYuJAn16ddeysEB+pcTmmPF8kmLrVXHPG5kS8OJLnsgW/EIOyaV5O/KEKulG5zutN619AedB+l61d4nzw/6nAEi5C9uO8EDdKLG2esyrnjXArx1TeqXZBxf/h5T4LiM9CYntQXrtKoOPpSWs83fYr5Q=
/PK97ZyXFXbFAgftmA6FbYZkHMNMgG59Ilp4dreVI2DrjMT9v8KghVlKQZ2zrqWmISGvVmJESXSThVX7wCEr8DLFlld8+eIaHfg+iPQkmA1DFSCrOIGe6DGbR7Lx5r/3LF9r+nof0XAkRHe3fE9er7/zZwufxLR21xvpCN+XNYuJAn16ddeysEB+pcTmmPF8kmLrVXHPG5kS8OJLnsgW/EIOyaV5O/KEKulG5zutN619AedB+l61d4nzw/6nAEi5C9uO8EDdKLG2esyrnjXArx1TeqXZBxf/h5T4LiM9CYntQXrtKoOPpSWs83fYr5Q=
2GwyCQhBVNHmAI4YNs4z+oZkHMNMgG59Ilp4dreVI2DrjMT9v8KghVlKQZ2zrqWmISGvVmJESXSUh1X7wCEr8DLFkVd8+eIaHfg+iPQkmA1DFSCrOIGe6DGbR7Lx5r/3LF9r+nof0XAkRHe3fE9er7/zZwufxLR21xvpCN+XNYuJAn16ddeysEB+pcTmmPF8kmLrVXHPG5kS8OJLnsgW/EIOyaV5O/KEKulG5zutN619AedB+l61d4nzw/6nAEi5C9uO8EDdKLG2esyrnjXArx1TeqXZBxf/h5T4LiM9CYntQXrtKoOPpSWs83fYr5Q=
sp562gyna9tnWUFLtnNq74ZkHMNMgG59Ilp4dreVI2DrjMT9v8KghVlKQZ2zrqWmISGvVmJESXSThVX7wCEr8DLFkFd8+eIaHfg+iPQkmA1DFSCrOIGe6DGbR7Lx5r/3LF9r+nof0XAkRHe3fE9er7/zZwufxLR21xvpCN+XNYuJAn16ddeysEB+pcTmmPF8kmLrVXHPG5kS8OJLnsgW/EIOyaV5O/KEKulG5zutN619AedB+l61d4nzw/6nAEi5C9uO8EDdKLG2esyrnjXArx1TeqXZBxf/h5T4LiM9CYntQXrtKoOPpSWs83fYr5Q=
xjpG81Gv738Q39v9LNc06oZkHMNMgG59Ilp4dreVI2DrjMT9v8KghVlKQZ2zrqWmISGvVmJESXSUh1X7wCEr8DLFk1d8+eIaHfg+iPQkmA1DFSCrOIGe6DGbR7Lx5r/3LF9r+nof0XAkRHe3fE9er7/zZwufxLR21xvpCN+XNYuJAn16ddeysEB+pcTmmPF8kmLrVXHPG5kS8OJLnsgW/EIOyaV5O/KEKulG5zutN619AedB+l61d4nzw/6nAEi5C9uO8EDdKLG2esyrnjXArx1TeqXZBxf/h5T4LiM9CYntQXrtKoOPpSWs83fYr5Q=
YkU2ycJFWdObSxONdvNxJYZkHMNMgG59Ilp4dreVI2DrjMT9v8KghVlKQZ2zrqWmISGvVmJESXSThVX7wCEr8DLFkld8+eIaHfg+iPQkmA1DFSCrOIGe6DGbR7Lx5r/3LF9r+nof0XAkRHe3fE9er7/zZwufxLR21xvpCN+XNYuJAn16ddeysEB+pcTmmPF8kmLrVXHPG5kS8OJLnsgW/EIOyaV5O/KEKulG5zutN619AedB+l61d4nzw/6nAEi5C9uO8EDdKLG2esyrnjXArx1TeqXZBxf/h5T4LiM9CYntQXrtKoOPpSWs83fYr5Q=
KMY8j5J1sJ1V7DzfcG4gR4ZkHMNMgG59Ilp4dreVI2DrjMT9v8KghVlKQZ2zrqWmISGvVmJESXSUh1X7wCEr8DLFm1Z8+eIaHfg+iPQkmA1DFSCrOIGe6DGbR7Lx5r/3LF9r+nof0XAkRHe3fE9er7/zZwufxLR21xvpCN+XNYuJAn16ddeysEB+pcTmmPF8kmLrVXHPG5kS8OJLnsgW/EIOyaV5O/KEKulG5zutN619AedB+l61d4nzw/6nAEi5C9uO8EDdKLG2esyrnjXArx1TeqXZBxf/h5T4LiM9CYntQXrtKoOPpSWs83fYr5Q=
KkUYGVXG8mV1T7gTtlflJ4ZkHMNMgG59Ilp4dreVI2DrjMT9v8KghVlKQZ2zrqWmISGvVmJESXSThVX7wCEr8DLFmlZ8+eIaHfg+iPQkmA1DFSCrOIGe6DGbR7Lx5r/3LF9r+nof0XAkRHe3fE9er7/zZwufxLR21xvpCN+XNYuJAn16ddeysEB+pcTmmPF8kmLrVXHPG5kS8OJLnsgW/EIOyaV5O/KEKulG5zutN619AedB+l61d4nzw/6nAEi5C9uO8EDdKLG2esyrnjXArx1TeqXZBxf/h5T4LiM9CYntQXrtKoOPpSWs83fYr5Q=
uolpirueOD253hMMoTA3E4ZkHMNMgG59Ilp4dreVI2DrjMT9v8KghVlKQZ2zrqWmISGvVmJESXSUh1X7wCEr8DLFlVZ8+eIaHfg+iPQkmA1DFSCrOIGe6DGbR7Lx5r/3LF9r+nof0XAkRHe3fE9er7/zZwufxLR21xvpCN+XNYuJAn16ddeysEB+pcTmmPF8kmLrVXHPG5kS8OJLnsgW/EIOyaV5O/KEKulG5zutN619AedB+l61d4nzw/6nAEi5C9uO8EDdKLG2esyrnjXArx1TeqXZBxf/h5T4LiM9CYntQXrtKoOPpSWs83fYr5Q=
uCLR+R3CF/nLFPCAtocg84ZkHMNMgG59Ilp4dreVI2DrjMT9v8KghVlKQZ2zrqWmISGvVmJESXSThVX7wCEr8DLFlFZ8+eIaHfg+iPQkmA1DFSCrOIGe6DGbR7Lx5r/3LF9r+nof0XAkRHe3fE9er7/zZwufxLR21xvpCN+XNYuJAn16ddeysEB+pcTmmPF8kmLrVXHPG5kS8OJLnsgW/EIOyaV5O/KEKulG5zutN619AedB+l61d4nzw/6nAEi5C9uO8EDdKLG2esyrnjXArx1TeqXZBxf/h5T4LiM9CYntQXrtKoOPpSWs83fYr5Q=
eFBUy/NjOpIAkwAFHsnjBoZkHMNMgG59Ilp4dreVI2DrjMT9v8KghVlKQZ2zrqWmISGvVmJESXSUh1X7wCEr8DLFl1Z8+eIaHfg+iPQkmA1DFSCrOIGe6DGbR7Lx5r/3LF9r+nof0XAkRHe3fE9er7/zZwufxLR21xvpCN+XNYuJAn16ddeysEB+pcTmmPF8kmLrVXHPG5kS8OJLnsgW/EIOyaV5O/KEKulG5zutN619AedB+l61d4nzw/6nAEi5C9uO8EDdKLG2esyrnjXArx1TeqXZBxf/h5T4LiM9CYntQXrtKoOPpSWs83fYr5Q=
kcp+OfgV3LiMwHjPCYQp0IZkHMNMgG59Ilp4dreVI2DrjMT9v8KghVlKQZ2zrqWmISGvVmJESXSThVX7wCEr8DLFllZ8+eIaHfg+iPQkmA1DFSCrOIGe6DGbR7Lx5r/3LF9r+nof0XAkRHe3fE9er7/zZwufxLR21xvpCN+XNYuJAn16ddeysEB+pcTmmPF8kmLrVXHPG5kS8OJLnsgW/EIOyaV5O/KEKulG5zutN619AedB+l61d4nzw/6nAEi5C9uO8EDdKLG2esyrnjXArx1TeqXZBxf/h5T4LiM9CYntQXrtKoOPpSWs83fYr5Q=
tFmDpektq6bgfAhiJtAQuoZkHMNMgG59Ilp4dreVI2DrjMT9v8KghVlKQZ2zrqWmISGvVmJESXSUh1X7wCEr8DLFkVZ8+eIaHfg+iPQkmA1DFSCrOIGe6DGbR7Lx5r/3LF9r+nof0XAkRHe3fE9er7/zZwufxLR21xvpCN+XNYuJAn16ddeysEB+pcTmmPF8kmLrVXHPG5kS8OJLnsgW/EIOyaV5O/KEKulG5zutN619AedB+l61d4nzw/6nAEi5C9uO8EDdKLG2esyrnjXArx1TeqXZBxf/h5T4LiM9CYntQXrtKoOPpSWs83fYr5Q=
sOKji8bX5Nd1cf3NE06C24ZkHMNMgG59Ilp4dreVI2DrjMT9v8KghVlKQZ2zrqWmISGvVmJESXSThVX7wCEr8DLFkFZ8+eIaHfg+iPQkmA1DFSCrOIGe6DGbR7Lx5r/3LF9r+nof0XAkRHe3fE9er7/zZwufxLR21xvpCN+XNYuJAn16ddeysEB+pcTmmPF8kmLrVXHPG5kS8OJLnsgW/EIOyaV5O/KEKulG5zutN619AedB+l61d4nzw/6nAEi5C9uO8EDdKLG2esyrnjXArx1TeqXZBxf/h5T4LiM9CYntQXrtKoOPpSWs83fYr5Q=
ibFH8osYmwMxFO3oXmqcs4ZkHMNMgG59Ilp4dreVI2DrjMT9v8KghVlKQZ2zrqWmISGvVmJESXSUh1X7wCEr8DLFk1Z8+eIaHfg+iPQkmA1DFSCrOIGe6DGbR7Lx5r/3LF9r+nof0XAkRHe3fE9er7/zZwufxLR21xvpCN+XNYuJAn16ddeysEB+pcTmmPF8kmLrVXHPG5kS8OJLnsgW/EIOyaV5O/KEKulG5zutN619AedB+l61d4nzw/6nAEi5C9uO8EDdKLG2esyrnjXArx1TeqXZBxf/h5T4LiM9CYntQXrtKoOPpSWs83fYr5Q=
WyhVPLe4gwbvF33HL+Rn7YZkHMNMgG59Ilp4dreVI2DrjMT9v8KghVlKQZ2zrqWmISGvVmJESXSThVX7wCEr8DLFklZ8+eIaHfg+iPQkmA1DFSCrOIGe6DGbR7Lx5r/3LF9r+nof0XAkRHe3fE9er7/zZwufxLR21xvpCN+XNYuJAn16ddeysEB+pcTmmPF8kmLrVXHPG5kS8OJLnsgW/EIOyaV5O/KEKulG5zutN619AedB+l61d4nzw/6nAEi5C9uO8EDdKLG2esyrnjXArx1TeqXZBxf/h5T4LiM9CYntQXrtKoOPpSWs83fYr5Q=
idZGaGY+8Ma1RKk+hu5N4neER1H5HvqjOTDN2cxigS4MLas/HMy6iwn9Ti2T0LNSzdoRROucLm4CYTMYoucc3YPm2fY2wUqdqO6joW2QQc+8PhrdpkY3BkCX0zbPMJR2dJpXWFMjC+1m8uFXlQvDSh0mk88oTw+yBn9N+ID0s2+QT7J3e0LXjB2kyDeyC+0w81fZcw2S2bJJ9664JA7hnEoYXaRWkg9dbe8n0bZgZjPyiDrERh4tbYXbbgyOWQK/V61b9TmxQ8lmvkm/bePHxotAJMGPSyq4fP00uVKKCHMytWz3WSMercUnKzcjBHzWz/0lselRHqVW4xMtgRw3rzSveA==
cCdM9rpFCvN8MKJ969q7k4ZkHMNMgG59Ilp4dreVI2DrjMT9v8KghVlKQZ2zrqWmISGvVmJESXSThVX7wCEr8DLFm1l8+eIaHfg+iPQkmA1DFSCrOIGe6DGbR7Lx5r/3LF9r+nof0XAkRHe3fE9er7/zZwufxLR21xvpCN+XNYuJAn16ddeysEB+pcTmmPF8kmLrVXHPG5kS8OJLnsgW/EIOyaV5O/KEKulG5zutN619AedB+l61d4nzw/6nAEi5C9uO8EDdKLG2esyrnjXArx1TeqXZBxf/h5T4LiM9CYntQXrtKoOPpSWs83fYr5Q=
49WJOBbYf98hzc9ZojsAIKyZ0/0lcOvSjxi5N1z2oJlRmsczePbMOqKO7ZiwIi3cdnl0q4Vmzl723o/go7BenmMIzIRbCfiN/P02JtZe4B3fyQAmFiZfYOd/6s5hKL9g2Jy2dDHtg9SoD3dy3s2w4A3hz8UZLh6cpiScxyFv3y7CEqde7ag+Yohg37G+SWqS3ht4yirjLqSXtDfIJ0uUheEzWJ16w5K2N8yTEWqDXRGdZu3sW6wtyCOfRoZpcPfE9KpwY5/qJ1HCFZVr/3+uO3Ejlbs5rN/1J1y/hIEeMF/Ezu1Cz6wdRT/fa6yLTNjkTcWvjw==
cGyNKb3KhLBAuEeIzZ+qYXeER1H5HvqjOTDN2cxigS4MLas/HMy6iwn9Ti2T0LNSzdoRROucLm4CYTMYoucc3YPm2fY2wUqdqO6joW2QQ8GwOB7cqkA3BkCX0zbPMJR2dJpXWFMjC+1m8uFXlQvDSh0mk88oTw+yBn9N+ID0s2+QT7J3e0LXjB2kyDeyC+0w81fZcw2S2bJJ9664JA7hnEoYXaRWkg9dbe8n0bZgZjPyiDrERh4tbYXbbgyOWQK/V61b9TmxQ8lmvkm/bePHxotAJMGPSyq4fP00uVKKCHMytWz3WSMercUnKzcjBHzWz/0lselRHqVW4xMtgRw3rzSveA==
49WJOBbYf98hzc9ZojsAIKyZ0/0lcOvSjxi5N1z2oJlRmsczePbMOqKO7ZiwIi3cdnl0q4Vmzl723o/go7BenmMIzIRbCfiN/P02JtZe4B3fyQAmFiZfYOd/6s5hKL9g2Jy2dDHtg9SoD3dy3s2w4A3hz8UZLh6cpiScxyFv3y7CEqde7ag+Yohg37G+SWqS3ht4yirjLqSXtDfIJ0uUheEzWJ16w5K2N8yTEWqDXRGdZu3sW6wtyCOfRoZpcPfE9KpwY5/qJ1HCFZVr/3+uO3Ejlbs5rN/1J1y/hIEeMF/Ezu1Cz6wdRT/fa6yLTNjkTcWvjw==
nEWli0H3+Yh7Uk+3GqU1x3eER1H5HvqjOTDN2cxigS4MLas/HMy6iwn9Ti2T0LNSzdoRROucLm4CYTMYoucc3YPm2fY2wUqdqO6joW2WRMG/PR/Sq0E3BkCX0zbPMJR2dJpXWFMjC+1m8uFXlQvDSh0mk88oTw+yBn9N+ID0s2+QT7J3e0LXjB2kyDeyC+0w81fZcw2S2bJJ9664JA7hnEoYXaRWkg9dbe8n0bZgZjPyiDrERh4tbYXbbgyOWQK/V61b9TmxQ8lmvkm/bePHxotAJMGPSyq4fP00uVKKCHMytWz3WSMercUnKzcjBHzWz/0lselRHqVW4xMtgRw3rzSveA==
49WJOBbYf98hzc9ZojsAIKyZ0/0lcOvSjxi5N1z2oJlRmsczePbMOqKO7ZiwIi3cdnl0q4Vmzl723o/go7BenmMIzIRbCfiN/P02JtZe4B3fyQAmFiZfYOd/6s5hKL9g2Jy2dDHtg9SoD3dy3s2w4A3hz8UZLh6cpiScxyFv3y7CEqde7ag+Yohg37G+SWqS3ht4yirjLqSXtDfIJ0uUheEzWJ16w5K2N8yTEWqDXRGdZu3sW6wtyCOfRoZpcPfE9KpwY5/qJ1HCFZVr/3+uO3Ejlbs5rN/1J1y/hIEeMF/Ezu1Cz6wdRT/fa6yLTNjkTcWvjw==
cWI/sjl80RhTN+dbOLb2MHeER1H5HvqjOTDN2cxigS4MLas/HMy6iwn9Ti2T0LNSzdoRROucLm4CYTMYoucc3YPm2fY2wUqdqO6joW2XQ86+ORzUq0I3BkCX0zbPMJR2dJpXWFMjC+1m8uFXlQvDSh0mk88oTw+yBn9N+ID0s2+QT7J3e0LXjB2kyDeyC+0w81fZcw2S2bJJ9664JA7hnEoYXaRWkg9dbe8n0bZgZjPyiDrERh4tbYXbbgyOWQK/V61b9TmxQ8lmvkm/bePHxotAJMGPSyq4fP00uVKKCHMytWz3WSMercUnKzcjBHzWz/0lselRHqVW4xMtgRw3rzSveA==
49WJOBbYf98hzc9ZojsAIKyZ0/0lcOvSjxi5N1z2oJlRmsczePbMOqKO7ZiwIi3cdnl0q4Vmzl723o/go7BenmMIzIRbCfiN/P02JtZe4B3fyQAmFiZfYOd/6s5hKL9g2Jy2dDHtg9SoD3dy3s2w4A3hz8UZLh6cpiScxyFv3y7CEqde7ag+Yohg37G+SWqS3ht4yirjLqSXtDfIJ0uUheEzWJ16w5K2N8yTEWqDXRGdZu3sW6wtyCOfRoZpcPfE9KpwY5/qJ1HCFZVr/3+uO3Ejlbs5rN/1J1y/hIEeMF/Ezu1Cz6wdRT/fa6yLTNjkTcWvjw==
W9cpBa4cK4TmWs4YgTbjk5IUQepHrc1fW6mqvhHsTW0V10Qz6Me1J5xkA0QQJp5BLPGxDnSIrNO7/tg6INYeBK6Itn2AD8b8puXsBfE7tsJvSI/2GGWo6y9qjGicOdDXera6vMfuE50aCL0Cl17cjpYifZf7ujyN59RiB3g+6RPPM/X0xlIShixBvQW3UIZAx0jhkgZMXKIPV0LD4gx6qbj8Bvk2quPWR4574Tw7ZaH4S7Y5algjzoM3VskVT/kUbZo39nWGF712gHWaHzoweJD1E1Cf/5ZXxQ2DdaYlVRHVDZU2R3vTvk9CXTQYYcDczRSD1mUrq137CjeGEDqpN695
49WJOBbYf98hzc9ZojsAIKyZ0/0lcOvSjxi5N1z2oJlRmsczePbMOqKO7ZiwIi3cdnl0q4Vmzl723o/go7BenmMIzIRbCfiN/P02JtZe4B3fyQAmFiZfYOd/6s5hKL9g2Jy2dDHtg9SoD3dy3s2w4A3hz8UZLh6cpiScxyFv3y7CEqde7ag+Yohg37G+SWqS3ht4yirjLqSXtDfIJ0uUheEzWJ16w5K2N8yTEWqDXRGdZu3sW6wtyCOfRoZpcPfE9KpwY5/qJ1HCFZVr/3+uO3Ejlbs5rN/1J1y/hIEeMF/Ezu1Cz6wdRT/fa6yLTNjkTcWvjw==
uId2zqEa95sD0Jdl9fKF8neER1H5HvqjOTDN2cxigS4MLas/HMy6iwn9Ti2T0LNSzdoRROucLm4CYTMYoucc3YPm2fY2wUqdqO6joW2UQsy6OxvUqUU0BkCX0zbPMJR2dJpXWFMjC+1m8uFXlQvDSh0mk88oTw+yBn9N+ID0s2+QT7J3e0LXjB2kyDeyC+0w81fZcw2S2bJJ9664JA7hnEoYXaRWkg9dbe8n0bZgZjPyiDrERh4tbYXbbgyOWQK/V61b9TmxQ8lmvkm/bePHxotAJMGPSyq4fP00uVKKCHMytWz3WSMercUnKzcjBHzWz/0lselRHqVW4xMtgRw3rzSveA==
49WJOBbYf98hzc9ZojsAIKyZ0/0lcOvSjxi5N1z2oJlRmsczePbMOqKO7ZiwIi3cdnl0q4Vmzl723o/go7BenmMIzIRbCfiN/P02JtZe4B3fyQAmFiZfYOd/6s5hKL9g2Jy2dDHtg9SoD3dy3s2w4A3hz8UZLh6cpiScxyFv3y7CEqde7ag+Yohg37G+SWqS3ht4yirjLqSXtDfIJ0uUheEzWJ16w5K2N8yTEWqDXRGdZu3sW6wtyCOfRoZpcPfE9KpwY5/qJ1HCFZVr/3+uO3Ejlbs5rN/1J1y/hIEeMF/Ezu1Cz6wdRT/fa6yLTNjkTcWvjw==
S7lEMSPs9FEm/d79Jqm0cJIUQepHrc1fW6mqvhHsTW0V10Qz6Me1J5xkA0QQJp5BLPGxDnSIrNO7/tg6INYeBK6Itn2AD8b8puXsBfE9t8luT475FWqo6y9qjGicOdDXera6vMfuE50aCL0Cl17cjpYifZf7ujyN59RiB3g+6RPPM/X0xlIShixBvQW3UIZAx0jhkgZMXKIPV0LD4gx6qbj8Bvk2quPWR4574Tw7ZaH4S7Y5algjzoM3VskVT/kUbZo39nWGF712gHWaHzoweJD1E1Cf/5ZXxQ2DdaYlVRHVDZU2R3vTvk9CXTQYYcDczRSD1mUrq137CjeGEDqpN695
49WJOBbYf98hzc9ZojsAIKyZ0/0lcOvSjxi5N1z2oJlRmsczePbMOqKO7ZiwIi3cdnl0q4Vmzl723o/go7BenmMIzIRbCfiN/P02JtZe4B3fyQAmFiZfYOd/6s5hKL9g2Jy2dDHtg9SoD3dy3s2w4A3hz8UZLh6cpiScxyFv3y7CEqde7ag+Yohg37G+SWqS3ht4yirjLqSXtDfIJ0uUheEzWJ16w5K2N8yTEWqDXRGdZu3sW6wtyCOfRoZpcPfE9KpwY5/qJ1HCFZVr/3+uO3Ejlbs5rN/1J1y/hIEeMF/Ezu1Cz6wdRT/fa6yLTNjkTcWvjw==
qPZrgc9fUSoqjK6IEXlpzHeER1H5HvqjOTDN2cxigS4MLas/HMy6iwn9Ti2T0LNSzdoRROucLm4CYTMYoucc3YPm2fY2wUqdqO6joW2SSMmwPhfUrUU0BkCX0zbPMJR2dJpXWFMjC+1m8uFXlQvDSh0mk88oTw+yBn9N+ID0s2+QT7J3e0LXjB2kyDeyC+0w81fZcw2S2bJJ9664JA7hnEoYXaRWkg9dbe8n0bZgZjPyiDrERh4tbYXbbgyOWQK/V61b9TmxQ8lmvkm/bePHxotAJMGPSyq4fP00uVKKCHMytWz3WSMercUnKzcjBHzWz/0lselRHqVW4xMtgRw3rzSveA==
49WJOBbYf98hzc9ZojsAIKyZ0/0lcOvSjxi5N1z2oJlRmsczePbMOqKO7ZiwIi3cdnl0q4Vmzl723o/go7BenmMIzIRbCfiN/P02JtZe4B3fyQAmFiZfYOd/6s5hKL9g2Jy2dDHtg9SoD3dy3s2w4A3hz8UZLh6cpiScxyFv3y7CEqde7ag+Yohg37G+SWqS3ht4yirjLqSXtDfIJ0uUheEzWJ16w5K2N8yTEWqDXRGdZu3sW6wtyCOfRoZpcPfE9KpwY5/qJ1HCFZVr/3+uO3Ejlbs5rN/1J1y/hIEeMF/Ezu1Cz6wdRT/fa6yLTNjkTcWvjw==
he5G4fatyuUsEvnjobFt/pIUQepHrc1fW6mqvhHsTW0V10Qz6Me1J5xkA0QQJp5BLPGxDnSIrNO7/tg6INYeBK6Itn2AD8b8puXsBfE5vMJqSYf1GGKo6y9qjGicOdDXera6vMfuE50aCL0Cl17cjpYifZf7ujyN59RiB3g+6RPPM/X0xlIShixBvQW3UIZAx0jhkgZMXKIPV0LD4gx6qbj8Bvk2quPWR4574Tw7ZaH4S7Y5algjzoM3VskVT/kUbZo39nWGF712gHWaHzoweJD1E1Cf/5ZXxQ2DdaYlVRHVDZU2R3vTvk9CXTQYYcDczRSD1mUrq137CjeGEDqpN695
49WJOBbYf98hzc9ZojsAIKyZ0/0lcOvSjxi5N1z2oJlRmsczePbMOqKO7ZiwIi3cdnl0q4Vmzl723o/go7BenmMIzIRbCfiN/P02JtZe4B3fyQAmFiZfYOd/6s5hKL9g2Jy2dDHtg9SoD3dy3s2w4A3hz8UZLh6cpiScxyFv3y7CEqde7ag+Yohg37G+SWqS3ht4yirjLqSXtDfIJ0uUheEzWJ16w5K2N8yTEWqDXRGdZu3sW6wtyCOfRoZpcPfE9KpwY5/qJ1HCFZVr/3+uO3Ejlbs5rN/1J1y/hIEeMF/Ezu1Cz6wdRT/fa6yLTNjkTcWvjw==
K4U+fFVgYxmZKxLxG9AMGZqu3oKfs13HkXUBipZfnIjL+lVJfN1T/k+C3XQYr0aczNQDlmXrKx37yrfGEPopd685
q26WeeeTTYU1xhd79ZIAasDiy4yZpV3akXUBipZfnIjL+lVJfN1T/k+C3XQYrkGczNQDlmXrKx37yrfGEPopd685
mnn9CtqsaJHxsMZlltPiJEAYdoQn5mHbqahBI93QXhFYyos8GYMkAwcsP3ShjnBDJH7s8i+8XdUfL+vcq9wY9C11rz8=
lEvctjR6DN11hZOYg6QwWMlGsxnTTfBz8alMO626crqrqxs3phg4LQUna7djBL1Wj/zlMalR3iUW49OtwRz3L3SvOA==
x9ad2KJLz1hxjg2efu6nz61hLyZVdTUVJt9HGfr3+2I0du1rXfvgwG7hMxddm7VcUj9pkwNdT0nICSDT5aHXBPEjcq8+
+zeW7l/gSgQ8oQuIVXs5Kh9DZoycgrjJZLVBKxXJqENBKu4yLyufvzqIVNVhxw9vz7QPH0uzIXlVITJ9MsP3le0M6ydwrzw=
XLH6TCNJbv0wgsWryzpMpx9DZoycgrjCIPpBKxXJqENBKu4yLyufvzqIVNVhxw9vz7QNHkuzIXlVITJ9MsP3le0M6ydwrzw=
NydVTRyqsjy5QI2+FzOt/XcCwrQVRUdhhoHyQ6QBxm75YAHrjfh+OUjCizQJqwQrV+R/vPEm0Oi09mN6vxT9fU/nqxT79DjcPX2vNw==
t6p+b+BFxMxhuatL46RQ+SdlNhLxdCHHtTwu5SA2C7iRD7SXn7Cf0AkiwPOZwiK25/CNgcdzC7hDsOiA1QmvOw==
4+iNZwMLXBzl6YhZuqm0QX4rNh/xdCHHtTwu5SA2C7iRD7SXn7Cf0AkiwPWZwiK25/CNgcdzC7hDsOiA1QmvOw==
lrZSy4yzXgJMTIxJme7umG1V+BUXj/aP4buXuwLH4Y9lZM6N0E4LsIEXlL+viN8YWfqgHug6oj53aC0pd8vL8JPoCOglca8z
PjdbbgmLJICfFDQeso5KoiYdj+Ng/2thVi1FHX/B7plRPTGytkeMgMvyRVFc5WO2j8otDPg31BRCXJMOBRNb1bsCh/4w4jl/rzE=
LHFtoFLFDVyHoBOmBL4x6x25KTqtlfwcbTKq6qYRSE2wzBbl7sZAr1Y7MIiuSTgjkeq+0j8rj9/qyAQ18Ue/Dz/0O/k7shFZpWGC3UJDZzU9TDsHYK8s
NQkT3ggw7TGzcNvWrejCsnQWx64TRglgz8O2S6lHx2+6awHrjfh+OUjCizQJqwQrV+R/vPEm0Oqz9mJ6vxT9fU/nqxT79DjcPX2vNw==
0Rno1/QQFJgRSw8p6GL9aSYc7x4Xj/aP4buXuwLH4Y9lZM6N0E4LsIEXlL+viN8YWfqgGe06oj53aC0pd8vL8JPoCOglca8z
lbni33nrTPOToq05MJ830G/PpaZxCfn2ZiNk9EuGrTWMoauCr/4lCOjdueACqPvqlZfTYRu2T7rghtELr0U=
sheocZmoaLiq84NClFlwFENs+7TUWeNmmQ3BRfJ3+7lmH4+SoO5h69FjdLCaia+34TPhjCDCJVJPZXsZHGHcs/mJ4zTlO36vMg==
ozeML5C0hv6rCPjTUELTgm/Ppbt0Cfn2ZiNk9E6GrTWMoauCr/4lCOjUveAJqfvqlZfTYRu2T7rghtELr0U=
nhWFkYNSrIw1sPrY1FqQjkNs+7TUWeNmmQ3BRfJ3+7xmH4+SoO5h7tFjdLCaia+34TPhjCPHJVlOZXsZHGHcs/mJ4zTlO36vMg==
YD4vzZyan+AsWfMb9E1cP8rmgzagdknn82RFyFPR0nlDamTtXZXa9vBV52+gnh42HrCi17cgG4PrfBxx42JJqH1T5SeqjiOESaq7UIWWloEpImLAWSLyUPFdsQOQtxOuug7u082RusPoDWaVPHhaf4gEOailVQRlf2W6d0i79FPCiMpk1l4dTXVbPmyemfIfB60LVclxU6k2PrmfXaNXZntAFKEfi9pYzH1kmUJKuBNitbwX6WMOjRWnm1dTROM3//5UEXmRLoUmY8PNkVxHD+SvqA==
xKrC77qEDXMCAYkSZemb5TK9RxRvrFaG7XR3n9Pu9lu9kKUG6whEXWDSJq2xqUKZ33lNWaL4Njo6D6kMzzvQlzKORz/DC8yWFehfmq1cs46QjS8iZMxfOsRc522nb6avdYKcbsj/q0mMrz49MFkKIJwzzsR/5GMNsqkp1Wwb/mOS/2TobMiwxqsh4+uo4CgBdJOBLY3ZT+nlJaCOL/PrOzHK3SCyDXlTbDQazTJV9BJ+XyR1+lsvOzhBQ5dNO2WchRvZnnI9H4kY6TBT1cGnREED4q+u
Y+RWIb3+4B2CHbzgJszY8GIaPKz68U6+s7uPQiaMhHKxbcWgqfs1rS1JPQjJ7GDzhekFBRC9kMvgRLkp/Uw72hHzz1K5XwKoftAiNNY4EhUDqKLlTty+Sdp45S71HSPgPAv+eW1Y/RFZkaXJ86HcOZ0pZN4GAKlfz5Y9BaElDychE1i9umMS1vcsk3EqY92x3UbtzBsMrShj/0ZmqRB3ZDSKcENfSqcxAvWVC7+fLpsxA5WbeQxfFWc8v2RBfrDwBe7uYw8MnSX/P2vMy6xYRA3lr68=
ydKQyp+T0KWXQI/YjjV662IaPKz68U6+s7uPQiaMhHKxbcWgqfs1qy1JPQjP7GDzhekFBRC9kMvgRLkp0Vs70w392FK5XwKoftAiNNY4EhUDqKLlTty+Sdp45S71HSPgPAv+eW1Y/RFZkaXJ86HcOZ0pZN4GAKlfz5Y9BaElDychE1i9umMS1vcsk3EqY92x3UbtzBsMrShj/0ZmqRB3ZDSKcENfSqcxAvWVC7+fLpsxA5WbeQxfFWc8v2RBfrDwBe7uYw8MnSX/P2vMy6xYRA3lr68=
ZCmCzy4Gb906xyplK4LytSQc5e7WOA7n1CvdZh96oTD1rV0HTEuyM4DXuP8Dy22p7BbOLNBukuCfW8hKf1a0twOq996tsJ1B6oJiJhImIjYK7w+uoudKIrZDJm713OEz2/oQ7d5biQbV+wWnVZvHb4QDUW8kHEK+YRVzQG23dUu3/U21uN8e/Xp8a1oj417tRctRwG1On3Iloh9p1hQ9vg/+mOzQ4TuUD1veQ+XZC9H2IX3FVdm9MhffW2pvVhWQiKrpyI6BKxJ1D+PJW94/okC+AeOvrQ==
GhOZdjANEzN9rB6A482Iw2IaPKz68U6+s7uPQiaMhHKxbcWgqfs1qy1JPQjP7GDzhekFBRC9kMvgRLkp/Uw7xAzyxVK5XwKoftAiNNY4EhUDqKLlTty+Sdp45S71HSPgPAv+eW1Y/RFZkaXJ86HcOZ0pZN4GAKlfz5Y9BaElDychE1i9umMS1vcsk3EqY92x3UbtzBsMrShj/0ZmqRB3ZDSKcENfSqcxAvWVC7+fLpsxA5WbeQxfFWc8v2RBfrDwBe7uYw8MnSX/P2vMy6xYRA3lr68=
nbIOPmJRimV4kIxy995ZzCQc5e7WOA7n1CvdZh96oTD1rV0HTEuyNYDXuP8Fy22p7BbOLNBukuCfW8hKblC2oge+996tsJ1B6oJiJhImIjYK7w+uoudKIrZDJm713OEz2/oQ7d5biQbV+wWnVZvHb4QDUW8kHEK+YRVzQG23dUu3/U21uN8e/Xp8a1oj417tRctRwG1On3Iloh9p1hQ9vg/+mOzQ4TuUD1veQ+XZC9H2IX3FVdm9MhffW2pvVhWQiKrpyI6BKxJ1D+PJW94/okC+AeOvrQ==
7YSHHX2h4XyipE4oHSsS68rmgzagdknn82RFyFPR0nlDamTtXZXa8OENv3+2lUppGbO3/vFDXMH8JAsx51BOvmhO5SeqjiOESaq7UIWWloEpImLAWSLyUPFdsQOQtxOuug7u082RusPoDWaVPHhaf4gEOailVQRlf2W6d0i79FPCiMpk1l4dTXVbPmyemfIfB60LVclxU6k2PrmfXaNXZntAFKEfi9pYzH1kmUJKuBNitbwX6WMOjRWnm1dTROM3//5UEXmRLoUmY8PNkVxHD+SvqA==
N/H5/NTnYPbw9Uusy8nukcrmgzagdknn82RFyFPR0nlDamTtXZXa8OENv3+2lUppGbO3/vFDXMH8JAsx7kNEo2hM5SeqjiOESaq7UIWWloEpImLAWSLyUPFdsQOQtxOuug7u082RusPoDWaVPHhaf4gEOailVQRlf2W6d0i79FPCiMpk1l4dTXVbPmyemfIfB60LVclxU6k2PrmfXaNXZntAFKEfi9pYzH1kmUJKuBNitbwX6WMOjRWnm1dTROM3//5UEXmRLoUmY8PNkVxHD+SvqA==
AWYu450lTzrfY7gERcapZdiGT7MnwVFqAcMi4usdWCeVkUtCgC2/GUWwRJ3C8/oHmV7R6n7Ih7ppOpaKrfpesJH8bsviOBX4D3MYRmHAg/qRtKe+ZJUjImjUqwrQtNsNe0fSf6H6UK6ER38ZOEdinczxntAoq0JE83zXfSYBVXWwc0qzxkeoqCAw5JZfCb8LlIg8MQCLjS2BwTvZ8U2cbnPbH2tlMpFgfrUtg9hcxm1O/WBiyseo9XbDm8us6b83EdPRzFGjlV6+RctZbMHsM+kps3S1G+6vog==
Ch/MN38jDf3Q5Qap3S3PkBGseOJKJyP5nm9n8rj+aevZc2xQ8nnXd7njSSyada3cxhWDefQxBPPBucsU/St2rzo=
0Y1ZKBa8OJaBgagYZdF5syYc7x4Xj/aP4buXuwLH4Y9lZM6N0E4LsIEXlL+viN8YWfqgGuo6rD93aC0pd8vL8JPoCOglca8z
bXveRx+rPVWs3jlan2LhC4viyI2etV3akXUBipZfnIjL+lVJfN1T/k+C3XQYq0aczNUDlmXrKx37yrfGEPopd685
BzyYkrqEu7Jd5BtXlz9a2EIw+sV5QbnpEchyeDoqOMNJaRTr1VoaqqOrEydOeMB93WfTBzvk2qAHfGyBAfEGVe6jC/35PN8/fK8w
k6Q6ctJdtQRZ0952tHUGkkgS/rVMJnyXr8wjpRbpDamvtQY98ZlZRibzBARLds3lzBELEi9uxXgohpjQDJnbOtVns/GbJu8KINYxe681
k6Q6ctJdtQRZ0952tHUGkkgS/rVMJnyXr8wjpRbpDamvtQY98ZlZRibzBARLds3lzBELEi9uxXgohpjQDJnbOtVns/GbJu8KINYxe681
BUmL1gUelQ4sCSLMOePhXvrzzHBGnej/X1xJ86PRaPN/WzbTGd+ntwozwbO9IB4heNqLLDmzZPNnvL/kQf6wdwVu4+MPjJ2l/79rTMssWMQNZa8v
8+eI2fC44KoCQpfAR/evlPrzzHBGne/5F1gG67nRaPN/WzbTGd+ntwozwbO9IB4heNqLLDmzZPNnvL/kQf6wfgVu4+MPjJ2l/79rTMssWMQNZa8v
AM7MyyvS6NpV+cQ7bA+hLyl220Oa5Zatub6XJR1kn5+OgUckebnXFu/TtluJNwff2vuBe21IPslo0oskKVtEm7d0/yyRlhCZkuZrbJ9kPc0vdyuEG0R4LB1tryc=
GilcSX28/n9G8Eh+DUVD8L+3li8bjfj5UA8O6qyfaPR/WzbTGd+ntwozwbO9IB4heNqLLDmzZPNnvL/kQf6wdQRu6+QPjJ2l/79rTMssWMQNZa8v
iqd/vxxiseGPG2LoJVCW0nrO3ftOWfPoiUgiFWfJyKZmgyAjNoS4eS7Pt7JInnnryZMckKLZZ/cpg7lsRlKd27H107lEkZRzMdkbVM0LZq8q
phLhBUBrY8OtY3HL844+62/PpbtzCfn2ZiNk9EmGrTWMoauCr/4lCOjduOANrvvqlZfTYRu2T7rghtELr0U=
SFLqH//rmTQanSAUBjFGMUUXfYqPz6fPIP1cKxXLqENBKu4yLymfvzqIVNVhxw9vz7QIG0u8J3lVITJ9MsP3le0M6ydwrzw=
tlqbATWEDLkixJrqjp9Yq4vi2o2etV3ak3UBipZfnIjJ+lVJfN1T/k+C3XQYr0GczNIDlmXrKx37yrfGEPopd685
eqvN11qWD0Zix1sTAeEOAE4kLg/uz6bQxbAyUVmSzbySdSOh+SMW+sWdpJ3MyMqw9QJ/cF4EP2ZI81m1dkbY/57bCPiGi5CzCUp24kcpd++iaJylWQeX/weUdymjM4+JbUH67aqDD6WlrHN3WK8U
Yzl55Yd9KpltDNE2aUthZ1ztzVh1DtO0+X1FS8AdG/nWtbV132m+YRMF4dpWb7yYyep1ebyNs47PMn2kWF0mjMPC4+alu4utezrXFlDKCWevKQ==
isgSlNWrh4fAiv9jFyQ4hE4kLg/uipCj1a4pUV6O1ryVaTih/jEG5NudpJ3MyMqw9QJ/cF4EP2ZI81m1dkbY/57bCPiGi5CzCUp24kcpd++iaJylWQeX/weUeCqjO46JbUH67aqDD6WlrHN3WK8U
ET2dKg8Gz5u7yL2DkDypg+ZieGovzlO6gsDcw6c8RFG5p82+SsVS3BVCiJ6mYnUXAIjY8vP7jI/5hR8rQPdbmdZVdRVfiX4BEyUhetbPfLjJyrXZPC1zrs9SvUTYPudsy6OjBiXby017Gpe20GpJR68J
qPxOZiFYv5ZB7hb+LCNX8nA/0I548ffAoahnfCJkNDd3iAwV+eOFipoxuvg1ZuDqtlZ9EwCM0Mbjj+Sr2aH335DDE92WET2hj32WpbOBSQ5Ge/Q8SU49baxZGwpv9lWwCI2pKIvn6zL1LyNpWz7/wsBeQUOvDQ==
sfsBRiEEyyWjJXrZCEoYdbgyb5hSUZ3Nzz3Vmr/awqMnvkSpkNPHJuZwAf2tXq/yKT9SQE8WOy9I3uKB2rmKpAzBLGbCC4zTCvz8m6qX66Kk1h1pLVtwgH4B45fte4Uc4Ns5m9T9Pwk4KVBTNYHHxGFDQq8O
e43G+Pdw1o++/Xwsi1KRbuBje2sn2AfHkMnD1qIgX1G+u9a+TdlH2QlTloihfWMTCJfKrrauhomsmgQrX/BbmdZVdRVfiX4BEyUhetbPfLjJyrXZPC1zrs9SvUTYOuBsy6OjBiXby017Gpe20GpJR68J
nWegcj87FePRGhHiy93FplztzVh1DtO0+X1FS8AdG/nWtbV132m+YRMF4dpWb7yYyep1ebyNs47PMn2kWF4gjMvD4+alu4utezrXFlDKCWevKQ==
aNDas24WRuGNFPYO4flZrW/Ppbt0Cfn2ZiNk9E6GrTWMoauCr/4lCOjTvOAJr/vqlZfTYRu2T7rghtELr0U=
wm711zwLYJgoTo0dChMt2Ivi2o2etV3alHUBipZfnIjO+lVJfN1T/k+C3XQYoEScydMDlmXrKx37yrfGEPopd685
xbxsCVlG4eSDtXOHyR+x1vnGux773DMur5+iD2QNWo2uuCQ7Kxt/3SKGDFfia+Qg0uukSyUaKkqzqQNHfriw3W3nQ6drJIWC93haYVEx1jV+I3sdSXwvH2yvIA==
wL+uLDWKOdLD+gW4gMERZDb+L4YZo9MX5IooIL6XvUJsGg/C1ZmTVFcspJVmRsgfrptYWHYLANO5iqbCNymHz/IoLEXJh+df11RFSbM4nqkdASoNGgOfBVVsIxdoryQ=
Bj3q/EKMSuOb3S2XhU+C2Cl+w9I531spQXlxbE37yftHC1sG1tHdx3DxQ7UW+e2Z72WmTXMpOZbmgyQUSWbtlQzBa6KvHmWoaLN/wAiPuwoVNxMBG5YPWmAmEWuvJQ==
UJzbMJFWrS2wK9ur5kfnAq5YnoXSjbpmgDNoODFghgkl0vFkZqUXiZVDOtLRbbCl0MjWiOHya1hyZFNOfCOtbUoGpKcqC/wQKiz825364hrbruuXNtgITbWnO5dzxM3yX/+y0RkRzsVGYyONsdxnT0SvCA==
qxomdgGI9acm5/9we68ekfrzzHBGne/5F1gG67nRaPN/WzbTGd+ntwozxLO9IB4heNqOLDmzZPNnvL/kQf6wcwNu7+UPjJ2l/79rTMssWMQNZa8v
VSP1hIgwdTBnsNFlF+0+YuvyvM/QzKzJUGyV2p+JiQGYlkUtKjRW9cGPlxdkYAtdKOWJy9PpxIZJqbJraedHj3oLAQvNmP6ZCOKLFEkLhEsXBH/cMcZQT3PWa1h/tX2dj4er9LuUuHx9Xa8X
Dlu1ikpsNVvkb2hqonSFsfrzzHBGne/5F1gG67nRaPN/WzbTGd+ntwozwbO9IB4heNqLLDmzZPNnvL/kQf6wfgJu6+APjZ2l/79rTMssWMQNZa8v
//xryvxf5/heWqojbfNgxW/PpbtyCfn2ZiNk9EiGrTWMoauCr/4lCOjduOALqvvrlZfTYRu2T7rghtELr0U=
dV3cnXCfiZ7adOOu7ZfvIIvi2o2etV3aknUBipZfnIjI+lVJfN1T/k+C3XQYqEWcytYDl2XrKx37yrfGEPopd685
HxWaZh2PFUjIE8Zu+6kGTVyczvo6FCP0vG35dVZGOD/+W+g45opwc2nKliInKJevwuh85TkHd79nFJdrwzqryczBWq2Kgy/lBSzTN3ivNA==
D0bbu8XB7bVNDyS6ImrEPedBntRyES0YmDU7Mi9YONNKLki97HZOCjIYSVkVdSPJseW5wZLpIgizF97iups0c+IsNNri58OCvCYFaDUraKBW8StXpSvtvF5MwRppbUZpkPmYk/2xr6R5c1qvFg==
t5wyd3JNt3ZZ94xa5RQJAmXemrhBGf2hgQx2WCePgqJmgyAjNoS4ei7Pt7JInnnoyZMckKLZZ/cpg7lsR1Od2rX10rlEkZRzMdkbVM0LZq8q
kfae75nes4M9zffrPRA7fJqEUF0k7mEuXh6GlDas1C4JV19vp1s3kvRHWYtVVyc6VU0mJaTEweKh7NmewEaioARHyaUWB0otcEthQQ4Kg72Vl9oi2JmH90nDWewuE33dl7VyOeTRtHMRmbvUbUtGrwo=
/SVs8Vq+aBjXl+nGUWDYJlMpE77IHn2JzJCG9UJIeir/F5fG5leX9SsIQzaPdIGS7fCY6j0NHWi2XRfmoQQGYIm2fKHj1mcp7EI3af4Vhhv4eqbhcUfh2dJxXV/nKcVR+DsWKSrow54D53a51V+ZpG0qV+a19jdt9tCVKl8qkAiQBbNAX0/2h0Vdo4XmNbWh1b11JgeL8+7Pkj2E2HlhLM1kI8clm0sNe9oX9tAqyYevyQ==
RxJmwviD/NKTTmVIa/kA29BMKShvm2QX8ZQaI/CPuj2tAvYxElOd8aVz7T8NbW0iccmcq//euLVFTW2oz9l7Nuonl6HutLdlWiJsWCTYh7zaZTb37tp0X1zrIMteyNZ8Ag6JJbk7MgRq6QZn+633LT0Bp8E6XnX3yfODfmcAiDnL285wAN3oMXZ6jCveNQAv3VM6JZkH139HlLCvYz1JCSxBum1qg88l5awz95iv1A==
2HIja01yEEzlkLy3GkqQv//fxHS+IgUe63kEerLXrqepdHKzSA9CrQWirsFak1WhXRPFDxVtdRJZqWT7Nx7wRR3txTg3WcOmgsfPESb0fzViAgSoPNifzDJFDiemGjzvhIvIW+ZIruyqrlFVcXt61BIJLlfjre8dFeHfEXIevYcRUyvuH4AwqSO7FsBIHaDhTlpkW8Y1GN+1cwJ1UUcfzx902D/bvbGZhOHinSJDB3UdzBvHgK/M
kPUARnHuvrEtKLRyABrMk+MQMGOPs+LYDuLsRfNpdKpm+4dMXG8m7yyxK5qA3bTjW71TK8sTG217DleRauc5bh5ZM9XrJFm5rXqs/+FNyISxaaw6SnRyGNEQfP3Ae2hq0rMqM2aHiKjAcAQW/8mfC/RInLGgy20tYYGbWVGN/G5TG7/rhXJxYF51jQO4nKZtbr2A4iqHiPVWA/tLzCmfN/GTMUz247Vd34Wq2cyBzDMJaRP0FduOr8I=
UvvrhGip6lV4AkJu6B9ePQjvEi3kGCdnOSsv7MQfrm+kAbN66A0Mo4PNuwvzAxNtcx5vsYKX4S6miVs1c5TROSUKNF9JnbBE6VmEWrJkehjZAAQd6EuwKirjgpP+dwAoSMCcdheZJ8usuPSRmNtlLWmRo3k5faSu60tXix3C+eDWhRWjEMxeLbaNqAJSl4D1XhMDK+QZx/eJQ5nsbpM93Vc1MjmkUXRz0Rn71C3Lhq/K
SzBMusRyYyFhR2MBQE8GChggGbmYCniS1YbVslhTbT//F5fG5leX9SsIQzaPdIGS7fCY6j0NHWi2XRfmoQQGYIm2fKHj1mcp7EI3af4Vhhv4eqbhcUfh2dJxXV/nKcVR+DsWKSrow54D53a51V+ZpG0qV+a19jdt9tCVKl8qkAiQBbNAX0/2h0Vdo4XmNbWh1b11JgeL8+7Pkj2E2HlhLM1kI8clm0sNe9oX9tAqyYevyQ==
EdZepE/BK9s8zqjn1bkE8QjvDyHiCjxuCSsv7MQfrm+kAbN66A0Mo4PNuwvzAxNtcx5vsYKX4S6miVs1c5TROSUKNF9JnbBE6VmEWrJkehjZAAQd6EuwKirjgpP+dwAoSMCcdheZJ8usuPSRmNtlLWmRo3k5faSu60tXix3C+eDWhRWjEMxeLbaNqAJSl4D1XhMDK+QZx/eJQ5nsbpM93Vc1MjmkUXRz0Rn71C3Lhq/K
5s863d13hJdDecisCAJNisaI/K6IN0nxKqHMpD4P7Q46ejAP/aQGSwTPDpUx8nqppvNJiWkj0RcZbXkKTZlQ0yt+DC3JvfEAe5mPXvYXm7maVONdlnKQMLBYE1SmtXrPOrqAR1DbPCMqCGLUnn4FvQ2bZvwmOTpP763jBQHR6zlu/sFvRYMf1tPA/NHX68Jo9L08CTqq8MNKtZRHIQP2Hc3no2dLpKzHl339obCxNvXeIxtdKfwP34yvwA==
g2z3dazDWUeOwfuZ6ON/LWkzfnLNedGgWojfAb2TcxyI12ovYEl/SrT1aIOn1Ucb/wsXbXcWY6F+j8UOwnEHBb/cFXnhwnivFSUUJA3BOMo+7P6YXYiIjVTT1MqOW17jMj9E6AwI0EbL4cPriKCIgZTTYS1tma9pRWWAjg8zi7tRCr0gks3Z08x0+s3SFRSS3h8Eddqbj7tYgSOXLfvFHCJb+Z2Tff4J+KkQU/UBB8Qhw4Kvzg==
eJIXqDpKakSvdsjq3OhTv2g6Y2XLepiyCobDC7jSR1KEzWI6YEl/SrT1aIOn1Ucb/wsXbXcWY6F+j8UOwnEHBb/cFXnhwnivFSUUJA3BOMo+7P6YXYiIjVTT1MqOW17jMj9E6AwI0EbL4cPriKCIgZTTYS1tma9pRWWAjg8zi7tRCr0gks3Z08x0+s3SFRSS3h8Eddqbj7tYgSOXLfvFHCJb+Z2Tff4J+KkQU/UBB8Qhw4Kvzg==
LGYfigVXwr4B2D/7ehBkq9OBghsOheplNQnPPVmP/tJc0XvXFUsd/Mqr8R2bzdapoNloE61Rv+SJ0wqvRg==
3PrKCvwyivF5p4qCoECnIc6bGUTEjew5lD9hhT8zAyYPWo3cuAHxJE1ssz/FQ/tFO5JnrvCS2Q+vQQ==
RZiaqDXv5F3Vo31XYFnTRFERc8gl73rb7OgTBIOgaT0OkclOUb8eDAcsP3ShjnBHJX7t8i+9XdUfL+vcq9wY9C11rz8=
