qJpfDPGl1Rn95voh83FWlB9GJHh2F5kmV8k8R6ClqaxTYTUbZwMXW5VoKTtrx8hMXLka0SVraQ/0AseVito+cds1fuk2U2fxYc8g4YRkZxs9HUI4SiUR6q/J5PGldSkq8lKEPerVZU6rtt/G/ZD0Hi7Fbjlw0+08v84Zngy5J45TnhORt7ddjkl5clMVQWdEgYOir+4=
zuYsxlLqvudeYlGZ0KDMEc4Me7+Z0MimvsbO0byG3m/snW/7iqMuVUfDxkEXxic7rvvcTpDDtN16d9JDZMnsp7W5I4uaMX7AxXOvqdi40JGDgg1tHiEfMWtiIKZeHfChd0apsuXWh7TW9vzxNHkqZz/UHWpjDrY9pQbB6okxbUOPxgs9SIPvZUUsk7e4r/Q=
UN8DwXmAxHVBdEiU2V/wYXz2i6wX3pP5OBPeACfmhs6+Q+gNPC6vZESQjOrQO8M/R2tMUz+5hJGEJMKddRaQ0rJDRoFRaW7TRgOi/bPzsnnuQ1kDWsuo5hxj+PVuJ4bb+Inwv2Hpt2NWUXIocQMbUeS47Gk38rmFEkHT2f8y9L5CXWw5Ixa9mql2CxyixgjJSPnWX0vk6cLvrnoVsdYVchXxcVvbFp9VBGPjDfHcJ8+Er8g=
/qeHnyyXDMbTQRPhbO2kZ/qWmuTT9mkpU7qcfoHrixGDigcd87eiQVU7R1/EYVsbeycDmQFdGTtZUJUQkZs5Yfbol1R7EfiX3/berseP2ZC31vZLxAetR3+yinqIxL74otvy5wPdWQ1JaqheINLWWds4skpo8KH6/Soq+OeJy7ATKAiopbGv8w==
psX21rh6vBoeIhltaBp7B5jw07PMFvHARb/JKCwcAJbS56n5q0OgU4mfqy1bTtexWyoj3e2ft5MMVTtnYyMTdemJWWchNCWcGW+Z3a6sx3hTBfiL59Ku4o87OWwvUmYnrFNtm4dWunaAsJ7Eeh8iS6tJ2ZHxzliS6Oa2JcM8oqaAJOGmhU6adG99awxLbFiEjaWv7w==
vn7YV8et1gtW1Nyp3KhkSZjw07PMFvHARb/JKCwcAJbS9qH3rUyhAYmfqy1bTtexWysj3e2ft5MMVTtnYyMTdemJWWchNCWcGW+Z3a6sx3hTBfiL59Ku4o87OWwvUmYnrFNtm4dWunaAsJ7Eeh8iS6tJ2ZHxzliS6Oa2JcM8oqaAJOGmhU6adG99awxLbFiEjaWv7w==
y7uO+y8mcZwuJjZM1UMTTkpsm8k0MnPJcaIVEOoT2BPEWFZyRVMAKt+951Oy3wXi6a/rKRNU86kU6RbrUmOWJc8jHhF9w87r9ptUviiD7M1yV6rzjElE141ZK5vC8YZwTdN3efC4+EFbIoXd5uFHIWOCGNb2nRgRD2ahor2WP0RelqQh3HlCN+c0lRrbzm4trSY5WuGxxbO3pgMtkMOX1c2My+eQr9w=
iczJUy6KMibVnt1FUYOx3j95bBOHbXvHNGeljpyd+xJWXydBmJmqE2YDgj3Tc1K5iEO6QzpLSKY8Y9i1zqcmm9iJkP+BadejtlES6NGDu5HEuMypl3IZRXJBMxmfshT+Il1MeYOWHdqJditcQkZoiaj5tp+rZIkCz65a1RFWtbI18ZGbu5Z/FWRjA01RXIePpK/o
sWqZ1S9eEDnGozUS59WCDpZwG3EWwI8UPayd8aK6zj7ZMor8n4fOjoJEIgkKSM4APdOl4Zs3X3ivk4fgY5e5OV8hgMurncd1S7cVpzkNFTItjnVRaQfq2n+az4t4AXM0BpDD5elWS0R+JZA9TbFzkPIkLE4uXv6p2un3BxlbJegwoOT4pl/n6nrk/IoBTDHIEuaDwxtWj5pg5pGrr+U=
l7ZFaYLWaRzCvSUNKBv31M2i+feVCfHATb3fOngOA8bSouSw/w31AYmfqy1bTtexWy8j3e2ft5MMVTtnYyMTdemJWWchNCWcGW+Z3a6sx3hTBfiL59Ku4o87OWwvUmYnrFNtm4dWunaAsJ7Eeh8iS6tJ2ZHxzliS6Oa2JcM8oqaAJOGmhU6adG99awxLbFiEjaWv7w==
54P1FJbUrkfItXXgh/5nmV9VLmJvGJh1TcA9R7Swo5ZTP3p0AW1+QZx/MDNU8eUrFPVLg3wPfBP+aurTjtl4f8A3fuk2U2fxYc8g4YRkZxs9HUI4SiUR6q/J5PGldSkq8lKEPerVZU6rtt/G/ZD0Hi7Fbjlw0+08v84Zngy5J45TnhORt7ddjkl5clMVQWdEgYOir+4=
WxHMiRgD9DJYCbSKmr9VXLaxfxARuJ6E5dGShGdro0Muw0rN+1NKyZFCorMia2DWdCMQZSYHngugCShveYl/8/4RWtg5Y6Oh3LjUmY+S8XU6AXtJN1LsbprdNOk7NvUKQTZjLGpmcHmw+a7vs0Sh8gduEoV59g0izXEpC8P218Wso8t9OTyfv7yv8A==
b9waFBJCgmI09ma4abEmQj9jYB6FLDKPK3D8g9DCpEBURmZBmJmqE2YDgj3Tc1K5j0K6QzpLSKY8Y9i1zqcmm9iJkP+BadejtlES6NGDu5HEuMypl3IZRXJBMxmfshT+Il1MeYOWHdqJditcQkZoiaj5tp+rZIkCz65a1RFWtbI18ZGbu5Z/FWRjA01RXIePpK/o
owLPr2qqWoi9v5NzpbtGIuZJ5n/LRtY1su4EY8YG2dnwYQ7qHRGYVqKSXESTVScGHyBPl0UBGKNLtbxZksrpsi7n7q218ybDYgDyywhO4OFT8CqJsZNLmdOS57WDgKIIxeNnN3SZGxOrv2Ox8eWZ80kINfih4/nppvB3/Asp+N9PLv7Gd3eZmGdOlmM0vy2Pb+oqkri8fnDywxJPc+VZRdmyiDaQKpZRC6DSYphIITLtcooQ1/ELOEMw6ADVia+7
yoDbmysYavMG8YNrSwxuddKRgmwZCUSN0CM/s8ejz57vRm9R9o48+uq1ci1MbuCBk1CqafGzS/kTMmdVw66iaAVD59c0uRtzax/jUbHFmZOJqLUY4cP5iWZQ9xxLCfi/j45+JjdXmfin7haDdJ8t769KqnL4nH4QMmOSrzPFWSUZEgjW0AqWMcsAUoLYaCFSLdIK8JfRC1iDkGjglamv2w==
EnherzgTwhsq+bO4EF0rzHsA44Oa3VK4QVWkqbgPz4e/n8+a50p/Re6SHJ7CWUJZdJKgxVuc+j0pbytd+54X4TsSIuyNz3dDrCW7l8NzU6UJuVlXweRlzLmfGa0OfAcoMzX4u4eCbjIvS7mcjwIm90xjbatnhvomIEAetNrP4hvLedmhkZ6YQkiWNtVjbOJ2YBThlmWe2iTPjet867yY1O2Vr98=
NIlREHlAJKNiVZ5OPKn33cXpnBU86G7GJdfaHNAyhFMCMRhPG2XJ+8ho7ZQXWMLO7AolMFTJD05An4CzxBE1a0TVtYINL6zTrgp6Uz65yL/wV27pJnMXMZFvUGEUxDdb7f1yOHrFwar/aXRx1dXZ6oJylD36tVWOG9ZvRm3wpN7+5R45gPO9fG8uiR68WZfOY34DkaeXrc452YLTheG3hNHjkq/e
FVNaY74SMyajgbTdFm+4Y0srWu6Jrn7jOpJdQ5RbjAHXnbOZz5jjVHdP0mQMjNZ3OmOYtIAnf+LS13U522+PUM+7d9RirkkRPwlQk+tFFx3rX6XfufWlWo1mJQmp37ryn7K/s3g5AxzmuJM9KQ4brN5NIMXNycN4Ukz8lm4GLoG6wQc/GWPVwFCINKDmhzeC2gxM8oG0gaCyDtOb247fsoDO4ZOv3Q==
9p4VZ0gCDLuAkG6psb526T95bBOHbXvPNnG32pGU5UBWWW4V1szYE2YDgj3Tc1K5gkG7QzpLSKY8Y9i1zqcmm9iJkP+BadejtlES6NGDu5HEuMypl3IZRXJBMxmfshT+Il1MeYOWHdqJditcQkZoiaj5tp+rZIkCz65a1RFWtbI18ZGbu5Z/FWRjA01RXIePpK/o
II5/O7XsivlXZGDdBxn7Brb6gAu7lBxS8yxXHhcocsXQlZZzSLu9zfsbh7Qf/x9p5RUhVe/tWOfLsd95e9tNa/nBTV6dAu39CasyFk/214d4DWtYNlwbSYn608jOScjxjX0r/MIoNGJOciZlaoVvi5nXvYSAbDzUxnP/5kqIpEbBgGmkomobb3v6V1ZQiomnr+k=
JLiFdMZeOoaIZzt7PW4uHuaMhJGU248DHdu12dtPz/BPW7f+ZYGJ8b+pELPrpdd9a/9lP7mV5foNhmVpqf96Uh/S/5N4GUN8ZhhTHSluW0xe7WClzSkD2NIsPHZuJm4hOiHHHxlDFSDQKHSA5mf34lqsjBKB1MEAMu6T+9uuHxIArqGzr/0=
vzxk8ktsG9iO/JcHwZNaYwMWESd+Ja6BTN+gsyRRVevkFV6FYm8MU07KGlMeeSg/kBdO6cazt7Exr7BhNISX2w09UjhaBSEqXylUcTUVeWoisnQ92vU1DvsWT0YNMEReXqV+OWAzHfwPbmkenBn3ToO+I5HH1w1OmZni06UhFwSxo7Kv/g==
FHurzXCL/SWVh3AzHcfkKOSMhICWzYsDHdu12dtPz/BPW7f4ZYGJ8b+pELPrpdd9a/9lP7mV5foNhmVpqf96Uh/S/5N4GUN8ZhhTHSluW0xe7WClzSkD2NIsPHZuJm4hOiHHHxlDFSDQKHSA5mf34lqsjBKB1MEAMu6T+9uuHxIArqGzr/0=
8C8ikGCSLls1H6wYI5j0MwMWFzFiOK6BTN+gsyRRVevkFViFYm8MU07KGlMeeSg/kBdO6cazt7Exr7BhNISX2w09UjhaBSEqXylUcTUVeWoisnQ92vU1DvsWT0YNMEReXqV+OWAzHfwPbmkenBn3ToO+I5HH1w1OmZni06UhFwSxo7Kv/g==
Y30auE+zs54Gns87Q/nrngMWFidwPa6BTN+gsyRRVevkFVuFYm8MU07KGlMeeSg/kBdO6cazt7Exr7BhNISX2w09UjhaBSEqXylUcTUVeWoisnQ92vU1DvsWT0YNMEReXqV+OWAzHfwPbmkenBn3ToO+I5HH1w1OmZni06UhFwSxo7Kv/g==
Z4nhTg9jrnn6b84jgbumaXaba0Imdm8e9jQZMw5XlYS9amlbBBGxzgt7lkvC42aFv+PuMQfAMcuG26QeWAN8bSIXetOcSVQ33Rn7e1JxNpD9k0eZwLjIoWtiNT1WYdfBs8JINuadCDHfJvECLRZP5K7W1AEseTIXF/TluitO/o195ml/8bHV02dmU00AQye1fUz7h6Cv7A==
i2tU84gamhP9whKawwSOyOUtZ1gHjXKlxWdoLaRHBjwjLEZ/0O7QUhTxIj3J+4XnTV1jMykNibP2gzJdY7OCmf9BRWNqC/hGjONIFR7nVrvIiYCfsakHwybR4kihw2tx9Lj8SUcyaeWCwaN5T3IknjJdXFnz1s16GfabvPIGOKlY+ca/e6Q5Yn8uynVBlkWXJfGBe4vWL/X043PtoZzX75Sv2A==
KHOvsNEYVXEdKrau+7Ukko1ZJSxj31pC5NoHNLGFyF/ZbZxRNnLU8uc07CJbfE5jJ9jVpOneuaNHWm6+z9l7N/4oiaHuurVgQXpsS2mGlZD9JBzw14VQHlz5KYEEycxnFTmDS7oxXgBl8w9p+LjwUSMCra0+IT/xy+KAZn4dkGGXxslyBdbndDZ2nDHUeUon31R9KoMO1n1FhqGvaTFNAy9Gq31og88l5awz95iv1A==
KHOvsNEYVXEdKrau+7Ukko1ZJSxj31pC5NoHNLGFyF/ZbZxRNnLU8uc07CJbfE5jJ9jVpOneuaNHWm6+z9l7N/4oiaHuurVgQXpsS2mGlZD9JBzw14VQHlz5KYEEycxnFTmDS7oxXgBl8w9p+LjwUSMCra0+IT/xy+KAZn4dkGGXxslyBdbndDZ2nDHUeUon31R9KoMO1n1FhqGvaTFNAy9Gq31og88l5awz95iv1A==
ftYqvDSNJLEge/XyG1KD4Ts6mtPuN67597rLVeM1pFPbLF98/ME8gxqi/ITqQjp8u/GQDi2q+DMc6Er9UrzJBxZy0SFr4ZzLa2kp6h4NJlSCl+PXK66cWDvE3F8yfEmAIpEReBZzRBmPFzpavXcqDK9l1OYgCUWJYAlo77mJv3O+EZpY+WPjIRy4FBnPkjH1+gE7yfdSLO7a3fRp+za1ioE2o6wqZrD5cPnub/NEYXJHblIFufZNpY1x6YuD9pdFbKOL/Xk8Xz/8r7A=
nowDkvNILvP9rRLYdRShTU1kh+SoUgCTvkClJA54oSeYhWpZKy+zQpHNhZx0qh7H3T2dJcIB3qmWQ9oMeRWchkaJ/dOYp9dBuMAxMQoEYzAd/XX06bRQffl/ElX/xuUkoo121JQRlUGY4BalCaTaba8FR3A3B0C+YxNqWC2RNEul9AfvucUF6k12BVkpj1riX8Jfw3hJ42wmqHNtqV47vB79gPXN+WPIElzcRu7WTpH6MWfPGZO1MBCYVHBmVxeSmrzrwoGEIRByHvPLW94/okC+AeOvrQ==
TzNUHg/1eyAmy78sNYZ/wzI1PeJlXyNlbwD8RQYuGm78hFtKTlg4/ZmcZHgomuH8IVF2qLN3wwf3l8hjasIWc9KxzK8UjzKp+quzoRXn/AG4DHMryQVOOEY95dq7odgReV1deiaqSH2mbbGeH96DZgE4YG6aXeK5/EtZzCtmZT7QUZPeByHfUfvPCV69US4zKalzdPWbrq/i
d+5FtgdBSwtEtC+HHRyDzVjgju6s7oV3+ZW8r5ZbIjrulbKFjcZSnbRr2KQ09mcH/JiG7meYqSF/WbADa9W3zasvhS+5hYWqTTaFmSlP2iJfgt+DeAljLCZo862pnrv8Hr0Atc054wgSnFwG7pbO0frx5w8ZUzXwENjUMGYXl1KafGsCgcShUHJecwtbHr9iQP6Bo6/t
98Qezk5nb1BFcyMU9vj+M5kV9ADVUfEypus+c5GcX/Xcuj1qnzkSXh8uarVhFqVUhfHhO6tWzzUU49OtwRz3L3SvOA==
dIcFxRFQc0rDpGib/DQ0ztqVjmQcPReX3h5wo93qrJy8fFN/x5sv6OnwNDJaLaqBm0ShSpzqG98nH30sxfH4NllD/sZ5pF13aFntSrPFmZOJqLUY4cP5iWZQ9xxLCfi/j45+JjdXmfin7haDdJ8t769KqnL4nH4QMmOSrzPFWSUZEgjW0AqWMcsAUoLeaCFSLdIK8JfRC1iDkGjglamv2w==
fBDlyaOc09sJKeD9xuEG0+9G837/Zok4M5eOMbM5DmC2n3mD1RfQOQ+axhnDtZmDuI8L3sfbYYM0McE1SyEObSmzbJBRTX5O5JgyNuaGBC0fSGieO2FYgEqvD6sW2YXfLCL8c0tJxtFqN2KjNMk8B8V5M+sqsS7gNTM/Sei44HETwv1NTqGvUXuiUAaOHaBBxwa5kpVWV9TmNmxRxHlax6+ULYozjkYdtcZxg1kxPeN/hhvd+AM/RTXsA9eIr8Q=
iel+siV8YY3YT1jJpuLVHDdHmeJJCRN9gJC/WKEBzWWtMVHN04hfFR6K3zVUliMyNP52vfMkwv65/GF+tRb6bF/lqxT79DjcPX2vNw==
M5keiaNRLgZFE4HVLEgY1vCPIV6ptDoKvAqOEe3OGgGBGRxSSsSz3bMrSEgNBJChyxi9zoUBWv5VkHRJc4OhgqCGm1taeECETcPIYOZHt0LazMUygfQB4LJOU9vbzl9ygA5hU68d
qmsjPqKu3fO9VMqCI6jKRGlQ+nOiUBFXUVbMIWexH8Gx71zakYqF8Rp3FgYTxc2q7pfNS/3VUIgJYf0qYou6y92MY704Olmioyne5pvOLq1tJvnTIbEFM/emQ63Qw9dVjYwLZ1CvHA==
Oxh/6sfZol39RtxVM2S1zfPGpB74sXgirYq5CT4HUs6/pWEiagdpkyGVDFDtcfkijqvWAxk8BwXEuiUaR5marnfuQqVpNp2L/XFZa1M2xyV8I3sdSXwvH2yvIA==
V8spxR3M/+v4rgVM8I6NUzXpJ4MP5dkn5rx0KqmKvQEyF07W24WFGhY3pdtlVcgYoYFFWipLcpuFrIuNQDqhkssJBjbTjuZd1UZRQ7kxnaMfBjsdGAOfBVVsIxdoryQ=
clUIDuILwyLDrUmsxUCa0RzaCKY+1/g90bx0KqmKvQEyF07W24WFGhY3pdtlVcgYoYFFWipLcpuFrIuNQDqhkssJBjbTjuZd1UZRQ7kxnaMfBjsdGAOfBVVsIxdoryQ=
6Mdg7ahtse1gnhbAeSBL+skDm2ZLk2oW/q4rCj+FuJ/EQkkVF478n89/h/WqvEspL474GyBPT+TBSYJ6Y1aBQczigd40ib9uu2fbEX+HdS7RCQoTjRFfZCkTaq8m
SJcQvT+ru6Vqvm04XcIbPY1ZJSxj31pC5NoHNLGFyF/ZbZxRNnLU8uc07CJbfE5jJ9jVpOneuaNHWm6+z9l7N/4oiaHuurVgQXpsS2mGlZD9JBzw14VQHlz5KYEEycxnFTmDS7oxXgBl8w9p+LjwUSMCra0+IT/xy+KAZn4dkGGXxslyBdbndDZ2nDHUeUon31R9KoMO1n1FhqGjaTFNAy9Gq31og88l5awz95iv1A==
MRWWj6cwskbl/2Wm052jzz0yKF+CEo71CFcZQd+q8mwyNevWMBJuaTljQq4Pp/u9WneTHuyeowNVgczHwQwj0bW7PKUPwjW2Chx8Fs1a4ScFWqBC8RgwnEZZ3JUtoARCQp4EbWXuXEs7rsSFXOBQh/Ejm8IE/Hnk3ntolPP08EEDTOw73p0tVxhepz/QuD21BpIa4R8t4qkqy6PhhYcsgUhsg2s5Zb44tl0VmkvBKJGpPc06NsqYfXbNod6P/lPmMRjQLqr9UrlM62kMm0ZVvoBxAx4Xj49Rqy8Zni2xfrNZSQO0hXver5I=
iepZlsSiJ6HIFYQProAKrx6xsbMxk8X0llc8/2MlUXl3fXP9THkp7egC7kp9dG9cOznVK8yPX5l6b5jR7tgLXY3RMOF3Xdar/t+yqPwGz7wwO+4Mtq/s98tPIVg2k7rLBI/R6HDTy7osRwHZZtcPaKngTplyxnRPyZsAZoJH2er2h6dzY4L3efxE23Xemh3/OEGNosM9GVuZcBUw0Xs5gbbIF3S7cfj3H9Zejodv2XD39nZrBGetJ7+SClrIJL4Y4vtyx8O9WW2JSih+YDLWuZsYMmqhkKGaPQqq2Kdpy1BTCIiIZdGvkw==
c9PUCclnvWUYFOCDv0Uy0y50e4CMDQdKIBEjEWTHTdwN+8YNj8eatjeE0YFmmsgs6z3UgwpVbYZuGTAXn2EVfCFSd/W5+3NNG+4kBTwgcIfR4zBH47wZ5P47yBSTtBBBY4xMu35dTVf4Hge/cPjdtWZS+mG/7cKpygvDYSXHDIFoLGPrWaWeOJaddRqrgQiRiX1tulYKeH1WDQFebz4z5tFYcK4KvbK5LCvJjDuGNb5gMWOet86vUctv+R6NcV6zeYljNGU7/q+y
aEc5wnGDrfKa27WoxmPAmoaz72uldUfwtbBJ8foStx5ApPrEmjFPg88H3/DyLH65Y/MfM5DjojTcNLcs+v1HIbnf6b5VVrR2kddtEdNrYim4jAPSNR6nliHHVyVMkWed2ZZy6eod+K35lmTZy7wgNRn2lgIhHvUrh0fGrBTpJQm46Ab9SXxK5c/Nt0g3P7B2A5v6gG3JJEOFvLcXOb21Im1+FYHp18pqv4ov+3hxkyTGIOM1aYYrtD41MI1NAdOAMlTMHq4O3hma+Zf3GatF+HAQxKgmDweauvRUOgH8kdhSFuMTm4avKqD2cduvlQ==
xbv+OceTPBUUbpD4qsoKrYaz72uldUfwtbBJ8foStx5ApPrEmjFPg88H3/DyLH65Y/MfM5DjojTbNrcs+v1HIbnf6L5VVrR2kddtEdNrYim4jAPSNR6nliHHVyVMkWed2ZZy6eod+K35lmTZy7wgNRn2lgIhHvUrh0fGrBTpJQm46Ab9SXxK5c/Nt0g3P7B2A5v6gG3JJEOFvLcXOb21Im1+FYHp18pqv4ov+3hxkyTGIOM1aYYrtD41MI1NAdOAMlTMHq4O3hma+Zf3GatF+HAQxKgmDweauvRUOgH8kdhSFuMTm4avKqD2cduvlQ==
EDkN/JbyM6Ij3TgFNFrGqIaz72uldUfwtbBJ8foStx5ApPrEmjFPg88H3/DyLH65Y/MfM5DjojTcNLcs+v1HIbnf575VVrR2kddtEdNrYim4jAPSNR6nliHHVyVMkWed2ZZy6eod+K35lmTZy7wgNRn2lgIhHvUrh0fGrBTpJQm46Ab9SXxK5c/Nt0g3P7B2A5v6gG3JJEOFvLcXOb21Im1+FYHp18pqv4ov+3hxkyTGIOM1aYYrtD41MI1NAdOAMlTMHq4O3hma+Zf3GatF+HAQxKgmDweauvRUOgH8kdhSFuMTm4avKqD2cduvlQ==
gDCNJksvkkoly8QatyRmfIaz72uldUfwtbBJ8foStx5ApPrEmjFPg88H3/DyLH65Y/MfM5DjojTbNrcs+v1HIbnf5r5VVrR2kddtEdNrYim4jAPSNR6nliHHVyVMkWed2ZZy6eod+K35lmTZy7wgNRn2lgIhHvUrh0fGrBTpJQm46Ab9SXxK5c/Nt0g3P7B2A5v6gG3JJEOFvLcXOb21Im1+FYHp18pqv4ov+3hxkyTGIOM1aYYrtD41MI1NAdOAMlTMHq4O3hma+Zf3GatF+HAQxKgmDweauvRUOgH8kdhSFuMTm4avKqD2cduvlQ==
IVcPCV2WL/3UPyKwBl++F4az72uldUfwtbBJ8foStx5ApPrEmjFPg88H3/DyLH65Y/MfM5DjojTcNLcs+v1HIbnf5b5VVrR2kddtEdNrYim4jAPSNR6nliHHVyVMkWed2ZZy6eod+K35lmTZy7wgNRn2lgIhHvUrh0fGrBTpJQm46Ab9SXxK5c/Nt0g3P7B2A5v6gG3JJEOFvLcXOb21Im1+FYHp18pqv4ov+3hxkyTGIOM1aYYrtD41MI1NAdOAMlTMHq4O3hma+Zf3GatF+HAQxKgmDweauvRUOgH8kdhSFuMTm4avKqD2cduvlQ==
T5HKNINbefpU1typlTHqCoaz72uldUfwtbBJ8foStx5ApPrEmjFPg88H3/DyLH65Y/MfM5DjojTbNrcs+v1HIbnf5L5VVrR2kddtEdNrYim4jAPSNR6nliHHVyVMkWed2ZZy6eod+K35lmTZy7wgNRn2lgIhHvUrh0fGrBTpJQm46Ab9SXxK5c/Nt0g3P7B2A5v6gG3JJEOFvLcXOb21Im1+FYHp18pqv4ov+3hxkyTGIOM1aYYrtD41MI1NAdOAMlTMHq4O3hma+Zf3GatF+HAQxKgmDweauvRUOgH8kdhSFuMTm4avKqD2cduvlQ==
z8jcfJAKso7e3ZHHH7mGTYaz72uldUfwtbBJ8foStx5ApPrEmjFPg88H3/DyLH65Y/MfM5DjojTcNLcs+v1HIbnf475VVrR2kddtEdNrYim4jAPSNR6nliHHVyVMkWed2ZZy6eod+K35lmTZy7wgNRn2lgIhHvUrh0fGrBTpJQm46Ab9SXxK5c/Nt0g3P7B2A5v6gG3JJEOFvLcXOb21Im1+FYHp18pqv4ov+3hxkyTGIOM1aYYrtD41MI1NAdOAMlTMHq4O3hma+Zf3GatF+HAQxKgmDweauvRUOgH8kdhSFuMTm4avKqD2cduvlQ==
4BcK7oLCcso/uazFU7soxYaz72uldUfwtbBJ8foStx5ApPrEmjFPg88H3/DyLH65Y/MfM5DjojTbNrcs+v1HIbnf4r5VVrR2kddtEdNrYim4jAPSNR6nliHHVyVMkWed2ZZy6eod+K35lmTZy7wgNRn2lgIhHvUrh0fGrBTpJQm46Ab9SXxK5c/Nt0g3P7B2A5v6gG3JJEOFvLcXOb21Im1+FYHp18pqv4ov+3hxkyTGIOM1aYYrtD41MI1NAdOAMlTMHq4O3hma+Zf3GatF+HAQxKgmDweauvRUOgH8kdhSFuMTm4avKqD2cduvlQ==
JPQ6VM1CvrWEYixPscb304az72uldUfwtbBJ8foStx5ApPrEmjFPg88H3/DyLH65Y/MfM5DjojTcNLcs+v1HIbnf4b5VVrR2kddtEdNrYim4jAPSNR6nliHHVyVMkWed2ZZy6eod+K35lmTZy7wgNRn2lgIhHvUrh0fGrBTpJQm46Ab9SXxK5c/Nt0g3P7B2A5v6gG3JJEOFvLcXOb21Im1+FYHp18pqv4ov+3hxkyTGIOM1aYYrtD41MI1NAdOAMlTMHq4O3hma+Zf3GatF+HAQxKgmDweauvRUOgH8kdhSFuMTm4avKqD2cduvlQ==
T1QlQMFjY14CJbTo5IyLIoaz72uldUfwtbBJ8foStx5ApPrEmjFPg88H3/DyLH65Y/MfM5DjojTbNrcs+v1HIbnf4L5VVrR2kddtEdNrYim4jAPSNR6nliHHVyVMkWed2ZZy6eod+K35lmTZy7wgNRn2lgIhHvUrh0fGrBTpJQm46Ab9SXxK5c/Nt0g3P7B2A5v6gG3JJEOFvLcXOb21Im1+FYHp18pqv4ov+3hxkyTGIOM1aYYrtD41MI1NAdOAMlTMHq4O3hma+Zf3GatF+HAQxKgmDweauvRUOgH8kdhSFuMTm4avKqD2cduvlQ==
/GxGtdENoBpdtinS+ltAQoaz72uldUfwtbBJ8foStx5ApPrEmjFPg88H3/DyLH65Y/MfM5DjojTcNLcs+v1HIbnf6b9VVrR2kddtEdNrYim4jAPSNR6nliHHVyVMkWed2ZZy6eod+K35lmTZy7wgNRn2lgIhHvUrh0fGrBTpJQm46Ab9SXxK5c/Nt0g3P7B2A5v6gG3JJEOFvLcXOb21Im1+FYHp18pqv4ov+3hxkyTGIOM1aYYrtD41MI1NAdOAMlTMHq4O3hma+Zf3GatF+HAQxKgmDweauvRUOgH8kdhSFuMTm4avKqD2cduvlQ==
ZdSkXVJfRzIwdgHaWUzg6Iaz72uldUfwtbBJ8foStx5ApPrEmjFPg88H3/DyLH65Y/MfM5DjojTbNrcs+v1HIbnf6L9VVrR2kddtEdNrYim4jAPSNR6nliHHVyVMkWed2ZZy6eod+K35lmTZy7wgNRn2lgIhHvUrh0fGrBTpJQm46Ab9SXxK5c/Nt0g3P7B2A5v6gG3JJEOFvLcXOb21Im1+FYHp18pqv4ov+3hxkyTGIOM1aYYrtD41MI1NAdOAMlTMHq4O3hma+Zf3GatF+HAQxKgmDweauvRUOgH8kdhSFuMTm4avKqD2cduvlQ==
4K22bSekIh5ybSZbaGHvtIaz72uldUfwtbBJ8foStx5ApPrEmjFPg88H3/DyLH65Y/MfM5DjojTcNLcs+v1HIbnf579VVrR2kddtEdNrYim4jAPSNR6nliHHVyVMkWed2ZZy6eod+K35lmTZy7wgNRn2lgIhHvUrh0fGrBTpJQm46Ab9SXxK5c/Nt0g3P7B2A5v6gG3JJEOFvLcXOb21Im1+FYHp18pqv4ov+3hxkyTGIOM1aYYrtD41MI1NAdOAMlTMHq4O3hma+Zf3GatF+HAQxKgmDweauvRUOgH8kdhSFuMTm4avKqD2cduvlQ==
FKp3Gl7upZYFriLLEcN5L4az72uldUfwtbBJ8foStx5ApPrEmjFPg88H3/DyLH65Y/MfM5DjojTbNrcs+v1HIbnf5r9VVrR2kddtEdNrYim4jAPSNR6nliHHVyVMkWed2ZZy6eod+K35lmTZy7wgNRn2lgIhHvUrh0fGrBTpJQm46Ab9SXxK5c/Nt0g3P7B2A5v6gG3JJEOFvLcXOb21Im1+FYHp18pqv4ov+3hxkyTGIOM1aYYrtD41MI1NAdOAMlTMHq4O3hma+Zf3GatF+HAQxKgmDweauvRUOgH8kdhSFuMTm4avKqD2cduvlQ==
365yCzUVil/7jkJF++UqRpIUQepHrc1fW6mqvhHsTW0V10Qz6Me1J5xkA0QQJp5BLPGxDnSIrNO7/tg6INYeBK6IsnmPDcb7p+XsBfE1t8lrRoPyFmW56zUUgX6XI9vbf7nZ6NzmVJAXAbxNkUvPyYx9f5HpuiqlipFgAUlavDXLUPj5qVsagV9SrQ62S95A1AW9hQhEXrEpcFLJ/wFvpLfTaLozt+KMDYV87zUwL/v5Ua0uXVJNzYlbUsYPRvcXeJ1L6HaMe7kJynOYDjkoYY3tSwyC+JRSzgLGNao1TxuZR500QDzcpEZDXzYKeMzWwRCJ1GI6u1/7CjeGEDqpN695
v/MnPHkvlq0YTwlDQ8qaHIaz72uldUfwtbBJ8foStx5ApPrEmjFPg88H3/DyLH65Y/MfM5DjojTbNrcs+v1HIbnf5b9VVrR2kddtEdNrYim4jAPSNR6nliHHVyVMkWed2ZZy6eod+K35lmTZy7wgNRn2lgIhHvUrh0fGrBTpJQm46Ab9SXxK5c/Nt0g3P7B2A5v6gG3JJEOFvLcXOb21Im1+FYHp18pqv4ov+3hxkyTGIOM1aYYrtD41MI1NAdOAMlTMHq4O3hma+Zf3GatF+HAQxKgmDweauvRUOgH8kdhSFuMTm4avKqD2cduvlQ==
zTS8n4DeyZs3yKgsOuRN3n5x2AdY1YmoInzBn8SUzyHTyl2mA1jxjZ6m0/YDoQXrvqXr0T/B6ScWYSVK9g3odbEvTanPRzf20FmUcY9Hqmdjs1I91/jzSpt/ePYKzeZ5SjzcrV4dX8S+krhaNgUH2kZLIZqm7W4kqldLR+lKhgjjRIQPKlwBEMpReUje0zypdxdC6kXXYjxHJbx26CldWbiJMD+h6ffjFlGyqDEDW9EkuCzpd/L5BdJBk1m/MjQ+gl0sueMWfRrpdkucYsZISQj5Ft+L5KlCL666lfHWVfrV8THbmxZf1cRjo40x3OdPxK+I
365yCzUVil/7jkJF++UqRpIUQepHrc1fW6mqvhHsTW0V10Qz6Me1J5xkA0QQJp5BLPGxDnSIrNO7/tg6INYeBK6IsnmPDcb7p+XsBfE1t8lrRoPyFmW56zUUgX6XI9vbf7nZ6NzmVJAXAbxNkUvPyYx9f5HpuiqlipFgAUlavDXLUPj5qVsagV9SrQ62S95A1AW9hQhEXrEpcFLJ/wFvpLfTaLozt+KMDYV87zUwL/v5Ua0uXVJNzYlbUsYPRvcXeJ1L6HaMe7kJynOYDjkoYY3tSwyC+JRSzgLGNao1TxuZR500QDzcpEZDXzYKeMzWwRCJ1GI6u1/7CjeGEDqpN695
zTS8n4DeyZs3yKgsOuRN3n5x2AdY1YmoInzBn8SUzyHTyl2mA1jxjZ6m0/YDoQXrvqXr0T/B6ScWYSVK9g3odbEvTanPRzf20FmUcY9Hqmdjs1I91/jzSpt/ePYKzeZ5SjzcrV4dX8S+krhaNgUH2kZLIZqm7W4kqldLR+lKhgjjRIQPKlwBEMpReUje0zypdxdC6kXXYjxHJbx26CldWbiJMD+h6ffjFlGyqDEDW9EkuCzpd/L5BdJBk1m/MjQ+gl0sueMWfRrpdkucYsZISQj5Ft+L5KlCL666lfHWVfrV8THbmxZf1cRjo40x3OdPxK+I
365yCzUVil/7jkJF++UqRpIUQepHrc1fW6mqvhHsTW0V10Qz6Me1J5xkA0QQJp5BLPGxDnSIrNO7/tg6INYeBK6IsnmPDcb7p+XsBfE1t8lrRoPyFmW56zUUgX6XI9vbf7nZ6NzmVJAXAbxNkUvPyYx9f5HpuiqlipFgAUlavDXLUPj5qVsagV9SrQ62S95A1AW9hQhEXrEpcFLJ/wFvpLfTaLozt+KMDYV87zUwL/v5Ua0uXVJNzYlbUsYPRvcXeJ1L6HaMe7kJynOYDjkoYY3tSwyC+JRSzgLGNao1TxuZR500QDzcpEZDXzYKeMzWwRCJ1GI6u1/7CjeGEDqpN695
zTS8n4DeyZs3yKgsOuRN3n5x2AdY1YmoInzBn8SUzyHTyl2mA1jxjZ6m0/YDoQXrvqXr0T/B6ScWYSVK9g3odbEvTanPRzf20FmUcY9Hqmdjs1I91/jzSpt/ePYKzeZ5SjzcrV4dX8S+krhaNgUH2kZLIZqm7W4kqldLR+lKhgjjRIQPKlwBEMpReUje0zypdxdC6kXXYjxHJbx26CldWbiJMD+h6ffjFlGyqDEDW9EkuCzpd/L5BdJBk1m/MjQ+gl0sueMWfRrpdkucYsZISQj5Ft+L5KlCL666lfHWVfrV8THbmxZf1cRjo40x3OdPxK+I
365yCzUVil/7jkJF++UqRpIUQepHrc1fW6mqvhHsTW0V10Qz6Me1J5xkA0QQJp5BLPGxDnSIrNO7/tg6INYeBK6IsnmPDcb7p+XsBfE1t8lrRoPyFmW56zUUgX6XI9vbf7nZ6NzmVJAXAbxNkUvPyYx9f5HpuiqlipFgAUlavDXLUPj5qVsagV9SrQ62S95A1AW9hQhEXrEpcFLJ/wFvpLfTaLozt+KMDYV87zUwL/v5Ua0uXVJNzYlbUsYPRvcXeJ1L6HaMe7kJynOYDjkoYY3tSwyC+JRSzgLGNao1TxuZR500QDzcpEZDXzYKeMzWwRCJ1GI6u1/7CjeGEDqpN695
zTS8n4DeyZs3yKgsOuRN3n5x2AdY1YmoInzBn8SUzyHTyl2mA1jxjZ6m0/YDoQXrvqXr0T/B6ScWYSVK9g3odbEvTanPRzf20FmUcY9Hqmdjs1I91/jzSpt/ePYKzeZ5SjzcrV4dX8S+krhaNgUH2kZLIZqm7W4kqldLR+lKhgjjRIQPKlwBEMpReUje0zypdxdC6kXXYjxHJbx26CldWbiJMD+h6ffjFlGyqDEDW9EkuCzpd/L5BdJBk1m/MjQ+gl0sueMWfRrpdkucYsZISQj5Ft+L5KlCL666lfHWVfrV8THbmxZf1cRjo40x3OdPxK+I
365yCzUVil/7jkJF++UqRpIUQepHrc1fW6mqvhHsTW0V10Qz6Me1J5xkA0QQJp5BLPGxDnSIrNO7/tg6INYeBK6IsnmPDcb7p+XsBfE1t8lrRoPyFmW56zUUgX6XI9vbf7nZ6NzmVJAXAbxNkUvPyYx9f5HpuiqlipFgAUlavDXLUPj5qVsagV9SrQ62S95A1AW9hQhEXrEpcFLJ/wFvpLfTaLozt+KMDYV87zUwL/v5Ua0uXVJNzYlbUsYPRvcXeJ1L6HaMe7kJynOYDjkoYY3tSwyC+JRSzgLGNao1TxuZR500QDzcpEZDXzYKeMzWwRCJ1GI6u1/7CjeGEDqpN695
zTS8n4DeyZs3yKgsOuRN3n5x2AdY1YmoInzBn8SUzyHTyl2mA1jxjZ6m0/YDoQXrvqXr0T/B6ScWYSVK9g3odbEvTanPRzf20FmUcY9Hqmdjs1I91/jzSpt/ePYKzeZ5SjzcrV4dX8S+krhaNgUH2kZLIZqm7W4kqldLR+lKhgjjRIQPKlwBEMpReUje0zypdxdC6kXXYjxHJbx26CldWbiJMD+h6ffjFlGyqDEDW9EkuCzpd/L5BdJBk1m/MjQ+gl0sueMWfRrpdkucYsZISQj5Ft+L5KlCL666lfHWVfrV8THbmxZf1cRjo40x3OdPxK+I
365yCzUVil/7jkJF++UqRpIUQepHrc1fW6mqvhHsTW0V10Qz6Me1J5xkA0QQJp5BLPGxDnSIrNO7/tg6INYeBK6IsnmPDcb7p+XsBfE1t8lrRoPyFmW56zUUgX6XI9vbf7nZ6NzmVJAXAbxNkUvPyYx9f5HpuiqlipFgAUlavDXLUPj5qVsagV9SrQ62S95A1AW9hQhEXrEpcFLJ/wFvpLfTaLozt+KMDYV87zUwL/v5Ua0uXVJNzYlbUsYPRvcXeJ1L6HaMe7kJynOYDjkoYY3tSwyC+JRSzgLGNao1TxuZR500QDzcpEZDXzYKeMzWwRCJ1GI6u1/7CjeGEDqpN695
zTS8n4DeyZs3yKgsOuRN3n5x2AdY1YmoInzBn8SUzyHTyl2mA1jxjZ6m0/YDoQXrvqXr0T/B6ScWYSVK9g3odbEvTanPRzf20FmUcY9Hqmdjs1I91/jzSpt/ePYKzeZ5SjzcrV4dX8S+krhaNgUH2kZLIZqm7W4kqldLR+lKhgjjRIQPKlwBEMpReUje0zypdxdC6kXXYjxHJbx26CldWbiJMD+h6ffjFlGyqDEDW9EkuCzpd/L5BdJBk1m/MjQ+gl0sueMWfRrpdkucYsZISQj5Ft+L5KlCL666lfHWVfrV8THbmxZf1cRjo40x3OdPxK+I
365yCzUVil/7jkJF++UqRpIUQepHrc1fW6mqvhHsTW0V10Qz6Me1J5xkA0QQJp5BLPGxDnSIrNO7/tg6INYeBK6IsnmPDcb7p+XsBfE1t8lrRoPyFmW56zUUgX6XI9vbf7nZ6NzmVJAXAbxNkUvPyYx9f5HpuiqlipFgAUlavDXLUPj5qVsagV9SrQ62S95A1AW9hQhEXrEpcFLJ/wFvpLfTaLozt+KMDYV87zUwL/v5Ua0uXVJNzYlbUsYPRvcXeJ1L6HaMe7kJynOYDjkoYY3tSwyC+JRSzgLGNao1TxuZR500QDzcpEZDXzYKeMzWwRCJ1GI6u1/7CjeGEDqpN695
zTS8n4DeyZs3yKgsOuRN3n5x2AdY1YmoInzBn8SUzyHTyl2mA1jxjZ6m0/YDoQXrvqXr0T/B6ScWYSVK9g3odbEvTanPRzf20FmUcY9Hqmdjs1I91/jzSpt/ePYKzeZ5SjzcrV4dX8S+krhaNgUH2kZLIZqm7W4kqldLR+lKhgjjRIQPKlwBEMpReUje0zypdxdC6kXXYjxHJbx26CldWbiJMD+h6ffjFlGyqDEDW9EkuCzpd/L5BdJBk1m/MjQ+gl0sueMWfRrpdkucYsZISQj5Ft+L5KlCL666lfHWVfrV8THbmxZf1cRjo40x3OdPxK+I
zTS8n4DeyZs3yKgsOuRN3n5x2AdY1YmoInzBn8SUzyHTyl2mA1jxjZ6m0/YDoQXrvqXr0T/B6ScWYSVK9g3odbEvTanPRzf20FmUcY9Hqmdjs1I91/jzSpt/ePYKzeZ5SjzcrV4dX8S+krhaNgUH2kZLIZqm7W4kqldLR+lKhgjjRIQPKlwBEMpReUje0zypdxdC6kXXYjxHJbx26CldWbiJMD+h6ffjFlGyqDEDW9EkuCzpd/L5BdJBk1m/MjQ+gl0sueMWfRrpdkucYsZISQj5Ft+L5KlCL666lfHWVfrV8THbmxZf1cRjo40x3OdPxK+I
