fIsGivPC12OkqTKz9J+73B9GJHh2F5kmV8k8R6ClqaxTYTUbZwMXW5VoKTtrx8hMXLka0SVraQ/0AseVito+cds1fuk2U2fxYc8g4YRkZxs9HUI4SiUR6q/J5PGldSkq8lKEPerVZU6rtt/G/ZD0Hi7Fbjlw0+08v84Zngy5J45TnBORt7ddjkl5clMVQWdEgYOir+4=
S680N3nLlcuncNlqqktcVc4Me7+Z0MimvsbO0byG3m/snW/7iqMuVUfDxkEXxic7rvvcTpDDtN16d9JDZMnsp7W5I4uaMX7AxXOvqdi40JGDgg1tHiEfMWtiIKZeHfChd0apsuXWh7TW9vzxNHkqZz/UHWpjDrY9pQbB6IkxbUOPxgs9SIPvZUUsk7e4r/Q=
e6DEuXHAdDcGOJliZAPUkXz2i6wX3pP5OBPeACfmhs6+Q+gNPC6vZESQjOrQO8M/R2tMUz+5hJGEJMKddRaQ0rJDRoFRaW7TRgOi/bPzsnnuQ1kDWsuo5hxj+PVuJ4bb+Inwv2Hpt2NWUXIocQMbUeS47Gk38rmFEkHT2f8y9L5CXWw5Ixa9mql2CxyixgjJSPnWX0vk6cLvrnoVsdYVcBXxcVvbFp9VBGPjDfHcJ8+Er8g=
VDhkDcpqdeIVFKPU5MGSsPqWmuTT9mkpU7qcfoHrixGDigcd87eiQVU7R1/EYVsbeycDmQFdGTtZUJUQkZs5Yfbol1R7EfiX3/berseP2ZC31vZLxAetR3+yinqIxL74otvy5wPdWQ1JaqheINLWWds4skpq8KH6/Soq+OeJy7ATKAiopbGv8w==
ieR6pGaGD7lKd9p1pTMIj5jw07PMFvHARb/JKCwcAJbS56n5q0OgU4mfqy1bTtexWyoj3e2ft5MMVTtnYyMTdemJWWchNCWcGW+Z3a6sx3hTBfiL59Ku4o87OWwvUmYnrFNtm4dWunaAsJ7Eeh8iS6tJ2ZHxzliS6Oa2JcM8oqaCJOGmhU6adG99awxLbFiEjaWv7w==
41HDNG43UC/AWpy/4c3KDJjw07PMFvHARb/JKCwcAJbS9qH3rUyhAYmfqy1bTtexWysj3e2ft5MMVTtnYyMTdemJWWchNCWcGW+Z3a6sx3hTBfiL59Ku4o87OWwvUmYnrFNtm4dWunaAsJ7Eeh8iS6tJ2ZHxzliS6Oa2JcM8oqaCJOGmhU6adG99awxLbFiEjaWv7w==
/GjugJNudwURYsGNCF8AvEpsm8k0MnPJcaIVEOoT2BPEWFZyRVMAKt+951Oy3wXi6a/rKRNU86kU6RbrUmOWJc8jHhF9w87r9ptUviiD7M1yV6rzjElE141ZK5vC8YZwTdN3efC4+EFbIoXd5uFHIWOCGNb2nRgRD2ahor2WP0RelqQh3HlCN+c0lRrbzm4trSY5WOGxxbO3pgMtkMOX1c2My+eQr9w=
clejHgHIs0UWSC7Ck+8MBj95bBOHbXvHNGeljpyd+xJWXydBmJmqE2YDgj3Tc1K5iEO6QzpLSKY8Y9i1zqcmm9iJkP+BadejtlES6NGDu5HEuMypl3IZRXJBMxmfshT+Il1MeYOWHdqJditcQkZoiaj5tp+rZIkCz65a1RFWtbA18ZGbu5Z/FWRjA01RXIePpK/o
CWrQOuksBCKqe9cNTDRTcJZwG3EWwI8UPayd8aK6zj7ZMor8n4fOjoJEIgkKSM4APdOl4Zs3X3ivk4fgY5e5OV8hgMurncd1S7cVpzkNFTItjnVRaQfq2n+az4t4AXM0BpDD5elWS0R+JZA9TbFzkPIkLE4uXv6p2un3BxlbJegwoOT4pl/n6nrk/ooBTDHIEuaDwxtWj5pg5pGrr+U=
VqE4wDtsyBTJyezN1vIBw82i+feVCfHATb3fOngOA8bSouSw/w31AYmfqy1bTtexWy8j3e2ft5MMVTtnYyMTdemJWWchNCWcGW+Z3a6sx3hTBfiL59Ku4o87OWwvUmYnrFNtm4dWunaAsJ7Eeh8iS6tJ2ZHxzliS6Oa2JcM8oqaCJOGmhU6adG99awxLbFiEjaWv7w==
fTz9SPkb58slpjRJnMI29F9VLmJvGJh1TcA9R7Swo5ZTP3p0AW1+QZx/MDNU8eUrFPVLg3wPfBP+aurTjtl4f8A3fuk2U2fxYc8g4YRkZxs9HUI4SiUR6q/J5PGldSkq8lKEPerVZU6rtt/G/ZD0Hi7Fbjlw0+08v84Zngy5J45TnBORt7ddjkl5clMVQWdEgYOir+4=
SENBqy5lM7KQ738cL7V267axfxARuJ6E5dGShGdro0Muw0rN+1NKyZFCorMia2DWdCMQZSYHngugCShveYl/8/4RWtg5Y6Oh3LjUmY+S8XU6AXtJN1LsbprdNOk7NvUKQTZjLGpmcHmw+a7vs0Sh8gduEoV59g0gzXEpC8P218Wso8t9OTyfv7yv8A==
wkRujFjwthnNTg+wmd6+tS/PYY3MF22u3ayh/pdjg3WX95YrpbX2v0JtNnlvZVXpWdfrZYum99lLJiLV/feXe9wdey+zy7MdeQHZ77FchXTJJ9mVfkTnEEMN+IP3uo4KX3N5JP+6xk882+0TFz4anlD43oyq9wIju0HZmeGmeHo4rvZtE9QCzhKsYS4VJjqcvzUrRJuEeOydra/n
g0SIdd1Qw0RvN+011aGIsj9jYB6FLDKPK3D8g9DCp0BURmZBmJmqE2YDgj3Tc1K5j0K6QzpLSKY8Y9i1zqcmm9iJkP+BadejtlES6NGDu5HEuMypl3IZRXJBMxmfshT+Il1MeYOWHdqJditcQkZoiaj5tp+rZIkCz65a1RFWtbA18ZGbu5Z/FWRjA01RXIePpK/o
+uJ+hXCRYnqZ15bMK0x2geZJ5n/LRtY1su4EY8YG2dnwYQ7qHRGYVqKSXESTVScGHyBPl0UBGKNLtbxZksrpsi7n7q218ybDYgDyywhO4OFT8CqJsZNLmdOS57WDgKIIxeNnN3SZGxOrv2Ox8eWZ80kINfih4/nppvB3/Asp+N9PLv7Gd3eZmGdOlmM0vy2Pb+oqkri8fnDywxJPc+VZRdmyiDaQKpZRC6DSYppIITLtcooQ1/ELOEMw6ADVia+7
lUC7WwJWySFwVSH8ZKiPBtKRgmwZCUSN0CM/s8ejz57vRm9R9o48+uq1ci1MbuCBk1CqafGzS/kTMmdVw66iaAVD59c0uRtzax/jUbHFmZOJqLUY4cP5iWZQ9xxLCfi/j45+JjdXmfin7haDdJ8t769KqnL4nH4QMmOSrzPFWSUZEgjW0AqWMcsAUoLaaCFSLdIK8JfRC1iDkGjglamv2w==
KtsWyu3LFI/1D30cXScwJT95bBOHbXvPNnG32pGU5UBWWW4V1szYE2YDgj3Tc1K5gkG7QzpLSKY8Y9i1zqcmm9iJkP+BadejtlES6NGDu5HEuMypl3IZRXJBMxmfshT+Il1MeYOWHdqJditcQkZoiaj5tp+rZIkCz65a1RFWtbA18ZGbu5Z/FWRjA01RXIePpK/o
UUzZjG3hHHD9upDiAuVLArb6gAu7lBxS8yxXHhcocsXQlZZzSLu9zfsbh7Qf/x9p5RUhVe/tWOfLsd95e9tNa/nBTV6dAu39CasyFk/214d4DWtYNlwbSYn608jOScjxjX0r/MIoNGJOciZlaoVvi5nXvYSAbDzUxnP/5kqIpkbBgGmkomobb3v6V1ZQiomnr+k=
4FNENqqncnZ33hEze6Rw5uaMhJGU248DHdu12dtPz/BPW7f+ZYGJ8b+pELPrpdd9a/9lP7mV5foNhmVpqf96Uh/S/5N4GUN8ZhhTHSluW0xe7WClzSkD2NIsPHZuJm4hOiHHHxlDFSDQKHSA5mf34lqsjhKB1MEAMu6T+9uuHxIArqGzr/0=
79llbOZGctE6WvFdy2i/MQMWESd+Ja6BTN+gsyRRVevkFV6FYm8MU07KGlMeeSg/kBdO6cazt7Exr7BhNISX2w09UjhaBSEqXylUcTUVeWoisnQ92vU1DvsWT0YNMEReXqV+OWAzHfwPbmkenBn3ToO8I5HH1w1OmZni06UhFwSxo7Kv/g==
+sq3a/KTeDgehc7b7Zh4OeSMhICWzYsDHdu12dtPz/BPW7f4ZYGJ8b+pELPrpdd9a/9lP7mV5foNhmVpqf96Uh/S/5N4GUN8ZhhTHSluW0xe7WClzSkD2NIsPHZuJm4hOiHHHxlDFSDQKHSA5mf34lqsjhKB1MEAMu6T+9uuHxIArqGzr/0=
I3bb032owy0lMeSZHqwK9QMWFzFiOK6BTN+gsyRRVevkFViFYm8MU07KGlMeeSg/kBdO6cazt7Exr7BhNISX2w09UjhaBSEqXylUcTUVeWoisnQ92vU1DvsWT0YNMEReXqV+OWAzHfwPbmkenBn3ToO8I5HH1w1OmZni06UhFwSxo7Kv/g==
wG0IrlWr/ScIJTm3S3JFMQMWFidwPa6BTN+gsyRRVevkFVuFYm8MU07KGlMeeSg/kBdO6cazt7Exr7BhNISX2w09UjhaBSEqXylUcTUVeWoisnQ92vU1DvsWT0YNMEReXqV+OWAzHfwPbmkenBn3ToO8I5HH1w1OmZni06UhFwSxo7Kv/g==
JkU+SiQC5wT2BI86a+aWUJN6QThCl9QWOb/EoeLmwHqcfpb2hdTOipZEPR8BSMwEb4Ol4Zs3X3ivk4fnYpi5OV8hgMurncd1S7cVpzkNFTItjnVRaQfq2n+az4t4AXM0BpDD5elWS0R+JZA9TbFzkPIkLE4uXv6p2un3BxlbJegwoOT4pl/n6nrk/ooBTDHIEuaDwxtWj5pg5pGrr+U=
PTB1KBuaM6ZA55pW0tPWkFfxZUaFp39JKmIqDuYJ/RNcc6lRThZ0KpKNuun4qUKgvRHUaTapJfLUGfYrIXQdN8enjut2R84rUAkYDynJrxNukSq4iaNTgcy4xLl/UkEVSoHrqecSvA6q3cTJa3alqtG204waJkCZoPm+j4OEUVK37oIlqTbdAL1xGesTNoelPCM7nYl875+sr+A=
