LFy98dMtaabzy8eviUNUDB9GJHh2F5kmV8k8R6ClqaxTYTUbZwMXW5VoKTtrx8hMXLka0SVraQ/0AseVito+cds1fuk2U2fxYc8g4YRkZxs9HUI4SiUR6q/J5PGldSkq8lKEPerVZU6rtt/G/ZD0Hi7Fbjlw0+08v84Zngy5J45TnxaRuLddj0l5eVMVVG1OgYOir+4=
l4YpwaU1WtMh72pKjGKvcs4Me7+Z0MimvsbO0byG3m/snW/7iqMuVUfDxkEXxic7rvvcTpDDtN16d9JDZMnsp7W5I4uaMX7AxXOvqdi40JGDgg1tHiEfMWtiIKZeHfChd0apsuXWh7TW9vzxNHkqZz/UHWpjDrY9pQbB64wxYkOPxws9Q4PvcE8mk7e4r/Q=
nZ3QJINMFKT55IjRl3yICXz2i6wX3pP5OBPeACfmhs6+Q+gNPC6vZESQjOrQO8M/R2tMUz+5hJGEJMKddRaQ0rJDRoFRaW7TRgOi/bPzsnnuQ1kDWsuo5hxj+PVuJ4bb+Inwv2Hpt2NWUXIocQMbUeS47Gk38rmFEkHT2f8y9L5CXWw5Ixa9mql2CxyixgjJSPnWX0vk6cLvrnoVsdYVcxDxflvbF59VD2PjGPvWJ8+Er8g=
q3f1kZTdlB26uitfzcrjq/qWmuTT9mkpU7qcfoHrixGDigcd87eiQVU7R1/EYVsbeycDmQFdGTtZUJUQkZs5Yfbol1R7EfiX3/berseP2ZC31vZLxAetR3+yinqIxL74otvy5wPdWQ1JaqheINLWWds4skpp9aH1/Sor+OeCy7AGIgKopbGv8w==
NfjVfH5fSnX6nlhD/6D+Upjw07PMFvHARb/JKCwcAJbS56n5q0OgU4mfqy1bTtexWyoj3e2ft5MMVTtnYyMTdemJWWchNCWcGW+Z3a6sx3hTBfiL59Ku4o87OWwvUmYnrFNtm4dWunaAsJ7Eeh8iS6tJ2ZHxzliS6Oa2JcM8oqaBIeGphU6bdG92awxeZlKEjaWv7w==
EhUAOK1q8EVC/E2lGvS1M5jw07PMFvHARb/JKCwcAJbS9qH3rUyhAYmfqy1bTtexWysj3e2ft5MMVTtnYyMTdemJWWchNCWcGW+Z3a6sx3hTBfiL59Ku4o87OWwvUmYnrFNtm4dWunaAsJ7Eeh8iS6tJ2ZHxzliS6Oa2JcM8oqaBIeGphU6bdG92awxeZlKEjaWv7w==
ZbDr2upRoANykdFZVUPX+0psm8k0MnPJcaIVEOoT2BPEWFZyRVMAKt+951Oy3wXi6a/rKRNU86kU6RbrUmOWJc8jHhF9w87r9ptUviiD7M1yV6rzjElE141ZK5vC8YZwTdN3efC4+EFbIoXd5uFHIWOCGNb2nRgRD2ahor2WP0RelqQh3HlCN+c0lRrbzm4trSY5W+SxyrO3pwMtm8OXwMeGy+eQr9w=
c9UtFRoJyfSsXMCV3hQx2z95bBOHbXvHNGeljpyd+xJWXydBmJmqE2YDgj3Tc1K5iEO6QzpLSKY8Y9i1zqcmm9iJkP+BadejtlES6NGDu5HEuMypl3IZRXJBMxmfshT+Il1MeYOWHdqJditcQkZoiaj5tp+rZIkCz65a1RFWtbMw8Z6bu5d/FW9jA1hbVoePpK/o
l3SP6tGCjmTBgFSR5xw5A5ZwG3EWwIwUPayd/KK5zj7ZMor8n4fOjoJEIgkKSM4APdOl4Zs3X3ivk4fgY5e5OV8hgMurncd1S7cVpzkNFTItjnVRaQfq2n+az4t4AXM0BpDD5elWS0R+JZA9TbFzkPIkLE4uXv6p2un3BxlbJegwoOT4pl/n6nrk/Y8BQzHIE+aDyBtWmpBq5pGrr+U=
9NgpYESY1vByHoyjZIj79M2i+feVCfHATb3fOngOA8bSouSw/w31AYmfqy1bTtexWy8j3e2ft5MMVTtnYyMTdemJWWchNCWcGW+Z3a6sx3hTBfiL59Ku4o87OWwvUmYnrFNtm4dWunaAsJ7Eeh8iS6tJ2ZHxzliS6Oa2JcM8oqaBIeGphU6bdG92awxeZlKEjaWv7w==
MWMQZOqXwnyRZkB8EzAKBV9VLmJvGJh1TcA9R7Swo5ZTP3p0AW1+QZx/MDNU8eUrFPVLg3wPfBP+aurTjtl4f8A3fuk2U2fxYc8g4YRkZxs9HUI4SiUR6q/J5PGldSkq8lKEPerVZU6rtt/G/ZD0Hi7Fbjlw0+08v84Zngy5J45TnxaRuLddj0l5eVMVVG1OgYOir+4=
66zaq1JE0BhABET8Zha7h7axfxARuJ6E5dGShGdro0Muw0rN+1NKyZFCorMia2DWdCMQZSYHngugCShveYl/8/4RWtg5Y6Oh3LjUmY+S8XU6AXtJN1LsbprdNOk7NvUKQTZjLGpmcHmw+a7vs0Sh8gduEoV59g0jyHEmC8P318Wno8toMzafv7yv8A==
LiVUnU4zkJcUnnedZc5Ysz9jYB6FLDKPK3D8g9DCpEBURmZBmJmqE2YDgj3Tc1K5j0K6QzpLSKY8Y9i1zqcmm9iJkP+BadejtlES6NGDu5HEuMypl3IZRXJBMxmfshT+Il1MeYOWHdqJditcQkZoiaj5tp+rZIkCz65a1RFWtbMw8Z6bu5d/FW9jA1hbVoePpK/o
feTS+1So/Zubyr81/2X36eZJ5n/LRtY1su4EY8YG2dnwYQ7qHRGYVqKSXESTVScGHyBPl0UBGKNLtbxZksrpsi7n7q218ybDYgDyywhO4OFT8CqJsZNLmdOS57WDgKIIxeNnN3SZGxOrv2Ox8eWZ80kINfih4/nppvB3/Asp+N9PLv7Gd3eZmGdOlmM0vy2Pb+oqkri8fnDywxJPc+VZRdmyiDaQKpZRC6DSYplNIT3tcosQ1/oLOFY64gDVia+7
DcONkK7L9clJ+pO/6b94IdKRgmwZCUSN0CM/s8ejz57vRm9R9o48+uq1ci1MbuCBk1CqafGzS/kTMmdVw66iaAVD59c0uRtzax/jUbHFmZOJqLUY4cP5iWZQ9xxLCfi/j45+JjdXmfin7haDdJ8t769KqnL4nH4QMmOSrzPFWSUZEgjW0AqWMcsAUoLZbSFdLdIL8JfaC1iWmmLglamv2w==
NZ8EIR/UEILlOp5pxG9tO3sA44Oa3VK4QVWkqbgPz4e/n8+a50p/Re6SHJ7CWUJZdJKgxVuc+j0pbytd+54X4TsSIuyNz3dDrCW7l8NzU6UJuVlXweRlzLmfGa0OfAcoMzX4u4eCbjIvS7mcjwIm90xjbatnhvomIEAetNrP4hvLedmhkZ6YQkiWNtVjbOJ2YRHhmWWe2yTPhut8/raS1O2Vr98=
ULGG/a4Vq6J8xdR76mD25sXpnBU86G7GJdfaHNAyhFMCMRhPG2XJ+8ho7ZQXWMLO7AolMFTJD05An4CzxBE1a0TVtYINL6zTrgp6Uz65yL/wV27pJnMXMZFvUGEUxDdb7f1yOHrFwar/aXRx1dXZ6oJylD36tVWOG9ZvRm3wpN7+5R45gPO9fG8uiR68WZfOY38GkaiXrc852YnThfS9jtHjkq/e
n0fbNyNnVOEFV2HOCsoRHUsrWu6Jrn7jOpJdQ5RbjAHXnbOZz5jjVHdP0mQMjNZ3OmOYtIAnf+LS13U522+PUM+7d9RirkkRPwlQk+tFFx3rX6XfufWlWo1mJQmp37ryn7K/s3g5AxzmuJM9KQ4brN5NIMXNycN4Ukz8lm4GLoG6wQc/GWPVwFCINKDmhzeC2gxN94G7gaCzDtOQ247KuIrO4ZOv3Q==
pdpCDNRP1nHltWE7ia1vRz95bBOHbXvPNnG32pGU5UBWWW4V1szYE2YDgj3Tc1K5gkG7QzpLSKY8Y9i1zqcmm9iJkP+BadejtlES6NGDu5HEuMypl3IZRXJBMxmfshT+Il1MeYOWHdqJditcQkZoiaj5tp+rZIkCz65a1RFWtbMw8Z6bu5d/FW9jA1hbVoePpK/o
P/nBnbdIJPyJJP/wz9FoObb6gAu7lBxS8yxXHhcocsXQlZZzSLu9zfsbh7Qf/x9p5RUhVe/tWOfLsd95e9tNa/nBTV6dAu39CasyFk/214d4DWtYNlwbSYn608jOScjxjX0r/MIoNGJOciZlaoVvi5nXvYSAbDzUxnP/5kqIpUPBj2mko2obZHv6Qlxaiomnr+k=
kKfu6v2O/hWZVv89gSQUjuaMhJGU248DHdu12dtPz/BPW7f+ZYGJ8b+pELPrpdd9a/9lP7mV5foNhmVpqf96Uh/S/5N4GUN8ZhhTHSluW0xe7WClzSkD2NIsPHZuJm4hOiHHHxlDFSDQKHSA5mf34lqsjReB28EAM+6T8NuuChgKrqGzr/0=
VGtoFwVHVLCREzhYcPE5mQMWESd+Ja6BTN+gsyRRVevkFV6FYm8MU07KGlMeeSg/kBdO6cazt7Exr7BhNISX2w09UjhaBSEqXylUcTUVeWoisnQ92vU1DvsWT0YNMEReXqV+OWAzHfwPbmkenBn3ToO/JpHI1w1PmZnp06U0HQ6xo7Kv/g==
AbrsCt8QJsVTnHC/Jq9qo+SMhICWzYsDHdu12dtPz/BPW7f4ZYGJ8b+pELPrpdd9a/9lP7mV5foNhmVpqf96Uh/S/5N4GUN8ZhhTHSluW0xe7WClzSkD2NIsPHZuJm4hOiHHHxlDFSDQKHSA5mf34lqsjReB28EAM+6T8NuuChgKrqGzr/0=
w6ib/SetYrIvzGlDWQJoygMWFzFiOK6BTN+gsyRRVevkFViFYm8MU07KGlMeeSg/kBdO6cazt7Exr7BhNISX2w09UjhaBSEqXylUcTUVeWoisnQ92vU1DvsWT0YNMEReXqV+OWAzHfwPbmkenBn3ToO/JpHI1w1PmZnp06U0HQ6xo7Kv/g==
a9hL6VOu1v1Vh96hmp0iuQMWFidwPa6BTN+gsyRRVevkFVuFYm8MU07KGlMeeSg/kBdO6cazt7Exr7BhNISX2w09UjhaBSEqXylUcTUVeWoisnQ92vU1DvsWT0YNMEReXqV+OWAzHfwPbmkenBn3ToO/JpHI1w1PmZnp06U0HQ6xo7Kv/g==
QY/u8Gis//uDodidmwrcJXaba0Imdm8e9jQZMw5XlYS9amlbBBGxzgt7lkvC42aFv+PuMQfAMcuG26QeWAN8bSIXetOcSVQ33Rn7e1JxNpD9k0eZwLjIoWtiNT1WYdfBs8JINuadCDHfJvECLRZP5K7W1AEseTIXF/TluitO/o195ml59LHa02dnU00LQyegd0b7h6Cv7A==
bDUw09NcDsFVKk7uHqWSDeUtZ1gHjXKlxWdoLaRHBjwjLEZ/0O7QUhTxIj3J+4XnTV1jMykNibP2gzJdY7OCmf9BRWNqC/hGjONIFR7nVrvIiYCfsakHwybR4kihw2tx9Lj8SUcyaeWCwaN5T3IknjJdXFnz1s16GfabvPIGOKlY+ca/e6Q5Yn8uynVBlkWRIPGOe4vXL/X/43P4q5bX75Sv2A==
aqwuOMHH2saHQ5y9v8i1Oo1ZJSxj31pC5NoHNLGFyF/ZbZxRNnLU8uc07CJbfE5jJ9jVpOneuaNHWm6+z9l7N/4oiaHuurVgQXpsS2mGlZD9JBzw14VQHlz5KYEEycxnFTmDS7oxXgBl8w9p+LjwUSMCra0+IT/xy+KAZn4dkGGXxslyBdbndDZ2nDHUeUon31R9KoMO1n1FhqGpbDFCAy9Hq31jg88w76Yz95iv1A==
aqwuOMHH2saHQ5y9v8i1Oo1ZJSxj31pC5NoHNLGFyF/ZbZxRNnLU8uc07CJbfE5jJ9jVpOneuaNHWm6+z9l7N/4oiaHuurVgQXpsS2mGlZD9JBzw14VQHlz5KYEEycxnFTmDS7oxXgBl8w9p+LjwUSMCra0+IT/xy+KAZn4dkGGXxslyBdbndDZ2nDHUeUon31R9KoMO1n1FhqGpbDFCAy9Hq31jg88w76Yz95iv1A==
NiBH9lfq8TLWfOk7lPPvkTs6mtPuN67597rLVeM1pFPbLF98/ME8gxqi/ITqQjp8u/GQDi2q+DMc6Er9UrzJBxZy0SFr4ZzLa2kp6h4NJlSCl+PXK66cWDvE3F8yfEmAIpEReBZzRBmPFzpavXcqDK9l1OYgCUWJYAlo77mJv3O+EZpY+WPjIRy4FBnPkjH1+gE7yfdSLO7a3fRp+za1ioE2o6wqZrD5cPnub/NEYXJHblIFufZNpohx5ouD95dFZ6OL6HM2Xz/8r7A=
Fv7JCfgx0A1vOHlJ5miFaE1kh+SoUgCTvkClJA54oSeYhWpZKy+zQpHNhZx0qh7H3T2dJcIB3qmWQ9oMeRWchkaJ/dOYp9dBuMAxMQoEYzAd/XX06bRQffl/ElX/xuUkoo121JQRlUGY4BalCaTaba8FR3A3B0C+YxNqWC2RNEul9AfvucUF6k12BVkpj1riX8Jfw3hJ42wmqHNtqV47vB79gPXN+WPIElzcRu7WTpH6MWfPGZO1MBCYVHBmVxeSmrzox4GLIRBzHvPAW94qqEq+AeOvrQ==
Q5AQzoqxxZUQkU4eVNpkojI1PeJlXyNlbwD8RQYuGm78hFtKTlg4/ZmcZHgomuH8IVF2qLN3wwf3l8hjasIWc9KxzK8UjzKp+quzoRXn/AG4DHMryQVOOEY95dq7odgReV1deiaqSH2mbbGeH96DZgE4YG6aXeK5/EtZzCtmZT7QUZPeByLaUfTPCV+9USUzKbx5fvWbrq/i
djmm++C2dPtOKGDBVhnBeFjgju6s7oV3+ZW8r5ZbIjrulbKFjcZSnbRr2KQ09mcH/JiG7meYqSF/WbADa9W3zasvhS+5hYWqTTaFmSlP2iJfgt+DeAljLCZo862pnrv8Hr0Atc054wgSnFwG7pbO0frx5w8ZUzXwENjUMGYXl1KafGgHgcuhUHNecwBbHqpoSv6Bo6/t
bhUSAlTVt+jtBmzTvaj0yJkV9ADVUfEypus+c5GcX/Xcuj1qnzkSXh8uarVhFqVVgPHuO6tXzzUf49O4yxb3L3SvOA==
JI6Rcn9tMjjS2NE8i4llR9qVjmQcPReX3h5wo93qrJy8fFN/x5sv6OnwNDJaLaqBm0ShSpzqG98nH30sxfH4NllD/sZ5pF13aFntSrPFmZOJqLUY4cP5iWZQ9xxLCfi/j45+JjdXmfin7haDdJ8t769KqnL4nH4QMmOSrzPFWSUZEgjW0AqWMcsAUoLfbSFdLdIL8JfaC1iWmmLglamv2w==
gye8T2fCtLmW85978/4Hce9G837/Zok4M5eOMbM5DmC2n3mD1RfQOQ+axhnDtZmDuI8L3sfbYYM0McE1SyEObSmzbJBRTX5O5JgyNuaGBC0fSGieO2FYgEqvD6sW2YXfLCL8c0tJxtFqN2KjNMk8B8V5M+sqsS7gNTM/Sei44HETwv1NTqGvUXuiUAaOHaBBxwa5kpVWV9TmNmxRxHlax6+ULYozjkYdtcZxjFwxMuN/hxvd8wM/UD/mA9eIr8Q=
f+ySlqHeQDKks9V5LxZXJzdHmeJJCRN9gJC/WKEBzWWtMVHN04hfFR6K3zVUliMyNP52vfMkwv62+WFxtRb7bF/uqxTu/jLcPX2vNw==
0w+IyuuBBNuWL/9DjeSDrfCPIV6ptDoKvAqOEe3OGgGBGRxSSsSz3bMrSEgNBJChyxi9zoUBWv5VkHRJc4OhgqCGm1taeECETcPIYOZHt0LazMo3gfsB4LNOU9Dbzkp4ig5hU68d
FXnx37fkT1qOmtjdxECiQmlQ+nOiUBFXUVbMIWexH8Gx71zakYqF8Rp3FgYTxc2q7pfNS/3VUIgJYf0qYou6y92MY704Olmioyne5pvOLq1tJvncJLEKM/enQ63bw9dAh4YLZ1CvHA==
vb0LqweaFjX09Rb9HzDWxfPGpB74sXgirYq5CT4HUs6/pWEiagdpkyGVDFDtcfkijqvWAxk8BwXEuiUaR5marnfuQqVpNp2E+HFWa1M3xyV3I3sIQ3YvH2yvIA==
7F6/F+Hb8E0iH7AisVlSLTXpJ4MP5dkn5rx0KqmKvQEyF07W24WFGhY3pdtlVcgYoYFFWipLcpuFrIuNQDqhkssJBjbTjuZd1UZRTLwxkqMfBzsdEwOfEF9mIxdoryQ=
zrX4/kGqJsKckrtzCNRDKRzaCKY+1/g90bx0KqmKvQEyF07W24WFGhY3pdtlVcgYoYFFWipLcpuFrIuNQDqhkssJBjbTjuZd1UZRTLwxkqMfBzsdEwOfEF9mIxdoryQ=
JSjWQynID8zUiWOyyZ1VUMkDm2ZLk2oW/q4rCj+FuJ/EQkkVF478n89/h/WqvEspL474GyBPT+TBSYJ6Y1aBQczigd40ib9uu2feEXCHdS/RCQETjQRVbikTaq8m
AbK2l11B8ekPHvl0tVBPVI1ZJSxj31pC5NoHNLGFyF/ZbZxRNnLU8uc07CJbfE5jJ9jVpOneuaNHWm6+z9l7N/4oiaHuurVgQXpsS2mGlZD9JBzw14VQHlz5KYEEycxnFTmDS7oxXgBl8w9p+LjwUSMCra0+IT/xy+KAZn4dkGGXxslyBdbndDZ2nDHUeUon31R9KoMO1n1FhqGjbDFCAy9Hq31jg88w76Yz95iv1A==
GyDN7J+KYAVcUnKDCVDXsj0yKF+CEo71CFcZQd+q8mwyNevWMBJuaTljQq4Pp/u9WneTHuyeowNVgczHwQwj0bW7PKUPwjW2Chx8Fs1a4ScFWqBC8RgwnEZZ3JUtoARCQp4EbWXuXEs7rsSFXOBQh/Ejm8IE/Hnk3ntolPP08EEDTOw73p0tVxhepz/QuD21BpIa4R8t4qkqy6PhhYcsgUhsg2s5Zb44tl0VmkvBKJGpPc06NsqYfXbNod6P/lPmMRjQLqr9UrlM62kMm0ZVvoBxAx4Xj4pRpC8Zny2xdbNZXAm+hXver5I=
Mzn7viHVbKunz48HZdhcqB6xsbMxk8X0llc8/2MlUXl3fXP9THkp7egC7kp9dG9cOznVK8yPX5l6b5jR7tgLXY3RMOF3Xdar/t+yqPwGz7wwO+4Mtq/s98tPIVg2k7rLBI/R6HDTy7osRwHZZtcPaKngTplyxnRPyZsAZoJH2er2h6dzY4L3efxE23Xemh3/OEGNosM9GVuZcBUw0Xs5gbbIF3S7cfj3H9Zejodv2XD39nZrBGetJ7+SClrIJL4Y4vtyx8O9WW2JSih+YDLWuZsYMmqhlaGVPQqr2Kdiy1BGAoKIZdGvkw==
tqaCmbpUmB/FsOdpTFBhHi50e4CMDQdKIBEjEWTHTdwN+8YNj8eatjeE0YFmmsgs6z3UgwpVbYZuGTAXn2EVfCFSd/W5+3NNG+4kBTwgcIfR4zBH47wZ5P47yBSTtBBBY4xMu35dTVf4Hge/cPjdtWZS+mG/7cKpygvDYSXHDIFoLGPrWaWeOJaddRqrgQiRiX1tulYKeH1WDQFebz4z5tFYcK4KvbK5LCvJjDuGNb5gMWOet8+qUcRv+R+NcVWzeZxpPmU7/q+y
TPGJKgsAv8gd3fCuiWaI/Iaz72uldUfwtbBJ8foStx5ApPrEmjFPg88H3/DyLH65Y/MfM5DjojTcNLcs+v1HIbnf6b5VVrR2kddtEdNrYim4jAPSNR6nliHHVyVMkWed2ZZy6eod+K35lmTZy7wgNRn2lgIhHvUrh0fGrBTpJQm46Ab9SXxK5c/Nt0g3P7B2A5v6gG3JJEOFvLcXOb21Im1+FYHp18pqv4ov+3hxkyTGIOM1aYYrtD41MI1NAdOAMlTMHq4O3hma+Zf3GatF+HAQxKgmDweauvRVPwHzkdhTFuMYm4a6IKr2cduvlQ==
8rGzkqXstMh2+rbnwsHIUYaz72uldUfwtbBJ8foStx5ApPrEmjFPg88H3/DyLH65Y/MfM5DjojTbNrcs+v1HIbnf6L5VVrR2kddtEdNrYim4jAPSNR6nliHHVyVMkWed2ZZy6eod+K35lmTZy7wgNRn2lgIhHvUrh0fGrBTpJQm46Ab9SXxK5c/Nt0g3P7B2A5v6gG3JJEOFvLcXOb21Im1+FYHp18pqv4ov+3hxkyTGIOM1aYYrtD41MI1NAdOAMlTMHq4O3hma+Zf3GatF+HAQxKgmDweauvRVPwHzkdhTFuMYm4a6IKr2cduvlQ==
M4M76DU6rbELj5Sb3Mp2n4az72uldUfwtbBJ8foStx5ApPrEmjFPg88H3/DyLH65Y/MfM5DjojTcNLcs+v1HIbnf575VVrR2kddtEdNrYim4jAPSNR6nliHHVyVMkWed2ZZy6eod+K35lmTZy7wgNRn2lgIhHvUrh0fGrBTpJQm46Ab9SXxK5c/Nt0g3P7B2A5v6gG3JJEOFvLcXOb21Im1+FYHp18pqv4ov+3hxkyTGIOM1aYYrtD41MI1NAdOAMlTMHq4O3hma+Zf3GatF+HAQxKgmDweauvRVPwHzkdhTFuMYm4a6IKr2cduvlQ==
jIcWZYGr/oy9bnSe8OlDmoaz72uldUfwtbBJ8foStx5ApPrEmjFPg88H3/DyLH65Y/MfM5DjojTbNrcs+v1HIbnf5r5VVrR2kddtEdNrYim4jAPSNR6nliHHVyVMkWed2ZZy6eod+K35lmTZy7wgNRn2lgIhHvUrh0fGrBTpJQm46Ab9SXxK5c/Nt0g3P7B2A5v6gG3JJEOFvLcXOb21Im1+FYHp18pqv4ov+3hxkyTGIOM1aYYrtD41MI1NAdOAMlTMHq4O3hma+Zf3GatF+HAQxKgmDweauvRVPwHzkdhTFuMYm4a6IKr2cduvlQ==
KJg+Le1aDJOkIq+UGpdBZIaz72uldUfwtbBJ8foStx5ApPrEmjFPg88H3/DyLH65Y/MfM5DjojTcNLcs+v1HIbnf5b5VVrR2kddtEdNrYim4jAPSNR6nliHHVyVMkWed2ZZy6eod+K35lmTZy7wgNRn2lgIhHvUrh0fGrBTpJQm46Ab9SXxK5c/Nt0g3P7B2A5v6gG3JJEOFvLcXOb21Im1+FYHp18pqv4ov+3hxkyTGIOM1aYYrtD41MI1NAdOAMlTMHq4O3hma+Zf3GatF+HAQxKgmDweauvRVPwHzkdhTFuMYm4a6IKr2cduvlQ==
oAk9HVXESYUNrMQdsuKi8Yaz72uldUfwtbBJ8foStx5ApPrEmjFPg88H3/DyLH65Y/MfM5DjojTbNrcs+v1HIbnf5L5VVrR2kddtEdNrYim4jAPSNR6nliHHVyVMkWed2ZZy6eod+K35lmTZy7wgNRn2lgIhHvUrh0fGrBTpJQm46Ab9SXxK5c/Nt0g3P7B2A5v6gG3JJEOFvLcXOb21Im1+FYHp18pqv4ov+3hxkyTGIOM1aYYrtD41MI1NAdOAMlTMHq4O3hma+Zf3GatF+HAQxKgmDweauvRVPwHzkdhTFuMYm4a6IKr2cduvlQ==
I3byn+nAUmBHxF/vqLAes4az72uldUfwtbBJ8foStx5ApPrEmjFPg88H3/DyLH65Y/MfM5DjojTcNLcs+v1HIbnf475VVrR2kddtEdNrYim4jAPSNR6nliHHVyVMkWed2ZZy6eod+K35lmTZy7wgNRn2lgIhHvUrh0fGrBTpJQm46Ab9SXxK5c/Nt0g3P7B2A5v6gG3JJEOFvLcXOb21Im1+FYHp18pqv4ov+3hxkyTGIOM1aYYrtD41MI1NAdOAMlTMHq4O3hma+Zf3GatF+HAQxKgmDweauvRVPwHzkdhTFuMYm4a6IKr2cduvlQ==
5SzCc5PylewHQcyyWKdKmoaz72uldUfwtbBJ8foStx5ApPrEmjFPg88H3/DyLH65Y/MfM5DjojTbNrcs+v1HIbnf4r5VVrR2kddtEdNrYim4jAPSNR6nliHHVyVMkWed2ZZy6eod+K35lmTZy7wgNRn2lgIhHvUrh0fGrBTpJQm46Ab9SXxK5c/Nt0g3P7B2A5v6gG3JJEOFvLcXOb21Im1+FYHp18pqv4ov+3hxkyTGIOM1aYYrtD41MI1NAdOAMlTMHq4O3hma+Zf3GatF+HAQxKgmDweauvRVPwHzkdhTFuMYm4a6IKr2cduvlQ==
ExSyjtvv7BDa7kJC8RBLQYaz72uldUfwtbBJ8foStx5ApPrEmjFPg88H3/DyLH65Y/MfM5DjojTcNLcs+v1HIbnf4b5VVrR2kddtEdNrYim4jAPSNR6nliHHVyVMkWed2ZZy6eod+K35lmTZy7wgNRn2lgIhHvUrh0fGrBTpJQm46Ab9SXxK5c/Nt0g3P7B2A5v6gG3JJEOFvLcXOb21Im1+FYHp18pqv4ov+3hxkyTGIOM1aYYrtD41MI1NAdOAMlTMHq4O3hma+Zf3GatF+HAQxKgmDweauvRVPwHzkdhTFuMYm4a6IKr2cduvlQ==
fH1i4lII14AgkrAQfdDK+Yaz72uldUfwtbBJ8foStx5ApPrEmjFPg88H3/DyLH65Y/MfM5DjojTbNrcs+v1HIbnf4L5VVrR2kddtEdNrYim4jAPSNR6nliHHVyVMkWed2ZZy6eod+K35lmTZy7wgNRn2lgIhHvUrh0fGrBTpJQm46Ab9SXxK5c/Nt0g3P7B2A5v6gG3JJEOFvLcXOb21Im1+FYHp18pqv4ov+3hxkyTGIOM1aYYrtD41MI1NAdOAMlTMHq4O3hma+Zf3GatF+HAQxKgmDweauvRVPwHzkdhTFuMYm4a6IKr2cduvlQ==
xwE4akBRQtgnLm6SyAwkOIaz72uldUfwtbBJ8foStx5ApPrEmjFPg88H3/DyLH65Y/MfM5DjojTcNLcs+v1HIbnf6b9VVrR2kddtEdNrYim4jAPSNR6nliHHVyVMkWed2ZZy6eod+K35lmTZy7wgNRn2lgIhHvUrh0fGrBTpJQm46Ab9SXxK5c/Nt0g3P7B2A5v6gG3JJEOFvLcXOb21Im1+FYHp18pqv4ov+3hxkyTGIOM1aYYrtD41MI1NAdOAMlTMHq4O3hma+Zf3GatF+HAQxKgmDweauvRVPwHzkdhTFuMYm4a6IKr2cduvlQ==
XwgwuKXs1pH6VBjOmhn5W4az72uldUfwtbBJ8foStx5ApPrEmjFPg88H3/DyLH65Y/MfM5DjojTbNrcs+v1HIbnf6L9VVrR2kddtEdNrYim4jAPSNR6nliHHVyVMkWed2ZZy6eod+K35lmTZy7wgNRn2lgIhHvUrh0fGrBTpJQm46Ab9SXxK5c/Nt0g3P7B2A5v6gG3JJEOFvLcXOb21Im1+FYHp18pqv4ov+3hxkyTGIOM1aYYrtD41MI1NAdOAMlTMHq4O3hma+Zf3GatF+HAQxKgmDweauvRVPwHzkdhTFuMYm4a6IKr2cduvlQ==
b3x2nSQ+NKk60GlJssIbjoaz72uldUfwtbBJ8foStx5ApPrEmjFPg88H3/DyLH65Y/MfM5DjojTcNLcs+v1HIbnf579VVrR2kddtEdNrYim4jAPSNR6nliHHVyVMkWed2ZZy6eod+K35lmTZy7wgNRn2lgIhHvUrh0fGrBTpJQm46Ab9SXxK5c/Nt0g3P7B2A5v6gG3JJEOFvLcXOb21Im1+FYHp18pqv4ov+3hxkyTGIOM1aYYrtD41MI1NAdOAMlTMHq4O3hma+Zf3GatF+HAQxKgmDweauvRVPwHzkdhTFuMYm4a6IKr2cduvlQ==
ICacaxe7T5pUzYJzR3ncfYaz72uldUfwtbBJ8foStx5ApPrEmjFPg88H3/DyLH65Y/MfM5DjojTbNrcs+v1HIbnf5r9VVrR2kddtEdNrYim4jAPSNR6nliHHVyVMkWed2ZZy6eod+K35lmTZy7wgNRn2lgIhHvUrh0fGrBTpJQm46Ab9SXxK5c/Nt0g3P7B2A5v6gG3JJEOFvLcXOb21Im1+FYHp18pqv4ov+3hxkyTGIOM1aYYrtD41MI1NAdOAMlTMHq4O3hma+Zf3GatF+HAQxKgmDweauvRVPwHzkdhTFuMYm4a6IKr2cduvlQ==
+RUpYIO5DYoyHEZd5s92qZIUQepHrc1fW6mqvhHsTW0V10Qz6Me1J5xkA0QQJp5BLPGxDnSIrNO7/tg6INYeBK6IsnmPDcb7p+XsBfE1t8lrRoPyFmW56zUUgX6XI9vbf7nZ6NzmVJAXAbxNkUvPyYx9f5HpuiqlipFgAUlavDXLUPj5qVsagV9SrQ62S95A1AW9hQhEXrEpcFLJ/wFvpLfTaLozt+KMDYV87zUwL/v5Ua0uXVJNzYlbUsYPRvcXeJ1L6HaMe7kJynOYDjkoYY3tSwyC+JRSzgLGNao1TxuZR500QDzcpEZDXzYKeM3TwR+J1GM6u1T7CiKMGjqpN695
3QbHsZxaQgWOEXuvA/vnlYaz72uldUfwtbBJ8foStx5ApPrEmjFPg88H3/DyLH65Y/MfM5DjojTbNrcs+v1HIbnf5b9VVrR2kddtEdNrYim4jAPSNR6nliHHVyVMkWed2ZZy6eod+K35lmTZy7wgNRn2lgIhHvUrh0fGrBTpJQm46Ab9SXxK5c/Nt0g3P7B2A5v6gG3JJEOFvLcXOb21Im1+FYHp18pqv4ov+3hxkyTGIOM1aYYrtD41MI1NAdOAMlTMHq4O3hma+Zf3GatF+HAQxKgmDweauvRVPwHzkdhTFuMYm4a6IKr2cduvlQ==
R51vtjc+CA7NuU/Q0/yeU35x2AdY1YmoInzBn8SUzyHTyl2mA1jxjZ6m0/YDoQXrvqXr0T/B6ScWYSVK9g3odbEvTanPRzf20FmUcY9Hqmdjs1I91/jzSpt/ePYKzeZ5SjzcrV4dX8S+krhaNgUH2kZLIZqm7W4kqldLR+lKhgjjRIQPKlwBEMpReUje0zypdxdC6kXXYjxHJbx26CldWbiJMD+h6ffjFlGyqDEDW9EkuCzpd/L5BdJBk1m/MjQ+gl0sueMWfRrpdkucYsZISQj5Ft+L5KlCL666lfHWVfvQ8T7bmxdf1c9jo5g71udPxK+I
J4gQ5A+KBhVsNxSvUUpZXZIUQepHrc1fW6mqvhHsTW0V10Qz6Me1J5xkA0QQJp5BLPGxDnSIrNO7/tg6INYeBK6IsnmPDcb7p+XsBfE1t8lrRoPyFmW56zUUgX6XI9vbf7nZ6NzmVJAXAbxNkUvPyYx9f5HpuiqlipFgAUlavDXLUPj5qVsagV9SrQ62S95A1AW9hQhEXrEpcFLJ/wFvpLfTaLozt+KMDYV87zUwL/v5Ua0uXVJNzYlbUsYPRvcXeJ1L6HaMe7kJynOYDjkoYY3tSwyC+JRSzgLGNao1TxuZR500QDzcpEZDXzYKeMzTwR+J1GM6u1T7CiKMGjqpN695
dOp+8WBjoFM7qfWZm4dDKH5x2AdY1YmoInzBn8SUzyHTyl2mA1jxjZ6m0/YDoQXrvqXr0T/B6ScWYSVK9g3odbEvTanPRzf20FmUcY9Hqmdjs1I91/jzSpt/ePYKzeZ5SjzcrV4dX8S+krhaNgUH2kZLIZqm7W4kqldLR+lKhgjjRIQPKlwBEMpReUje0zypdxdC6kXXYjxHJbx26CldWbiJMD+h6ffjFlGyqDEDW9EkuCzpd/L5BdJBk1m/MjQ+gl0sueMWfRrpdkucYsZISQj5Ft+L5KlCL666lfHWVfrQ8T7bmxdf1c9jo5g71udPxK+I
J4gQ5A+KBhVsNxSvUUpZXZIUQepHrc1fW6mqvhHsTW0V10Qz6Me1J5xkA0QQJp5BLPGxDnSIrNO7/tg6INYeBK6IsnmPDcb7p+XsBfE1t8lrRoPyFmW56zUUgX6XI9vbf7nZ6NzmVJAXAbxNkUvPyYx9f5HpuiqlipFgAUlavDXLUPj5qVsagV9SrQ62S95A1AW9hQhEXrEpcFLJ/wFvpLfTaLozt+KMDYV87zUwL/v5Ua0uXVJNzYlbUsYPRvcXeJ1L6HaMe7kJynOYDjkoYY3tSwyC+JRSzgLGNao1TxuZR500QDzcpEZDXzYKeMzTwR+J1GM6u1T7CiKMGjqpN695
dOp+8WBjoFM7qfWZm4dDKH5x2AdY1YmoInzBn8SUzyHTyl2mA1jxjZ6m0/YDoQXrvqXr0T/B6ScWYSVK9g3odbEvTanPRzf20FmUcY9Hqmdjs1I91/jzSpt/ePYKzeZ5SjzcrV4dX8S+krhaNgUH2kZLIZqm7W4kqldLR+lKhgjjRIQPKlwBEMpReUje0zypdxdC6kXXYjxHJbx26CldWbiJMD+h6ffjFlGyqDEDW9EkuCzpd/L5BdJBk1m/MjQ+gl0sueMWfRrpdkucYsZISQj5Ft+L5KlCL666lfHWVfrQ8T7bmxdf1c9jo5g71udPxK+I
J4gQ5A+KBhVsNxSvUUpZXZIUQepHrc1fW6mqvhHsTW0V10Qz6Me1J5xkA0QQJp5BLPGxDnSIrNO7/tg6INYeBK6IsnmPDcb7p+XsBfE1t8lrRoPyFmW56zUUgX6XI9vbf7nZ6NzmVJAXAbxNkUvPyYx9f5HpuiqlipFgAUlavDXLUPj5qVsagV9SrQ62S95A1AW9hQhEXrEpcFLJ/wFvpLfTaLozt+KMDYV87zUwL/v5Ua0uXVJNzYlbUsYPRvcXeJ1L6HaMe7kJynOYDjkoYY3tSwyC+JRSzgLGNao1TxuZR500QDzcpEZDXzYKeMzTwR+J1GM6u1T7CiKMGjqpN695
dOp+8WBjoFM7qfWZm4dDKH5x2AdY1YmoInzBn8SUzyHTyl2mA1jxjZ6m0/YDoQXrvqXr0T/B6ScWYSVK9g3odbEvTanPRzf20FmUcY9Hqmdjs1I91/jzSpt/ePYKzeZ5SjzcrV4dX8S+krhaNgUH2kZLIZqm7W4kqldLR+lKhgjjRIQPKlwBEMpReUje0zypdxdC6kXXYjxHJbx26CldWbiJMD+h6ffjFlGyqDEDW9EkuCzpd/L5BdJBk1m/MjQ+gl0sueMWfRrpdkucYsZISQj5Ft+L5KlCL666lfHWVfrQ8T7bmxdf1c9jo5g71udPxK+I
J4gQ5A+KBhVsNxSvUUpZXZIUQepHrc1fW6mqvhHsTW0V10Qz6Me1J5xkA0QQJp5BLPGxDnSIrNO7/tg6INYeBK6IsnmPDcb7p+XsBfE1t8lrRoPyFmW56zUUgX6XI9vbf7nZ6NzmVJAXAbxNkUvPyYx9f5HpuiqlipFgAUlavDXLUPj5qVsagV9SrQ62S95A1AW9hQhEXrEpcFLJ/wFvpLfTaLozt+KMDYV87zUwL/v5Ua0uXVJNzYlbUsYPRvcXeJ1L6HaMe7kJynOYDjkoYY3tSwyC+JRSzgLGNao1TxuZR500QDzcpEZDXzYKeMzTwR+J1GM6u1T7CiKMGjqpN695
dOp+8WBjoFM7qfWZm4dDKH5x2AdY1YmoInzBn8SUzyHTyl2mA1jxjZ6m0/YDoQXrvqXr0T/B6ScWYSVK9g3odbEvTanPRzf20FmUcY9Hqmdjs1I91/jzSpt/ePYKzeZ5SjzcrV4dX8S+krhaNgUH2kZLIZqm7W4kqldLR+lKhgjjRIQPKlwBEMpReUje0zypdxdC6kXXYjxHJbx26CldWbiJMD+h6ffjFlGyqDEDW9EkuCzpd/L5BdJBk1m/MjQ+gl0sueMWfRrpdkucYsZISQj5Ft+L5KlCL666lfHWVfrQ8T7bmxdf1c9jo5g71udPxK+I
J4gQ5A+KBhVsNxSvUUpZXZIUQepHrc1fW6mqvhHsTW0V10Qz6Me1J5xkA0QQJp5BLPGxDnSIrNO7/tg6INYeBK6IsnmPDcb7p+XsBfE1t8lrRoPyFmW56zUUgX6XI9vbf7nZ6NzmVJAXAbxNkUvPyYx9f5HpuiqlipFgAUlavDXLUPj5qVsagV9SrQ62S95A1AW9hQhEXrEpcFLJ/wFvpLfTaLozt+KMDYV87zUwL/v5Ua0uXVJNzYlbUsYPRvcXeJ1L6HaMe7kJynOYDjkoYY3tSwyC+JRSzgLGNao1TxuZR500QDzcpEZDXzYKeMzTwR+J1GM6u1T7CiKMGjqpN695
dOp+8WBjoFM7qfWZm4dDKH5x2AdY1YmoInzBn8SUzyHTyl2mA1jxjZ6m0/YDoQXrvqXr0T/B6ScWYSVK9g3odbEvTanPRzf20FmUcY9Hqmdjs1I91/jzSpt/ePYKzeZ5SjzcrV4dX8S+krhaNgUH2kZLIZqm7W4kqldLR+lKhgjjRIQPKlwBEMpReUje0zypdxdC6kXXYjxHJbx26CldWbiJMD+h6ffjFlGyqDEDW9EkuCzpd/L5BdJBk1m/MjQ+gl0sueMWfRrpdkucYsZISQj5Ft+L5KlCL666lfHWVfrQ8T7bmxdf1c9jo5g71udPxK+I
J4gQ5A+KBhVsNxSvUUpZXZIUQepHrc1fW6mqvhHsTW0V10Qz6Me1J5xkA0QQJp5BLPGxDnSIrNO7/tg6INYeBK6IsnmPDcb7p+XsBfE1t8lrRoPyFmW56zUUgX6XI9vbf7nZ6NzmVJAXAbxNkUvPyYx9f5HpuiqlipFgAUlavDXLUPj5qVsagV9SrQ62S95A1AW9hQhEXrEpcFLJ/wFvpLfTaLozt+KMDYV87zUwL/v5Ua0uXVJNzYlbUsYPRvcXeJ1L6HaMe7kJynOYDjkoYY3tSwyC+JRSzgLGNao1TxuZR500QDzcpEZDXzYKeMzTwR+J1GM6u1T7CiKMGjqpN695
dOp+8WBjoFM7qfWZm4dDKH5x2AdY1YmoInzBn8SUzyHTyl2mA1jxjZ6m0/YDoQXrvqXr0T/B6ScWYSVK9g3odbEvTanPRzf20FmUcY9Hqmdjs1I91/jzSpt/ePYKzeZ5SjzcrV4dX8S+krhaNgUH2kZLIZqm7W4kqldLR+lKhgjjRIQPKlwBEMpReUje0zypdxdC6kXXYjxHJbx26CldWbiJMD+h6ffjFlGyqDEDW9EkuCzpd/L5BdJBk1m/MjQ+gl0sueMWfRrpdkucYsZISQj5Ft+L5KlCL666lfHWVfrQ8T7bmxdf1c9jo5g71udPxK+I
dOp+8WBjoFM7qfWZm4dDKH5x2AdY1YmoInzBn8SUzyHTyl2mA1jxjZ6m0/YDoQXrvqXr0T/B6ScWYSVK9g3odbEvTanPRzf20FmUcY9Hqmdjs1I91/jzSpt/ePYKzeZ5SjzcrV4dX8S+krhaNgUH2kZLIZqm7W4kqldLR+lKhgjjRIQPKlwBEMpReUje0zypdxdC6kXXYjxHJbx26CldWbiJMD+h6ffjFlGyqDEDW9EkuCzpd/L5BdJBk1m/MjQ+gl0sueMWfRrpdkucYsZISQj5Ft+L5KlCL666lfHWVfrQ8T7bmxdf1c9jo5g71udPxK+I
neFYCzSbhJDM2v48Kv+ZGbxvcTwbbTMJJZBETd672F4JI7Z6aLjZ5UaSKR5cmbdOQz1ikQJVTU/ZGSnT5bTdDvEjcq8+
4bhenP92XUJJVlfxYHMFYNGm2ZWQpV2KzkhFrrV5nNeMyQt2W+Ey5EaD33YKuEeXwdULlGP6OxT7yqLMGvopd685
xPJGQGq6jRwHH5ySS7MpAlfdnnpul4RU+OeacarC4VOETvYNU/SCLtMNYYvXxru8/14rpE6u8ozdDa9H
eDhLX8XUlghBdS4slyhIDqr2Cve4nUup3QF9VxNGBT5wkbNeZ+U+UV6NKd9dkUUziXyZ/pXbDq9C
LOBvQ8/wYg6JEhh8xKXTcUUPYaPd1bDIaeVfZEKL2gt9DMN9WDq54gOpfqZ7zg5tzaYZEkCxIHFXJyNtO8P3gOcG6ydwrzw=
1eft4sdLmsVq8Dlq7QOajbX8rfSWZVDxZAJEtDM55JJiPibJza/342zFu/eD09NFyZlZdwEE5Wz5/xlNztyHSHMV+JvH4u6S76u5/M+ipheMQ22Lp2Z6hmAgHlQab2J7i1nZgdH+GOKIdja1I8xilqg14bOnfluEj+brnD4WErStta//
xlgoUX4/0N5dFhPPCS29+MkDm2ZLk2oW/q4rCj+FuJ/EQkkVF478n89/h/WqvEstLYD4GyBPT+TBSYJ6Y1aBQczigd40ib9uu2baEXqFdS/RCQETjQRVbikTaq8m
C1wh2TYPneu3xDuDnWjisxzaCKY+1/g90bx0KqmKvQEyF07W24WFGhY3pdtlVcgYoYVHVCpLcpuFrIuNQDqhkssJBjbTjuZd1UZRQrgxmKEfBzsdEwOfEF9mIxdoryQ=
cq+aBQm5WsDbtc7yz4zdODXpJ4MP5dkn5rx0KqmKvQEyF07W24WFGhY3pdtlVcgYoYVHVCpLcpuFrIuNQDqhkssJBjbTjuZd1UZRQrgxmKEfBzsdEwOfEF9mIxdoryQ=
VSaMLI0mzYASUXgOvq83FvPGpB74sXgirYq5CT4HUs6/pWEiagdpkyGVDFDtdfssjqvWAxk8BwXEuiUaR5marnfuQqVpNp2K/HFcaVM3xyV3I3sIQ3YvH2yvIA==
DWlZt1VBPwHTfJB20tw8FmlQ+nOiUBFXUVbMIWexH8Gx71zakYqF8Rp3FgYTxc2q7pfNS/3VUIgJZf8kYou6y92MY704Olmioyne5pvOLq1tJvnSILEAMfenQ63bw9dAh4YLZ1CvHA==
3Yf80L4jPGqe9E+H8et66fCPIV6ptDoKvAqOEe3OGgGBGRxSSsSz3bMrSEgNBJChyxi9zoUBWv5RknpJc4OhgqCGm1taeECETcPIYOZHt0LazMQzgfED4LNOU9Dbzkp4ig5hU68d
NdlvKajbwALkf78w6grZzcLF+4FWTZC1LVMqZWAW9RSvG2IaX1VwKW+d873ET5PVRMJFHIUp2jgv/EOGcB9U88Y6shN2aSAfaMf2ab7jj1E5v5ghXDQfO9UNSjhCNfnK15k8MR0FcYoa4gy9YiXNLvMGJwalwMz+BtVmOXjDxVyHHsHedAn/bvvmmhE6BTUvkYnBE02ElW7pk6qv5g==
+yRsU1ZvCgxcxXVErGnth2QzkgzGpN3m+/+XeEcm1pvJg0goe+3CEeGE+lLAaw7e0KfTTC52AuM7gd5WdHtWqtJu9i2TlAKOmO1ha5dmO9w/fiuEDk5yLB1tryc=
DXDakB7KoJBOkyuBrXtlrMbIGDLLbcVppM2WXolF+i2DGp8+5hE=
/3+XHCdiXl81XRHnYybueepLIDvQTl3rgCwy2AsQI2xJ9BFaeALhv0fJzSkCPSrQItKsdCPP44FcaC46WUMYEmIPLU4nVBweqATY/h8q1o1iaiAqYT4QPjTUFw4nSS3QLgHyjxWUGPNIceJABxLFty8KalogiPXnBhUL5ko=
