2024.05.23 23:08:55 INFO  Started: Metals version 1.3.1 in folders '/home/ione/Documents/University/Year_3/Functional_Programming/Homeworks/hw1-functions-as-sets/HW1-Functions-as-sets' for client Visual Studio Code 1.89.1.[0m
SLF4J(W): Class path contains multiple SLF4J providers.
SLF4J(W): Found provider [scribe.slf4j.ScribeServiceProvider@43bf61c8]
SLF4J(W): Found provider [ch.qos.logback.classic.spi.LogbackServiceProvider@59148400]
SLF4J(W): See https://www.slf4j.org/codes.html#multiple_bindings for an explanation.
SLF4J(I): Actual provider is of type [scribe.slf4j.ScribeServiceProvider@43bf61c8]
2024.05.23 23:08:55 WARN  Flyway upgrade recommended: H2 2.2.224 is newer than this version of Flyway and support has not been tested. The latest supported version of H2 is 2.2.220.[0m
2024.05.23 23:08:56 INFO  no build target found for /home/ione/Documents/University/Year_3/Functional_Programming/Homeworks/hw1-functions-as-sets/HW1-Functions-as-sets/build.sbt. Using presentation compiler with project's scala-library version: 3.3.3[0m
May 23, 2024 11:08:56 PM org.eclipse.lsp4j.jsonrpc.RemoteEndpoint handleCancellation
WARNING: Unmatched cancel notification for request id 6
May 23, 2024 11:08:56 PM org.eclipse.lsp4j.jsonrpc.RemoteEndpoint handleCancellation
WARNING: Unmatched cancel notification for request id 4
May 23, 2024 11:08:56 PM org.eclipse.lsp4j.jsonrpc.RemoteEndpoint handleCancellation
WARNING: Unmatched cancel notification for request id 9
May 23, 2024 11:08:57 PM org.eclipse.lsp4j.jsonrpc.RemoteEndpoint handleCancellation
WARNING: Unmatched cancel notification for request id 13
May 23, 2024 11:08:57 PM org.eclipse.lsp4j.jsonrpc.RemoteEndpoint handleCancellation
WARNING: Unmatched cancel notification for request id 14
2024.05.23 23:08:59 INFO  no build target found for /home/ione/Documents/University/Year_3/Functional_Programming/Homeworks/hw1-functions-as-sets/HW1-Functions-as-sets/build.sbt. Using presentation compiler with project's scala-library version: 3.3.3[0m
2024.05.23 23:09:00 INFO  running '/usr/bin/sbt -Dbloop.export-jar-classifiers=sources bloopInstall'[0m
2024.05.23 23:09:00 INFO  copying runtime jar...[0m
2024.05.23 23:09:00 WARN  no build target for: /home/ione/Documents/University/Year_3/Functional_Programming/Homeworks/hw1-functions-as-sets/HW1-Functions-as-sets/project/metals.sbt[0m
2024.05.23 23:09:00 INFO  no build target found for /home/ione/Documents/University/Year_3/Functional_Programming/Homeworks/hw1-functions-as-sets/HW1-Functions-as-sets/project/metals.sbt. Using presentation compiler with project's scala-library version: 3.3.3[0m
2024.05.23 23:09:00 INFO  no build target found for /home/ione/Documents/University/Year_3/Functional_Programming/Homeworks/hw1-functions-as-sets/HW1-Functions-as-sets/build.sbt. Using presentation compiler with project's scala-library version: 3.3.3[0m
May 23, 2024 11:09:02 PM org.eclipse.lsp4j.jsonrpc.services.GenericEndpoint notify
INFO: Unsupported notification method: $/setTrace
2024.05.23 23:09:04 INFO  [info] welcome to sbt 1.8.2 (Oracle Corporation Java 17)[0m
2024.05.23 23:09:06 INFO  [info] loading settings for project hw1-functions-as-sets-build-build from metals.sbt ...[0m
2024.05.23 23:09:06 INFO  [info] loading project definition from /home/ione/Documents/University/Year_3/Functional_Programming/Homeworks/hw1-functions-as-sets/HW1-Functions-as-sets/project/project[0m
2024.05.23 23:09:08 INFO  [info] loading settings for project hw1-functions-as-sets-build from metals.sbt ...[0m
2024.05.23 23:09:08 INFO  [info] loading project definition from /home/ione/Documents/University/Year_3/Functional_Programming/Homeworks/hw1-functions-as-sets/HW1-Functions-as-sets/project[0m
2024.05.23 23:09:11 INFO  [success] Generated .bloop/hw1-functions-as-sets-build.json[0m
2024.05.23 23:09:11 INFO  [success] Total time: 3 s, completed May 23, 2024, 11:09:11 PM[0m
2024.05.23 23:09:12 INFO  [info] loading settings for project root from build.sbt ...[0m
2024.05.23 23:09:12 INFO  [info] set current project to Homework-1-Functions-as-sets (in build file:/home/ione/Documents/University/Year_3/Functional_Programming/Homeworks/hw1-functions-as-sets/HW1-Functions-as-sets/)[0m
2024.05.23 23:09:13 INFO  [warn] scala-library-2.13.10-sources.jar no longer exists at /Users/mateipopovici/Library/Caches/Coursier/v1/https/repo1.maven.org/maven2/org/scala-lang/scala-library/2.13.10/scala-library-2.13.10-sources.jar[0m
2024.05.23 23:09:13 INFO  [success] Generated .bloop/root.json[0m
2024.05.23 23:09:13 INFO  [success] Generated .bloop/root-test.json[0m
2024.05.23 23:09:13 INFO  [success] Total time: 1 s, completed May 23, 2024, 11:09:13 PM[0m
2024.05.23 23:09:13 INFO  time: ran 'sbt bloopInstall' in 13s[0m
2024.05.23 23:09:13 INFO  Attempting to connect to the build server...[0m
2024.05.23 23:09:15 INFO  tracing is disabled for protocol BSP, to enable tracing of incoming and outgoing JSON messages create an empty file at /home/ione/Documents/University/Year_3/Functional_Programming/Homeworks/hw1-functions-as-sets/HW1-Functions-as-sets/.metals/bsp.trace.json or /home/ione/.cache/metals/bsp.trace.json[0m
2024.05.23 23:09:16 INFO  Attempting to connect to the build server...[0m
2024.05.23 23:09:16 INFO  tracing is disabled for protocol BSP, to enable tracing of incoming and outgoing JSON messages create an empty file at /home/ione/Documents/University/Year_3/Functional_Programming/Homeworks/hw1-functions-as-sets/HW1-Functions-as-sets/project/.metals/bsp.trace.json or /home/ione/.cache/metals/bsp.trace.json[0m
2024.05.23 23:09:16 INFO  time: Connected to build server in 3.75s[0m
2024.05.23 23:09:16 INFO  Connected to Build server: Bloop v1.5.17[0m
2024.05.23 23:09:23 INFO  time: indexed workspace in 5.28s[0m
2024.05.23 23:09:24 INFO  time: code lens generation in 1.42s[0m
2024.05.23 23:09:24 INFO  time: code lens generation in 1.42s[0m
2024.05.23 23:09:24 INFO  time: code lens generation in 1.42s[0m
2024.05.23 23:09:24 INFO  time: code lens generation in 1.42s[0m
2024.05.23 23:09:24 INFO  time: code lens generation in 1.42s[0m
2024.05.23 23:09:57 INFO  no build target found for /home/ione/Documents/University/Year_3/Functional_Programming/Homeworks/hw1-functions-as-sets/HW1-Functions-as-sets/project/metals.sbt. Using presentation compiler with project's scala-library version: 2.13.10[0m
2024.05.23 23:09:57 INFO  no build target found for /home/ione/Documents/University/Year_3/Functional_Programming/Homeworks/hw1-functions-as-sets/HW1-Functions-as-sets/project/metals.sbt. Using presentation compiler with project's scala-library version: 2.13.10[0m
May 23, 2024 11:09:58 PM scala.meta.internal.pc.CompilerAccess retryWithCleanCompiler
INFO: compiler crashed due to an error in the Scala compiler, retrying with new compiler instance.
May 23, 2024 11:09:58 PM scala.meta.internal.pc.CompilerAccess handleError
SEVERE: A severe compiler error occurred, full details of the error can be found in the error report /home/ione/Documents/University/Year_3/Functional_Programming/Homeworks/hw1-functions-as-sets/HW1-Functions-as-sets/.metals/.reports/metals-full/2024-05-23/r_compiler-error_23-09-58-140.md
2024.05.23 23:09:57 INFO  no build target found for /home/ione/Documents/University/Year_3/Functional_Programming/Homeworks/hw1-functions-as-sets/HW1-Functions-as-sets/project/metals.sbt. Using presentation compiler with project's scala-library version: 2.13.10[0m
May 23, 2024 11:09:58 PM scala.meta.internal.pc.CompilerAccess retryWithCleanCompiler
INFO: compiler crashed due to an error in the Scala compiler, retrying with new compiler instance.
May 23, 2024 11:09:58 PM scala.meta.internal.pc.CompilerAccess handleError
SEVERE: A severe compiler error occurred, full details of the error can be found in the error report /home/ione/Documents/University/Year_3/Functional_Programming/Homeworks/hw1-functions-as-sets/HW1-Functions-as-sets/.metals/.reports/metals-full/2024-05-23/r_compiler-error_23-09-58-197.md
2024.05.23 23:09:58 WARN  Could not find semantic tokens for: file:///home/ione/Documents/University/Year_3/Functional_Programming/Homeworks/hw1-functions-as-sets/HW1-Functions-as-sets/project/metals.sbt[0m
May 23, 2024 11:09:58 PM scala.meta.internal.pc.CompilerAccess retryWithCleanCompiler
INFO: compiler crashed due to an error in the Scala compiler, retrying with new compiler instance.
May 23, 2024 11:09:58 PM scala.meta.internal.pc.CompilerAccess handleError
SEVERE: A severe compiler error occurred, full details of the error can be found in the error report /home/ione/Documents/University/Year_3/Functional_Programming/Homeworks/hw1-functions-as-sets/HW1-Functions-as-sets/.metals/.reports/metals-full/2024-05-23/r_compiler-error_23-09-58-236.md
2024.05.23 23:10:07 INFO  no build target found for /home/ione/Documents/University/Year_3/Functional_Programming/Homeworks/hw1-functions-as-sets/HW1-Functions-as-sets/project/metals.sbt. Using presentation compiler with project's scala-library version: 2.13.10[0m
May 23, 2024 11:10:07 PM scala.meta.internal.pc.CompilerAccess retryWithCleanCompiler
INFO: compiler crashed due to an error in the Scala compiler, retrying with new compiler instance.
May 23, 2024 11:10:07 PM scala.meta.internal.pc.CompilerAccess handleError
SEVERE: A severe compiler error occurred, full details of the error can be found in the error report /home/ione/Documents/University/Year_3/Functional_Programming/Homeworks/hw1-functions-as-sets/HW1-Functions-as-sets/.metals/.reports/metals-full/2024-05-23/r_compiler-error_23-10-07-064.md
2024.05.23 23:10:40 INFO  no build target found for /home/ione/Documents/University/Year_3/Functional_Programming/Homeworks/hw1-functions-as-sets/HW1-Functions-as-sets/project/metals.sbt. Using presentation compiler with project's scala-library version: 2.13.10[0m
May 23, 2024 11:10:40 PM scala.meta.internal.pc.CompilerAccess retryWithCleanCompiler
INFO: compiler crashed due to an error in the Scala compiler, retrying with new compiler instance.
May 23, 2024 11:10:40 PM scala.meta.internal.pc.CompilerAccess handleError
SEVERE: A severe compiler error occurred, full details of the error can be found in the error report /home/ione/Documents/University/Year_3/Functional_Programming/Homeworks/hw1-functions-as-sets/HW1-Functions-as-sets/.metals/.reports/metals-full/2024-05-23/r_compiler-error_23-10-40-615.md
2024.05.23 23:10:45 INFO  Disconnecting from Bloop session...[0m
2024.05.23 23:10:45 INFO  Shut down connection with build server.[0m
2024.05.23 23:10:45 INFO  Shut down connection with build server.[0m
2024.05.23 23:10:45 INFO  Attempting to connect to the build server...[0m
2024.05.23 23:10:45 INFO  tracing is disabled for protocol BSP, to enable tracing of incoming and outgoing JSON messages create an empty file at /home/ione/Documents/University/Year_3/Functional_Programming/Homeworks/hw1-functions-as-sets/HW1-Functions-as-sets/.metals/bsp.trace.json or /home/ione/.cache/metals/bsp.trace.json[0m
2024.05.23 23:10:45 INFO  Attempting to connect to the build server...[0m
2024.05.23 23:10:45 INFO  tracing is disabled for protocol BSP, to enable tracing of incoming and outgoing JSON messages create an empty file at /home/ione/Documents/University/Year_3/Functional_Programming/Homeworks/hw1-functions-as-sets/HW1-Functions-as-sets/project/.metals/bsp.trace.json or /home/ione/.cache/metals/bsp.trace.json[0m
2024.05.23 23:10:45 INFO  time: Connected to build server in 38ms[0m
2024.05.23 23:10:45 INFO  Connected to Build server: Bloop v1.5.17[0m
2024.05.23 23:10:47 INFO  time: indexed workspace in 1.49s[0m
2024.05.23 23:10:47 WARN  no build target for: /home/ione/Documents/University/Year_3/Functional_Programming/Homeworks/hw1-functions-as-sets/HW1-Functions-as-sets/project/metals.sbt[0m
2024.05.23 23:10:47 INFO  no build target found for /home/ione/Documents/University/Year_3/Functional_Programming/Homeworks/hw1-functions-as-sets/HW1-Functions-as-sets/project/metals.sbt. Using presentation compiler with project's scala-library version: 2.13.10[0m
May 23, 2024 11:10:47 PM scala.meta.internal.pc.CompilerAccess retryWithCleanCompiler
INFO: compiler crashed due to an error in the Scala compiler, retrying with new compiler instance.
May 23, 2024 11:10:47 PM scala.meta.internal.pc.CompilerAccess handleError
SEVERE: A severe compiler error occurred, full details of the error can be found in the error report /home/ione/Documents/University/Year_3/Functional_Programming/Homeworks/hw1-functions-as-sets/HW1-Functions-as-sets/.metals/.reports/metals-full/2024-05-23/r_compiler-error_23-10-47-590.md
2024.05.23 23:10:47 WARN  Could not find semantic tokens for: file:///home/ione/Documents/University/Year_3/Functional_Programming/Homeworks/hw1-functions-as-sets/HW1-Functions-as-sets/project/metals.sbt[0m
2024.05.23 23:10:47 INFO  no build target found for /home/ione/Documents/University/Year_3/Functional_Programming/Homeworks/hw1-functions-as-sets/HW1-Functions-as-sets/project/metals.sbt. Using presentation compiler with project's scala-library version: 2.13.10[0m
May 23, 2024 11:10:47 PM scala.meta.internal.pc.CompilerAccess retryWithCleanCompiler
INFO: compiler crashed due to an error in the Scala compiler, retrying with new compiler instance.
May 23, 2024 11:10:47 PM scala.meta.internal.pc.CompilerAccess handleError
SEVERE: A severe compiler error occurred, full details of the error can be found in the error report /home/ione/Documents/University/Year_3/Functional_Programming/Homeworks/hw1-functions-as-sets/HW1-Functions-as-sets/.metals/.reports/metals-full/2024-05-23/r_compiler-error_23-10-47-724.md
2024.05.23 23:10:50 INFO  no build target found for /home/ione/Documents/University/Year_3/Functional_Programming/Homeworks/hw1-functions-as-sets/HW1-Functions-as-sets/project/metals.sbt. Using presentation compiler with project's scala-library version: 2.13.10[0m
May 23, 2024 11:10:50 PM scala.meta.internal.pc.CompilerAccess retryWithCleanCompiler
INFO: compiler crashed due to an error in the Scala compiler, retrying with new compiler instance.
May 23, 2024 11:10:50 PM scala.meta.internal.pc.CompilerAccess handleError
SEVERE: A severe compiler error occurred, full details of the error can be found in the error report /home/ione/Documents/University/Year_3/Functional_Programming/Homeworks/hw1-functions-as-sets/HW1-Functions-as-sets/.metals/.reports/metals-full/2024-05-23/r_compiler-error_23-10-50-987.md
2024.05.23 23:10:54 INFO  Disconnecting from Bloop session...[0m
2024.05.23 23:10:54 INFO  Shut down connection with build server.[0m
2024.05.23 23:10:54 INFO  Shut down connection with build server.[0m
2024.05.23 23:10:54 INFO  Deleted directories inside .bloop[0m
2024.05.23 23:10:54 INFO  Attempting to connect to the build server...[0m
2024.05.23 23:10:54 INFO  no build target found for /home/ione/Documents/University/Year_3/Functional_Programming/Homeworks/hw1-functions-as-sets/HW1-Functions-as-sets/project/metals.sbt. Using presentation compiler with project's scala-library version: 2.13.10[0m
May 23, 2024 11:10:55 PM scala.meta.internal.pc.CompilerAccess retryWithCleanCompiler
INFO: compiler crashed due to an error in the Scala compiler, retrying with new compiler instance.
May 23, 2024 11:10:55 PM scala.meta.internal.pc.CompilerAccess handleError
SEVERE: A severe compiler error occurred, full details of the error can be found in the error report /home/ione/Documents/University/Year_3/Functional_Programming/Homeworks/hw1-functions-as-sets/HW1-Functions-as-sets/.metals/.reports/metals-full/2024-05-23/r_compiler-error_23-10-55-084.md
2024.05.23 23:10:55 INFO  tracing is disabled for protocol BSP, to enable tracing of incoming and outgoing JSON messages create an empty file at /home/ione/Documents/University/Year_3/Functional_Programming/Homeworks/hw1-functions-as-sets/HW1-Functions-as-sets/.metals/bsp.trace.json or /home/ione/.cache/metals/bsp.trace.json[0m
2024.05.23 23:10:55 INFO  Attempting to connect to the build server...[0m
2024.05.23 23:10:55 INFO  tracing is disabled for protocol BSP, to enable tracing of incoming and outgoing JSON messages create an empty file at /home/ione/Documents/University/Year_3/Functional_Programming/Homeworks/hw1-functions-as-sets/HW1-Functions-as-sets/project/.metals/bsp.trace.json or /home/ione/.cache/metals/bsp.trace.json[0m
2024.05.23 23:10:55 INFO  time: Connected to build server in 1.16s[0m
2024.05.23 23:10:55 INFO  Connected to Build server: Bloop v1.5.17[0m
2024.05.23 23:10:57 INFO  time: indexed workspace in 0.99s[0m
2024.05.23 23:10:57 WARN  no build target for: /home/ione/Documents/University/Year_3/Functional_Programming/Homeworks/hw1-functions-as-sets/HW1-Functions-as-sets/project/metals.sbt[0m
2024.05.23 23:10:57 INFO  no build target found for /home/ione/Documents/University/Year_3/Functional_Programming/Homeworks/hw1-functions-as-sets/HW1-Functions-as-sets/project/metals.sbt. Using presentation compiler with project's scala-library version: 2.13.10[0m
May 23, 2024 11:10:57 PM scala.meta.internal.pc.CompilerAccess retryWithCleanCompiler
INFO: compiler crashed due to an error in the Scala compiler, retrying with new compiler instance.
May 23, 2024 11:10:57 PM scala.meta.internal.pc.CompilerAccess handleError
SEVERE: A severe compiler error occurred, full details of the error can be found in the error report /home/ione/Documents/University/Year_3/Functional_Programming/Homeworks/hw1-functions-as-sets/HW1-Functions-as-sets/.metals/.reports/metals-full/2024-05-23/r_compiler-error_23-10-57-266.md
2024.05.23 23:10:57 WARN  Could not find semantic tokens for: file:///home/ione/Documents/University/Year_3/Functional_Programming/Homeworks/hw1-functions-as-sets/HW1-Functions-as-sets/project/metals.sbt[0m
2024.05.23 23:10:57 INFO  no build target found for /home/ione/Documents/University/Year_3/Functional_Programming/Homeworks/hw1-functions-as-sets/HW1-Functions-as-sets/project/metals.sbt. Using presentation compiler with project's scala-library version: 2.13.10[0m
May 23, 2024 11:10:57 PM scala.meta.internal.pc.CompilerAccess retryWithCleanCompiler
INFO: compiler crashed due to an error in the Scala compiler, retrying with new compiler instance.
May 23, 2024 11:10:57 PM scala.meta.internal.pc.CompilerAccess handleError
SEVERE: A severe compiler error occurred, full details of the error can be found in the error report /home/ione/Documents/University/Year_3/Functional_Programming/Homeworks/hw1-functions-as-sets/HW1-Functions-as-sets/.metals/.reports/metals-full/2024-05-23/r_compiler-error_23-10-57-418.md
2024.05.23 23:10:58 INFO  no build target found for /home/ione/Documents/University/Year_3/Functional_Programming/Homeworks/hw1-functions-as-sets/HW1-Functions-as-sets/project/metals.sbt. Using presentation compiler with project's scala-library version: 2.13.10[0m
May 23, 2024 11:10:58 PM scala.meta.internal.pc.CompilerAccess retryWithCleanCompiler
INFO: compiler crashed due to an error in the Scala compiler, retrying with new compiler instance.
May 23, 2024 11:10:58 PM scala.meta.internal.pc.CompilerAccess handleError
SEVERE: A severe compiler error occurred, full details of the error can be found in the error report /home/ione/Documents/University/Year_3/Functional_Programming/Homeworks/hw1-functions-as-sets/HW1-Functions-as-sets/.metals/.reports/metals-full/2024-05-23/r_compiler-error_23-10-58-315.md
2024.05.23 23:11:03 INFO  compiling root (1 scala source)[0m
2024.05.23 23:11:03 INFO  time: compiled root in 0.97s[0m
2024.05.23 23:11:35 INFO  compiling root (1 scala source)[0m
2024.05.23 23:11:35 INFO  time: compiled root in 93ms[0m
2024.05.23 23:12:05 INFO  running '/usr/bin/sbt -Dbloop.export-jar-classifiers=sources bloopInstall'[0m
2024.05.23 23:12:06 INFO  [info] welcome to sbt 1.8.2 (Oracle Corporation Java 17)[0m
2024.05.23 23:12:06 INFO  [info] loading settings for project hw1-functions-as-sets-build-build from metals.sbt ...[0m
2024.05.23 23:12:06 INFO  [info] loading project definition from /home/ione/Documents/University/Year_3/Functional_Programming/Homeworks/hw1-functions-as-sets/HW1-Functions-as-sets/project/project[0m
2024.05.23 23:12:07 INFO  [info] loading settings for project hw1-functions-as-sets-build from metals.sbt ...[0m
2024.05.23 23:12:07 INFO  [info] loading project definition from /home/ione/Documents/University/Year_3/Functional_Programming/Homeworks/hw1-functions-as-sets/HW1-Functions-as-sets/project[0m
2024.05.23 23:12:08 INFO  [success] Generated .bloop/hw1-functions-as-sets-build.json[0m
2024.05.23 23:12:08 INFO  [success] Total time: 1 s, completed May 23, 2024, 11:12:08 PM[0m
2024.05.23 23:12:09 INFO  [info] loading settings for project root from build.sbt ...[0m
2024.05.23 23:12:09 INFO  [info] set current project to Homework-1-Functions-as-sets (in build file:/home/ione/Documents/University/Year_3/Functional_Programming/Homeworks/hw1-functions-as-sets/HW1-Functions-as-sets/)[0m
2024.05.23 23:12:10 INFO  [success] Generated .bloop/root.json[0m
2024.05.23 23:12:10 INFO  [success] Generated .bloop/root-test.json[0m
2024.05.23 23:12:10 INFO  [success] Total time: 1 s, completed May 23, 2024, 11:12:10 PM[0m
2024.05.23 23:12:11 INFO  time: ran 'sbt bloopInstall' in 6.06s[0m
2024.05.23 23:12:11 INFO  Disconnecting from Bloop session...[0m
2024.05.23 23:12:11 INFO  Shut down connection with build server.[0m
2024.05.23 23:12:11 INFO  Shut down connection with build server.[0m
2024.05.23 23:12:11 INFO  Attempting to connect to the build server...[0m
2024.05.23 23:12:12 INFO  tracing is disabled for protocol BSP, to enable tracing of incoming and outgoing JSON messages create an empty file at /home/ione/Documents/University/Year_3/Functional_Programming/Homeworks/hw1-functions-as-sets/HW1-Functions-as-sets/.metals/bsp.trace.json or /home/ione/.cache/metals/bsp.trace.json[0m
2024.05.23 23:12:12 INFO  Attempting to connect to the build server...[0m
2024.05.23 23:12:12 INFO  tracing is disabled for protocol BSP, to enable tracing of incoming and outgoing JSON messages create an empty file at /home/ione/Documents/University/Year_3/Functional_Programming/Homeworks/hw1-functions-as-sets/HW1-Functions-as-sets/project/.metals/bsp.trace.json or /home/ione/.cache/metals/bsp.trace.json[0m
2024.05.23 23:12:12 INFO  time: Connected to build server in 1.41s[0m
2024.05.23 23:12:12 INFO  Connected to Build server: Bloop v1.5.17[0m
2024.05.23 23:12:14 INFO  time: indexed workspace in 2.05s[0m
2024.05.23 23:12:14 WARN  no build target for: /home/ione/Documents/University/Year_3/Functional_Programming/Homeworks/hw1-functions-as-sets/HW1-Functions-as-sets/project/metals.sbt[0m
2024.05.23 23:12:14 INFO  compiling root (1 scala source)[0m
2024.05.23 23:12:17 INFO  compiling root-test (1 scala source)[0m
2024.05.23 23:12:17 INFO  time: compiled root in 2.61s[0m
2024.05.23 23:12:17 INFO  time: compiled root-test in 0.48s[0m
2024.05.23 23:12:36 INFO  Shutting down server[0m
2024.05.23 23:12:36 INFO  shutting down Metals[0m
2024.05.23 23:12:36 INFO  Shut down connection with build server.[0m
2024.05.23 23:12:36 INFO  Shut down connection with build server.[0m
2024.05.23 23:12:36 INFO  Exiting server[0m
2024.05.23 23:24:58 INFO  Started: Metals version 1.3.1 in folders '/home/ione/Documents/University/Year_3/Functional_Programming/Homeworks/hw_01/HW1-Functions-as-sets' for client Visual Studio Code 1.89.1.[0m
SLF4J(W): Class path contains multiple SLF4J providers.
SLF4J(W): Found provider [scribe.slf4j.ScribeServiceProvider@1f621c95]
SLF4J(W): Found provider [ch.qos.logback.classic.spi.LogbackServiceProvider@6980034a]
SLF4J(W): See https://www.slf4j.org/codes.html#multiple_bindings for an explanation.
SLF4J(I): Actual provider is of type [scribe.slf4j.ScribeServiceProvider@1f621c95]
2024.05.23 23:24:58 WARN  Flyway upgrade recommended: H2 2.2.224 is newer than this version of Flyway and support has not been tested. The latest supported version of H2 is 2.2.220.[0m
2024.05.23 23:24:59 INFO  Attempting to connect to the build server...[0m
2024.05.23 23:24:59 INFO  tracing is disabled for protocol BSP, to enable tracing of incoming and outgoing JSON messages create an empty file at /home/ione/Documents/University/Year_3/Functional_Programming/Homeworks/hw_01/HW1-Functions-as-sets/.metals/bsp.trace.json or /home/ione/.cache/metals/bsp.trace.json[0m
2024.05.23 23:24:59 INFO  Attempting to connect to the build server...[0m
2024.05.23 23:24:59 INFO  tracing is disabled for protocol BSP, to enable tracing of incoming and outgoing JSON messages create an empty file at /home/ione/Documents/University/Year_3/Functional_Programming/Homeworks/hw_01/HW1-Functions-as-sets/project/.metals/bsp.trace.json or /home/ione/.cache/metals/bsp.trace.json[0m
2024.05.23 23:24:59 INFO  time: Connected to build server in 0.44s[0m
2024.05.23 23:24:59 INFO  Connected to Build server: Bloop v1.5.17[0m
2024.05.23 23:24:59 INFO  restarted 0 presentation compilers[0m
2024.05.23 23:25:04 INFO  time: indexed workspace in 4.51s[0m
2024.05.23 23:25:07 INFO  running '/usr/bin/sbt -Dbloop.export-jar-classifiers=sources bloopInstall'[0m
2024.05.23 23:25:08 INFO  [info] welcome to sbt 1.8.2 (Oracle Corporation Java 17)[0m
2024.05.23 23:25:09 INFO  [info] loading settings for project hw1-functions-as-sets-build-build from metals.sbt ...[0m
2024.05.23 23:25:09 INFO  [info] loading project definition from /home/ione/Documents/University/Year_3/Functional_Programming/Homeworks/hw_01/HW1-Functions-as-sets/project/project[0m
2024.05.23 23:25:10 INFO  [info] loading settings for project hw1-functions-as-sets-build from metals.sbt ...[0m
2024.05.23 23:25:10 INFO  [info] loading project definition from /home/ione/Documents/University/Year_3/Functional_Programming/Homeworks/hw_01/HW1-Functions-as-sets/project[0m
2024.05.23 23:25:12 INFO  [success] Generated .bloop/hw1-functions-as-sets-build.json[0m
2024.05.23 23:25:12 INFO  [success] Total time: 1 s, completed May 23, 2024, 11:25:12 PM[0m
2024.05.23 23:25:13 INFO  [info] loading settings for project root from build.sbt ...[0m
2024.05.23 23:25:13 INFO  [info] set current project to Homework-1-Functions-as-sets (in build file:/home/ione/Documents/University/Year_3/Functional_Programming/Homeworks/hw_01/HW1-Functions-as-sets/)[0m
2024.05.23 23:25:13 INFO  [success] Generated .bloop/root.json[0m
2024.05.23 23:25:13 INFO  [success] Generated .bloop/root-test.json[0m
2024.05.23 23:25:13 INFO  [success] Total time: 0 s, completed May 23, 2024, 11:25:13 PM[0m
2024.05.23 23:25:13 INFO  time: ran 'sbt bloopInstall' in 6.41s[0m
2024.05.23 23:25:13 INFO  Disconnecting from Bloop session...[0m
2024.05.23 23:25:13 INFO  Shut down connection with build server.[0m
2024.05.23 23:25:13 INFO  Shut down connection with build server.[0m
2024.05.23 23:25:13 INFO  Attempting to connect to the build server...[0m
2024.05.23 23:25:13 INFO  tracing is disabled for protocol BSP, to enable tracing of incoming and outgoing JSON messages create an empty file at /home/ione/Documents/University/Year_3/Functional_Programming/Homeworks/hw_01/HW1-Functions-as-sets/.metals/bsp.trace.json or /home/ione/.cache/metals/bsp.trace.json[0m
2024.05.23 23:25:13 INFO  Attempting to connect to the build server...[0m
2024.05.23 23:25:13 INFO  tracing is disabled for protocol BSP, to enable tracing of incoming and outgoing JSON messages create an empty file at /home/ione/Documents/University/Year_3/Functional_Programming/Homeworks/hw_01/HW1-Functions-as-sets/project/.metals/bsp.trace.json or /home/ione/.cache/metals/bsp.trace.json[0m
2024.05.23 23:25:13 INFO  time: Connected to build server in 50ms[0m
2024.05.23 23:25:13 INFO  Connected to Build server: Bloop v1.5.17[0m
2024.05.23 23:25:15 INFO  time: indexed workspace in 1.51s[0m
2024.05.23 23:25:23 INFO  compiling root (1 scala source)[0m
May 23, 2024 11:25:24 PM org.eclipse.lsp4j.jsonrpc.RemoteEndpoint handleCancellation
WARNING: Unmatched cancel notification for request id 5
2024.05.23 23:25:24 INFO  time: compiled root in 1.64s[0m
2024.05.23 23:25:39 INFO  Shutting down server[0m
2024.05.23 23:25:39 INFO  shutting down Metals[0m
2024.05.23 23:25:39 INFO  Shut down connection with build server.[0m
2024.05.23 23:25:39 INFO  Shut down connection with build server.[0m
2024.05.23 23:25:39 INFO  Exiting server[0m
2024.06.13 18:21:17 INFO  Started: Metals version 1.3.1 in folders '/home/ione/Documents/University/Year_3/Functional_Programming/Homeworks/hw_01/HW1-Functions-as-sets' for client Visual Studio Code 1.90.0.[0m
SLF4J(W): Class path contains multiple SLF4J providers.
SLF4J(W): Found provider [scribe.slf4j.ScribeServiceProvider@5216e1f2]
SLF4J(W): Found provider [ch.qos.logback.classic.spi.LogbackServiceProvider@621b9b5d]
SLF4J(W): See https://www.slf4j.org/codes.html#multiple_bindings for an explanation.
SLF4J(I): Actual provider is of type [scribe.slf4j.ScribeServiceProvider@5216e1f2]
2024.06.13 18:21:17 WARN  Flyway upgrade recommended: H2 2.2.224 is newer than this version of Flyway and support has not been tested. The latest supported version of H2 is 2.2.220.[0m
2024.06.13 18:21:18 INFO  Attempting to connect to the build server...[0m
2024.06.13 18:21:18 INFO  tracing is disabled for protocol BSP, to enable tracing of incoming and outgoing JSON messages create an empty file at /home/ione/Documents/University/Year_3/Functional_Programming/Homeworks/hw_01/HW1-Functions-as-sets/.metals/bsp.trace.json or /home/ione/.cache/metals/bsp.trace.json[0m
2024.06.13 18:21:18 INFO  Attempting to connect to the build server...[0m
2024.06.13 18:21:18 INFO  tracing is disabled for protocol BSP, to enable tracing of incoming and outgoing JSON messages create an empty file at /home/ione/Documents/University/Year_3/Functional_Programming/Homeworks/hw_01/HW1-Functions-as-sets/project/.metals/bsp.trace.json or /home/ione/.cache/metals/bsp.trace.json[0m
2024.06.13 18:21:18 INFO  time: Connected to build server in 0.29s[0m
2024.06.13 18:21:18 INFO  Connected to Build server: Bloop v1.5.17[0m
2024.06.13 18:21:22 INFO  time: indexed workspace in 3.27s[0m
2024.06.13 18:21:22 INFO  compiling root-test (1 scala source)[0m
2024.06.13 18:21:22 INFO  time: compiled root-test in 0.63s[0m
2024.06.13 18:21:31 INFO  compiling root-test (1 scala source)[0m
2024.06.13 18:21:31 INFO  time: compiled root-test in 0.45s[0m
Jun 13, 2024 6:24:33 PM org.eclipse.lsp4j.jsonrpc.services.GenericEndpoint notify
INFO: Unsupported notification method: $/setTrace
Jun 13, 2024 6:30:24 PM org.eclipse.lsp4j.jsonrpc.RemoteEndpoint handleCancellation
WARNING: Unmatched cancel notification for request id 132
2024.06.13 18:31:25 INFO  compiling root-test (1 scala source)[0m
2024.06.13 18:31:25 INFO  time: compiled root-test in 0.43s[0m
2024.06.13 18:31:46 INFO  compiling root-test (1 scala source)[0m
2024.06.13 18:31:46 INFO  time: compiled root-test in 0.23s[0m
2024.06.13 18:31:48 INFO  compiling root-test (1 scala source)[0m
2024.06.13 18:31:48 INFO  time: compiled root-test in 0.23s[0m
2024.06.13 18:32:03 WARN  Using indexes to guess the definition of ins[0m
2024.06.13 18:32:03 WARN  Using indexes to guess the definition of fromBounds[0m
2024.06.13 18:32:03 WARN  Using indexes to guess the definition of union[0m
2024.06.13 18:32:03 WARN  Using indexes to guess the definition of complement[0m
2024.06.13 18:32:04 INFO  time: code lens generation in 1.68s[0m
2024.06.13 18:32:46 INFO  running '/usr/bin/sbt -Dbloop.export-jar-classifiers=sources bloopInstall'[0m
2024.06.13 18:32:47 INFO  [info] welcome to sbt 1.8.2 (Oracle Corporation Java 17)[0m
2024.06.13 18:32:47 INFO  [info] loading settings for project hw1-functions-as-sets-build-build from metals.sbt ...[0m
2024.06.13 18:32:47 INFO  [info] loading project definition from /home/ione/Documents/University/Year_3/Functional_Programming/Homeworks/hw_01/HW1-Functions-as-sets/project/project[0m
2024.06.13 18:32:48 INFO  [info] loading settings for project hw1-functions-as-sets-build from metals.sbt ...[0m
2024.06.13 18:32:48 INFO  [info] loading project definition from /home/ione/Documents/University/Year_3/Functional_Programming/Homeworks/hw_01/HW1-Functions-as-sets/project[0m
2024.06.13 18:32:49 INFO  [success] Generated .bloop/hw1-functions-as-sets-build.json[0m
2024.06.13 18:32:49 INFO  [success] Total time: 1 s, completed Jun 13, 2024, 6:32:49 PM[0m
2024.06.13 18:32:51 INFO  [info] loading settings for project root from build.sbt ...[0m
2024.06.13 18:32:51 INFO  [info] set current project to Hw1-Functions-as-sets (in build file:/home/ione/Documents/University/Year_3/Functional_Programming/Homeworks/hw_01/HW1-Functions-as-sets/)[0m
2024.06.13 18:32:51 INFO  [success] Generated .bloop/root.json[0m
2024.06.13 18:32:51 INFO  [success] Generated .bloop/root-test.json[0m
2024.06.13 18:32:51 INFO  [success] Total time: 0 s, completed Jun 13, 2024, 6:32:51 PM[0m
2024.06.13 18:32:52 INFO  time: ran 'sbt bloopInstall' in 5.7s[0m
2024.06.13 18:32:52 INFO  Disconnecting from Bloop session...[0m
2024.06.13 18:32:52 INFO  Shut down connection with build server.[0m
2024.06.13 18:32:52 INFO  Shut down connection with build server.[0m
2024.06.13 18:32:52 INFO  Attempting to connect to the build server...[0m
2024.06.13 18:32:52 INFO  tracing is disabled for protocol BSP, to enable tracing of incoming and outgoing JSON messages create an empty file at /home/ione/Documents/University/Year_3/Functional_Programming/Homeworks/hw_01/HW1-Functions-as-sets/.metals/bsp.trace.json or /home/ione/.cache/metals/bsp.trace.json[0m
2024.06.13 18:32:52 INFO  Attempting to connect to the build server...[0m
2024.06.13 18:32:52 INFO  tracing is disabled for protocol BSP, to enable tracing of incoming and outgoing JSON messages create an empty file at /home/ione/Documents/University/Year_3/Functional_Programming/Homeworks/hw_01/HW1-Functions-as-sets/project/.metals/bsp.trace.json or /home/ione/.cache/metals/bsp.trace.json[0m
2024.06.13 18:32:52 INFO  time: Connected to build server in 39ms[0m
2024.06.13 18:32:52 INFO  Connected to Build server: Bloop v1.5.17[0m
2024.06.13 18:32:53 INFO  time: indexed workspace in 1.28s[0m
2024.06.13 18:32:53 INFO  compiling root-test (1 scala source)[0m
2024.06.13 18:32:53 INFO  time: compiled root-test in 0.26s[0m
2024.06.13 18:33:23 INFO  Shutting down server[0m
2024.06.13 18:33:23 INFO  shutting down Metals[0m
2024.06.13 18:33:23 INFO  Shut down connection with build server.[0m
2024.06.13 18:33:23 INFO  Shut down connection with build server.[0m
2024.06.13 18:33:23 INFO  Exiting server[0m
