2024.05.17 15:00:52 INFO  Started: Metals version 1.3.1 in folders '/home/ione/Documents/University/Year_3/Functional_Programming/Homeworks/h2-word-tree/H2-word-tree' for client Visual Studio Code 1.89.1.[0m
SLF4J(W): Class path contains multiple SLF4J providers.
SLF4J(W): Found provider [scribe.slf4j.ScribeServiceProvider@381325fb]
SLF4J(W): Found provider [ch.qos.logback.classic.spi.LogbackServiceProvider@44927691]
SLF4J(W): See https://www.slf4j.org/codes.html#multiple_bindings for an explanation.
SLF4J(I): Actual provider is of type [scribe.slf4j.ScribeServiceProvider@381325fb]
2024.05.17 15:00:53 WARN  Flyway upgrade recommended: H2 2.2.224 is newer than this version of Flyway and support has not been tested. The latest supported version of H2 is 2.2.220.[0m
2024.05.17 15:00:54 INFO  no build target found for /home/ione/Documents/University/Year_3/Functional_Programming/Homeworks/h2-word-tree/H2-word-tree/src/main/scala/Main.scala. Using presentation compiler with project's scala-library version: 3.3.3[0m
May 17, 2024 3:00:57 PM org.eclipse.lsp4j.jsonrpc.RemoteEndpoint handleCancellation
WARNING: Unmatched cancel notification for request id 3
May 17, 2024 3:00:57 PM org.eclipse.lsp4j.jsonrpc.RemoteEndpoint handleCancellation
WARNING: Unmatched cancel notification for request id 6
2024.05.17 15:00:57 INFO  no build target found for /home/ione/Documents/University/Year_3/Functional_Programming/Homeworks/h2-word-tree/H2-word-tree/src/main/scala/Main.scala. Using presentation compiler with project's scala-library version: 3.3.3[0m
2024.05.17 15:00:57 INFO  no build target found for /home/ione/Documents/University/Year_3/Functional_Programming/Homeworks/h2-word-tree/H2-word-tree/src/main/scala/Main.scala. Using presentation compiler with project's scala-library version: 3.3.3[0m
May 17, 2024 3:00:58 PM org.eclipse.lsp4j.jsonrpc.RemoteEndpoint handleCancellation
WARNING: Unmatched cancel notification for request id 1
May 17, 2024 3:00:58 PM org.eclipse.lsp4j.jsonrpc.RemoteEndpoint handleCancellation
WARNING: Unmatched cancel notification for request id 4
May 17, 2024 3:00:58 PM org.eclipse.lsp4j.jsonrpc.RemoteEndpoint handleCancellation
WARNING: Unmatched cancel notification for request id 13
May 17, 2024 3:00:58 PM org.eclipse.lsp4j.jsonrpc.RemoteEndpoint handleCancellation
WARNING: Unmatched cancel notification for request id 8
May 17, 2024 3:00:58 PM org.eclipse.lsp4j.jsonrpc.RemoteEndpoint handleCancellation
WARNING: Unmatched cancel notification for request id 11
May 17, 2024 3:00:58 PM org.eclipse.lsp4j.jsonrpc.RemoteEndpoint handleCancellation
WARNING: Unmatched cancel notification for request id 16
2024.05.17 15:00:58 INFO  no build target found for /home/ione/Documents/University/Year_3/Functional_Programming/Homeworks/h2-word-tree/H2-word-tree/src/main/scala/Main.scala. Using presentation compiler with project's scala-library version: 3.3.3[0m
May 17, 2024 3:00:58 PM org.eclipse.lsp4j.jsonrpc.RemoteEndpoint handleCancellation
WARNING: Unmatched cancel notification for request id 17
May 17, 2024 3:00:58 PM org.eclipse.lsp4j.jsonrpc.RemoteEndpoint handleCancellation
WARNING: Unmatched cancel notification for request id 19
2024.05.17 15:00:59 WARN  no build target for: /home/ione/Documents/University/Year_3/Functional_Programming/Homeworks/h2-word-tree/H2-word-tree/src/main/scala/Main.scala[0m
2024.05.17 15:00:59 INFO  no build target found for /home/ione/Documents/University/Year_3/Functional_Programming/Homeworks/h2-word-tree/H2-word-tree/src/main/scala/Main.scala. Using presentation compiler with project's scala-library version: 3.3.3[0m
2024.05.17 15:01:01 INFO  no build target found for /home/ione/Documents/University/Year_3/Functional_Programming/Homeworks/h2-word-tree/H2-word-tree/src/main/scala/Main.scala. Using presentation compiler with project's scala-library version: 3.3.3[0m
2024.05.17 15:01:01 INFO  no build target found for /home/ione/Documents/University/Year_3/Functional_Programming/Homeworks/h2-word-tree/H2-word-tree/src/main/scala/Main.scala. Using presentation compiler with project's scala-library version: 3.3.3[0m
2024.05.17 15:01:04 INFO  time: code lens generation in 3.95s[0m
2024.05.17 15:01:04 INFO  time: code lens generation in 3.95s[0m
2024.05.17 15:01:04 INFO  time: code lens generation in 3.95s[0m
2024.05.17 15:01:04 INFO  time: code lens generation in 3.45s[0m
2024.05.17 15:01:04 INFO  time: code lens generation in 3.95s[0m
2024.05.17 15:01:04 INFO  no build target found for /home/ione/Documents/University/Year_3/Functional_Programming/Homeworks/h2-word-tree/H2-word-tree/src/main/scala/Main.scala. Using presentation compiler with project's scala-library version: 3.3.3[0m
2024.05.17 16:27:52 INFO  Shutting down server[0m
2024.05.17 16:27:52 INFO  shutting down Metals[0m
2024.05.17 16:27:52 INFO  Exiting server[0m
